
2025-05-10T13:33:01.221Z ::1 GET /api/v2/products/search/suggest?keyword=
2025-05-10T13:33:01.240Z ::1 GET /api/v2/categories?fields=name%20slug%20image
2025-05-10T13:33:01.251Z ::1 GET /api/v2/brands?fields=name%20slug%20image
2025-05-10T13:33:01.256Z ::1 GET /api/v2/discounts?fields=name,desc,code,beginDate,endDate,quantity,unlimitedQty,discount,discountType,minimumTotal,maximumApplied,image
2025-05-10T13:33:01.496Z ::1 GET /search/suggest?keyword= (200)
2025-05-10T13:33:01.500Z ::1 GET /?fields=name%20slug%20image (200)
2025-05-10T13:33:01.502Z ::1 GET /?fields=name,desc,code,beginDate,endDate,quantity,unlimitedQty,discount,discountType,minimumTotal,maximumApplied,image (200)
2025-05-10T13:33:01.708Z ::1 GET /api/v2/products?search=&page=1&limit=20&b=&c=
2025-05-10T13:33:02.210Z ::1 GET /?fields=name%20slug%20image (200)
2025-05-10T13:33:02.843Z ::1 GET /api/v2/products/best-seller
2025-05-10T13:33:03.101Z ::1 GET /best-seller (200)
2025-05-10T13:33:03.687Z ::1 GET /?search=&page=1&limit=20&b=&c= (200)
2025-05-10T13:35:13.293Z ::1 GET /api/v2/products/search/suggest?keyword=
2025-05-10T13:35:13.299Z ::1 GET /api/v2/categories?fields=name%20slug%20image
2025-05-10T13:35:13.303Z ::1 GET /api/v2/brands?fields=name%20slug%20image
2025-05-10T13:35:13.306Z ::1 GET /api/v2/discounts?fields=name,desc,code,beginDate,endDate,quantity,unlimitedQty,discount,discountType,minimumTotal,maximumApplied,image
2025-05-10T13:35:13.534Z ::1 GET /search/suggest?keyword= (304)
2025-05-10T13:35:13.545Z ::1 GET /?fields=name%20slug%20image (304)
2025-05-10T13:35:13.548Z ::1 GET /?fields=name,desc,code,beginDate,endDate,quantity,unlimitedQty,discount,discountType,minimumTotal,maximumApplied,image (304)
2025-05-10T13:35:13.564Z ::1 GET /api/v2/products?search=&page=1&limit=20&b=&c=
2025-05-10T13:35:14.251Z ::1 GET /?fields=name%20slug%20image (304)
2025-05-10T13:35:14.535Z ::1 GET /api/v2/products/best-seller
2025-05-10T13:35:14.790Z ::1 GET /best-seller (304)
2025-05-10T13:35:15.532Z ::1 GET /?search=&page=1&limit=20&b=&c= (304)
2025-05-10T13:37:40.555Z ::1 GET /api/v2/products/search/suggest?keyword=
2025-05-10T13:37:40.559Z ::1 GET /api/v2/categories?fields=name%20slug%20image
2025-05-10T13:37:40.562Z ::1 GET /api/v2/brands?fields=name%20slug%20image
2025-05-10T13:37:40.564Z ::1 GET /api/v2/discounts?fields=name,desc,code,beginDate,endDate,quantity,unlimitedQty,discount,discountType,minimumTotal,maximumApplied,image
2025-05-10T13:37:40.799Z ::1 GET /search/suggest?keyword= (304)
2025-05-10T13:37:40.805Z ::1 GET /?fields=name%20slug%20image (304)
2025-05-10T13:37:40.808Z ::1 GET /?fields=name,desc,code,beginDate,endDate,quantity,unlimitedQty,discount,discountType,minimumTotal,maximumApplied,image (304)
2025-05-10T13:37:40.815Z ::1 GET /api/v2/products?search=&page=1&limit=20&b=&c=
2025-05-10T13:37:41.507Z ::1 GET /?fields=name%20slug%20image (304)
2025-05-10T13:37:41.748Z ::1 GET /api/v2/products/best-seller
2025-05-10T13:37:41.999Z ::1 GET /best-seller (304)
2025-05-10T13:37:42.728Z ::1 GET /?search=&page=1&limit=20&b=&c= (304)
2025-05-10T13:41:48.203Z ::1 GET /api/v2/categories?fields=_id%20name%20slug
2025-05-10T13:41:48.210Z ::1 GET /api/v2/products?search=&c=&b=&page=1&limit=10&getBrandFilter=1&getCategoryFilter=1&isShowHidden=0&fullTextSearch=1
2025-05-10T13:41:49.166Z ::1 GET /?fields=_id%20name%20slug (200)
2025-05-10T13:41:49.177Z ::1 GET /api/v2/brands?fields=_id%20name%20slug
2025-05-10T13:41:49.419Z ::1 GET /?fields=_id%20name%20slug (200)
2025-05-10T13:41:49.514Z ::1 GET /api/v2/products?search=&c=c00000000000000000000002&b=&page=1&limit=10&getBrandFilter=1&getCategoryFilter=1&isShowHidden=0&fullTextSearch=1
2025-05-10T13:41:51.341Z ::1 GET /?search=&c=&b=&page=1&limit=10&getBrandFilter=1&getCategoryFilter=1&isShowHidden=0&fullTextSearch=1 (200)
2025-05-10T13:41:52.123Z ::1 GET /?search=&c=c00000000000000000000002&b=&page=1&limit=10&getBrandFilter=1&getCategoryFilter=1&isShowHidden=0&fullTextSearch=1 (200)
2025-05-10T13:42:06.070Z ::1 GET /api/v2/products/search/suggest?keyword=
2025-05-10T13:42:06.074Z ::1 GET /api/v2/categories?fields=name%20slug%20image
2025-05-10T13:42:06.077Z ::1 GET /api/v2/brands?fields=name%20slug%20image
2025-05-10T13:42:06.080Z ::1 GET /api/v2/discounts?fields=name,desc,code,beginDate,endDate,quantity,unlimitedQty,discount,discountType,minimumTotal,maximumApplied,image
2025-05-10T13:42:06.308Z ::1 GET /search/suggest?keyword= (304)
2025-05-10T13:42:06.317Z ::1 GET /?fields=name%20slug%20image (304)
2025-05-10T13:42:06.322Z ::1 GET /?fields=name,desc,code,beginDate,endDate,quantity,unlimitedQty,discount,discountType,minimumTotal,maximumApplied,image (304)
2025-05-10T13:42:07.031Z ::1 GET /?fields=name%20slug%20image (304)
2025-05-10T13:42:14.821Z ::1 POST /api/v2/auth/login
2025-05-10T13:42:15.664Z ::1 POST /login (200)
2025-05-10T13:42:15.856Z ::1 POST /api/v2/cart
2025-05-10T13:42:15.866Z ::1 GET /api/v2/products/search/suggest?keyword=
2025-05-10T13:42:15.871Z ::1 GET /api/v2/categories?fields=name%20slug%20image
2025-05-10T13:42:15.875Z ::1 GET /api/v2/brands?fields=name%20slug%20image
2025-05-10T13:42:15.877Z ::1 GET /api/v2/discounts?fields=name,desc,code,beginDate,endDate,quantity,unlimitedQty,discount,discountType,minimumTotal,maximumApplied,image
2025-05-10T13:42:16.069Z ::1 GET /api/v2/products?search=&page=1&limit=20&b=&c=
2025-05-10T13:42:16.099Z ::1 POST / (200)
2025-05-10T13:42:16.109Z ::1 GET /search/suggest?keyword= (304)
2025-05-10T13:42:16.114Z ::1 GET /?fields=name%20slug%20image (304)
2025-05-10T13:42:16.116Z ::1 GET /?fields=name,desc,code,beginDate,endDate,quantity,unlimitedQty,discount,discountType,minimumTotal,maximumApplied,image (304)
2025-05-10T13:42:16.816Z ::1 GET /?fields=name%20slug%20image (304)
2025-05-10T13:42:17.059Z ::1 GET /api/v2/products/best-seller
2025-05-10T13:42:17.309Z ::1 GET /best-seller (304)
2025-05-10T13:42:17.995Z ::1 GET /?search=&page=1&limit=20&b=&c= (304)
2025-05-10T13:42:25.530Z ::1 GET /api/v2/account
2025-05-10T13:42:26.009Z ::1 GET / (200)
2025-05-10T13:42:26.229Z ::1 GET /api/v2/products/search/suggest?keyword=
2025-05-10T13:42:26.235Z ::1 POST /api/v2/cart
2025-05-10T13:42:26.242Z ::1 GET /api/v2/categories?fields=name%20slug%20image
2025-05-10T13:42:26.246Z ::1 GET /api/v2/brands?fields=name%20slug%20image
2025-05-10T13:42:26.249Z ::1 GET /api/v2/discounts?fields=name,desc,code,beginDate,endDate,quantity,unlimitedQty,discount,discountType,minimumTotal,maximumApplied,image
2025-05-10T13:42:26.469Z ::1 GET /search/suggest?keyword= (304)
2025-05-10T13:42:26.472Z ::1 POST / (200)
2025-05-10T13:42:26.485Z ::1 GET /?fields=name%20slug%20image (304)
2025-05-10T13:42:26.490Z ::1 GET /?fields=name,desc,code,beginDate,endDate,quantity,unlimitedQty,discount,discountType,minimumTotal,maximumApplied,image (304)
2025-05-10T13:42:27.193Z ::1 GET /?fields=name%20slug%20image (304)
2025-05-10T13:42:27.650Z ::1 POST /api/v2/cart
2025-05-10T13:42:27.888Z ::1 POST / (200)
2025-05-10T13:42:28.491Z ::1 GET /api/v2/products/best-seller
2025-05-10T13:42:28.741Z ::1 GET /best-seller (304)
2025-05-10T13:42:31.973Z ::1 GET /api/v2/products/iphone-12?fields=_id%20name%20slug%20desc%20video%20overSpecs%20policies%20detailSpecs%20origin%20category%20brand%20tags%20views%20rate%20variants%20quantity%20warrantyPeriod%20isHide%20createdAt%20updatedAt
2025-05-10T13:42:32.719Z ::1 GET /iphone-12?fields=_id%20name%20slug%20desc%20video%20overSpecs%20policies%20detailSpecs%20origin%20category%20brand%20tags%20views%20rate%20variants%20quantity%20warrantyPeriod%20isHide%20createdAt%20updatedAt (200)
2025-05-10T13:42:37.485Z ::1 POST /api/v2/user-behavior
2025-05-10T13:42:37.489Z ::1 POST / (200)
2025-05-10T13:42:47.483Z ::1 POST /api/v2/user-behavior
2025-05-10T13:42:47.486Z ::1 POST / (200)
2025-05-10T13:42:52.393Z ::1 POST /api/v2/cart/add
2025-05-10T13:42:53.379Z ::1 POST /add (200)
2025-05-10T13:42:55.657Z ::1 GET /api/v2/account/addresses
2025-05-10T13:42:56.138Z ::1 GET /addresses (200)
2025-05-10T13:42:57.483Z ::1 POST /api/v2/user-behavior
2025-05-10T13:42:57.488Z ::1 POST / (200)
2025-05-10T13:47:10.284Z ::1 GET /api/v2/account
2025-05-10T13:47:10.767Z ::1 GET / (304)
2025-05-10T13:47:11.004Z ::1 GET /api/v2/products/search/suggest?keyword=
2025-05-10T13:47:11.008Z ::1 POST /api/v2/cart
2025-05-10T13:47:11.012Z ::1 GET /api/v2/categories?fields=name%20slug%20image
2025-05-10T13:47:11.014Z ::1 GET /api/v2/brands?fields=name%20slug%20image
2025-05-10T13:47:11.020Z ::1 GET /api/v2/discounts?fields=name,desc,code,beginDate,endDate,quantity,unlimitedQty,discount,discountType,minimumTotal,maximumApplied,image
2025-05-10T13:47:11.246Z ::1 GET /search/suggest?keyword= (304)
2025-05-10T13:47:11.253Z ::1 GET /?fields=name%20slug%20image (304)
2025-05-10T13:47:11.257Z ::1 GET /?fields=name,desc,code,beginDate,endDate,quantity,unlimitedQty,discount,discountType,minimumTotal,maximumApplied,image (304)
2025-05-10T13:47:11.482Z ::1 POST / (200)
2025-05-10T13:47:11.964Z ::1 GET /?fields=name%20slug%20image (304)
2025-05-10T13:47:13.864Z ::1 GET /api/v2/account/addresses
2025-05-10T13:47:14.339Z ::1 GET /addresses (304)
2025-05-10T13:47:48.134Z ::1 GET /api/v2/account
2025-05-10T13:47:48.609Z ::1 GET / (304)
2025-05-10T13:47:48.893Z ::1 GET /api/v2/products/search/suggest?keyword=
2025-05-10T13:47:48.897Z ::1 GET /api/v2/categories?fields=name%20slug%20image
2025-05-10T13:47:48.899Z ::1 GET /api/v2/brands?fields=name%20slug%20image
2025-05-10T13:47:48.901Z ::1 POST /api/v2/cart
2025-05-10T13:47:48.905Z ::1 GET /api/v2/discounts?fields=name,desc,code,beginDate,endDate,quantity,unlimitedQty,discount,discountType,minimumTotal,maximumApplied,image
2025-05-10T13:47:49.132Z ::1 GET /search/suggest?keyword= (304)
2025-05-10T13:47:49.142Z ::1 GET /?fields=name%20slug%20image (304)
2025-05-10T13:47:49.146Z ::1 GET /?fields=name,desc,code,beginDate,endDate,quantity,unlimitedQty,discount,discountType,minimumTotal,maximumApplied,image (304)
2025-05-10T13:47:49.377Z ::1 POST / (200)
2025-05-10T13:47:49.859Z ::1 GET /?fields=name%20slug%20image (304)
2025-05-10T13:47:56.412Z ::1 GET /api/v2/account/addresses
2025-05-10T13:47:56.882Z ::1 GET /addresses (304)
2025-05-10T13:48:54.199Z ::1 GET /api/v2/products/iphone-12?fields=_id%20name%20slug%20desc%20video%20overSpecs%20policies%20detailSpecs%20origin%20category%20brand%20tags%20views%20rate%20variants%20quantity%20warrantyPeriod%20isHide%20createdAt%20updatedAt
2025-05-10T13:48:54.925Z ::1 GET /iphone-12?fields=_id%20name%20slug%20desc%20video%20overSpecs%20policies%20detailSpecs%20origin%20category%20brand%20tags%20views%20rate%20variants%20quantity%20warrantyPeriod%20isHide%20createdAt%20updatedAt (200)
2025-05-10T13:48:57.484Z ::1 GET /api/v2/account
2025-05-10T13:48:57.955Z ::1 GET / (304)
2025-05-10T13:48:58.191Z ::1 GET /api/v2/products/search/suggest?keyword=
2025-05-10T13:48:58.198Z ::1 POST /api/v2/cart
2025-05-10T13:48:58.201Z ::1 GET /api/v2/categories?fields=name%20slug%20image
2025-05-10T13:48:58.203Z ::1 GET /api/v2/brands?fields=name%20slug%20image
2025-05-10T13:48:58.206Z ::1 GET /api/v2/discounts?fields=name,desc,code,beginDate,endDate,quantity,unlimitedQty,discount,discountType,minimumTotal,maximumApplied,image
2025-05-10T13:48:58.429Z ::1 GET /search/suggest?keyword= (304)
2025-05-10T13:48:58.447Z ::1 GET /?fields=name%20slug%20image (304)
2025-05-10T13:48:58.449Z ::1 GET /?fields=name,desc,code,beginDate,endDate,quantity,unlimitedQty,discount,discountType,minimumTotal,maximumApplied,image (304)
2025-05-10T13:48:58.671Z ::1 POST / (200)
2025-05-10T13:48:59.171Z ::1 GET /?fields=name%20slug%20image (304)
2025-05-10T13:49:00.380Z ::1 GET /api/v2/account/addresses
2025-05-10T13:49:00.863Z ::1 GET /addresses (304)
2025-05-10T13:51:10.420Z ::1 GET /api/v2/account
2025-05-10T13:51:10.901Z ::1 GET / (304)
2025-05-10T13:51:11.140Z ::1 POST /api/v2/cart
2025-05-10T13:51:11.143Z ::1 GET /api/v2/products/search/suggest?keyword=
2025-05-10T13:51:11.147Z ::1 GET /api/v2/categories?fields=name%20slug%20image
2025-05-10T13:51:11.151Z ::1 GET /api/v2/brands?fields=name%20slug%20image
2025-05-10T13:51:11.153Z ::1 GET /api/v2/discounts?fields=name,desc,code,beginDate,endDate,quantity,unlimitedQty,discount,discountType,minimumTotal,maximumApplied,image
2025-05-10T13:51:11.379Z ::1 GET /search/suggest?keyword= (304)
2025-05-10T13:51:11.404Z ::1 GET /?fields=name,desc,code,beginDate,endDate,quantity,unlimitedQty,discount,discountType,minimumTotal,maximumApplied,image (304)
2025-05-10T13:51:11.411Z ::1 GET /?fields=name%20slug%20image (304)
2025-05-10T13:51:11.624Z ::1 POST / (200)
2025-05-10T13:51:12.130Z ::1 GET /?fields=name%20slug%20image (304)
2025-05-10T13:51:12.774Z ::1 GET /api/v2/account/addresses
2025-05-10T13:51:13.248Z ::1 GET /addresses (304)
2025-05-10T13:51:17.119Z ::1 POST /api/v2/orders
2025-05-10T13:51:18.872Z ::1 POST / (200)
2025-05-10T13:51:18.976Z ::1 DELETE /api/v2/cart/d00000000000000000000002/0000000000314
2025-05-10T13:51:29.590Z ::1 POST /api/v2/cart
2025-05-10T13:51:29.849Z ::1 POST / (200)
2025-05-10T13:51:32.496Z ::1 GET /api/v2/account
2025-05-10T13:51:32.976Z ::1 GET / (304)
2025-05-10T13:51:33.165Z ::1 GET /api/v2/products/search/suggest?keyword=
2025-05-10T13:51:33.168Z ::1 POST /api/v2/cart
2025-05-10T13:51:33.172Z ::1 GET /api/v2/categories?fields=name%20slug%20image
2025-05-10T13:51:33.176Z ::1 GET /api/v2/brands?fields=name%20slug%20image
2025-05-10T13:51:33.179Z ::1 GET /api/v2/discounts?fields=name,desc,code,beginDate,endDate,quantity,unlimitedQty,discount,discountType,minimumTotal,maximumApplied,image
2025-05-10T13:51:33.405Z ::1 POST / (200)
2025-05-10T13:51:33.407Z ::1 GET /search/suggest?keyword= (304)
2025-05-10T13:51:33.414Z ::1 GET /?fields=name%20slug%20image (304)
2025-05-10T13:51:33.415Z ::1 GET /?fields=name,desc,code,beginDate,endDate,quantity,unlimitedQty,discount,discountType,minimumTotal,maximumApplied,image (304)
2025-05-10T13:51:34.121Z ::1 GET /?fields=name%20slug%20image (304)
2025-05-10T13:51:41.558Z ::1 GET /api/v2/account
2025-05-10T13:51:42.033Z ::1 GET / (304)
2025-05-10T13:51:42.198Z ::1 GET /api/v2/products/search/suggest?keyword=
2025-05-10T13:51:42.202Z ::1 POST /api/v2/cart
2025-05-10T13:51:42.205Z ::1 GET /api/v2/categories?fields=name%20slug%20image
2025-05-10T13:51:42.209Z ::1 GET /api/v2/brands?fields=name%20slug%20image
2025-05-10T13:51:42.213Z ::1 GET /api/v2/discounts?fields=name,desc,code,beginDate,endDate,quantity,unlimitedQty,discount,discountType,minimumTotal,maximumApplied,image
2025-05-10T13:51:42.438Z ::1 GET /search/suggest?keyword= (304)
2025-05-10T13:51:42.442Z ::1 POST / (200)
2025-05-10T13:51:42.451Z ::1 GET /?fields=name,desc,code,beginDate,endDate,quantity,unlimitedQty,discount,discountType,minimumTotal,maximumApplied,image (304)
2025-05-10T13:51:42.457Z ::1 GET /?fields=name%20slug%20image (304)
2025-05-10T13:51:43.158Z ::1 GET /?fields=name%20slug%20image (304)
2025-05-10T13:51:44.664Z ::1 GET /api/v2/products?search=&page=1&limit=20&b=&c=
2025-05-10T13:51:44.731Z ::1 GET /api/v2/products/best-seller
2025-05-10T13:51:44.987Z ::1 GET /best-seller (200)
2025-05-10T13:51:46.583Z ::1 GET /?search=&page=1&limit=20&b=&c= (200)
2025-05-10T13:51:48.699Z ::1 GET /api/v2/products/iphone-12-mini?fields=_id%20name%20slug%20desc%20video%20overSpecs%20policies%20detailSpecs%20origin%20category%20brand%20tags%20views%20rate%20variants%20quantity%20warrantyPeriod%20isHide%20createdAt%20updatedAt
2025-05-10T13:51:49.441Z ::1 GET /iphone-12-mini?fields=_id%20name%20slug%20desc%20video%20overSpecs%20policies%20detailSpecs%20origin%20category%20brand%20tags%20views%20rate%20variants%20quantity%20warrantyPeriod%20isHide%20createdAt%20updatedAt (200)
2025-05-10T13:51:51.298Z ::1 POST /api/v2/cart/add
2025-05-10T13:51:51.558Z ::1 POST /api/v2/user-behavior
2025-05-10T13:51:51.561Z ::1 POST / (200)
2025-05-10T13:51:52.268Z ::1 POST /add (200)
2025-05-10T13:51:53.455Z ::1 GET /api/v2/account/addresses
2025-05-10T13:51:53.939Z ::1 GET /addresses (304)
2025-05-10T13:52:01.564Z ::1 POST /api/v2/user-behavior
2025-05-10T13:52:01.566Z ::1 POST / (200)
2025-05-10T13:52:11.419Z ::1 POST /api/v2/orders
2025-05-10T13:52:13.144Z ::1 POST / (200)
2025-05-10T13:52:13.275Z ::1 DELETE /api/v2/cart/d00000000000000000000003/0000000000329
2025-05-10T13:52:13.547Z ::1 GET /api/v2/account
2025-05-10T13:52:14.019Z ::1 GET / (304)
2025-05-10T13:52:14.230Z ::1 GET /api/v2/products/search/suggest?keyword=
2025-05-10T13:52:14.234Z ::1 GET /api/v2/categories?fields=name%20slug%20image
2025-05-10T13:52:14.236Z ::1 POST /api/v2/cart
2025-05-10T13:52:14.239Z ::1 GET /api/v2/brands?fields=name%20slug%20image
2025-05-10T13:52:14.242Z ::1 GET /api/v2/discounts?fields=name,desc,code,beginDate,endDate,quantity,unlimitedQty,discount,discountType,minimumTotal,maximumApplied,image
2025-05-10T13:52:14.468Z ::1 GET /search/suggest?keyword= (304)
2025-05-10T13:52:14.478Z ::1 GET /?fields=name%20slug%20image (304)
2025-05-10T13:52:14.480Z ::1 POST / (200)
2025-05-10T13:52:14.483Z ::1 GET /?fields=name,desc,code,beginDate,endDate,quantity,unlimitedQty,discount,discountType,minimumTotal,maximumApplied,image (304)
2025-05-10T13:52:14.875Z ::1 GET /api/v2/orders/681f5a0b0d6f008b2ccbc40d
2025-05-10T13:52:15.183Z ::1 GET /?fields=name%20slug%20image (304)
2025-05-10T13:52:15.371Z ::1 GET /681f5a0b0d6f008b2ccbc40d (200)
2025-05-10T13:52:22.159Z ::1 POST /api/v2/cart
2025-05-10T13:52:22.407Z ::1 POST / (200)
2025-05-10T13:52:25.402Z ::1 GET /api/v2/products?search=&page=1&limit=20&b=&c=
2025-05-10T13:52:25.444Z ::1 GET /api/v2/products/best-seller
2025-05-10T13:52:25.696Z ::1 GET /best-seller (200)
2025-05-10T13:52:27.348Z ::1 GET /?search=&page=1&limit=20&b=&c= (200)
2025-05-10T13:52:29.391Z ::1 GET /api/v2/products/iphone-12?fields=_id%20name%20slug%20desc%20video%20overSpecs%20policies%20detailSpecs%20origin%20category%20brand%20tags%20views%20rate%20variants%20quantity%20warrantyPeriod%20isHide%20createdAt%20updatedAt
2025-05-10T13:52:30.112Z ::1 GET /iphone-12?fields=_id%20name%20slug%20desc%20video%20overSpecs%20policies%20detailSpecs%20origin%20category%20brand%20tags%20views%20rate%20variants%20quantity%20warrantyPeriod%20isHide%20createdAt%20updatedAt (200)
2025-05-10T13:52:31.954Z ::1 POST /api/v2/cart/add
2025-05-10T13:52:31.971Z ::1 POST /api/v2/user-behavior
2025-05-10T13:52:31.973Z ::1 POST / (200)
2025-05-10T13:52:32.912Z ::1 POST /add (200)
2025-05-10T13:52:33.852Z ::1 GET /api/v2/account/addresses
2025-05-10T13:52:34.329Z ::1 GET /addresses (304)
2025-05-10T13:52:41.967Z ::1 POST /api/v2/user-behavior
2025-05-10T13:52:41.970Z ::1 POST / (200)
2025-05-10T13:52:43.677Z ::1 POST /api/v2/orders
2025-05-10T13:52:45.392Z ::1 POST / (200)
2025-05-10T13:52:45.496Z ::1 DELETE /api/v2/cart/d00000000000000000000002/0000000000312
2025-05-10T13:52:46.051Z ::1 GET /api/v2/account
2025-05-10T13:52:46.529Z ::1 GET / (304)
2025-05-10T13:52:46.736Z ::1 GET /api/v2/products/search/suggest?keyword=
2025-05-10T13:52:46.740Z ::1 GET /api/v2/categories?fields=name%20slug%20image
2025-05-10T13:52:46.742Z ::1 POST /api/v2/cart
2025-05-10T13:52:46.746Z ::1 GET /api/v2/brands?fields=name%20slug%20image
2025-05-10T13:52:46.748Z ::1 GET /api/v2/discounts?fields=name,desc,code,beginDate,endDate,quantity,unlimitedQty,discount,discountType,minimumTotal,maximumApplied,image
2025-05-10T13:52:46.980Z ::1 GET /search/suggest?keyword= (304)
2025-05-10T13:52:46.983Z ::1 POST / (200)
2025-05-10T13:52:46.986Z ::1 GET /?fields=name,desc,code,beginDate,endDate,quantity,unlimitedQty,discount,discountType,minimumTotal,maximumApplied,image (304)
2025-05-10T13:52:46.991Z ::1 GET /?fields=name%20slug%20image (304)
2025-05-10T13:52:47.127Z ::1 GET /api/v2/orders/681f5a2b0d6f008b2ccbc44d
2025-05-10T13:52:47.605Z ::1 GET /681f5a2b0d6f008b2ccbc44d (200)
2025-05-10T13:52:47.694Z ::1 GET /?fields=name%20slug%20image (304)
2025-05-10T13:52:50.649Z ::1 GET /api/v2/categories?fields=_id%20name%20slug
2025-05-10T13:52:50.652Z ::1 GET /api/v2/products?search=&c=&b=&page=1&limit=10&getBrandFilter=1&getCategoryFilter=1&isShowHidden=0&fullTextSearch=1
2025-05-10T13:52:51.602Z ::1 GET /?fields=_id%20name%20slug (304)
2025-05-10T13:52:51.612Z ::1 GET /api/v2/brands?fields=_id%20name%20slug
2025-05-10T13:52:51.852Z ::1 GET /?fields=_id%20name%20slug (304)
2025-05-10T13:52:51.935Z ::1 GET /api/v2/products?search=&c=c00000000000000000000001&b=&page=1&limit=10&getBrandFilter=1&getCategoryFilter=1&isShowHidden=0&fullTextSearch=1
2025-05-10T13:52:53.767Z ::1 GET /?search=&c=&b=&page=1&limit=10&getBrandFilter=1&getCategoryFilter=1&isShowHidden=0&fullTextSearch=1 (200)
2025-05-10T13:52:54.781Z ::1 GET /?search=&c=c00000000000000000000001&b=&page=1&limit=10&getBrandFilter=1&getCategoryFilter=1&isShowHidden=0&fullTextSearch=1 (200)
2025-05-10T13:52:55.204Z ::1 GET /api/v2/products/iphone-12?fields=_id%20name%20slug%20desc%20video%20overSpecs%20policies%20detailSpecs%20origin%20category%20brand%20tags%20views%20rate%20variants%20quantity%20warrantyPeriod%20isHide%20createdAt%20updatedAt
2025-05-10T13:52:55.686Z ::1 GET /iphone-12?fields=_id%20name%20slug%20desc%20video%20overSpecs%20policies%20detailSpecs%20origin%20category%20brand%20tags%20views%20rate%20variants%20quantity%20warrantyPeriod%20isHide%20createdAt%20updatedAt (200)
2025-05-10T13:52:56.221Z ::1 POST /api/v2/user-behavior
2025-05-10T13:52:56.225Z ::1 POST / (200)
2025-05-10T13:52:57.228Z ::1 POST /api/v2/cart/add
2025-05-10T13:52:58.177Z ::1 POST /add (200)
2025-05-10T13:52:59.107Z ::1 GET /api/v2/account/addresses
2025-05-10T13:52:59.579Z ::1 GET /addresses (304)
2025-05-10T13:53:06.054Z ::1 POST /api/v2/user-behavior
2025-05-10T13:53:06.058Z ::1 POST / (200)
2025-05-10T13:53:09.948Z ::1 POST /api/v2/orders
2025-05-10T13:53:10.196Z ::1 POST /api/v2/orders (400)
2025-05-10T13:53:17.070Z ::1 POST /api/v2/orders
2025-05-10T13:53:17.311Z ::1 POST /api/v2/orders (400)
2025-05-10T13:53:25.527Z ::1 GET /api/v2/account
2025-05-10T13:53:25.998Z ::1 GET / (304)
2025-05-10T13:53:26.188Z ::1 GET /api/v2/products/search/suggest?keyword=
2025-05-10T13:53:26.193Z ::1 GET /api/v2/categories?fields=name%20slug%20image
2025-05-10T13:53:26.198Z ::1 POST /api/v2/cart
2025-05-10T13:53:26.201Z ::1 GET /api/v2/brands?fields=name%20slug%20image
2025-05-10T13:53:26.203Z ::1 GET /api/v2/discounts?fields=name,desc,code,beginDate,endDate,quantity,unlimitedQty,discount,discountType,minimumTotal,maximumApplied,image
2025-05-10T13:53:26.426Z ::1 GET /search/suggest?keyword= (304)
2025-05-10T13:53:26.440Z ::1 GET /?fields=name,desc,code,beginDate,endDate,quantity,unlimitedQty,discount,discountType,minimumTotal,maximumApplied,image (304)
2025-05-10T13:53:26.444Z ::1 GET /?fields=name%20slug%20image (304)
2025-05-10T13:53:26.670Z ::1 POST / (200)
2025-05-10T13:53:27.137Z ::1 GET /?fields=name%20slug%20image (304)
2025-05-10T13:53:31.933Z ::1 GET /api/v2/account
2025-05-10T13:53:32.404Z ::1 GET / (304)
2025-05-10T13:53:32.606Z ::1 GET /api/v2/products/search/suggest?keyword=
2025-05-10T13:53:32.611Z ::1 POST /api/v2/cart
2025-05-10T13:53:32.617Z ::1 GET /api/v2/categories?fields=name%20slug%20image
2025-05-10T13:53:32.620Z ::1 GET /api/v2/brands?fields=name%20slug%20image
2025-05-10T13:53:32.622Z ::1 GET /api/v2/discounts?fields=name,desc,code,beginDate,endDate,quantity,unlimitedQty,discount,discountType,minimumTotal,maximumApplied,image
2025-05-10T13:53:32.843Z ::1 GET /search/suggest?keyword= (304)
2025-05-10T13:53:32.858Z ::1 GET /?fields=name%20slug%20image (304)
2025-05-10T13:53:32.860Z ::1 GET /?fields=name,desc,code,beginDate,endDate,quantity,unlimitedQty,discount,discountType,minimumTotal,maximumApplied,image (304)
2025-05-10T13:53:33.084Z ::1 POST / (200)
2025-05-10T13:53:33.586Z ::1 GET /?fields=name%20slug%20image (304)
2025-05-10T13:53:34.510Z ::1 GET /api/v2/account
2025-05-10T13:53:34.993Z ::1 GET / (304)
2025-05-10T13:53:35.181Z ::1 POST /api/v2/cart
2025-05-10T13:53:35.187Z ::1 GET /api/v2/products/search/suggest?keyword=
2025-05-10T13:53:35.191Z ::1 GET /api/v2/categories?fields=name%20slug%20image
2025-05-10T13:53:35.195Z ::1 GET /api/v2/brands?fields=name%20slug%20image
2025-05-10T13:53:35.198Z ::1 GET /api/v2/discounts?fields=name,desc,code,beginDate,endDate,quantity,unlimitedQty,discount,discountType,minimumTotal,maximumApplied,image
2025-05-10T13:53:35.424Z ::1 GET /search/suggest?keyword= (304)
2025-05-10T13:53:35.436Z ::1 GET /?fields=name%20slug%20image (304)
2025-05-10T13:53:35.437Z ::1 GET /?fields=name,desc,code,beginDate,endDate,quantity,unlimitedQty,discount,discountType,minimumTotal,maximumApplied,image (304)
2025-05-10T13:53:35.668Z ::1 POST / (200)
2025-05-10T13:53:36.146Z ::1 GET /?fields=name%20slug%20image (304)
2025-05-10T13:56:26.397Z ::1 GET /api/v2/products?search=&page=1&limit=20&b=&c=
2025-05-10T13:56:26.459Z ::1 GET /api/v2/products/best-seller
2025-05-10T13:56:26.716Z ::1 GET /best-seller (200)
2025-05-10T13:56:28.328Z ::1 GET /?search=&page=1&limit=20&b=&c= (200)
2025-05-10T13:57:49.895Z ::1 GET /api/v2/products/search/suggest?keyword=
2025-05-10T13:57:49.905Z ::1 GET /api/v2/categories?fields=name%20slug%20image
2025-05-10T13:57:49.907Z ::1 GET /api/v2/brands?fields=name%20slug%20image
2025-05-10T13:57:49.910Z ::1 GET /api/v2/discounts?fields=name,desc,code,beginDate,endDate,quantity,unlimitedQty,discount,discountType,minimumTotal,maximumApplied,image
2025-05-10T13:57:50.140Z ::1 GET /search/suggest?keyword= (200)
2025-05-10T13:57:50.145Z ::1 GET /?fields=name%20slug%20image (200)
2025-05-10T13:57:50.148Z ::1 GET /?fields=name,desc,code,beginDate,endDate,quantity,unlimitedQty,discount,discountType,minimumTotal,maximumApplied,image (200)
2025-05-10T13:57:50.195Z ::1 GET /api/v2/products?search=&page=1&limit=20&b=&c=
2025-05-10T13:57:50.852Z ::1 GET /?fields=name%20slug%20image (200)
2025-05-10T13:57:51.275Z ::1 GET /api/v2/products/best-seller
2025-05-10T13:57:51.528Z ::1 GET /best-seller (200)
2025-05-10T13:57:52.145Z ::1 GET /?search=&page=1&limit=20&b=&c= (200)
2025-05-10T13:58:58.578Z ::1 POST /api/v2/auth/login
2025-05-10T13:58:58.950Z ::1 POST /api/v2/auth/login (401)
2025-05-10T13:59:02.378Z ::1 POST /api/v2/auth/login
2025-05-10T13:59:02.727Z ::1 POST /api/v2/auth/login (401)
2025-05-10T13:59:05.023Z ::1 POST /api/v2/auth/login
2025-05-10T13:59:05.380Z ::1 POST /api/v2/auth/login (401)
2025-05-10T13:59:28.796Z ::1 POST /api/v2/auth/login
2025-05-10T13:59:29.162Z ::1 POST /api/v2/auth/login (401)
2025-05-10T13:59:32.521Z ::1 POST /api/v2/auth/login
2025-05-10T13:59:32.954Z ::1 POST /api/v2/auth/login (401)
2025-05-10T13:59:35.533Z ::1 POST /api/v2/auth/login
2025-05-10T13:59:35.889Z ::1 POST /api/v2/auth/login (401)
2025-05-10T13:59:41.886Z ::1 POST /api/v2/cart
2025-05-10T13:59:42.368Z ::1 POST / (200)
2025-05-10T13:59:48.599Z ::1 GET /api/v2/products/best-seller
2025-05-10T13:59:48.856Z ::1 GET /best-seller (304)
2025-05-10T13:59:56.021Z ::1 POST /api/v2/auth/login
2025-05-10T13:59:56.622Z ::1 POST /login (200)
2025-05-10T13:59:57.115Z ::1 POST /api/v2/cart
2025-05-10T13:59:57.124Z ::1 GET /api/v2/products/search/suggest?keyword=
2025-05-10T13:59:57.127Z ::1 GET /api/v2/categories?fields=name%20slug%20image
2025-05-10T13:59:57.130Z ::1 GET /api/v2/brands?fields=name%20slug%20image
2025-05-10T13:59:57.132Z ::1 GET /api/v2/discounts?fields=name,desc,code,beginDate,endDate,quantity,unlimitedQty,discount,discountType,minimumTotal,maximumApplied,image
2025-05-10T13:59:57.361Z ::1 GET /search/suggest?keyword= (304)
2025-05-10T13:59:57.369Z ::1 GET /?fields=name,desc,code,beginDate,endDate,quantity,unlimitedQty,discount,discountType,minimumTotal,maximumApplied,image (304)
2025-05-10T13:59:57.373Z ::1 GET /?fields=name%20slug%20image (304)
2025-05-10T13:59:57.598Z ::1 POST / (200)
2025-05-10T13:59:57.608Z ::1 GET /api/v2/products?search=&page=1&limit=20&b=&c=
2025-05-10T13:59:58.072Z ::1 GET /?fields=name%20slug%20image (304)
2025-05-10T13:59:58.237Z ::1 GET /api/v2/products/best-seller
2025-05-10T13:59:58.487Z ::1 GET /best-seller (304)
2025-05-10T13:59:59.556Z ::1 GET /?search=&page=1&limit=20&b=&c= (304)
2025-05-10T14:00:10.058Z ::1 GET /api/v2/account
2025-05-10T14:00:10.539Z ::1 GET / (200)
2025-05-10T14:00:10.755Z ::1 GET /api/v2/products/search/suggest?keyword=
2025-05-10T14:00:10.761Z ::1 POST /api/v2/cart
2025-05-10T14:00:10.768Z ::1 GET /api/v2/categories?fields=name%20slug%20image
2025-05-10T14:00:10.770Z ::1 GET /api/v2/brands?fields=name%20slug%20image
2025-05-10T14:00:10.773Z ::1 GET /api/v2/discounts?fields=name,desc,code,beginDate,endDate,quantity,unlimitedQty,discount,discountType,minimumTotal,maximumApplied,image
2025-05-10T14:00:10.906Z ::1 GET /api/v2/products?search=&page=1&limit=20&b=&c=
2025-05-10T14:00:10.998Z ::1 GET /search/suggest?keyword= (304)
2025-05-10T14:00:11.006Z ::1 GET /api/v2/products/best-seller
2025-05-10T14:00:11.010Z ::1 GET /?fields=name%20slug%20image (304)
2025-05-10T14:00:11.015Z ::1 GET /?fields=name,desc,code,beginDate,endDate,quantity,unlimitedQty,discount,discountType,minimumTotal,maximumApplied,image (304)
2025-05-10T14:00:11.236Z ::1 POST / (200)
2025-05-10T14:00:11.261Z ::1 GET /best-seller (304)
2025-05-10T14:00:11.742Z ::1 GET /?fields=name%20slug%20image (304)
2025-05-10T14:00:12.848Z ::1 GET /?search=&page=1&limit=20&b=&c= (304)
2025-05-10T14:00:32.675Z ::1 GET /api/v2/products/best-seller
2025-05-10T14:00:32.936Z ::1 GET /best-seller (304)
2025-05-10T14:00:45.152Z ::1 POST /api/v2/auth/login
2025-05-10T14:00:45.757Z ::1 POST /login (200)
2025-05-10T14:00:46.007Z ::1 POST /api/v2/cart
2025-05-10T14:00:46.498Z ::1 POST / (200)
2025-05-10T14:00:46.504Z ::1 GET /api/v2/products?search=&b=&c=
2025-05-10T14:00:46.509Z ::1 GET /api/v2/products/all
2025-05-10T14:00:46.514Z ::1 GET /api/v2/brands
2025-05-10T14:00:46.518Z ::1 GET /api/v2/categories
2025-05-10T14:00:46.522Z ::1 GET /api/v2/users/customer
2025-05-10T14:00:46.525Z ::1 GET /api/v2/orders/manager/?search=&status=&paymentStatus=&page=1&limit=100000
2025-05-10T14:00:46.758Z ::1 GET /customer (200)
2025-05-10T14:00:46.996Z ::1 GET / (200)
2025-05-10T14:00:47.239Z ::1 GET /manager/?search=&status=&paymentStatus=&page=1&limit=100000 (200)
2025-05-10T14:00:47.244Z ::1 GET /api/v2/orders/manager/?search=&status=&paymentStatus=&page=1&limit=100000
2025-05-10T14:00:47.464Z ::1 GET / (200)
2025-05-10T14:00:47.957Z ::1 GET /manager/?search=&status=&paymentStatus=&page=1&limit=100000 (304)
2025-05-10T14:00:48.445Z ::1 GET /?search=&b=&c= (200)
2025-05-10T14:00:48.448Z ::1 GET /api/v2/products?search=&b=&c=
2025-05-10T14:00:49.931Z ::1 GET /?search=&b=&c= (304)
2025-05-10T14:00:52.509Z ::1 GET /all (200)
2025-05-10T14:00:52.514Z ::1 GET /api/v2/products/all
2025-05-10T14:00:57.136Z ::1 GET /all (304)
2025-05-10T14:00:57.139Z ::1 GET /api/v2/products/all
2025-05-10T14:00:59.610Z ::1 GET /api/v2/orders/manager/?search=&status=&paymentStatus=&page=1&limit=100000
2025-05-10T14:01:00.345Z ::1 GET /manager/?search=&status=&paymentStatus=&page=1&limit=100000 (304)
2025-05-10T14:01:01.457Z ::1 GET /all (304)
2025-05-10T14:01:01.460Z ::1 GET /api/v2/products/all
2025-05-10T14:01:05.700Z ::1 GET /all (304)
2025-05-10T14:01:05.704Z ::1 GET /api/v2/products/all
2025-05-10T14:01:11.043Z ::1 GET /all (304)
2025-05-10T14:01:11.051Z ::1 GET /api/v2/categories
2025-05-10T14:01:12.017Z ::1 GET / (304)
2025-05-10T14:01:15.402Z ::1 GET /api/v2/products?search=&c=&b=&page=1&limit=10&sort=desc&sortBy=createdAt&getBrandFilter=1&getCategoryFilter=1&isShowHidden=0
2025-05-10T14:01:18.301Z ::1 GET /?search=&c=&b=&page=1&limit=10&sort=desc&sortBy=createdAt&getBrandFilter=1&getCategoryFilter=1&isShowHidden=0 (200)
2025-05-10T14:01:25.665Z ::1 GET /api/v2/products?search=&b=&c=
2025-05-10T14:01:25.670Z ::1 GET /api/v2/products/all
2025-05-10T14:01:25.672Z ::1 GET /api/v2/brands
2025-05-10T14:01:25.674Z ::1 GET /api/v2/categories
2025-05-10T14:01:25.677Z ::1 GET /api/v2/users/customer
2025-05-10T14:01:25.680Z ::1 GET /api/v2/orders/manager/?search=&status=&paymentStatus=&page=1&limit=100000
2025-05-10T14:01:25.917Z ::1 GET /customer (304)
2025-05-10T14:01:26.146Z ::1 GET / (304)
2025-05-10T14:01:26.395Z ::1 GET /manager/?search=&status=&paymentStatus=&page=1&limit=100000 (304)
2025-05-10T14:01:26.398Z ::1 GET /api/v2/orders/manager/?search=&status=&paymentStatus=&page=1&limit=100000
2025-05-10T14:01:26.624Z ::1 GET / (304)
2025-05-10T14:01:27.108Z ::1 GET /manager/?search=&status=&paymentStatus=&page=1&limit=100000 (304)
2025-05-10T14:01:27.606Z ::1 GET /?search=&b=&c= (304)
2025-05-10T14:01:27.608Z ::1 GET /api/v2/products?search=&b=&c=
2025-05-10T14:01:28.603Z ::1 GET /?search=&b=&c= (304)
2025-05-10T14:01:31.712Z ::1 GET /all (304)
2025-05-10T14:01:31.719Z ::1 GET /api/v2/products/all
2025-05-10T14:01:36.625Z ::1 GET /all (304)
2025-05-10T14:01:36.628Z ::1 GET /api/v2/products/all
2025-05-10T14:01:41.560Z ::1 GET /all (304)
2025-05-10T14:01:41.563Z ::1 GET /api/v2/products/all
2025-05-10T14:01:46.000Z ::1 GET /all (304)
2025-05-10T14:01:46.002Z ::1 GET /api/v2/products/all
2025-05-10T14:01:49.977Z ::1 GET /all (304)
2025-05-10T14:01:49.988Z ::1 GET /api/v2/categories
2025-05-10T14:01:50.940Z ::1 GET / (304)
2025-05-10T14:01:53.873Z ::1 GET /api/v2/users/customer
2025-05-10T14:01:54.115Z ::1 GET /customer (304)
2025-05-10T14:02:07.816Z ::1 GET /api/v2/users/customer
2025-05-10T14:02:08.056Z ::1 GET /customer (304)
2025-05-10T14:02:11.129Z ::1 GET /api/v2/brands
2025-05-10T14:02:11.134Z ::1 GET /api/v2/categories
2025-05-10T14:02:11.609Z ::1 GET / (304)
2025-05-10T14:02:12.110Z ::1 GET / (304)
2025-05-10T14:02:20.870Z ::1 GET /api/v2/products?search=&b=&c=
2025-05-10T14:02:20.878Z ::1 GET /api/v2/products/all
2025-05-10T14:02:20.884Z ::1 GET /api/v2/brands
2025-05-10T14:02:20.887Z ::1 GET /api/v2/categories
2025-05-10T14:02:20.889Z ::1 GET /api/v2/users/customer
2025-05-10T14:02:20.893Z ::1 GET /api/v2/orders/manager/?search=&status=&paymentStatus=&page=1&limit=100000
2025-05-10T14:02:21.131Z ::1 GET /customer (304)
2025-05-10T14:02:21.362Z ::1 GET / (304)
2025-05-10T14:02:21.618Z ::1 GET /manager/?search=&status=&paymentStatus=&page=1&limit=100000 (304)
2025-05-10T14:02:21.621Z ::1 GET /api/v2/orders/manager/?search=&status=&paymentStatus=&page=1&limit=100000
2025-05-10T14:02:34.739Z ::1 GET /api/v2/account
2025-05-10T14:02:35.211Z ::1 GET / (304)
2025-05-10T14:02:35.516Z ::1 GET /api/v2/products/search/suggest?keyword=
2025-05-10T14:02:35.522Z ::1 POST /api/v2/cart
2025-05-10T14:02:35.527Z ::1 GET /api/v2/categories?fields=name%20slug%20image
2025-05-10T14:02:35.529Z ::1 GET /api/v2/brands?fields=name%20slug%20image
2025-05-10T14:02:35.531Z ::1 GET /api/v2/discounts?fields=name,desc,code,beginDate,endDate,quantity,unlimitedQty,discount,discountType,minimumTotal,maximumApplied,image
2025-05-10T14:02:35.680Z ::1 GET /api/v2/products?search=&page=1&limit=20&b=&c=
2025-05-10T14:02:35.754Z ::1 GET /search/suggest?keyword= (304)
2025-05-10T14:02:35.759Z ::1 GET /api/v2/products/best-seller
2025-05-10T14:02:35.766Z ::1 GET /?fields=name%20slug%20image (304)
2025-05-10T14:02:35.770Z ::1 GET /?fields=name,desc,code,beginDate,endDate,quantity,unlimitedQty,discount,discountType,minimumTotal,maximumApplied,image (304)
2025-05-10T14:02:36.003Z ::1 POST / (200)
2025-05-10T14:02:36.012Z ::1 GET /best-seller (304)
2025-05-10T14:02:36.502Z ::1 GET /?fields=name%20slug%20image (304)
2025-05-10T14:02:37.621Z ::1 GET /?search=&page=1&limit=20&b=&c= (304)
2025-05-10T14:02:39.906Z ::1 GET /api/v2/account
2025-05-10T14:02:40.387Z ::1 GET / (304)
2025-05-10T14:02:40.600Z ::1 GET /api/v2/products/search/suggest?keyword=
2025-05-10T14:02:40.603Z ::1 GET /api/v2/categories?fields=name%20slug%20image
2025-05-10T14:02:40.607Z ::1 POST /api/v2/cart
2025-05-10T14:02:40.612Z ::1 GET /api/v2/brands?fields=name%20slug%20image
2025-05-10T14:02:40.615Z ::1 GET /api/v2/discounts?fields=name,desc,code,beginDate,endDate,quantity,unlimitedQty,discount,discountType,minimumTotal,maximumApplied,image
2025-05-10T14:02:40.739Z ::1 GET /api/v2/products?search=&page=1&limit=20&b=&c=
2025-05-10T14:02:40.843Z ::1 GET /search/suggest?keyword= (304)
2025-05-10T14:02:40.855Z ::1 GET /?fields=name%20slug%20image (304)
2025-05-10T14:02:40.858Z ::1 GET /api/v2/products/best-seller
2025-05-10T14:02:40.862Z ::1 GET /?fields=name,desc,code,beginDate,endDate,quantity,unlimitedQty,discount,discountType,minimumTotal,maximumApplied,image (304)
2025-05-10T14:02:41.084Z ::1 POST / (200)
2025-05-10T14:02:41.114Z ::1 GET /best-seller (304)
2025-05-10T14:02:41.554Z ::1 GET /?fields=name%20slug%20image (304)
2025-05-10T14:02:42.887Z ::1 GET /?search=&page=1&limit=20&b=&c= (304)
2025-05-10T14:02:45.182Z ::1 GET /api/v2/products/iphone-12-mini?fields=_id%20name%20slug%20desc%20video%20overSpecs%20policies%20detailSpecs%20origin%20category%20brand%20tags%20views%20rate%20variants%20quantity%20warrantyPeriod%20isHide%20createdAt%20updatedAt
2025-05-10T14:02:45.924Z ::1 GET /iphone-12-mini?fields=_id%20name%20slug%20desc%20video%20overSpecs%20policies%20detailSpecs%20origin%20category%20brand%20tags%20views%20rate%20variants%20quantity%20warrantyPeriod%20isHide%20createdAt%20updatedAt (200)
2025-05-10T14:02:49.911Z ::1 POST /api/v2/user-behavior
2025-05-10T14:02:49.916Z ::1 POST / (200)
2025-05-10T14:02:50.643Z ::1 GET /api/v2/account
2025-05-10T14:02:51.116Z ::1 GET / (304)
2025-05-10T14:02:51.321Z ::1 GET /api/v2/products/search/suggest?keyword=
2025-05-10T14:02:51.327Z ::1 POST /api/v2/cart
2025-05-10T14:02:51.334Z ::1 GET /api/v2/categories?fields=name%20slug%20image
2025-05-10T14:02:51.337Z ::1 GET /api/v2/brands?fields=name%20slug%20image
2025-05-10T14:02:51.339Z ::1 GET /api/v2/discounts?fields=name,desc,code,beginDate,endDate,quantity,unlimitedQty,discount,discountType,minimumTotal,maximumApplied,image
2025-05-10T14:02:51.370Z ::1 GET /api/v2/products/iphone-12-mini?fields=_id%20name%20slug%20desc%20video%20overSpecs%20policies%20detailSpecs%20origin%20category%20brand%20tags%20views%20rate%20variants%20quantity%20warrantyPeriod%20isHide%20createdAt%20updatedAt
2025-05-10T14:02:51.560Z ::1 GET /search/suggest?keyword= (304)
2025-05-10T14:02:51.561Z ::1 POST /api/v2/products/get-by-ids
2025-05-10T14:02:51.574Z ::1 GET /?fields=name%20slug%20image (304)
2025-05-10T14:02:51.579Z ::1 GET /?fields=name,desc,code,beginDate,endDate,quantity,unlimitedQty,discount,discountType,minimumTotal,maximumApplied,image (304)
2025-05-10T14:02:51.802Z ::1 POST / (200)
2025-05-10T14:02:52.112Z ::1 GET /iphone-12-mini?fields=_id%20name%20slug%20desc%20video%20overSpecs%20policies%20detailSpecs%20origin%20category%20brand%20tags%20views%20rate%20variants%20quantity%20warrantyPeriod%20isHide%20createdAt%20updatedAt (200)
2025-05-10T14:02:52.269Z ::1 POST /get-by-ids (200)
2025-05-10T14:02:52.297Z ::1 GET /?fields=name%20slug%20image (304)
2025-05-10T14:06:29.355Z ::1 GET /api/v2/account
2025-05-10T14:06:29.835Z ::1 GET / (304)
2025-05-10T14:06:30.023Z ::1 GET /api/v2/products/search/suggest?keyword=
2025-05-10T14:06:30.029Z ::1 POST /api/v2/cart
2025-05-10T14:06:30.036Z ::1 GET /api/v2/categories?fields=name%20slug%20image
2025-05-10T14:06:30.039Z ::1 GET /api/v2/brands?fields=name%20slug%20image
2025-05-10T14:06:30.041Z ::1 GET /api/v2/discounts?fields=name,desc,code,beginDate,endDate,quantity,unlimitedQty,discount,discountType,minimumTotal,maximumApplied,image
2025-05-10T14:06:30.154Z ::1 GET /api/v2/products/iphone-12-mini?fields=_id%20name%20slug%20desc%20video%20overSpecs%20policies%20detailSpecs%20origin%20category%20brand%20tags%20views%20rate%20variants%20quantity%20warrantyPeriod%20isHide%20createdAt%20updatedAt
2025-05-10T14:06:30.268Z ::1 GET /search/suggest?keyword= (304)
2025-05-10T14:06:30.269Z ::1 POST /api/v2/products/get-by-ids
2025-05-10T14:06:30.276Z ::1 GET /?fields=name%20slug%20image (304)
2025-05-10T14:06:30.281Z ::1 GET /?fields=name,desc,code,beginDate,endDate,quantity,unlimitedQty,discount,discountType,minimumTotal,maximumApplied,image (304)
2025-05-10T14:06:30.509Z ::1 POST / (200)
2025-05-10T14:06:30.889Z ::1 GET /iphone-12-mini?fields=_id%20name%20slug%20desc%20video%20overSpecs%20policies%20detailSpecs%20origin%20category%20brand%20tags%20views%20rate%20variants%20quantity%20warrantyPeriod%20isHide%20createdAt%20updatedAt (200)
2025-05-10T14:06:30.982Z ::1 POST /get-by-ids (200)
2025-05-10T14:06:31.002Z ::1 GET /?fields=name%20slug%20image (304)
2025-05-10T14:06:33.843Z ::1 GET /api/v2/categories?fields=_id%20name%20slug
2025-05-10T14:06:33.846Z ::1 GET /api/v2/products?search=&c=&b=&page=1&limit=10&getBrandFilter=1&getCategoryFilter=1&isShowHidden=0&fullTextSearch=1
2025-05-10T14:06:34.815Z ::1 GET /?fields=_id%20name%20slug (200)
2025-05-10T14:06:34.827Z ::1 GET /api/v2/brands?fields=_id%20name%20slug
2025-05-10T14:06:35.070Z ::1 GET /?fields=_id%20name%20slug (200)
2025-05-10T14:06:35.157Z ::1 GET /api/v2/products?search=&c=c00000000000000000000001&b=&page=1&limit=10&getBrandFilter=1&getCategoryFilter=1&isShowHidden=0&fullTextSearch=1
2025-05-10T14:06:36.983Z ::1 GET /?search=&c=&b=&page=1&limit=10&getBrandFilter=1&getCategoryFilter=1&isShowHidden=0&fullTextSearch=1 (200)
2025-05-10T14:06:38.059Z ::1 GET /?search=&c=c00000000000000000000001&b=&page=1&limit=10&getBrandFilter=1&getCategoryFilter=1&isShowHidden=0&fullTextSearch=1 (200)
2025-05-10T14:08:37.859Z ::1 GET /api/v2/products?search=&c=c00000000000000000000001&b=&page=2&limit=10&getBrandFilter=1&getCategoryFilter=1&isShowHidden=0&fullTextSearch=1
2025-05-10T14:08:40.756Z ::1 GET /?search=&c=c00000000000000000000001&b=&page=2&limit=10&getBrandFilter=1&getCategoryFilter=1&isShowHidden=0&fullTextSearch=1 (200)
2025-05-10T14:08:43.046Z ::1 GET /api/v2/products?search=&c=c00000000000000000000001&b=&page=3&limit=10&getBrandFilter=1&getCategoryFilter=1&isShowHidden=0&fullTextSearch=1
2025-05-10T14:08:45.946Z ::1 GET /?search=&c=c00000000000000000000001&b=&page=3&limit=10&getBrandFilter=1&getCategoryFilter=1&isShowHidden=0&fullTextSearch=1 (200)