
2025-06-08T02:16:20.727Z ::1 GET /api/v2/account
2025-06-08T02:16:21.351Z ::1 GET / (200)
2025-06-08T02:16:21.755Z ::1 GET /api/v2/products/search/suggest?keyword=
2025-06-08T02:16:21.770Z ::1 POST /api/v2/cart
2025-06-08T02:16:22.016Z ::1 GET /api/v2/categories?fields=name%20slug%20image
2025-06-08T02:16:22.022Z ::1 GET /api/v2/brands?fields=name%20slug%20image
2025-06-08T02:16:22.028Z ::1 GET /api/v2/discounts?fields=name,desc,code,beginDate,endDate,quantity,unlimitedQty,discount,discountType,minimumTotal,maximumApplied,image
2025-06-08T02:16:22.045Z ::1 GET /api/v2/products?search=&page=1&limit=20&b=&c=
2025-06-08T02:16:22.071Z ::1 GET /search/suggest?keyword= (304)
2025-06-08T02:16:22.329Z ::1 GET /?fields=name%20slug%20image (304)
2025-06-08T02:16:22.335Z ::1 GET /api/v2/account
2025-06-08T02:16:22.339Z ::1 GET /?fields=name,desc,code,beginDate,endDate,quantity,unlimitedQty,discount,discountType,minimumTotal,maximumApplied,image (304)
2025-06-08T02:16:22.341Z ::1 GET /api/v2/products/best-seller
2025-06-08T02:16:22.627Z ::1 POST / (200)
2025-06-08T02:16:22.739Z ::1 GET /best-seller (304)
2025-06-08T02:16:22.905Z ::1 GET / (304)
2025-06-08T02:16:23.852Z ::1 GET /?fields=name%20slug%20image (304)
2025-06-08T02:16:24.533Z ::1 POST /api/v2/cart
2025-06-08T02:16:24.538Z ::1 GET /api/v2/products/search/suggest?keyword=
2025-06-08T02:16:24.541Z ::1 GET /api/v2/categories?fields=name%20slug%20image
2025-06-08T02:16:24.544Z ::1 GET /api/v2/brands?fields=name%20slug%20image
2025-06-08T02:16:24.547Z ::1 GET /api/v2/discounts?fields=name,desc,code,beginDate,endDate,quantity,unlimitedQty,discount,discountType,minimumTotal,maximumApplied,image
2025-06-08T02:16:24.839Z ::1 GET /?search=&page=1&limit=20&b=&c= (200)
2025-06-08T02:16:24.847Z ::1 GET /search/suggest?keyword= (304)
2025-06-08T02:16:24.851Z ::1 GET /?fields=name%20slug%20image (304)
2025-06-08T02:16:25.105Z ::1 POST / (200)
2025-06-08T02:16:25.739Z ::1 GET /?fields=name%20slug%20image (304)
2025-06-08T02:16:26.054Z ::1 GET /api/v2/account
2025-06-08T02:16:26.332Z ::1 GET /?fields=name,desc,code,beginDate,endDate,quantity,unlimitedQty,discount,discountType,minimumTotal,maximumApplied,image (304)
2025-06-08T02:16:26.642Z ::1 GET / (304)
2025-06-08T02:16:26.840Z ::1 GET /api/v2/products/search/suggest?keyword=
2025-06-08T02:16:26.844Z ::1 GET /api/v2/categories?fields=name%20slug%20image
2025-06-08T02:16:26.847Z ::1 POST /api/v2/cart
2025-06-08T02:16:26.852Z ::1 GET /api/v2/brands?fields=name%20slug%20image
2025-06-08T02:16:26.855Z ::1 GET /api/v2/discounts?fields=name,desc,code,beginDate,endDate,quantity,unlimitedQty,discount,discountType,minimumTotal,maximumApplied,image
2025-06-08T02:16:27.138Z ::1 GET /search/suggest?keyword= (304)
2025-06-08T02:16:27.154Z ::1 GET /?fields=name%20slug%20image (304)
2025-06-08T02:16:27.157Z ::1 GET /?fields=name,desc,code,beginDate,endDate,quantity,unlimitedQty,discount,discountType,minimumTotal,maximumApplied,image (304)
2025-06-08T02:16:27.421Z ::1 POST / (200)
2025-06-08T02:16:28.012Z ::1 GET /?fields=name%20slug%20image (304)
2025-06-08T02:21:28.157Z ::1 GET /api/v2/account
2025-06-08T02:21:28.738Z ::1 GET / (304)
2025-06-08T02:21:28.741Z ::1 GET /api/v2/account
2025-06-08T02:21:29.001Z ::1 GET /api/v2/products/search/suggest?keyword=
2025-06-08T02:21:29.009Z ::1 POST /api/v2/cart
2025-06-08T02:21:29.018Z ::1 GET /api/v2/categories?fields=name%20slug%20image
2025-06-08T02:21:29.023Z ::1 GET /api/v2/brands?fields=name%20slug%20image
2025-06-08T02:21:29.026Z ::1 GET /api/v2/discounts?fields=name,desc,code,beginDate,endDate,quantity,unlimitedQty,discount,discountType,minimumTotal,maximumApplied,image
2025-06-08T02:21:29.277Z ::1 GET /api/v2/account
2025-06-08T02:21:29.287Z ::1 GET /search/suggest?keyword= (304)
2025-06-08T02:21:29.324Z ::1 GET /?fields=name%20slug%20image (304)
2025-06-08T02:21:29.327Z ::1 GET /?fields=name,desc,code,beginDate,endDate,quantity,unlimitedQty,discount,discountType,minimumTotal,maximumApplied,image (304)
2025-06-08T02:21:29.611Z ::1 POST / (200)
2025-06-08T02:21:29.869Z ::1 GET / (200)
2025-06-08T02:21:30.011Z ::1 GET /api/v2/products/search/suggest?keyword=
2025-06-08T02:21:30.015Z ::1 POST /api/v2/cart
2025-06-08T02:21:30.019Z ::1 GET /api/v2/brands?fields=name%20slug%20image
2025-06-08T02:21:30.022Z ::1 GET /api/v2/discounts?fields=name,desc,code,beginDate,endDate,quantity,unlimitedQty,discount,discountType,minimumTotal,maximumApplied,image
2025-06-08T02:21:30.232Z ::1 GET /?fields=name%20slug%20image (304)
2025-06-08T02:21:30.236Z ::1 GET /api/v2/categories?fields=name%20slug%20image
2025-06-08T02:21:30.306Z ::1 GET /search/suggest?keyword= (304)
2025-06-08T02:21:30.313Z ::1 GET /?fields=name,desc,code,beginDate,endDate,quantity,unlimitedQty,discount,discountType,minimumTotal,maximumApplied,image (304)
2025-06-08T02:21:30.612Z ::1 GET /?fields=name%20slug%20image (304)
2025-06-08T02:21:30.615Z ::1 POST / (200)
2025-06-08T02:21:31.433Z ::1 GET /?fields=name%20slug%20image (304)
2025-06-08T02:21:37.518Z ::1 GET /api/v2/account
2025-06-08T02:21:38.114Z ::1 GET / (304)
2025-06-08T02:21:38.677Z ::1 GET /api/v2/account
2025-06-08T02:21:39.276Z ::1 GET / (304)
2025-06-08T02:21:39.279Z ::1 GET /api/v2/account
2025-06-08T02:21:39.423Z ::1 GET /api/v2/products/search/suggest?keyword=
2025-06-08T02:21:39.428Z ::1 GET /api/v2/categories?fields=name%20slug%20image
2025-06-08T02:21:39.433Z ::1 POST /api/v2/cart
2025-06-08T02:21:39.440Z ::1 GET /api/v2/brands?fields=name%20slug%20image
2025-06-08T02:21:39.442Z ::1 GET /api/v2/discounts?fields=name,desc,code,beginDate,endDate,quantity,unlimitedQty,discount,discountType,minimumTotal,maximumApplied,image
2025-06-08T02:21:39.679Z ::1 GET /api/v2/account
2025-06-08T02:21:39.724Z ::1 GET /search/suggest?keyword= (304)
2025-06-08T02:21:39.740Z ::1 GET /?fields=name%20slug%20image (304)
2025-06-08T02:21:39.742Z ::1 GET /?fields=name,desc,code,beginDate,endDate,quantity,unlimitedQty,discount,discountType,minimumTotal,maximumApplied,image (304)
2025-06-08T02:21:40.020Z ::1 POST / (200)
2025-06-08T02:21:40.248Z ::1 GET / (200)
2025-06-08T02:21:40.408Z ::1 POST /api/v2/cart
2025-06-08T02:21:40.412Z ::1 GET /api/v2/products/search/suggest?keyword=
2025-06-08T02:21:40.417Z ::1 GET /api/v2/brands?fields=name%20slug%20image
2025-06-08T02:21:40.423Z ::1 GET /api/v2/discounts?fields=name,desc,code,beginDate,endDate,quantity,unlimitedQty,discount,discountType,minimumTotal,maximumApplied,image
2025-06-08T02:21:40.627Z ::1 GET /?fields=name%20slug%20image (304)
2025-06-08T02:21:40.630Z ::1 GET /api/v2/categories?fields=name%20slug%20image
2025-06-08T02:21:40.712Z ::1 GET /search/suggest?keyword= (304)
2025-06-08T02:21:40.724Z ::1 GET /?fields=name%20slug%20image (304)
2025-06-08T02:21:40.728Z ::1 GET /?fields=name,desc,code,beginDate,endDate,quantity,unlimitedQty,discount,discountType,minimumTotal,maximumApplied,image (304)
2025-06-08T02:21:40.979Z ::1 POST / (200)
2025-06-08T02:21:41.829Z ::1 GET /?fields=name%20slug%20image (304)
2025-06-08T02:47:48.897Z ::1 GET /api/v2/products/best-seller
2025-06-08T02:47:49.232Z ::1 GET /best-seller (304)
2025-06-08T02:47:49.430Z ::1 GET /api/v2/products/search/suggest?keyword=
2025-06-08T02:47:49.437Z ::1 GET /api/v2/categories?fields=name%20slug%20image
2025-06-08T02:47:49.442Z ::1 GET /api/v2/brands?fields=name%20slug%20image
2025-06-08T02:47:49.444Z ::1 GET /api/v2/discounts?fields=name,desc,code,beginDate,endDate,quantity,unlimitedQty,discount,discountType,minimumTotal,maximumApplied,image
2025-06-08T02:47:49.729Z ::1 GET /search/suggest?keyword= (304)
2025-06-08T02:47:49.737Z ::1 GET /?fields=name%20slug%20image (304)
2025-06-08T02:47:49.742Z ::1 GET /?fields=name,desc,code,beginDate,endDate,quantity,unlimitedQty,discount,discountType,minimumTotal,maximumApplied,image (304)
2025-06-08T02:47:50.386Z ::1 GET /api/v2/products/search/suggest?keyword=
2025-06-08T02:47:50.390Z ::1 GET /api/v2/brands?fields=name%20slug%20image
2025-06-08T02:47:50.394Z ::1 GET /api/v2/discounts?fields=name,desc,code,beginDate,endDate,quantity,unlimitedQty,discount,discountType,minimumTotal,maximumApplied,image
2025-06-08T02:47:50.586Z ::1 GET /?fields=name%20slug%20image (304)
2025-06-08T02:47:50.590Z ::1 GET /api/v2/categories?fields=name%20slug%20image
2025-06-08T02:47:50.684Z ::1 GET /search/suggest?keyword= (304)
2025-06-08T02:47:50.689Z ::1 GET /?fields=name%20slug%20image (304)
2025-06-08T02:47:50.692Z ::1 GET /?fields=name,desc,code,beginDate,endDate,quantity,unlimitedQty,discount,discountType,minimumTotal,maximumApplied,image (304)
2025-06-08T02:47:51.728Z ::1 GET /?fields=name%20slug%20image (304)
2025-06-08T02:47:53.133Z ::1 GET /api/v2/products/search/suggest?keyword=
2025-06-08T02:47:53.137Z ::1 GET /api/v2/categories?fields=name%20slug%20image
2025-06-08T02:47:53.140Z ::1 GET /api/v2/brands?fields=name%20slug%20image
2025-06-08T02:47:53.144Z ::1 GET /api/v2/discounts?fields=name,desc,code,beginDate,endDate,quantity,unlimitedQty,discount,discountType,minimumTotal,maximumApplied,image
2025-06-08T02:47:53.420Z ::1 GET /search/suggest?keyword= (304)
2025-06-08T02:47:53.445Z ::1 GET /?fields=name%20slug%20image (304)
2025-06-08T02:47:53.448Z ::1 GET /?fields=name,desc,code,beginDate,endDate,quantity,unlimitedQty,discount,discountType,minimumTotal,maximumApplied,image (304)
2025-06-08T02:47:53.561Z ::1 GET /api/v2/products/search/suggest?keyword=
2025-06-08T02:47:53.565Z ::1 GET /api/v2/brands?fields=name%20slug%20image
2025-06-08T02:47:53.568Z ::1 GET /api/v2/discounts?fields=name,desc,code,beginDate,endDate,quantity,unlimitedQty,discount,discountType,minimumTotal,maximumApplied,image
2025-06-08T02:47:53.852Z ::1 GET /?fields=name,desc,code,beginDate,endDate,quantity,unlimitedQty,discount,discountType,minimumTotal,maximumApplied,image (304)
2025-06-08T02:47:53.862Z ::1 GET /?fields=name%20slug%20image (304)
2025-06-08T02:47:53.864Z ::1 GET /search/suggest?keyword= (304)
2025-06-08T02:47:54.326Z ::1 GET /?fields=name%20slug%20image (304)
2025-06-08T02:47:54.330Z ::1 GET /api/v2/categories?fields=name%20slug%20image
2025-06-08T02:47:55.524Z ::1 GET /?fields=name%20slug%20image (304)
2025-06-08T02:49:08.803Z ::1 GET /api/v2/products/search/suggest?keyword=
2025-06-08T02:49:08.808Z ::1 GET /api/v2/categories?fields=name%20slug%20image
2025-06-08T02:49:08.812Z ::1 GET /api/v2/brands?fields=name%20slug%20image
2025-06-08T02:49:08.815Z ::1 GET /api/v2/discounts?fields=name,desc,code,beginDate,endDate,quantity,unlimitedQty,discount,discountType,minimumTotal,maximumApplied,image
2025-06-08T02:49:09.099Z ::1 GET /search/suggest?keyword= (304)
2025-06-08T02:49:09.103Z ::1 GET /?fields=name,desc,code,beginDate,endDate,quantity,unlimitedQty,discount,discountType,minimumTotal,maximumApplied,image (304)
2025-06-08T02:49:09.110Z ::1 GET /?fields=name%20slug%20image (304)
2025-06-08T02:49:09.159Z ::1 GET /api/v2/products/search/suggest?keyword=
2025-06-08T02:49:09.163Z ::1 GET /api/v2/brands?fields=name%20slug%20image
2025-06-08T02:49:09.166Z ::1 GET /api/v2/discounts?fields=name,desc,code,beginDate,endDate,quantity,unlimitedQty,discount,discountType,minimumTotal,maximumApplied,image
2025-06-08T02:49:09.452Z ::1 GET /?fields=name%20slug%20image (304)
2025-06-08T02:49:09.455Z ::1 GET /search/suggest?keyword= (304)
2025-06-08T02:49:09.462Z ::1 GET /?fields=name,desc,code,beginDate,endDate,quantity,unlimitedQty,discount,discountType,minimumTotal,maximumApplied,image (304)
2025-06-08T02:49:10.014Z ::1 GET /?fields=name%20slug%20image (304)
2025-06-08T02:49:10.016Z ::1 GET /api/v2/categories?fields=name%20slug%20image
2025-06-08T02:49:11.208Z ::1 GET /?fields=name%20slug%20image (304)