
2025-05-13T12:50:35.462Z ::1 GET /api/v2/products/search/suggest?keyword=
2025-05-13T12:50:35.477Z ::1 GET /api/v2/categories?fields=name%20slug%20image
2025-05-13T12:50:35.482Z ::1 GET /api/v2/brands?fields=name%20slug%20image
2025-05-13T12:50:35.485Z ::1 GET /api/v2/discounts?fields=name,desc,code,beginDate,endDate,quantity,unlimitedQty,discount,discountType,minimumTotal,maximumApplied,image
2025-05-13T12:50:35.735Z ::1 GET /search/suggest?keyword= (200)
2025-05-13T12:50:35.740Z ::1 GET /?fields=name%20slug%20image (200)
2025-05-13T12:50:35.742Z ::1 GET /?fields=name,desc,code,beginDate,endDate,quantity,unlimitedQty,discount,discountType,minimumTotal,maximumApplied,image (200)
2025-05-13T12:50:35.750Z ::1 GET /api/v2/products?search=&page=1&limit=20&b=&c=
2025-05-13T12:50:36.457Z ::1 GET /?fields=name%20slug%20image (200)
2025-05-13T12:50:36.966Z ::1 GET /api/v2/products/best-seller
2025-05-13T12:50:37.222Z ::1 GET /best-seller (200)
2025-05-13T12:50:37.719Z ::1 GET /?search=&page=1&limit=20&b=&c= (200)
2025-05-13T12:52:12.480Z ::1 POST /api/v2/auth/login
2025-05-13T12:52:13.321Z ::1 POST /login (200)
2025-05-13T12:52:13.547Z ::1 POST /api/v2/cart
2025-05-13T12:52:13.800Z ::1 POST / (200)
2025-05-13T12:52:14.368Z ::1 GET /api/v2/products?search=&b=&c=
2025-05-13T12:52:14.375Z ::1 GET /api/v2/products/all
2025-05-13T12:52:14.382Z ::1 GET /api/v2/brands
2025-05-13T12:52:14.385Z ::1 GET /api/v2/categories
2025-05-13T12:52:14.389Z ::1 GET /api/v2/users/customer
2025-05-13T12:52:14.395Z ::1 GET /api/v2/orders/manager/?search=&status=&paymentStatus=&page=1&limit=100000
2025-05-13T12:52:14.635Z ::1 GET /customer (200)
2025-05-13T12:52:14.866Z ::1 GET / (200)
2025-05-13T12:52:15.119Z ::1 GET /manager/?search=&status=&paymentStatus=&page=1&limit=100000 (200)
2025-05-13T12:52:15.123Z ::1 GET /api/v2/orders/manager/?search=&status=&paymentStatus=&page=1&limit=100000
2025-05-13T12:52:15.346Z ::1 GET / (200)
2025-05-13T12:52:15.846Z ::1 GET /manager/?search=&status=&paymentStatus=&page=1&limit=100000 (304)
2025-05-13T12:52:16.360Z ::1 GET /?search=&b=&c= (200)
2025-05-13T12:52:16.364Z ::1 GET /api/v2/products?search=&b=&c=
2025-05-13T12:52:17.378Z ::1 GET /?search=&b=&c= (304)
2025-05-13T12:52:20.507Z ::1 GET /all (200)
2025-05-13T12:52:20.510Z ::1 GET /api/v2/products/all
2025-05-13T12:52:25.225Z ::1 GET /all (304)
2025-05-13T12:52:25.229Z ::1 GET /api/v2/products/all
2025-05-13T12:52:29.449Z ::1 GET /all (304)
2025-05-13T12:52:29.452Z ::1 GET /api/v2/products/all
2025-05-13T12:52:33.421Z ::1 GET /all (304)
2025-05-13T12:52:33.424Z ::1 GET /api/v2/products/all
2025-05-13T12:52:37.583Z ::1 GET /all (304)
2025-05-13T12:52:37.991Z ::1 GET /api/v2/categories
2025-05-13T12:52:38.950Z ::1 GET / (304)
2025-05-13T12:52:42.424Z ::1 GET /api/v2/orders/manager/?search=&status=&paymentStatus=&page=1&limit=100000
2025-05-13T12:52:43.143Z ::1 GET /manager/?search=&status=&paymentStatus=&page=1&limit=100000 (304)
2025-05-13T12:53:08.305Z ::1 GET /api/v2/products/search/suggest?keyword=
2025-05-13T12:53:08.311Z ::1 GET /api/v2/categories?fields=name%20slug%20image
2025-05-13T12:53:08.315Z ::1 GET /api/v2/brands?fields=name%20slug%20image
2025-05-13T12:53:08.317Z ::1 GET /api/v2/discounts?fields=name,desc,code,beginDate,endDate,quantity,unlimitedQty,discount,discountType,minimumTotal,maximumApplied,image
2025-05-13T12:53:08.545Z ::1 GET /search/suggest?keyword= (304)
2025-05-13T12:53:08.558Z ::1 GET /?fields=name%20slug%20image (304)
2025-05-13T12:53:08.566Z ::1 GET /?fields=name,desc,code,beginDate,endDate,quantity,unlimitedQty,discount,discountType,minimumTotal,maximumApplied,image (304)
2025-05-13T12:53:08.575Z ::1 GET /api/v2/products?search=&page=1&limit=20&b=&c=
2025-05-13T12:53:09.091Z ::1 GET /api/v2/products/best-seller
2025-05-13T12:53:09.295Z ::1 GET /?fields=name%20slug%20image (304)
2025-05-13T12:53:09.350Z ::1 GET /best-seller (200)
2025-05-13T12:53:10.534Z ::1 GET /?search=&page=1&limit=20&b=&c= (200)
2025-05-13T12:53:35.156Z ::1 POST /api/v2/auth/register
2025-05-13T12:53:35.555Z ::1 POST /api/v2/auth/register (200)
2025-05-13T12:53:35.729Z ::1 POST /api/v2/cart
2025-05-13T12:53:35.738Z ::1 POST /api/v2/cart (400)
2025-05-13T12:53:35.743Z ::1 GET /api/v2/products/search/suggest?keyword=
2025-05-13T12:53:35.749Z ::1 GET /api/v2/brands?fields=name%20slug%20image
2025-05-13T12:53:35.753Z ::1 GET /api/v2/categories?fields=name%20slug%20image
2025-05-13T12:53:35.758Z ::1 GET /api/v2/discounts?fields=name,desc,code,beginDate,endDate,quantity,unlimitedQty,discount,discountType,minimumTotal,maximumApplied,image
2025-05-13T12:53:35.991Z ::1 GET /?fields=name%20slug%20image (304)
2025-05-13T12:53:35.994Z ::1 GET /search/suggest?keyword= (304)
2025-05-13T12:53:35.998Z ::1 GET /?fields=name,desc,code,beginDate,endDate,quantity,unlimitedQty,discount,discountType,minimumTotal,maximumApplied,image (304)
2025-05-13T12:53:36.295Z ::1 GET /api/v2/products?search=&page=1&limit=20&b=&c=
2025-05-13T12:53:36.763Z ::1 GET /?fields=name%20slug%20image (304)
2025-05-13T12:53:36.896Z ::1 GET /api/v2/products/best-seller
2025-05-13T12:53:37.162Z ::1 GET /best-seller (304)
2025-05-13T12:53:38.229Z ::1 GET /?search=&page=1&limit=20&b=&c= (304)
2025-05-13T12:53:42.487Z ::1 POST /api/v2/auth/login
2025-05-13T12:53:43.437Z ::1 POST /login (200)
2025-05-13T12:53:43.616Z ::1 POST /api/v2/cart
2025-05-13T12:53:43.624Z ::1 GET /api/v2/products/search/suggest?keyword=
2025-05-13T12:53:43.627Z ::1 GET /api/v2/categories?fields=name%20slug%20image
2025-05-13T12:53:43.630Z ::1 GET /api/v2/brands?fields=name%20slug%20image
2025-05-13T12:53:43.633Z ::1 GET /api/v2/discounts?fields=name,desc,code,beginDate,endDate,quantity,unlimitedQty,discount,discountType,minimumTotal,maximumApplied,image
2025-05-13T12:53:43.797Z ::1 GET /api/v2/products?search=&page=1&limit=20&b=&c=
2025-05-13T12:53:43.860Z ::1 GET /search/suggest?keyword= (304)
2025-05-13T12:53:43.866Z ::1 GET /api/v2/products/best-seller
2025-05-13T12:53:43.870Z ::1 POST / (200)
2025-05-13T12:53:43.873Z ::1 GET /?fields=name%20slug%20image (304)
2025-05-13T12:53:43.879Z ::1 GET /?fields=name,desc,code,beginDate,endDate,quantity,unlimitedQty,discount,discountType,minimumTotal,maximumApplied,image (304)
2025-05-13T12:53:44.118Z ::1 GET /best-seller (304)
2025-05-13T12:53:44.607Z ::1 GET /?fields=name%20slug%20image (304)
2025-05-13T12:53:45.777Z ::1 GET /?search=&page=1&limit=20&b=&c= (304)