
2025-06-22T02:14:31.857Z ::1 GET /api/v2/products/search/suggest?keyword=
2025-06-22T02:14:31.871Z ::1 GET /api/v2/categories?fields=name%20slug%20image
2025-06-22T02:14:31.877Z ::1 GET /api/v2/brands?fields=name%20slug%20image
2025-06-22T02:14:31.880Z ::1 GET /api/v2/discounts?fields=name,desc,code,beginDate,endDate,quantity,unlimitedQty,discount,discountType,minimumTotal,maximumApplied,image
2025-06-22T02:14:32.168Z ::1 GET /search/suggest?keyword= (200)
2025-06-22T02:14:32.180Z ::1 GET /?fields=name%20slug%20image (200)
2025-06-22T02:14:32.186Z ::1 GET /?fields=name,desc,code,beginDate,endDate,quantity,unlimitedQty,discount,discountType,minimumTotal,maximumApplied,image (200)
2025-06-22T02:14:32.705Z ::1 GET /api/v2/products/search/suggest?keyword=
2025-06-22T02:14:32.710Z ::1 GET /api/v2/brands?fields=name%20slug%20image
2025-06-22T02:14:32.713Z ::1 GET /api/v2/discounts?fields=name,desc,code,beginDate,endDate,quantity,unlimitedQty,discount,discountType,minimumTotal,maximumApplied,image
2025-06-22T02:14:32.998Z ::1 GET /?fields=name%20slug%20image (304)
2025-06-22T02:14:33.100Z ::1 GET /?fields=name%20slug%20image (200)
2025-06-22T02:14:33.105Z ::1 GET /api/v2/categories?fields=name%20slug%20image
2025-06-22T02:14:33.348Z ::1 GET /search/suggest?keyword= (304)
2025-06-22T02:14:33.373Z ::1 GET /?fields=name,desc,code,beginDate,endDate,quantity,unlimitedQty,discount,discountType,minimumTotal,maximumApplied,image (304)
2025-06-22T02:14:33.863Z ::1 GET /api/v2/products?search=&page=1&limit=20&b=&c=
2025-06-22T02:14:34.234Z ::1 GET /api/v2/products/best-seller
2025-06-22T02:14:34.294Z ::1 GET /?fields=name%20slug%20image (304)
2025-06-22T02:14:34.443Z ::1 GET /api/v2/products/search/suggest?keyword=
2025-06-22T02:14:34.449Z ::1 GET /api/v2/categories?fields=name%20slug%20image
2025-06-22T02:14:34.456Z ::1 GET /api/v2/brands?fields=name%20slug%20image
2025-06-22T02:14:34.460Z ::1 GET /api/v2/discounts?fields=name,desc,code,beginDate,endDate,quantity,unlimitedQty,discount,discountType,minimumTotal,maximumApplied,image
2025-06-22T02:14:34.545Z ::1 GET /best-seller (200)
2025-06-22T02:14:34.619Z ::1 GET /api/v2/orders?page=1&limit=1000000000
2025-06-22T02:14:34.624Z ::1 GET /?page=1&limit=1000000000 (200)
2025-06-22T02:14:34.739Z ::1 GET /search/suggest?keyword= (304)
2025-06-22T02:14:34.756Z ::1 GET /?fields=name%20slug%20image (304)
2025-06-22T02:14:34.771Z ::1 GET /?fields=name,desc,code,beginDate,endDate,quantity,unlimitedQty,discount,discountType,minimumTotal,maximumApplied,image (304)
2025-06-22T02:14:35.338Z ::1 GET /api/v2/orders?page=1&limit=1000000000
2025-06-22T02:14:35.341Z ::1 GET /?page=1&limit=1000000000 (304)
2025-06-22T02:14:35.591Z ::1 GET /?fields=name%20slug%20image (304)
2025-06-22T02:14:39.543Z ::1 GET /?search=&page=1&limit=20&b=&c= (200)
2025-06-22T02:14:56.305Z ::1 GET /api/v2/products/search/suggest?keyword=
2025-06-22T02:14:56.309Z ::1 GET /api/v2/categories?fields=name%20slug%20image
2025-06-22T02:14:56.312Z ::1 GET /api/v2/brands?fields=name%20slug%20image
2025-06-22T02:14:56.315Z ::1 GET /api/v2/discounts?fields=name,desc,code,beginDate,endDate,quantity,unlimitedQty,discount,discountType,minimumTotal,maximumApplied,image
2025-06-22T02:14:56.409Z ::1 GET /api/v2/orders?page=1&limit=1000000000
2025-06-22T02:14:56.411Z ::1 GET /?page=1&limit=1000000000 (304)
2025-06-22T02:14:56.582Z ::1 GET /search/suggest?keyword= (304)
2025-06-22T02:14:56.607Z ::1 GET /?fields=name%20slug%20image (304)
2025-06-22T02:14:56.611Z ::1 GET /?fields=name,desc,code,beginDate,endDate,quantity,unlimitedQty,discount,discountType,minimumTotal,maximumApplied,image (304)
2025-06-22T02:14:56.692Z ::1 GET /api/v2/products/search/suggest?keyword=
2025-06-22T02:14:56.698Z ::1 GET /api/v2/brands?fields=name%20slug%20image
2025-06-22T02:14:56.703Z ::1 GET /api/v2/discounts?fields=name,desc,code,beginDate,endDate,quantity,unlimitedQty,discount,discountType,minimumTotal,maximumApplied,image
2025-06-22T02:14:56.792Z ::1 GET /api/v2/orders?page=1&limit=1000000000
2025-06-22T02:14:56.794Z ::1 GET /?page=1&limit=1000000000 (304)
2025-06-22T02:14:56.981Z ::1 GET /?fields=name,desc,code,beginDate,endDate,quantity,unlimitedQty,discount,discountType,minimumTotal,maximumApplied,image (304)
2025-06-22T02:14:56.986Z ::1 GET /search/suggest?keyword= (304)
2025-06-22T02:14:56.993Z ::1 GET /?fields=name%20slug%20image (304)
2025-06-22T02:14:57.441Z ::1 GET /?fields=name%20slug%20image (304)
2025-06-22T02:14:57.445Z ::1 GET /api/v2/categories?fields=name%20slug%20image
2025-06-22T02:14:58.579Z ::1 GET /?fields=name%20slug%20image (304)
2025-06-22T02:14:58.966Z ::1 POST /api/v2/auth/login
2025-06-22T02:14:59.256Z ::1 GET /api/v2/products/search/suggest?keyword=
2025-06-22T02:14:59.260Z ::1 GET /api/v2/categories?fields=name%20slug%20image
2025-06-22T02:14:59.264Z ::1 GET /api/v2/brands?fields=name%20slug%20image
2025-06-22T02:14:59.267Z ::1 GET /api/v2/discounts?fields=name,desc,code,beginDate,endDate,quantity,unlimitedQty,discount,discountType,minimumTotal,maximumApplied,image
2025-06-22T02:14:59.328Z ::1 GET /api/v2/orders?page=1&limit=1000000000
2025-06-22T02:14:59.332Z ::1 GET /?page=1&limit=1000000000 (304)
2025-06-22T02:14:59.547Z ::1 GET /?fields=name%20slug%20image (304)
2025-06-22T02:14:59.551Z ::1 GET /search/suggest?keyword= (304)
2025-06-22T02:14:59.559Z ::1 GET /?fields=name,desc,code,beginDate,endDate,quantity,unlimitedQty,discount,discountType,minimumTotal,maximumApplied,image (304)
2025-06-22T02:14:59.575Z ::1 GET /api/v2/products/search/suggest?keyword=
2025-06-22T02:14:59.578Z ::1 GET /api/v2/brands?fields=name%20slug%20image
2025-06-22T02:14:59.581Z ::1 GET /api/v2/discounts?fields=name,desc,code,beginDate,endDate,quantity,unlimitedQty,discount,discountType,minimumTotal,maximumApplied,image
2025-06-22T02:14:59.669Z ::1 GET /api/v2/orders?page=1&limit=1000000000
2025-06-22T02:14:59.672Z ::1 GET /?page=1&limit=1000000000 (304)
2025-06-22T02:14:59.806Z ::1 POST /login (200)
2025-06-22T02:14:59.989Z ::1 GET /api/v2/products/search/suggest?keyword=
2025-06-22T02:14:59.997Z ::1 POST /api/v2/cart
2025-06-22T02:15:00.008Z ::1 GET /api/v2/categories?fields=name%20slug%20image
2025-06-22T02:15:00.013Z ::1 GET /api/v2/brands?fields=name%20slug%20image
2025-06-22T02:15:00.015Z ::1 GET /api/v2/discounts?fields=name,desc,code,beginDate,endDate,quantity,unlimitedQty,discount,discountType,minimumTotal,maximumApplied,image
2025-06-22T02:15:00.192Z ::1 GET /api/v2/products?search=&page=1&limit=20&b=&c=
2025-06-22T02:15:00.282Z ::1 GET /search/suggest?keyword= (200)
2025-06-22T02:15:00.303Z ::1 GET /?fields=name%20slug%20image (200)
2025-06-22T02:15:00.306Z ::1 GET /?fields=name,desc,code,beginDate,endDate,quantity,unlimitedQty,discount,discountType,minimumTotal,maximumApplied,image (200)
2025-06-22T02:15:00.337Z ::1 GET /api/v2/products/best-seller
2025-06-22T02:15:00.603Z ::1 POST / (200)
2025-06-22T02:15:00.635Z ::1 GET /best-seller (304)
2025-06-22T02:15:01.123Z ::1 GET /?fields=name%20slug%20image (200)
2025-06-22T02:15:01.132Z ::1 GET /api/v2/account
2025-06-22T02:15:01.691Z ::1 GET / (200)
2025-06-22T02:15:01.838Z ::1 POST /api/v2/cart
2025-06-22T02:15:01.845Z ::1 GET /api/v2/products/search/suggest?keyword=
2025-06-22T02:15:01.848Z ::1 GET /api/v2/categories?fields=name%20slug%20image
2025-06-22T02:15:01.850Z ::1 GET /api/v2/brands?fields=name%20slug%20image
2025-06-22T02:15:01.853Z ::1 GET /api/v2/discounts?fields=name,desc,code,beginDate,endDate,quantity,unlimitedQty,discount,discountType,minimumTotal,maximumApplied,image
2025-06-22T02:15:02.131Z ::1 GET /search/suggest?keyword= (304)
2025-06-22T02:15:02.134Z ::1 GET /api/v2/account
2025-06-22T02:15:02.138Z ::1 GET /?fields=name,desc,code,beginDate,endDate,quantity,unlimitedQty,discount,discountType,minimumTotal,maximumApplied,image (304)
2025-06-22T02:15:02.144Z ::1 GET /?fields=name%20slug%20image (304)
2025-06-22T02:15:02.146Z ::1 GET /api/v2/orders?page=1&limit=1000000000
2025-06-22T02:15:02.396Z ::1 POST / (200)
2025-06-22T02:15:02.694Z ::1 GET / (304)
2025-06-22T02:15:02.732Z ::1 GET /?page=1&limit=1000000000 (200)
2025-06-22T02:15:02.821Z ::1 GET /api/v2/products/search/suggest?keyword=
2025-06-22T02:15:02.827Z ::1 POST /api/v2/cart
2025-06-22T02:15:02.833Z ::1 GET /api/v2/brands?fields=name%20slug%20image
2025-06-22T02:15:02.837Z ::1 GET /api/v2/discounts?fields=name,desc,code,beginDate,endDate,quantity,unlimitedQty,discount,discountType,minimumTotal,maximumApplied,image
2025-06-22T02:15:03.020Z ::1 GET /?fields=name%20slug%20image (304)
2025-06-22T02:15:03.023Z ::1 GET /api/v2/orders?page=1&limit=1000000000
2025-06-22T02:15:03.116Z ::1 GET /?fields=name%20slug%20image (304)
2025-06-22T02:15:03.120Z ::1 GET /search/suggest?keyword= (304)
2025-06-22T02:15:03.123Z ::1 GET /api/v2/categories?fields=name%20slug%20image
2025-06-22T02:15:03.126Z ::1 GET /?fields=name,desc,code,beginDate,endDate,quantity,unlimitedQty,discount,discountType,minimumTotal,maximumApplied,image (304)
2025-06-22T02:15:03.397Z ::1 POST / (200)
2025-06-22T02:15:03.614Z ::1 GET /?page=1&limit=1000000000 (304)
2025-06-22T02:15:04.299Z ::1 GET /?fields=name%20slug%20image (304)
2025-06-22T02:15:04.958Z ::1 GET /?search=&page=1&limit=20&b=&c= (304)
2025-06-22T02:15:34.155Z ::1 GET /api/v2/account
2025-06-22T02:15:34.463Z ::1 GET /api/v2/products/itel-it9200-4g?fields=_id%20name%20slug%20desc%20video%20overSpecs%20policies%20detailSpecs%20origin%20category%20brand%20tags%20views%20rate%20variants%20quantity%20warrantyPeriod%20isHide%20createdAt%20updatedAt
2025-06-22T02:15:34.738Z ::1 GET / (304)
2025-06-22T02:15:34.740Z ::1 GET /api/v2/account
2025-06-22T02:15:34.891Z ::1 GET /api/v2/products/search/suggest?keyword=
2025-06-22T02:15:34.902Z ::1 POST /api/v2/cart
2025-06-22T02:15:34.907Z ::1 GET /api/v2/categories?fields=name%20slug%20image
2025-06-22T02:15:34.909Z ::1 GET /api/v2/brands?fields=name%20slug%20image
2025-06-22T02:15:34.913Z ::1 GET /api/v2/discounts?fields=name,desc,code,beginDate,endDate,quantity,unlimitedQty,discount,discountType,minimumTotal,maximumApplied,image
2025-06-22T02:15:35.187Z ::1 GET /search/suggest?keyword= (304)
2025-06-22T02:15:35.189Z ::1 GET /?fields=name%20slug%20image (304)
2025-06-22T02:15:35.191Z ::1 GET /api/v2/account
2025-06-22T02:15:35.197Z ::1 GET /api/v2/orders?page=1&limit=1000000000
2025-06-22T02:15:35.203Z ::1 GET /?fields=name,desc,code,beginDate,endDate,quantity,unlimitedQty,discount,discountType,minimumTotal,maximumApplied,image (304)
2025-06-22T02:15:35.464Z ::1 POST / (200)
2025-06-22T02:15:35.744Z ::1 GET / (200)
2025-06-22T02:15:35.780Z ::1 GET /?page=1&limit=1000000000 (304)
2025-06-22T02:15:35.897Z ::1 GET /api/v2/products/search/suggest?keyword=
2025-06-22T02:15:35.903Z ::1 POST /api/v2/cart
2025-06-22T02:15:35.909Z ::1 GET /api/v2/brands?fields=name%20slug%20image
2025-06-22T02:15:35.913Z ::1 GET /api/v2/discounts?fields=name,desc,code,beginDate,endDate,quantity,unlimitedQty,discount,discountType,minimumTotal,maximumApplied,image
2025-06-22T02:15:36.063Z ::1 GET /?fields=name%20slug%20image (304)
2025-06-22T02:15:36.067Z ::1 GET /api/v2/orders?page=1&limit=1000000000
2025-06-22T02:15:36.190Z ::1 GET /search/suggest?keyword= (304)
2025-06-22T02:15:36.197Z ::1 GET /?fields=name%20slug%20image (304)
2025-06-22T02:15:36.201Z ::1 POST /api/v2/user-behavior
2025-06-22T02:15:36.206Z ::1 POST / (200)
2025-06-22T02:15:36.210Z ::1 GET /api/v2/categories?fields=name%20slug%20image
2025-06-22T02:15:36.216Z ::1 GET /?fields=name,desc,code,beginDate,endDate,quantity,unlimitedQty,discount,discountType,minimumTotal,maximumApplied,image (304)
2025-06-22T02:15:36.466Z ::1 POST / (200)
2025-06-22T02:15:36.643Z ::1 GET /?page=1&limit=1000000000 (304)
2025-06-22T02:15:36.878Z ::1 GET /itel-it9200-4g?fields=_id%20name%20slug%20desc%20video%20overSpecs%20policies%20detailSpecs%20origin%20category%20brand%20tags%20views%20rate%20variants%20quantity%20warrantyPeriod%20isHide%20createdAt%20updatedAt (200)
2025-06-22T02:15:37.386Z ::1 GET /?fields=name%20slug%20image (304)
2025-06-22T02:15:39.160Z ::1 POST /api/v2/cart/add
2025-06-22T02:15:39.980Z ::1 GET /api/v2/account
2025-06-22T02:15:40.354Z ::1 POST /add (200)
2025-06-22T02:15:40.564Z ::1 GET / (304)
2025-06-22T02:15:40.567Z ::1 GET /api/v2/account
2025-06-22T02:15:40.726Z ::1 GET /api/v2/products/search/suggest?keyword=
2025-06-22T02:15:40.729Z ::1 POST /api/v2/cart
2025-06-22T02:15:40.733Z ::1 GET /api/v2/categories?fields=name%20slug%20image
2025-06-22T02:15:40.735Z ::1 GET /api/v2/brands?fields=name%20slug%20image
2025-06-22T02:15:40.737Z ::1 GET /api/v2/discounts?fields=name,desc,code,beginDate,endDate,quantity,unlimitedQty,discount,discountType,minimumTotal,maximumApplied,image
2025-06-22T02:15:40.795Z ::1 GET /api/v2/orders?page=1&limit=1000000000
2025-06-22T02:15:41.015Z ::1 GET /?fields=name%20slug%20image (304)
2025-06-22T02:15:41.016Z ::1 GET /api/v2/account
2025-06-22T02:15:41.019Z ::1 GET /search/suggest?keyword= (304)
2025-06-22T02:15:41.028Z ::1 GET /?fields=name,desc,code,beginDate,endDate,quantity,unlimitedQty,discount,discountType,minimumTotal,maximumApplied,image (304)
2025-06-22T02:15:41.291Z ::1 POST / (200)
2025-06-22T02:15:41.378Z ::1 GET /?page=1&limit=1000000000 (304)
2025-06-22T02:15:41.573Z ::1 GET / (200)
2025-06-22T02:15:41.715Z ::1 GET /api/v2/products/search/suggest?keyword=
2025-06-22T02:15:41.720Z ::1 POST /api/v2/cart
2025-06-22T02:15:41.726Z ::1 GET /api/v2/brands?fields=name%20slug%20image
2025-06-22T02:15:41.731Z ::1 GET /api/v2/discounts?fields=name,desc,code,beginDate,endDate,quantity,unlimitedQty,discount,discountType,minimumTotal,maximumApplied,image
2025-06-22T02:15:41.793Z ::1 GET /api/v2/orders?page=1&limit=1000000000
2025-06-22T02:15:41.886Z ::1 GET /?fields=name%20slug%20image (304)
2025-06-22T02:15:41.889Z ::1 GET /api/v2/categories?fields=name%20slug%20image
2025-06-22T02:15:41.994Z ::1 GET /search/suggest?keyword= (304)
2025-06-22T02:15:42.013Z ::1 GET /?fields=name%20slug%20image (304)
2025-06-22T02:15:42.025Z ::1 GET /?fields=name,desc,code,beginDate,endDate,quantity,unlimitedQty,discount,discountType,minimumTotal,maximumApplied,image (304)
2025-06-22T02:15:42.312Z ::1 POST / (200)
2025-06-22T02:15:42.374Z ::1 GET /?page=1&limit=1000000000 (304)
2025-06-22T02:15:42.814Z ::1 GET /api/v2/account/addresses
2025-06-22T02:15:43.044Z ::1 GET /?fields=name%20slug%20image (304)
2025-06-22T02:15:43.395Z ::1 GET /addresses (200)
2025-06-22T02:15:45.814Z ::1 POST /api/v2/user-behavior
2025-06-22T02:15:45.818Z ::1 POST / (200)
2025-06-22T02:15:48.272Z ::1 POST /api/v2/payment/momo/callback
2025-06-22T02:15:48.454Z ::1 POST /momo/callback (200)
2025-06-22T02:22:20.287Z ::1 POST /api/v2/cart
2025-06-22T02:22:20.861Z ::1 POST / (200)
2025-06-22T02:22:21.247Z ::1 POST /api/v2/cart
2025-06-22T02:22:21.820Z ::1 POST / (200)
2025-06-22T02:22:21.868Z ::1 POST /api/v2/cart
2025-06-22T02:22:22.442Z ::1 POST / (200)
2025-06-22T02:25:16.398Z ::1 GET /api/v2/account
2025-06-22T02:25:16.967Z ::1 GET / (304)
2025-06-22T02:25:16.969Z ::1 GET /api/v2/account
2025-06-22T02:25:17.357Z ::1 GET /api/v2/products/search/suggest?keyword=
2025-06-22T02:25:17.361Z ::1 GET /api/v2/categories?fields=name%20slug%20image
2025-06-22T02:25:17.367Z ::1 POST /api/v2/cart
2025-06-22T02:25:17.372Z ::1 GET /api/v2/brands?fields=name%20slug%20image
2025-06-22T02:25:17.376Z ::1 GET /api/v2/discounts?fields=name,desc,code,beginDate,endDate,quantity,unlimitedQty,discount,discountType,minimumTotal,maximumApplied,image
2025-06-22T02:25:17.653Z ::1 GET /?fields=name%20slug%20image (304)
2025-06-22T02:25:17.656Z ::1 GET /search/suggest?keyword= (304)
2025-06-22T02:25:17.663Z ::1 GET /?fields=name,desc,code,beginDate,endDate,quantity,unlimitedQty,discount,discountType,minimumTotal,maximumApplied,image (304)
2025-06-22T02:25:17.953Z ::1 POST / (200)
2025-06-22T02:25:18.363Z ::1 GET /api/v2/account
2025-06-22T02:25:18.539Z ::1 GET /?fields=name%20slug%20image (304)
2025-06-22T02:25:18.957Z ::1 GET / (200)
2025-06-22T02:25:18.959Z ::1 GET /api/v2/account
2025-06-22T02:25:19.176Z ::1 POST /api/v2/cart
2025-06-22T02:25:19.181Z ::1 GET /api/v2/products/search/suggest?keyword=
2025-06-22T02:25:19.186Z ::1 GET /api/v2/categories?fields=name%20slug%20image
2025-06-22T02:25:19.190Z ::1 GET /api/v2/brands?fields=name%20slug%20image
2025-06-22T02:25:19.193Z ::1 GET /api/v2/discounts?fields=name,desc,code,beginDate,endDate,quantity,unlimitedQty,discount,discountType,minimumTotal,maximumApplied,image
2025-06-22T02:25:19.465Z ::1 GET /search/suggest?keyword= (304)
2025-06-22T02:25:19.469Z ::1 GET /?fields=name%20slug%20image (304)
2025-06-22T02:25:19.478Z ::1 GET /?fields=name,desc,code,beginDate,endDate,quantity,unlimitedQty,discount,discountType,minimumTotal,maximumApplied,image (304)
2025-06-22T02:25:19.632Z ::1 GET /api/v2/account
2025-06-22T02:25:19.680Z ::1 GET /api/v2/orders?page=1&limit=1000000000
2025-06-22T02:25:19.760Z ::1 POST / (200)
2025-06-22T02:25:20.216Z ::1 GET / (200)
2025-06-22T02:25:20.251Z ::1 GET /?page=1&limit=1000000000 (304)
2025-06-22T02:25:20.363Z ::1 GET /?fields=name%20slug%20image (304)
2025-06-22T02:25:20.380Z ::1 POST /api/v2/cart
2025-06-22T02:25:20.390Z ::1 GET /api/v2/products/search/suggest?keyword=
2025-06-22T02:25:20.394Z ::1 GET /api/v2/categories?fields=name%20slug%20image
2025-06-22T02:25:20.399Z ::1 GET /api/v2/brands?fields=name%20slug%20image
2025-06-22T02:25:20.403Z ::1 GET /api/v2/discounts?fields=name,desc,code,beginDate,endDate,quantity,unlimitedQty,discount,discountType,minimumTotal,maximumApplied,image
2025-06-22T02:25:20.486Z ::1 GET /api/v2/orders?page=1&limit=1000000000
2025-06-22T02:25:20.676Z ::1 GET /search/suggest?keyword= (304)
2025-06-22T02:25:20.682Z ::1 GET /?fields=name,desc,code,beginDate,endDate,quantity,unlimitedQty,discount,discountType,minimumTotal,maximumApplied,image (304)
2025-06-22T02:25:20.694Z ::1 GET /?fields=name%20slug%20image (304)
2025-06-22T02:25:20.973Z ::1 POST / (200)
2025-06-22T02:25:21.052Z ::1 GET /?page=1&limit=1000000000 (304)
2025-06-22T02:25:21.570Z ::1 GET /?fields=name%20slug%20image (304)
2025-06-22T02:25:23.571Z ::1 GET /api/v2/account
2025-06-22T02:25:24.152Z ::1 GET / (304)
2025-06-22T02:25:24.154Z ::1 GET /api/v2/account
2025-06-22T02:25:24.305Z ::1 GET /api/v2/products/search/suggest?keyword=
2025-06-22T02:25:24.309Z ::1 GET /api/v2/categories?fields=name%20slug%20image
2025-06-22T02:25:24.311Z ::1 GET /api/v2/brands?fields=name%20slug%20image
2025-06-22T02:25:24.314Z ::1 POST /api/v2/cart
2025-06-22T02:25:24.318Z ::1 GET /api/v2/discounts?fields=name,desc,code,beginDate,endDate,quantity,unlimitedQty,discount,discountType,minimumTotal,maximumApplied,image
2025-06-22T02:25:24.588Z ::1 GET /search/suggest?keyword= (304)
2025-06-22T02:25:24.603Z ::1 GET /?fields=name,desc,code,beginDate,endDate,quantity,unlimitedQty,discount,discountType,minimumTotal,maximumApplied,image (304)
2025-06-22T02:25:24.610Z ::1 GET /?fields=name%20slug%20image (304)
2025-06-22T02:25:24.865Z ::1 POST / (200)
2025-06-22T02:25:25.482Z ::1 GET /?fields=name%20slug%20image (304)
2025-06-22T02:25:26.229Z ::1 GET /api/v2/account
2025-06-22T02:25:26.812Z ::1 GET / (200)
2025-06-22T02:25:27.488Z ::1 GET /api/v2/account/addresses
2025-06-22T02:25:27.726Z ::1 POST /api/v2/cart
2025-06-22T02:25:27.732Z ::1 GET /api/v2/products/search/suggest?keyword=
2025-06-22T02:25:27.737Z ::1 GET /api/v2/categories?fields=name%20slug%20image
2025-06-22T02:25:27.740Z ::1 GET /api/v2/brands?fields=name%20slug%20image
2025-06-22T02:25:27.743Z ::1 GET /api/v2/discounts?fields=name,desc,code,beginDate,endDate,quantity,unlimitedQty,discount,discountType,minimumTotal,maximumApplied,image
2025-06-22T02:25:28.027Z ::1 GET /?fields=name,desc,code,beginDate,endDate,quantity,unlimitedQty,discount,discountType,minimumTotal,maximumApplied,image (304)
2025-06-22T02:25:28.032Z ::1 GET /?fields=name%20slug%20image (304)
2025-06-22T02:25:28.034Z ::1 GET /search/suggest?keyword= (304)
2025-06-22T02:25:28.078Z ::1 GET /addresses (304)
2025-06-22T02:25:28.276Z ::1 POST / (200)
2025-06-22T02:25:28.909Z ::1 GET /?fields=name%20slug%20image (304)
2025-06-22T02:25:29.012Z ::1 GET /api/v2/orders?page=1&limit=1000000000
2025-06-22T02:25:29.560Z ::1 GET /api/v2/account
2025-06-22T02:25:29.592Z ::1 GET /?page=1&limit=1000000000 (304)
2025-06-22T02:25:30.112Z ::1 GET / (304)
2025-06-22T02:25:30.288Z ::1 GET /api/v2/products/search/suggest?keyword=
2025-06-22T02:25:30.292Z ::1 POST /api/v2/cart
2025-06-22T02:25:30.295Z ::1 GET /api/v2/categories?fields=name%20slug%20image
2025-06-22T02:25:30.298Z ::1 GET /api/v2/brands?fields=name%20slug%20image
2025-06-22T02:25:30.302Z ::1 GET /api/v2/discounts?fields=name,desc,code,beginDate,endDate,quantity,unlimitedQty,discount,discountType,minimumTotal,maximumApplied,image
2025-06-22T02:25:30.521Z ::1 GET /api/v2/orders?page=1&limit=1000000000
2025-06-22T02:25:30.563Z ::1 GET /search/suggest?keyword= (304)
2025-06-22T02:25:30.590Z ::1 GET /?fields=name,desc,code,beginDate,endDate,quantity,unlimitedQty,discount,discountType,minimumTotal,maximumApplied,image (304)
2025-06-22T02:25:30.597Z ::1 GET /?fields=name%20slug%20image (304)
2025-06-22T02:25:30.871Z ::1 POST / (200)
2025-06-22T02:25:31.085Z ::1 GET /?page=1&limit=1000000000 (304)
2025-06-22T02:25:31.469Z ::1 GET /?fields=name%20slug%20image (304)
2025-06-22T02:53:53.127Z ::1 GET /api/v2/account
2025-06-22T02:53:53.699Z ::1 GET / (304)
2025-06-22T02:53:53.701Z ::1 GET /api/v2/account
2025-06-22T02:53:53.904Z ::1 POST /api/v2/cart
2025-06-22T02:53:53.912Z ::1 GET /api/v2/products/search/suggest?keyword=
2025-06-22T02:53:53.916Z ::1 GET /api/v2/categories?fields=name%20slug%20image
2025-06-22T02:53:53.921Z ::1 GET /api/v2/brands?fields=name%20slug%20image
2025-06-22T02:53:53.925Z ::1 GET /api/v2/discounts?fields=name,desc,code,beginDate,endDate,quantity,unlimitedQty,discount,discountType,minimumTotal,maximumApplied,image
2025-06-22T02:53:54.129Z ::1 GET /api/v2/account
2025-06-22T02:53:54.208Z ::1 GET /search/suggest?keyword= (304)
2025-06-22T02:53:54.216Z ::1 GET /?fields=name%20slug%20image (304)
2025-06-22T02:53:54.218Z ::1 GET /?fields=name,desc,code,beginDate,endDate,quantity,unlimitedQty,discount,discountType,minimumTotal,maximumApplied,image (304)
2025-06-22T02:53:54.225Z ::1 GET /api/v2/orders?page=1&limit=1000000000
2025-06-22T02:53:54.462Z ::1 POST / (200)
2025-06-22T02:53:54.700Z ::1 GET / (200)
2025-06-22T02:53:54.800Z ::1 GET /?page=1&limit=1000000000 (304)
2025-06-22T02:53:54.864Z ::1 POST /api/v2/cart
2025-06-22T02:53:54.868Z ::1 GET /api/v2/products/search/suggest?keyword=
2025-06-22T02:53:54.870Z ::1 GET /api/v2/brands?fields=name%20slug%20image
2025-06-22T02:53:54.874Z ::1 GET /api/v2/discounts?fields=name,desc,code,beginDate,endDate,quantity,unlimitedQty,discount,discountType,minimumTotal,maximumApplied,image
2025-06-22T02:53:54.974Z ::1 GET /api/v2/orders?page=1&limit=1000000000
2025-06-22T02:53:55.113Z ::1 GET /?fields=name%20slug%20image (304)
2025-06-22T02:53:55.118Z ::1 GET /api/v2/categories?fields=name%20slug%20image
2025-06-22T02:53:55.148Z ::1 GET /?fields=name%20slug%20image (304)
2025-06-22T02:53:55.154Z ::1 GET /search/suggest?keyword= (304)
2025-06-22T02:53:55.160Z ::1 GET /?fields=name,desc,code,beginDate,endDate,quantity,unlimitedQty,discount,discountType,minimumTotal,maximumApplied,image (304)
2025-06-22T02:53:55.440Z ::1 POST / (200)
2025-06-22T02:53:55.550Z ::1 GET /?page=1&limit=1000000000 (304)
2025-06-22T02:53:56.314Z ::1 GET /?fields=name%20slug%20image (304)
2025-06-22T03:08:06.348Z ::1 GET /api/v2/account
2025-06-22T03:08:06.924Z ::1 GET / (304)
2025-06-22T03:08:06.926Z ::1 GET /api/v2/account
2025-06-22T03:08:07.467Z ::1 GET /api/v2/products/search/suggest?keyword=
2025-06-22T03:08:07.474Z ::1 POST /api/v2/cart
2025-06-22T03:08:07.480Z ::1 GET /api/v2/categories?fields=name%20slug%20image
2025-06-22T03:08:07.485Z ::1 GET /api/v2/brands?fields=name%20slug%20image
2025-06-22T03:08:07.489Z ::1 GET /api/v2/discounts?fields=name,desc,code,beginDate,endDate,quantity,unlimitedQty,discount,discountType,minimumTotal,maximumApplied,image
2025-06-22T03:08:07.781Z ::1 GET /search/suggest?keyword= (304)
2025-06-22T03:08:07.788Z ::1 GET /?fields=name,desc,code,beginDate,endDate,quantity,unlimitedQty,discount,discountType,minimumTotal,maximumApplied,image (304)
2025-06-22T03:08:07.792Z ::1 GET /?fields=name%20slug%20image (304)
2025-06-22T03:08:07.917Z ::1 GET /api/v2/account
2025-06-22T03:08:08.051Z ::1 POST / (200)
2025-06-22T03:08:08.485Z ::1 GET / (200)
2025-06-22T03:08:08.658Z ::1 POST /api/v2/cart
2025-06-22T03:08:08.663Z ::1 GET /api/v2/products/search/suggest?keyword=
2025-06-22T03:08:08.668Z ::1 GET /api/v2/brands?fields=name%20slug%20image
2025-06-22T03:08:08.671Z ::1 GET /api/v2/discounts?fields=name,desc,code,beginDate,endDate,quantity,unlimitedQty,discount,discountType,minimumTotal,maximumApplied,image
2025-06-22T03:08:08.680Z ::1 GET /?fields=name%20slug%20image (304)
2025-06-22T03:08:08.683Z ::1 GET /api/v2/categories?fields=name%20slug%20image
2025-06-22T03:08:08.937Z ::1 GET /search/suggest?keyword= (304)
2025-06-22T03:08:08.944Z ::1 GET /?fields=name%20slug%20image (304)
2025-06-22T03:08:08.950Z ::1 GET /api/v2/orders?page=1&limit=1000000000
2025-06-22T03:08:08.952Z ::1 GET /api/v2/account
2025-06-22T03:08:08.956Z ::1 GET /?fields=name,desc,code,beginDate,endDate,quantity,unlimitedQty,discount,discountType,minimumTotal,maximumApplied,image (304)
2025-06-22T03:08:09.231Z ::1 POST / (200)
2025-06-22T03:08:09.488Z ::1 GET /?page=1&limit=1000000000 (304)
2025-06-22T03:08:09.496Z ::1 GET / (304)
2025-06-22T03:08:09.620Z ::1 POST /api/v2/cart
2025-06-22T03:08:09.623Z ::1 GET /api/v2/products/search/suggest?keyword=
2025-06-22T03:08:09.626Z ::1 GET /api/v2/brands?fields=name%20slug%20image
2025-06-22T03:08:09.628Z ::1 GET /api/v2/discounts?fields=name,desc,code,beginDate,endDate,quantity,unlimitedQty,discount,discountType,minimumTotal,maximumApplied,image
2025-06-22T03:08:09.727Z ::1 GET /api/v2/orders?page=1&limit=1000000000
2025-06-22T03:08:09.857Z ::1 GET /?fields=name%20slug%20image (304)
2025-06-22T03:08:09.859Z ::1 GET /api/v2/categories?fields=name%20slug%20image
2025-06-22T03:08:09.892Z ::1 GET /search/suggest?keyword= (304)
2025-06-22T03:08:09.913Z ::1 GET /?fields=name,desc,code,beginDate,endDate,quantity,unlimitedQty,discount,discountType,minimumTotal,maximumApplied,image (304)
2025-06-22T03:08:09.918Z ::1 GET /?fields=name%20slug%20image (304)
2025-06-22T03:08:10.027Z ::1 GET /api/v2/account/addresses
2025-06-22T03:08:10.168Z ::1 POST / (200)
2025-06-22T03:08:10.301Z ::1 GET /?page=1&limit=1000000000 (304)
2025-06-22T03:08:10.608Z ::1 GET /addresses (304)
2025-06-22T03:08:11.033Z ::1 GET /?fields=name%20slug%20image (304)
2025-06-22T03:08:13.183Z ::1 POST /api/v2/payment/momo/callback
2025-06-22T03:08:13.540Z ::1 POST /momo/callback (200)
2025-06-22T03:10:42.162Z ::1 GET /api/v2/account
2025-06-22T03:10:42.741Z ::1 GET / (304)
2025-06-22T03:10:42.743Z ::1 GET /api/v2/account
2025-06-22T03:10:42.985Z ::1 GET /api/v2/products/search/suggest?keyword=
2025-06-22T03:10:42.989Z ::1 POST /api/v2/cart
2025-06-22T03:10:42.992Z ::1 GET /api/v2/categories?fields=name%20slug%20image
2025-06-22T03:10:42.994Z ::1 GET /api/v2/brands?fields=name%20slug%20image
2025-06-22T03:10:42.996Z ::1 GET /api/v2/discounts?fields=name,desc,code,beginDate,endDate,quantity,unlimitedQty,discount,discountType,minimumTotal,maximumApplied,image
2025-06-22T03:10:43.186Z ::1 GET /api/v2/products?search=&page=1&limit=20&b=&c=
2025-06-22T03:10:43.274Z ::1 GET /?fields=name,desc,code,beginDate,endDate,quantity,unlimitedQty,discount,discountType,minimumTotal,maximumApplied,image (304)
2025-06-22T03:10:43.282Z ::1 GET /search/suggest?keyword= (304)
2025-06-22T03:10:43.287Z ::1 GET /?fields=name%20slug%20image (304)
2025-06-22T03:10:43.570Z ::1 POST / (200)
2025-06-22T03:10:43.863Z ::1 GET /api/v2/account
2025-06-22T03:10:43.884Z ::1 GET /api/v2/products/best-seller
2025-06-22T03:10:44.096Z ::1 GET /?fields=name%20slug%20image (304)
2025-06-22T03:10:44.193Z ::1 GET /best-seller (304)
2025-06-22T03:10:44.434Z ::1 GET / (200)
2025-06-22T03:10:44.437Z ::1 GET /api/v2/account
2025-06-22T03:10:44.616Z ::1 GET /api/v2/products/search/suggest?keyword=
2025-06-22T03:10:44.619Z ::1 POST /api/v2/cart
2025-06-22T03:10:44.624Z ::1 GET /api/v2/categories?fields=name%20slug%20image
2025-06-22T03:10:44.627Z ::1 GET /api/v2/brands?fields=name%20slug%20image
2025-06-22T03:10:44.629Z ::1 GET /api/v2/discounts?fields=name,desc,code,beginDate,endDate,quantity,unlimitedQty,discount,discountType,minimumTotal,maximumApplied,image
2025-06-22T03:10:44.900Z ::1 GET /?fields=name,desc,code,beginDate,endDate,quantity,unlimitedQty,discount,discountType,minimumTotal,maximumApplied,image (304)
2025-06-22T03:10:44.905Z ::1 GET /search/suggest?keyword= (304)
2025-06-22T03:10:44.913Z ::1 GET /?fields=name%20slug%20image (304)
2025-06-22T03:10:45.121Z ::1 GET /api/v2/account
2025-06-22T03:10:45.694Z ::1 GET / (200)
2025-06-22T03:10:45.697Z ::1 GET /api/v2/account
2025-06-22T03:10:45.855Z ::1 GET /api/v2/products/search/suggest?keyword=
2025-06-22T03:10:45.860Z ::1 GET /api/v2/categories?fields=name%20slug%20image
2025-06-22T03:10:45.864Z ::1 POST /api/v2/cart
2025-06-22T03:10:45.867Z ::1 GET /api/v2/brands?fields=name%20slug%20image
2025-06-22T03:10:45.869Z ::1 GET /api/v2/discounts?fields=name,desc,code,beginDate,endDate,quantity,unlimitedQty,discount,discountType,minimumTotal,maximumApplied,image
2025-06-22T03:10:46.093Z ::1 GET /api/v2/orders?page=1&status=&paymentStatus=&limit=1000000000
2025-06-22T03:10:46.138Z ::1 GET /?fields=name,desc,code,beginDate,endDate,quantity,unlimitedQty,discount,discountType,minimumTotal,maximumApplied,image (304)
2025-06-22T03:10:46.144Z ::1 GET /search/suggest?keyword= (304)
2025-06-22T03:10:46.161Z ::1 GET /?fields=name%20slug%20image (200)
2025-06-22T03:10:46.228Z ::1 GET /api/v2/account
2025-06-22T03:10:46.432Z ::1 POST / (200)
2025-06-22T03:10:46.805Z ::1 GET / (200)
2025-06-22T03:10:46.809Z ::1 GET /api/v2/account
2025-06-22T03:10:46.962Z ::1 GET /?fields=name%20slug%20image (200)
2025-06-22T03:10:46.964Z ::1 POST /api/v2/cart
2025-06-22T03:10:46.968Z ::1 GET /api/v2/products/search/suggest?keyword=
2025-06-22T03:10:46.970Z ::1 GET /api/v2/brands?fields=name%20slug%20image
2025-06-22T03:10:46.973Z ::1 GET /api/v2/discounts?fields=name,desc,code,beginDate,endDate,quantity,unlimitedQty,discount,discountType,minimumTotal,maximumApplied,image
2025-06-22T03:10:46.976Z ::1 GET /api/v2/categories?fields=name%20slug%20image
2025-06-22T03:10:47.250Z ::1 GET /search/suggest?keyword= (304)
2025-06-22T03:10:47.257Z ::1 GET /?fields=name,desc,code,beginDate,endDate,quantity,unlimitedQty,discount,discountType,minimumTotal,maximumApplied,image (304)
2025-06-22T03:10:47.260Z ::1 GET /?fields=name%20slug%20image (304)
2025-06-22T03:10:47.262Z ::1 GET /api/v2/orders?page=1&limit=1000000000
2025-06-22T03:10:47.266Z ::1 GET /api/v2/account
2025-06-22T03:10:47.515Z ::1 POST / (200)
2025-06-22T03:10:47.831Z ::1 GET /?page=1&limit=1000000000 (304)
2025-06-22T03:10:47.834Z ::1 GET / (200)
2025-06-22T03:10:47.965Z ::1 POST /api/v2/cart
2025-06-22T03:10:47.971Z ::1 GET /api/v2/products/search/suggest?keyword=
2025-06-22T03:10:47.975Z ::1 GET /api/v2/brands?fields=name%20slug%20image
2025-06-22T03:10:47.982Z ::1 GET /api/v2/discounts?fields=name,desc,code,beginDate,endDate,quantity,unlimitedQty,discount,discountType,minimumTotal,maximumApplied,image
2025-06-22T03:10:48.109Z ::1 GET /?page=1&status=&paymentStatus=&limit=1000000000 (200)
2025-06-22T03:10:48.113Z ::1 GET /api/v2/orders?page=1&limit=1000000000
2025-06-22T03:10:48.123Z ::1 GET /?fields=name%20slug%20image (304)
2025-06-22T03:10:48.125Z ::1 GET /api/v2/categories?fields=name%20slug%20image
2025-06-22T03:10:48.257Z ::1 GET /?fields=name%20slug%20image (304)
2025-06-22T03:10:48.260Z ::1 GET /search/suggest?keyword= (304)
2025-06-22T03:10:48.273Z ::1 GET /?fields=name,desc,code,beginDate,endDate,quantity,unlimitedQty,discount,discountType,minimumTotal,maximumApplied,image (304)
2025-06-22T03:10:48.537Z ::1 POST / (200)
2025-06-22T03:10:48.678Z ::1 GET /?page=1&limit=1000000000 (304)
2025-06-22T03:10:49.273Z ::1 GET /?fields=name%20slug%20image (304)
2025-06-22T03:17:52.978Z ::1 GET /api/v2/account
2025-06-22T03:17:53.567Z ::1 GET / (304)
2025-06-22T03:17:53.570Z ::1 GET /api/v2/account
2025-06-22T03:17:53.754Z ::1 POST /api/v2/cart
2025-06-22T03:17:53.980Z ::1 GET /api/v2/products/search/suggest?keyword=
2025-06-22T03:17:53.986Z ::1 GET /api/v2/categories?fields=name%20slug%20image
2025-06-22T03:17:53.991Z ::1 GET /api/v2/brands?fields=name%20slug%20image
2025-06-22T03:17:53.994Z ::1 GET /api/v2/discounts?fields=name,desc,code,beginDate,endDate,quantity,unlimitedQty,discount,discountType,minimumTotal,maximumApplied,image
2025-06-22T03:17:54.001Z ::1 GET /api/v2/products?search=&page=1&limit=20&b=&c=
2025-06-22T03:17:54.278Z ::1 GET /search/suggest?keyword= (304)
2025-06-22T03:17:54.287Z ::1 GET /?fields=name%20slug%20image (304)
2025-06-22T03:17:54.290Z ::1 GET /?fields=name,desc,code,beginDate,endDate,quantity,unlimitedQty,discount,discountType,minimumTotal,maximumApplied,image (304)
2025-06-22T03:17:54.292Z ::1 GET /api/v2/account
2025-06-22T03:17:54.298Z ::1 GET /api/v2/products/best-seller
2025-06-22T03:17:54.566Z ::1 POST / (200)
2025-06-22T03:17:54.620Z ::1 GET /best-seller (304)
2025-06-22T03:17:54.873Z ::1 GET / (200)
2025-06-22T03:17:55.122Z ::1 GET /?fields=name%20slug%20image (304)
2025-06-22T03:17:55.150Z ::1 GET /api/v2/account
2025-06-22T03:17:55.638Z ::1 POST /api/v2/cart
2025-06-22T03:17:55.643Z ::1 GET /api/v2/products/search/suggest?keyword=
2025-06-22T03:17:55.647Z ::1 GET /api/v2/categories?fields=name%20slug%20image
2025-06-22T03:17:55.651Z ::1 GET /api/v2/brands?fields=name%20slug%20image
2025-06-22T03:17:55.656Z ::1 GET /api/v2/discounts?fields=name,desc,code,beginDate,endDate,quantity,unlimitedQty,discount,discountType,minimumTotal,maximumApplied,image
2025-06-22T03:17:55.933Z ::1 GET /search/suggest?keyword= (304)
2025-06-22T03:17:55.940Z ::1 GET /api/v2/account
2025-06-22T03:17:55.945Z ::1 GET /?fields=name%20slug%20image (304)
2025-06-22T03:17:55.949Z ::1 GET /?fields=name,desc,code,beginDate,endDate,quantity,unlimitedQty,discount,discountType,minimumTotal,maximumApplied,image (304)
2025-06-22T03:17:55.983Z ::1 GET /api/v2/orders?page=1&limit=1000000000
2025-06-22T03:17:56.206Z ::1 POST / (200)
2025-06-22T03:17:56.517Z ::1 GET / (200)
2025-06-22T03:17:56.556Z ::1 GET /?page=1&limit=1000000000 (304)
2025-06-22T03:17:56.635Z ::1 POST /api/v2/cart
2025-06-22T03:17:56.640Z ::1 GET /api/v2/products/search/suggest?keyword=
2025-06-22T03:17:56.643Z ::1 GET /api/v2/brands?fields=name%20slug%20image
2025-06-22T03:17:56.646Z ::1 GET /api/v2/discounts?fields=name,desc,code,beginDate,endDate,quantity,unlimitedQty,discount,discountType,minimumTotal,maximumApplied,image
2025-06-22T03:17:56.824Z ::1 GET /?fields=name%20slug%20image (304)
2025-06-22T03:17:56.826Z ::1 GET /api/v2/orders?page=1&limit=1000000000
2025-06-22T03:17:56.930Z ::1 GET /?fields=name%20slug%20image (304)
2025-06-22T03:17:56.932Z ::1 GET /search/suggest?keyword= (304)
2025-06-22T03:17:56.938Z ::1 GET /?fields=name,desc,code,beginDate,endDate,quantity,unlimitedQty,discount,discountType,minimumTotal,maximumApplied,image (304)
2025-06-22T03:17:56.941Z ::1 GET /api/v2/categories?fields=name%20slug%20image
2025-06-22T03:17:57.208Z ::1 POST / (200)
2025-06-22T03:17:57.425Z ::1 GET /?page=1&limit=1000000000 (304)
2025-06-22T03:17:58.092Z ::1 GET /?fields=name%20slug%20image (304)
2025-06-22T03:17:58.156Z ::1 GET /?search=&page=1&limit=20&b=&c= (200)
2025-06-22T03:17:59.403Z ::1 GET /api/v2/account
2025-06-22T03:17:59.987Z ::1 GET / (304)
2025-06-22T03:17:59.991Z ::1 GET /api/v2/account
2025-06-22T03:18:00.144Z ::1 GET /api/v2/products/search/suggest?keyword=
2025-06-22T03:18:00.147Z ::1 GET /api/v2/categories?fields=name%20slug%20image
2025-06-22T03:18:00.153Z ::1 POST /api/v2/cart
2025-06-22T03:18:00.157Z ::1 GET /api/v2/brands?fields=name%20slug%20image
2025-06-22T03:18:00.160Z ::1 GET /api/v2/discounts?fields=name,desc,code,beginDate,endDate,quantity,unlimitedQty,discount,discountType,minimumTotal,maximumApplied,image
2025-06-22T03:18:00.439Z ::1 GET /search/suggest?keyword= (304)
2025-06-22T03:18:00.445Z ::1 GET /?fields=name,desc,code,beginDate,endDate,quantity,unlimitedQty,discount,discountType,minimumTotal,maximumApplied,image (304)
2025-06-22T03:18:00.452Z ::1 GET /?fields=name%20slug%20image (304)
2025-06-22T03:18:00.657Z ::1 GET /api/v2/account
2025-06-22T03:18:00.729Z ::1 POST / (200)
2025-06-22T03:18:01.244Z ::1 GET / (200)
2025-06-22T03:18:01.248Z ::1 GET /api/v2/account
2025-06-22T03:18:01.297Z ::1 GET /?fields=name%20slug%20image (304)
2025-06-22T03:18:01.388Z ::1 GET /api/v2/products/search/suggest?keyword=
2025-06-22T03:18:01.394Z ::1 GET /api/v2/categories?fields=name%20slug%20image
2025-06-22T03:18:01.398Z ::1 GET /api/v2/brands?fields=name%20slug%20image
2025-06-22T03:18:01.402Z ::1 POST /api/v2/cart
2025-06-22T03:18:01.406Z ::1 GET /api/v2/discounts?fields=name,desc,code,beginDate,endDate,quantity,unlimitedQty,discount,discountType,minimumTotal,maximumApplied,image
2025-06-22T03:18:01.506Z ::1 GET /api/v2/orders?page=1&limit=1000000000
2025-06-22T03:18:01.674Z ::1 GET /search/suggest?keyword= (304)
2025-06-22T03:18:01.677Z ::1 GET /api/v2/account
2025-06-22T03:18:01.691Z ::1 GET /?fields=name%20slug%20image (304)
2025-06-22T03:18:01.696Z ::1 GET /?fields=name,desc,code,beginDate,endDate,quantity,unlimitedQty,discount,discountType,minimumTotal,maximumApplied,image (304)
2025-06-22T03:18:01.915Z ::1 GET /api/v2/account/addresses
2025-06-22T03:18:01.973Z ::1 POST / (200)
2025-06-22T03:18:02.063Z ::1 GET /?page=1&limit=1000000000 (304)
2025-06-22T03:18:02.250Z ::1 GET / (200)
2025-06-22T03:18:02.402Z ::1 GET /api/v2/products/search/suggest?keyword=
2025-06-22T03:18:02.408Z ::1 POST /api/v2/cart
2025-06-22T03:18:02.416Z ::1 GET /api/v2/brands?fields=name%20slug%20image
2025-06-22T03:18:02.420Z ::1 GET /api/v2/discounts?fields=name,desc,code,beginDate,endDate,quantity,unlimitedQty,discount,discountType,minimumTotal,maximumApplied,image
2025-06-22T03:18:02.501Z ::1 GET /addresses (304)
2025-06-22T03:18:02.503Z ::1 GET /api/v2/orders?page=1&limit=1000000000
2025-06-22T03:18:02.548Z ::1 GET /?fields=name%20slug%20image (304)
2025-06-22T03:18:02.549Z ::1 GET /api/v2/categories?fields=name%20slug%20image
2025-06-22T03:18:02.693Z ::1 GET /search/suggest?keyword= (304)
2025-06-22T03:18:02.706Z ::1 GET /?fields=name%20slug%20image (304)
2025-06-22T03:18:02.712Z ::1 GET /?fields=name,desc,code,beginDate,endDate,quantity,unlimitedQty,discount,discountType,minimumTotal,maximumApplied,image (304)
2025-06-22T03:18:02.971Z ::1 POST / (200)
2025-06-22T03:18:03.088Z ::1 GET /?page=1&limit=1000000000 (304)
2025-06-22T03:18:03.696Z ::1 GET /?fields=name%20slug%20image (304)
2025-06-22T03:18:12.071Z ::1 POST /api/v2/payment/momo/callback
2025-06-22T03:18:12.449Z ::1 POST /momo/callback (200)
2025-06-22T03:18:12.526Z ::1 POST /api/v2/orders
2025-06-22T03:20:42.242Z ::1 POST /api/v2/cart
2025-06-22T03:20:42.895Z ::1 POST / (200)
2025-06-22T03:20:43.116Z ::1 POST /api/v2/cart
2025-06-22T03:20:43.662Z ::1 POST /api/v2/cart
2025-06-22T03:20:43.717Z ::1 POST / (200)
2025-06-22T03:20:44.236Z ::1 POST / (200)
2025-06-22T03:20:44.303Z ::1 GET /api/v2/account/addresses
2025-06-22T03:20:44.880Z ::1 GET /addresses (304)
2025-06-22T03:20:47.534Z ::1 POST /api/v2/payment/momo/callback
2025-06-22T03:20:47.719Z ::1 POST /momo/callback (200)
2025-06-22T03:20:47.800Z ::1 POST /api/v2/orders
2025-06-22T03:23:03.261Z ::1 GET /api/v2/account
2025-06-22T03:23:03.836Z ::1 GET / (304)
2025-06-22T03:23:03.838Z ::1 GET /api/v2/account
2025-06-22T03:23:04.131Z ::1 POST /api/v2/cart
2025-06-22T03:23:04.135Z ::1 GET /api/v2/products/search/suggest?keyword=
2025-06-22T03:23:04.138Z ::1 GET /api/v2/categories?fields=name%20slug%20image
2025-06-22T03:23:04.142Z ::1 GET /api/v2/brands?fields=name%20slug%20image
2025-06-22T03:23:04.145Z ::1 GET /api/v2/discounts?fields=name,desc,code,beginDate,endDate,quantity,unlimitedQty,discount,discountType,minimumTotal,maximumApplied,image
2025-06-22T03:23:04.348Z ::1 GET /api/v2/products?search=&page=1&limit=20&b=&c=
2025-06-22T03:23:04.414Z ::1 GET /search/suggest?keyword= (304)
2025-06-22T03:23:04.448Z ::1 GET /?fields=name%20slug%20image (304)
2025-06-22T03:23:04.705Z ::1 POST / (200)
2025-06-22T03:23:04.909Z ::1 GET /api/v2/account
2025-06-22T03:23:04.988Z ::1 GET /?fields=name,desc,code,beginDate,endDate,quantity,unlimitedQty,discount,discountType,minimumTotal,maximumApplied,image (304)
2025-06-22T03:23:05.295Z ::1 GET /?fields=name%20slug%20image (304)
2025-06-22T03:23:05.496Z ::1 GET / (200)
2025-06-22T03:23:05.625Z ::1 GET /api/v2/account
2025-06-22T03:23:05.643Z ::1 GET /api/v2/products/best-seller
2025-06-22T03:23:05.807Z ::1 GET /api/v2/products/search/suggest?keyword=
2025-06-22T03:23:05.812Z ::1 POST /api/v2/cart
2025-06-22T03:23:05.816Z ::1 GET /api/v2/categories?fields=name%20slug%20image
2025-06-22T03:23:05.820Z ::1 GET /api/v2/brands?fields=name%20slug%20image
2025-06-22T03:23:05.951Z ::1 GET /best-seller (200)
2025-06-22T03:23:05.955Z ::1 GET /api/v2/discounts?fields=name,desc,code,beginDate,endDate,quantity,unlimitedQty,discount,discountType,minimumTotal,maximumApplied,image
2025-06-22T03:23:06.111Z ::1 GET /?fields=name%20slug%20image (304)
2025-06-22T03:23:06.114Z ::1 GET /search/suggest?keyword= (304)
2025-06-22T03:23:06.241Z ::1 GET /?fields=name,desc,code,beginDate,endDate,quantity,unlimitedQty,discount,discountType,minimumTotal,maximumApplied,image (304)
2025-06-22T03:23:06.392Z ::1 POST / (200)
2025-06-22T03:23:06.989Z ::1 GET /?search=&page=1&limit=20&b=&c= (200)
2025-06-22T03:23:07.366Z ::1 GET /api/v2/account
2025-06-22T03:23:07.947Z ::1 GET / (200)
2025-06-22T03:23:07.950Z ::1 GET /api/v2/account
2025-06-22T03:23:08.100Z ::1 POST /api/v2/cart
2025-06-22T03:23:08.106Z ::1 GET /api/v2/categories?fields=name%20slug%20image
2025-06-22T03:23:08.111Z ::1 GET /api/v2/products/search/suggest?keyword=
2025-06-22T03:23:08.115Z ::1 GET /api/v2/brands?fields=name%20slug%20image
2025-06-22T03:23:08.117Z ::1 GET /api/v2/discounts?fields=name,desc,code,beginDate,endDate,quantity,unlimitedQty,discount,discountType,minimumTotal,maximumApplied,image
2025-06-22T03:23:08.228Z ::1 GET /api/v2/orders?page=1&limit=1000000000
2025-06-22T03:23:08.399Z ::1 GET /search/suggest?keyword= (304)
2025-06-22T03:23:08.405Z ::1 GET /?fields=name%20slug%20image (304)
2025-06-22T03:23:08.407Z ::1 GET /api/v2/account
2025-06-22T03:23:08.413Z ::1 GET /?fields=name,desc,code,beginDate,endDate,quantity,unlimitedQty,discount,discountType,minimumTotal,maximumApplied,image (304)
2025-06-22T03:23:08.680Z ::1 POST / (200)
2025-06-22T03:23:08.792Z ::1 GET /?page=1&limit=1000000000 (200)
2025-06-22T03:23:08.979Z ::1 GET / (200)
2025-06-22T03:23:09.111Z ::1 POST /api/v2/cart
2025-06-22T03:23:09.116Z ::1 GET /api/v2/products/search/suggest?keyword=
2025-06-22T03:23:09.125Z ::1 GET /api/v2/brands?fields=name%20slug%20image
2025-06-22T03:23:09.130Z ::1 GET /api/v2/discounts?fields=name,desc,code,beginDate,endDate,quantity,unlimitedQty,discount,discountType,minimumTotal,maximumApplied,image
2025-06-22T03:23:09.195Z ::1 GET /api/v2/orders?page=1&limit=1000000000
2025-06-22T03:23:09.254Z ::1 GET /?fields=name%20slug%20image (200)
2025-06-22T03:23:09.257Z ::1 GET /api/v2/categories?fields=name%20slug%20image
2025-06-22T03:23:09.403Z ::1 GET /search/suggest?keyword= (304)
2025-06-22T03:23:09.420Z ::1 GET /?fields=name%20slug%20image (304)
2025-06-22T03:23:09.423Z ::1 GET /?fields=name,desc,code,beginDate,endDate,quantity,unlimitedQty,discount,discountType,minimumTotal,maximumApplied,image (304)
2025-06-22T03:23:09.686Z ::1 POST / (200)
2025-06-22T03:23:09.780Z ::1 GET /?page=1&limit=1000000000 (304)
2025-06-22T03:23:10.406Z ::1 GET /?fields=name%20slug%20image (304)
2025-06-22T03:23:48.429Z ::1 GET /api/v2/products/search/suggest?keyword=iphone12
2025-06-22T03:23:48.717Z ::1 GET /search/suggest?keyword=iphone12 (200)
2025-06-22T03:23:57.523Z ::1 GET /api/v2/products/search/suggest?keyword=iphone
2025-06-22T03:23:57.820Z ::1 GET /search/suggest?keyword=iphone (200)
2025-06-22T03:24:10.221Z ::1 GET /api/v2/account
2025-06-22T03:24:10.790Z ::1 GET / (304)
2025-06-22T03:24:10.792Z ::1 GET /api/v2/account
2025-06-22T03:24:10.931Z ::1 GET /api/v2/products/search/suggest?keyword=
2025-06-22T03:24:10.937Z ::1 GET /api/v2/categories?fields=name%20slug%20image
2025-06-22T03:24:10.943Z ::1 GET /api/v2/brands?fields=name%20slug%20image
2025-06-22T03:24:10.946Z ::1 POST /api/v2/cart
2025-06-22T03:24:10.950Z ::1 GET /api/v2/discounts?fields=name,desc,code,beginDate,endDate,quantity,unlimitedQty,discount,discountType,minimumTotal,maximumApplied,image
2025-06-22T03:24:11.018Z ::1 GET /api/v2/orders?page=1&limit=1000000000
2025-06-22T03:24:11.231Z ::1 GET /search/suggest?keyword= (304)
2025-06-22T03:24:11.233Z ::1 GET /?fields=name,desc,code,beginDate,endDate,quantity,unlimitedQty,discount,discountType,minimumTotal,maximumApplied,image (304)
2025-06-22T03:24:11.241Z ::1 GET /?fields=name%20slug%20image (304)
2025-06-22T03:24:11.245Z ::1 GET /api/v2/account
2025-06-22T03:24:11.535Z ::1 POST / (200)
2025-06-22T03:24:11.597Z ::1 GET /?page=1&limit=1000000000 (304)
2025-06-22T03:24:11.826Z ::1 GET / (200)
2025-06-22T03:24:11.958Z ::1 GET /api/v2/products/search/suggest?keyword=
2025-06-22T03:24:11.961Z ::1 POST /api/v2/cart
2025-06-22T03:24:11.965Z ::1 GET /api/v2/brands?fields=name%20slug%20image
2025-06-22T03:24:11.967Z ::1 GET /api/v2/discounts?fields=name,desc,code,beginDate,endDate,quantity,unlimitedQty,discount,discountType,minimumTotal,maximumApplied,image
2025-06-22T03:24:12.058Z ::1 GET /api/v2/orders?page=1&limit=1000000000
2025-06-22T03:24:12.096Z ::1 GET /?fields=name%20slug%20image (304)
2025-06-22T03:24:12.099Z ::1 GET /api/v2/categories?fields=name%20slug%20image
2025-06-22T03:24:12.250Z ::1 GET /search/suggest?keyword= (304)
2025-06-22T03:24:12.258Z ::1 GET /?fields=name,desc,code,beginDate,endDate,quantity,unlimitedQty,discount,discountType,minimumTotal,maximumApplied,image (304)
2025-06-22T03:24:12.263Z ::1 GET /?fields=name%20slug%20image (304)
2025-06-22T03:24:12.534Z ::1 POST / (200)
2025-06-22T03:24:12.623Z ::1 GET /?page=1&limit=1000000000 (304)
2025-06-22T03:24:13.257Z ::1 GET /?fields=name%20slug%20image (304)