
2025-06-17T14:23:50.484Z ::1 POST /api/v2/user-behavior
2025-06-17T14:23:50.489Z ::1 POST / (200)
2025-06-17T14:23:59.095Z ::1 GET /api/v2/account
2025-06-17T14:23:59.653Z ::1 GET / (200)
2025-06-17T14:23:59.657Z ::1 GET /api/v2/account
2025-06-17T14:23:59.937Z ::1 POST /api/v2/cart
2025-06-17T14:23:59.943Z ::1 GET /api/v2/products/search/suggest?keyword=
2025-06-17T14:23:59.951Z ::1 GET /api/v2/categories?fields=name%20slug%20image
2025-06-17T14:23:59.955Z ::1 GET /api/v2/brands?fields=name%20slug%20image
2025-06-17T14:23:59.964Z ::1 GET /api/v2/discounts?fields=name,desc,code,beginDate,endDate,quantity,unlimitedQty,discount,discountType,minimumTotal,maximumApplied,image
2025-06-17T14:24:00.232Z ::1 POST / (200)
2025-06-17T14:24:00.237Z ::1 GET /search/suggest?keyword= (200)
2025-06-17T14:24:00.249Z ::1 GET /?fields=name%20slug%20image (200)
2025-06-17T14:24:00.253Z ::1 GET /?fields=name,desc,code,beginDate,endDate,quantity,unlimitedQty,discount,discountType,minimumTotal,maximumApplied,image (200)
2025-06-17T14:24:00.405Z ::1 GET /api/v2/account
2025-06-17T14:24:00.584Z ::1 GET /api/v2/categories?fields=_id%20name%20slug
2025-06-17T14:24:00.589Z ::1 GET /api/v2/products?search=&c=&b=&page=1&limit=10&getBrandFilter=1&getCategoryFilter=1&isShowHidden=0&fullTextSearch=1
2025-06-17T14:24:00.970Z ::1 GET / (200)
2025-06-17T14:24:00.979Z ::1 GET /api/v2/account
2025-06-17T14:24:01.092Z ::1 GET /?fields=name%20slug%20image (200)
2025-06-17T14:24:01.196Z ::1 GET /api/v2/products/search/suggest?keyword=
2025-06-17T14:24:01.199Z ::1 GET /api/v2/categories?fields=name%20slug%20image
2025-06-17T14:24:01.204Z ::1 POST /api/v2/cart
2025-06-17T14:24:01.208Z ::1 GET /api/v2/brands?fields=name%20slug%20image
2025-06-17T14:24:01.482Z ::1 GET /search/suggest?keyword= (304)
2025-06-17T14:24:01.493Z ::1 GET /?fields=name%20slug%20image (304)
2025-06-17T14:24:01.495Z ::1 POST / (200)
2025-06-17T14:24:01.497Z ::1 GET /api/v2/discounts?fields=name,desc,code,beginDate,endDate,quantity,unlimitedQty,discount,discountType,minimumTotal,maximumApplied,image
2025-06-17T14:24:01.714Z ::1 GET /?fields=_id%20name%20slug (200)
2025-06-17T14:24:01.777Z ::1 GET /?fields=name,desc,code,beginDate,endDate,quantity,unlimitedQty,discount,discountType,minimumTotal,maximumApplied,image (304)
2025-06-17T14:24:01.849Z ::1 GET /api/v2/orders?page=1&limit=1000000000
2025-06-17T14:24:01.854Z ::1 GET /api/v2/brands?fields=_id%20name%20slug
2025-06-17T14:24:01.858Z ::1 GET /api/v2/account
2025-06-17T14:24:02.140Z ::1 GET /?fields=_id%20name%20slug (304)
2025-06-17T14:24:02.250Z ::1 GET /api/v2/products?search=&c=c00000000000000000000002&b=&page=1&limit=10&getBrandFilter=1&getCategoryFilter=1&isShowHidden=0&fullTextSearch=1
2025-06-17T14:24:02.330Z ::1 GET /?fields=name%20slug%20image (304)
2025-06-17T14:24:02.414Z ::1 GET /?page=1&limit=1000000000 (200)
2025-06-17T14:24:02.421Z ::1 GET / (200)
2025-06-17T14:24:02.561Z ::1 GET /api/v2/products/search/suggest?keyword=
2025-06-17T14:24:02.564Z ::1 POST /api/v2/cart
2025-06-17T14:24:02.568Z ::1 GET /api/v2/categories?fields=name%20slug%20image
2025-06-17T14:24:02.570Z ::1 GET /api/v2/brands?fields=name%20slug%20image
2025-06-17T14:24:02.844Z ::1 GET /search/suggest?keyword= (304)
2025-06-17T14:24:02.849Z ::1 POST / (200)
2025-06-17T14:24:02.854Z ::1 GET /api/v2/discounts?fields=name,desc,code,beginDate,endDate,quantity,unlimitedQty,discount,discountType,minimumTotal,maximumApplied,image
2025-06-17T14:24:02.863Z ::1 GET /?fields=name%20slug%20image (304)
2025-06-17T14:24:02.866Z ::1 GET /api/v2/orders?page=1&limit=1000000000
2025-06-17T14:24:03.139Z ::1 GET /?fields=name,desc,code,beginDate,endDate,quantity,unlimitedQty,discount,discountType,minimumTotal,maximumApplied,image (304)
2025-06-17T14:24:03.422Z ::1 GET /?page=1&limit=1000000000 (304)
2025-06-17T14:24:03.700Z ::1 GET /?fields=name%20slug%20image (304)
2025-06-17T14:24:04.665Z ::1 GET /?search=&c=&b=&page=1&limit=10&getBrandFilter=1&getCategoryFilter=1&isShowHidden=0&fullTextSearch=1 (200)
2025-06-17T14:24:06.616Z ::1 GET /api/v2/products/iphone-11?fields=_id%20name%20slug%20desc%20video%20overSpecs%20policies%20detailSpecs%20origin%20category%20brand%20tags%20views%20rate%20variants%20quantity%20warrantyPeriod%20isHide%20createdAt%20updatedAt
2025-06-17T14:24:06.628Z ::1 GET /api/v2/account
2025-06-17T14:24:07.189Z ::1 GET / (304)
2025-06-17T14:24:07.192Z ::1 GET /api/v2/account
2025-06-17T14:24:07.345Z ::1 GET /?search=&c=c00000000000000000000002&b=&page=1&limit=10&getBrandFilter=1&getCategoryFilter=1&isShowHidden=0&fullTextSearch=1 (200)
2025-06-17T14:24:07.362Z ::1 GET /api/v2/products/search/suggest?keyword=
2025-06-17T14:24:07.367Z ::1 GET /api/v2/categories?fields=name%20slug%20image
2025-06-17T14:24:07.372Z ::1 POST /api/v2/cart
2025-06-17T14:24:07.375Z ::1 GET /api/v2/brands?fields=name%20slug%20image
2025-06-17T14:24:07.380Z ::1 GET /api/v2/discounts?fields=name,desc,code,beginDate,endDate,quantity,unlimitedQty,discount,discountType,minimumTotal,maximumApplied,image
2025-06-17T14:24:07.529Z ::1 GET /iphone-11?fields=_id%20name%20slug%20desc%20video%20overSpecs%20policies%20detailSpecs%20origin%20category%20brand%20tags%20views%20rate%20variants%20quantity%20warrantyPeriod%20isHide%20createdAt%20updatedAt (200)
2025-06-17T14:24:07.653Z ::1 POST / (200)
2025-06-17T14:24:07.655Z ::1 GET /search/suggest?keyword= (304)
2025-06-17T14:24:07.661Z ::1 GET /api/v2/orders?page=1&limit=1000000000
2025-06-17T14:24:07.665Z ::1 GET /?fields=name,desc,code,beginDate,endDate,quantity,unlimitedQty,discount,discountType,minimumTotal,maximumApplied,image (304)
2025-06-17T14:24:07.940Z ::1 GET /?fields=name%20slug%20image (304)
2025-06-17T14:24:08.242Z ::1 GET /?page=1&limit=1000000000 (304)
2025-06-17T14:24:08.473Z ::1 GET /?fields=name%20slug%20image (304)
2025-06-17T14:24:08.724Z ::1 GET /api/v2/account
2025-06-17T14:24:09.081Z ::1 POST /api/v2/user-behavior
2025-06-17T14:24:09.084Z ::1 POST / (200)
2025-06-17T14:24:09.275Z ::1 GET / (200)
2025-06-17T14:24:09.407Z ::1 POST /api/v2/cart
2025-06-17T14:24:09.411Z ::1 GET /api/v2/products/search/suggest?keyword=
2025-06-17T14:24:09.415Z ::1 GET /api/v2/categories?fields=name%20slug%20image
2025-06-17T14:24:09.418Z ::1 GET /api/v2/brands?fields=name%20slug%20image
2025-06-17T14:24:09.420Z ::1 GET /api/v2/discounts?fields=name,desc,code,beginDate,endDate,quantity,unlimitedQty,discount,discountType,minimumTotal,maximumApplied,image
2025-06-17T14:24:09.504Z ::1 GET /api/v2/orders?page=1&limit=1000000000
2025-06-17T14:24:09.681Z ::1 POST / (200)
2025-06-17T14:24:09.696Z ::1 GET /search/suggest?keyword= (304)
2025-06-17T14:24:09.705Z ::1 GET /?fields=name%20slug%20image (304)
2025-06-17T14:24:09.708Z ::1 GET /?fields=name,desc,code,beginDate,endDate,quantity,unlimitedQty,discount,discountType,minimumTotal,maximumApplied,image (304)
2025-06-17T14:24:10.073Z ::1 GET /?page=1&limit=1000000000 (304)
2025-06-17T14:24:10.448Z ::1 POST /api/v2/cart/add
2025-06-17T14:24:10.836Z ::1 GET /api/v2/account
2025-06-17T14:24:11.394Z ::1 GET / (304)
2025-06-17T14:24:11.398Z ::1 GET /api/v2/account
2025-06-17T14:24:11.540Z ::1 GET /api/v2/categories?fields=name%20slug%20image
2025-06-17T14:24:11.544Z ::1 GET /api/v2/products/search/suggest?keyword=
2025-06-17T14:24:11.547Z ::1 POST /api/v2/cart
2025-06-17T14:24:11.551Z ::1 GET /api/v2/brands?fields=name%20slug%20image
2025-06-17T14:24:11.553Z ::1 GET /api/v2/discounts?fields=name,desc,code,beginDate,endDate,quantity,unlimitedQty,discount,discountType,minimumTotal,maximumApplied,image
2025-06-17T14:24:11.598Z ::1 POST /add (200)
2025-06-17T14:24:11.828Z ::1 GET /?fields=name%20slug%20image (304)
2025-06-17T14:24:11.831Z ::1 GET /search/suggest?keyword= (304)
2025-06-17T14:24:11.842Z ::1 GET /?fields=name,desc,code,beginDate,endDate,quantity,unlimitedQty,discount,discountType,minimumTotal,maximumApplied,image (304)
2025-06-17T14:24:12.052Z ::1 GET /api/v2/orders?page=1&limit=1000000000
2025-06-17T14:24:12.119Z ::1 POST / (200)
2025-06-17T14:24:12.255Z ::1 GET /api/v2/account
2025-06-17T14:24:12.610Z ::1 GET /?page=1&limit=1000000000 (304)
2025-06-17T14:24:12.665Z ::1 GET /?fields=name%20slug%20image (200)
2025-06-17T14:24:12.820Z ::1 GET / (200)
2025-06-17T14:24:12.955Z ::1 GET /api/v2/products/search/suggest?keyword=
2025-06-17T14:24:12.959Z ::1 POST /api/v2/cart
2025-06-17T14:24:12.962Z ::1 GET /api/v2/categories?fields=name%20slug%20image
2025-06-17T14:24:12.966Z ::1 GET /api/v2/brands?fields=name%20slug%20image
2025-06-17T14:24:12.968Z ::1 GET /api/v2/discounts?fields=name,desc,code,beginDate,endDate,quantity,unlimitedQty,discount,discountType,minimumTotal,maximumApplied,image
2025-06-17T14:24:13.238Z ::1 GET /search/suggest?keyword= (304)
2025-06-17T14:24:13.251Z ::1 GET /?fields=name,desc,code,beginDate,endDate,quantity,unlimitedQty,discount,discountType,minimumTotal,maximumApplied,image (304)
2025-06-17T14:24:13.258Z ::1 GET /?fields=name%20slug%20image (304)
2025-06-17T14:24:13.531Z ::1 POST / (200)
2025-06-17T14:24:13.835Z ::1 GET /api/v2/account/addresses
2025-06-17T14:24:14.014Z ::1 GET /api/v2/orders?page=1&limit=1000000000
2025-06-17T14:24:14.102Z ::1 GET /?fields=name%20slug%20image (304)
2025-06-17T14:24:14.398Z ::1 GET /addresses (304)
2025-06-17T14:24:14.595Z ::1 GET /?page=1&limit=1000000000 (304)
2025-06-17T14:24:19.081Z ::1 POST /api/v2/user-behavior
2025-06-17T14:24:19.083Z ::1 POST / (200)
2025-06-17T14:24:24.898Z ::1 POST /api/v2/payment/momo/callback
2025-06-17T14:24:25.119Z ::1 POST /momo/callback (200)