
2025-05-12T21:52:59.255Z ::1 GET /api/v2/account
2025-05-12T21:52:59.757Z ::1 GET / (304)
2025-05-12T21:53:00.046Z ::1 GET /api/v2/products/search/suggest?keyword=
2025-05-12T21:53:00.055Z ::1 GET /api/v2/categories?fields=name%20slug%20image
2025-05-12T21:53:00.062Z ::1 POST /api/v2/cart
2025-05-12T21:53:00.249Z ::1 GET /api/v2/brands?fields=name%20slug%20image
2025-05-12T21:53:00.255Z ::1 GET /api/v2/discounts?fields=name,desc,code,beginDate,endDate,quantity,unlimitedQty,discount,discountType,minimumTotal,maximumApplied,image
2025-05-12T21:53:00.269Z ::1 GET /api/v2/products?search=&page=1&limit=20&b=&c=
2025-05-12T21:53:00.300Z ::1 GET /search/suggest?keyword= (304)
2025-05-12T21:53:00.373Z ::1 GET /api/v2/products/best-seller
2025-05-12T21:53:00.499Z ::1 GET /?fields=name%20slug%20image (304)
2025-05-12T21:53:00.504Z ::1 GET /?fields=name,desc,code,beginDate,endDate,quantity,unlimitedQty,discount,discountType,minimumTotal,maximumApplied,image (304)
2025-05-12T21:53:00.684Z ::1 GET /best-seller (304)
2025-05-12T21:53:00.736Z ::1 POST / (200)
2025-05-12T21:53:01.036Z ::1 GET /?fields=name%20slug%20image (304)
2025-05-12T21:53:02.259Z ::1 GET /?search=&page=1&limit=20&b=&c= (200)
2025-05-12T21:53:18.259Z ::1 GET /api/v2/account
2025-05-12T21:53:18.745Z ::1 GET / (304)
2025-05-12T21:53:19.027Z ::1 GET /api/v2/products/search/suggest?keyword=
2025-05-12T21:53:19.036Z ::1 POST /api/v2/cart
2025-05-12T21:53:19.044Z ::1 GET /api/v2/categories?fields=name%20slug%20image
2025-05-12T21:53:19.047Z ::1 GET /api/v2/brands?fields=name%20slug%20image
2025-05-12T21:53:19.051Z ::1 GET /api/v2/discounts?fields=name,desc,code,beginDate,endDate,quantity,unlimitedQty,discount,discountType,minimumTotal,maximumApplied,image
2025-05-12T21:53:19.240Z ::1 GET /api/v2/products?search=&page=1&limit=20&b=&c=
2025-05-12T21:53:19.273Z ::1 GET /search/suggest?keyword= (304)
2025-05-12T21:53:19.290Z ::1 GET /?fields=name%20slug%20image (304)
2025-05-12T21:53:19.292Z ::1 GET /?fields=name,desc,code,beginDate,endDate,quantity,unlimitedQty,discount,discountType,minimumTotal,maximumApplied,image (304)
2025-05-12T21:53:19.517Z ::1 POST / (200)
2025-05-12T21:53:20.002Z ::1 GET /?fields=name%20slug%20image (304)
2025-05-12T21:53:20.112Z ::1 GET /api/v2/products/best-seller
2025-05-12T21:53:20.366Z ::1 GET /best-seller (304)
2025-05-12T21:53:33.306Z ::1 GET /api/v2/account
2025-05-12T21:53:33.781Z ::1 GET / (304)
2025-05-12T21:53:33.978Z ::1 GET /api/v2/products/search/suggest?keyword=
2025-05-12T21:53:33.983Z ::1 POST /api/v2/cart
2025-05-12T21:53:33.988Z ::1 GET /api/v2/categories?fields=name%20slug%20image
2025-05-12T21:53:33.991Z ::1 GET /api/v2/brands?fields=name%20slug%20image
2025-05-12T21:53:33.993Z ::1 GET /api/v2/discounts?fields=name,desc,code,beginDate,endDate,quantity,unlimitedQty,discount,discountType,minimumTotal,maximumApplied,image
2025-05-12T21:53:34.217Z ::1 GET /search/suggest?keyword= (304)
2025-05-12T21:53:34.232Z ::1 GET /?fields=name%20slug%20image (304)
2025-05-12T21:53:34.235Z ::1 GET /?fields=name,desc,code,beginDate,endDate,quantity,unlimitedQty,discount,discountType,minimumTotal,maximumApplied,image (304)
2025-05-12T21:53:34.460Z ::1 POST / (200)
2025-05-12T21:53:34.671Z ::1 GET /api/v2/orders?page=1&status=&paymentStatus=&limit=1000000000
2025-05-12T21:53:34.945Z ::1 GET /?fields=name%20slug%20image (304)
2025-05-12T21:53:35.152Z ::1 GET /?page=1&status=&paymentStatus=&limit=1000000000 (200)
2025-05-12T21:53:46.832Z ::1 GET /api/v2/categories?fields=_id%20name%20slug
2025-05-12T21:53:46.837Z ::1 GET /api/v2/products?search=&c=&b=&page=1&limit=10&getBrandFilter=1&getCategoryFilter=1&isShowHidden=0&fullTextSearch=1
2025-05-12T21:53:47.789Z ::1 GET /?fields=_id%20name%20slug (200)
2025-05-12T21:53:47.801Z ::1 GET /api/v2/brands?fields=_id%20name%20slug
2025-05-12T21:53:48.044Z ::1 GET /?fields=_id%20name%20slug (200)
2025-05-12T21:53:48.160Z ::1 GET /api/v2/products?search=&c=c00000000000000000000001&b=&page=1&limit=10&getBrandFilter=1&getCategoryFilter=1&isShowHidden=0&fullTextSearch=1
2025-05-12T21:53:49.959Z ::1 GET /?search=&c=&b=&page=1&limit=10&getBrandFilter=1&getCategoryFilter=1&isShowHidden=0&fullTextSearch=1 (200)
2025-05-12T21:53:51.022Z ::1 GET /?search=&c=c00000000000000000000001&b=&page=1&limit=10&getBrandFilter=1&getCategoryFilter=1&isShowHidden=0&fullTextSearch=1 (200)
2025-05-12T21:53:56.500Z ::1 GET /api/v2/products?search=&c=c00000000000000000000006&b=&page=1&limit=10&getBrandFilter=1&getCategoryFilter=1&isShowHidden=0&fullTextSearch=1
2025-05-12T21:53:58.894Z ::1 GET /?search=&c=c00000000000000000000006&b=&page=1&limit=10&getBrandFilter=1&getCategoryFilter=1&isShowHidden=0&fullTextSearch=1 (200)
2025-05-12T21:54:04.734Z ::1 GET /api/v2/products/adapter-chuyen-doi-type-c-3-in-1-apple-mj1k2?fields=_id%20name%20slug%20desc%20video%20overSpecs%20policies%20detailSpecs%20origin%20category%20brand%20tags%20views%20rate%20variants%20quantity%20warrantyPeriod%20isHide%20createdAt%20updatedAt
2025-05-12T21:54:05.252Z ::1 GET /adapter-chuyen-doi-type-c-3-in-1-apple-mj1k2?fields=_id%20name%20slug%20desc%20video%20overSpecs%20policies%20detailSpecs%20origin%20category%20brand%20tags%20views%20rate%20variants%20quantity%20warrantyPeriod%20isHide%20createdAt%20updatedAt (200)
2025-05-12T21:54:13.325Z ::1 POST /api/v2/user-behavior
2025-05-12T21:54:13.334Z ::1 POST / (200)
2025-05-12T21:54:23.642Z ::1 POST /api/v2/user-behavior
2025-05-12T21:54:23.645Z ::1 POST / (200)
2025-05-12T21:54:33.640Z ::1 POST /api/v2/user-behavior
2025-05-12T21:54:33.644Z ::1 POST / (200)
2025-05-12T21:54:43.587Z ::1 GET /api/v2/account
2025-05-12T21:54:44.061Z ::1 GET / (304)
2025-05-12T21:54:44.271Z ::1 POST /api/v2/cart
2025-05-12T21:54:44.275Z ::1 GET /api/v2/products/search/suggest?keyword=
2025-05-12T21:54:44.492Z ::1 GET /api/v2/categories?fields=name%20slug%20image
2025-05-12T21:54:44.497Z ::1 GET /api/v2/discounts?fields=name,desc,code,beginDate,endDate,quantity,unlimitedQty,discount,discountType,minimumTotal,maximumApplied,image
2025-05-12T21:54:44.503Z ::1 GET /api/v2/brands?fields=name%20slug%20image
2025-05-12T21:54:44.513Z ::1 GET /search/suggest?keyword= (304)
2025-05-12T21:54:44.601Z ::1 GET /api/v2/products/adapter-chuyen-doi-type-c-3-in-1-apple-mj1k2?fields=_id%20name%20slug%20desc%20video%20overSpecs%20policies%20detailSpecs%20origin%20category%20brand%20tags%20views%20rate%20variants%20quantity%20warrantyPeriod%20isHide%20createdAt%20updatedAt
2025-05-12T21:54:44.736Z ::1 GET /?fields=name,desc,code,beginDate,endDate,quantity,unlimitedQty,discount,discountType,minimumTotal,maximumApplied,image (304)
2025-05-12T21:54:44.744Z ::1 GET /?fields=name%20slug%20image (304)
2025-05-12T21:54:44.747Z ::1 POST / (200)
2025-05-12T21:54:45.080Z ::1 GET /adapter-chuyen-doi-type-c-3-in-1-apple-mj1k2?fields=_id%20name%20slug%20desc%20video%20overSpecs%20policies%20detailSpecs%20origin%20category%20brand%20tags%20views%20rate%20variants%20quantity%20warrantyPeriod%20isHide%20createdAt%20updatedAt (200)
2025-05-12T21:54:45.444Z ::1 GET /?fields=name%20slug%20image (304)
2025-05-12T21:54:53.646Z ::1 POST /api/v2/user-behavior
2025-05-12T21:54:53.648Z ::1 POST / (200)
2025-05-12T21:55:03.646Z ::1 POST /api/v2/user-behavior
2025-05-12T21:55:06.298Z ::1 POST / (200)
2025-05-12T21:55:08.855Z ::1 GET /api/v2/account
2025-05-12T21:55:09.327Z ::1 GET / (304)
2025-05-12T21:55:09.537Z ::1 GET /api/v2/products/search/suggest?keyword=
2025-05-12T21:55:09.540Z ::1 POST /api/v2/cart
2025-05-12T21:55:09.544Z ::1 GET /api/v2/categories?fields=name%20slug%20image
2025-05-12T21:55:09.548Z ::1 GET /api/v2/brands?fields=name%20slug%20image
2025-05-12T21:55:09.552Z ::1 GET /api/v2/discounts?fields=name,desc,code,beginDate,endDate,quantity,unlimitedQty,discount,discountType,minimumTotal,maximumApplied,image
2025-05-12T21:55:09.691Z ::1 GET /api/v2/products/adapter-chuyen-doi-type-c-3-in-1-apple-mj1k2?fields=_id%20name%20slug%20desc%20video%20overSpecs%20policies%20detailSpecs%20origin%20category%20brand%20tags%20views%20rate%20variants%20quantity%20warrantyPeriod%20isHide%20createdAt%20updatedAt
2025-05-12T21:55:09.774Z ::1 GET /search/suggest?keyword= (304)
2025-05-12T21:55:09.785Z ::1 GET /?fields=name%20slug%20image (304)
2025-05-12T21:55:09.791Z ::1 GET /?fields=name,desc,code,beginDate,endDate,quantity,unlimitedQty,discount,discountType,minimumTotal,maximumApplied,image (304)
2025-05-12T21:55:10.014Z ::1 POST / (200)
2025-05-12T21:55:10.191Z ::1 GET /adapter-chuyen-doi-type-c-3-in-1-apple-mj1k2?fields=_id%20name%20slug%20desc%20video%20overSpecs%20policies%20detailSpecs%20origin%20category%20brand%20tags%20views%20rate%20variants%20quantity%20warrantyPeriod%20isHide%20createdAt%20updatedAt (200)
2025-05-12T21:55:10.497Z ::1 GET /?fields=name%20slug%20image (304)
2025-05-12T21:55:15.488Z ::1 GET /api/v2/account
2025-05-12T21:55:15.961Z ::1 GET / (304)
2025-05-12T21:55:16.168Z ::1 GET /api/v2/products/search/suggest?keyword=
2025-05-12T21:55:16.173Z ::1 POST /api/v2/cart
2025-05-12T21:55:16.198Z ::1 GET /api/v2/categories?fields=name%20slug%20image
2025-05-12T21:55:16.201Z ::1 GET /api/v2/discounts?fields=name,desc,code,beginDate,endDate,quantity,unlimitedQty,discount,discountType,minimumTotal,maximumApplied,image
2025-05-12T21:55:16.204Z ::1 GET /api/v2/brands?fields=name%20slug%20image
2025-05-12T21:55:16.337Z ::1 GET /api/v2/products/adapter-chuyen-doi-type-c-3-in-1-apple-mj1k2?fields=_id%20name%20slug%20desc%20video%20overSpecs%20policies%20detailSpecs%20origin%20category%20brand%20tags%20views%20rate%20variants%20quantity%20warrantyPeriod%20isHide%20createdAt%20updatedAt
2025-05-12T21:55:16.408Z ::1 GET /search/suggest?keyword= (304)
2025-05-12T21:55:16.438Z ::1 GET /?fields=name,desc,code,beginDate,endDate,quantity,unlimitedQty,discount,discountType,minimumTotal,maximumApplied,image (304)
2025-05-12T21:55:16.443Z ::1 GET /?fields=name%20slug%20image (304)
2025-05-12T21:55:16.658Z ::1 POST / (200)
2025-05-12T21:55:16.817Z ::1 GET /adapter-chuyen-doi-type-c-3-in-1-apple-mj1k2?fields=_id%20name%20slug%20desc%20video%20overSpecs%20policies%20detailSpecs%20origin%20category%20brand%20tags%20views%20rate%20variants%20quantity%20warrantyPeriod%20isHide%20createdAt%20updatedAt (200)
2025-05-12T21:55:17.154Z ::1 GET /?fields=name%20slug%20image (304)
2025-05-12T21:55:25.639Z ::1 POST /api/v2/user-behavior
2025-05-12T21:55:25.643Z ::1 POST / (200)
2025-05-12T21:55:35.644Z ::1 POST /api/v2/user-behavior
2025-05-12T21:55:35.649Z ::1 POST / (200)
2025-05-12T21:55:42.092Z ::1 GET /api/v2/account
2025-05-12T21:55:42.565Z ::1 GET / (304)
2025-05-12T21:55:42.750Z ::1 GET /api/v2/products/search/suggest?keyword=
2025-05-12T21:55:42.754Z ::1 POST /api/v2/cart
2025-05-12T21:55:42.759Z ::1 GET /api/v2/categories?fields=name%20slug%20image
2025-05-12T21:55:42.761Z ::1 GET /api/v2/brands?fields=name%20slug%20image
2025-05-12T21:55:42.765Z ::1 GET /api/v2/discounts?fields=name,desc,code,beginDate,endDate,quantity,unlimitedQty,discount,discountType,minimumTotal,maximumApplied,image
2025-05-12T21:55:42.880Z ::1 GET /api/v2/products/adapter-chuyen-doi-type-c-3-in-1-apple-mj1k2?fields=_id%20name%20slug%20desc%20video%20overSpecs%20policies%20detailSpecs%20origin%20category%20brand%20tags%20views%20rate%20variants%20quantity%20warrantyPeriod%20isHide%20createdAt%20updatedAt
2025-05-12T21:55:42.988Z ::1 GET /search/suggest?keyword= (304)
2025-05-12T21:55:43.003Z ::1 GET /?fields=name,desc,code,beginDate,endDate,quantity,unlimitedQty,discount,discountType,minimumTotal,maximumApplied,image (304)
2025-05-12T21:55:43.009Z ::1 GET /?fields=name%20slug%20image (304)
2025-05-12T21:55:43.230Z ::1 POST / (200)
2025-05-12T21:55:43.367Z ::1 GET /adapter-chuyen-doi-type-c-3-in-1-apple-mj1k2?fields=_id%20name%20slug%20desc%20video%20overSpecs%20policies%20detailSpecs%20origin%20category%20brand%20tags%20views%20rate%20variants%20quantity%20warrantyPeriod%20isHide%20createdAt%20updatedAt (200)
2025-05-12T21:55:43.710Z ::1 GET /?fields=name%20slug%20image (304)
2025-05-12T21:55:50.895Z ::1 GET /api/v2/categories?fields=_id%20name%20slug
2025-05-12T21:55:50.903Z ::1 GET /api/v2/products?search=&c=&b=&page=1&limit=10&getBrandFilter=1&getCategoryFilter=1&isShowHidden=0&fullTextSearch=1
2025-05-12T21:55:51.848Z ::1 GET /?fields=_id%20name%20slug (304)
2025-05-12T21:55:51.860Z ::1 GET /api/v2/brands?fields=_id%20name%20slug
2025-05-12T21:55:52.100Z ::1 GET /?fields=_id%20name%20slug (304)
2025-05-12T21:55:52.103Z ::1 POST /api/v2/user-behavior
2025-05-12T21:55:52.107Z ::1 POST / (200)
2025-05-12T21:55:52.203Z ::1 GET /api/v2/products?search=&c=c00000000000000000000001&b=&page=1&limit=10&getBrandFilter=1&getCategoryFilter=1&isShowHidden=0&fullTextSearch=1
2025-05-12T21:55:53.846Z ::1 GET /?search=&c=&b=&page=1&limit=10&getBrandFilter=1&getCategoryFilter=1&isShowHidden=0&fullTextSearch=1 (304)
2025-05-12T21:55:55.102Z ::1 GET /?search=&c=c00000000000000000000001&b=&page=1&limit=10&getBrandFilter=1&getCategoryFilter=1&isShowHidden=0&fullTextSearch=1 (304)
2025-05-12T21:56:08.877Z ::1 GET /api/v2/account
2025-05-12T21:56:09.365Z ::1 GET / (304)
2025-05-12T21:57:45.396Z ::1 GET /api/v2/account
2025-05-12T21:57:45.882Z ::1 GET / (304)
2025-05-12T21:57:46.079Z ::1 GET /api/v2/products/search/suggest?keyword=
2025-05-12T21:57:46.086Z ::1 POST /api/v2/cart
2025-05-12T21:57:46.091Z ::1 GET /api/v2/categories?fields=name%20slug%20image
2025-05-12T21:57:46.093Z ::1 GET /api/v2/brands?fields=name%20slug%20image
2025-05-12T21:57:46.096Z ::1 GET /api/v2/discounts?fields=name,desc,code,beginDate,endDate,quantity,unlimitedQty,discount,discountType,minimumTotal,maximumApplied,image
2025-05-12T21:57:46.220Z ::1 GET /api/v2/account
2025-05-12T21:57:46.328Z ::1 GET /search/suggest?keyword= (304)
2025-05-12T21:57:46.340Z ::1 GET /?fields=name%20slug%20image (304)
2025-05-12T21:57:46.343Z ::1 GET /?fields=name,desc,code,beginDate,endDate,quantity,unlimitedQty,discount,discountType,minimumTotal,maximumApplied,image (304)
2025-05-12T21:57:46.563Z ::1 POST / (200)
2025-05-12T21:57:46.697Z ::1 GET / (304)
2025-05-12T21:57:47.045Z ::1 GET /?fields=name%20slug%20image (304)
2025-05-12T21:58:18.276Z ::1 PATCH /api/v2/account
2025-05-12T21:58:19.007Z ::1 PATCH / (200)
2025-05-12T21:58:19.041Z ::1 GET /api/v2/account
2025-05-12T21:58:19.511Z ::1 GET / (200)
2025-05-12T21:58:19.515Z ::1 GET /api/v2/account
2025-05-12T21:58:19.987Z ::1 GET / (304)
2025-05-12T21:58:26.128Z ::1 GET /api/v2/account
2025-05-12T21:58:26.598Z ::1 GET / (304)
2025-05-12T21:58:26.772Z ::1 GET /api/v2/products/search/suggest?keyword=
2025-05-12T21:58:26.777Z ::1 GET /api/v2/categories?fields=name%20slug%20image
2025-05-12T21:58:26.780Z ::1 POST /api/v2/cart
2025-05-12T21:58:26.784Z ::1 GET /api/v2/brands?fields=name%20slug%20image
2025-05-12T21:58:26.786Z ::1 GET /api/v2/discounts?fields=name,desc,code,beginDate,endDate,quantity,unlimitedQty,discount,discountType,minimumTotal,maximumApplied,image
2025-05-12T21:58:27.011Z ::1 GET /search/suggest?keyword= (304)
2025-05-12T21:58:27.027Z ::1 GET /?fields=name%20slug%20image (304)
2025-05-12T21:58:27.030Z ::1 GET /?fields=name,desc,code,beginDate,endDate,quantity,unlimitedQty,discount,discountType,minimumTotal,maximumApplied,image (304)
2025-05-12T21:58:27.258Z ::1 POST / (200)
2025-05-12T21:58:27.733Z ::1 GET /?fields=name%20slug%20image (304)
2025-05-12T21:58:28.813Z ::1 GET /api/v2/account
2025-05-12T21:58:29.289Z ::1 GET / (304)
2025-05-12T21:59:13.164Z ::1 GET /api/v2/account
2025-05-12T21:59:13.638Z ::1 GET / (304)
2025-05-12T21:59:13.823Z ::1 GET /api/v2/products/search/suggest?keyword=
2025-05-12T21:59:13.829Z ::1 POST /api/v2/cart
2025-05-12T21:59:13.832Z ::1 GET /api/v2/categories?fields=name%20slug%20image
2025-05-12T21:59:13.835Z ::1 GET /api/v2/brands?fields=name%20slug%20image
2025-05-12T21:59:13.837Z ::1 GET /api/v2/discounts?fields=name,desc,code,beginDate,endDate,quantity,unlimitedQty,discount,discountType,minimumTotal,maximumApplied,image
2025-05-12T21:59:13.957Z ::1 GET /api/v2/account
2025-05-12T21:59:14.062Z ::1 GET /search/suggest?keyword= (304)
2025-05-12T21:59:14.075Z ::1 GET /?fields=name%20slug%20image (304)
2025-05-12T21:59:14.079Z ::1 GET /?fields=name,desc,code,beginDate,endDate,quantity,unlimitedQty,discount,discountType,minimumTotal,maximumApplied,image (304)
2025-05-12T21:59:14.305Z ::1 POST / (200)
2025-05-12T21:59:14.449Z ::1 GET / (304)
2025-05-12T21:59:14.790Z ::1 GET /?fields=name%20slug%20image (304)
2025-05-12T21:59:46.596Z ::1 GET /api/v2/account
2025-05-12T21:59:47.070Z ::1 GET / (304)
2025-05-12T21:59:47.254Z ::1 GET /api/v2/products/search/suggest?keyword=
2025-05-12T21:59:47.258Z ::1 GET /api/v2/categories?fields=name%20slug%20image
2025-05-12T21:59:47.261Z ::1 POST /api/v2/cart
2025-05-12T21:59:47.267Z ::1 GET /api/v2/brands?fields=name%20slug%20image
2025-05-12T21:59:47.271Z ::1 GET /api/v2/discounts?fields=name,desc,code,beginDate,endDate,quantity,unlimitedQty,discount,discountType,minimumTotal,maximumApplied,image
2025-05-12T21:59:47.359Z ::1 GET /api/v2/account
2025-05-12T21:59:47.492Z ::1 GET /search/suggest?keyword= (304)
2025-05-12T21:59:47.508Z ::1 GET /?fields=name%20slug%20image (304)
2025-05-12T21:59:47.512Z ::1 GET /?fields=name,desc,code,beginDate,endDate,quantity,unlimitedQty,discount,discountType,minimumTotal,maximumApplied,image (304)
2025-05-12T21:59:47.741Z ::1 POST / (200)
2025-05-12T21:59:47.835Z ::1 GET / (304)
2025-05-12T21:59:48.234Z ::1 GET /?fields=name%20slug%20image (304)
2025-05-12T21:59:53.149Z ::1 PATCH /api/v2/account
2025-05-12T21:59:53.890Z ::1 PATCH / (200)
2025-05-12T21:59:53.925Z ::1 GET /api/v2/account
2025-05-12T21:59:54.413Z ::1 GET / (200)
2025-05-12T21:59:54.417Z ::1 GET /api/v2/account
2025-05-12T21:59:54.905Z ::1 GET / (304)
2025-05-12T22:00:07.211Z ::1 GET /api/v2/account/addresses
2025-05-12T22:00:07.698Z ::1 GET /addresses (200)
2025-05-12T22:01:33.176Z ::1 GET /api/v2/account
2025-05-12T22:01:33.660Z ::1 GET / (304)
2025-05-12T22:01:33.897Z ::1 GET /api/v2/products/search/suggest?keyword=
2025-05-12T22:01:33.901Z ::1 POST /api/v2/cart
2025-05-12T22:01:33.905Z ::1 GET /api/v2/categories?fields=name%20slug%20image
2025-05-12T22:01:33.907Z ::1 GET /api/v2/brands?fields=name%20slug%20image
2025-05-12T22:01:33.910Z ::1 GET /api/v2/discounts?fields=name,desc,code,beginDate,endDate,quantity,unlimitedQty,discount,discountType,minimumTotal,maximumApplied,image
2025-05-12T22:01:34.141Z ::1 GET /search/suggest?keyword= (304)
2025-05-12T22:01:34.149Z ::1 GET /?fields=name%20slug%20image (304)
2025-05-12T22:01:34.151Z ::1 GET /?fields=name,desc,code,beginDate,endDate,quantity,unlimitedQty,discount,discountType,minimumTotal,maximumApplied,image (304)
2025-05-12T22:01:34.378Z ::1 POST / (200)
2025-05-12T22:01:34.860Z ::1 GET /?fields=name%20slug%20image (304)
2025-05-12T22:01:35.422Z ::1 GET /api/v2/account/addresses
2025-05-12T22:01:35.896Z ::1 GET /addresses (304)
2025-05-12T22:01:59.730Z ::1 POST /api/v2/account/addresses
2025-05-12T22:02:00.471Z ::1 POST /addresses (200)
2025-05-12T22:03:09.604Z ::1 GET /api/v2/account
2025-05-12T22:03:10.097Z ::1 GET / (200)
2025-05-12T22:03:12.859Z ::1 GET /api/v2/account/addresses
2025-05-12T22:03:13.352Z ::1 GET /addresses (200)
2025-05-12T22:03:27.068Z ::1 GET /api/v2/account
2025-05-12T22:03:27.561Z ::1 GET / (304)
2025-05-12T22:03:35.359Z ::1 GET /api/v2/account
2025-05-12T22:03:35.835Z ::1 GET / (304)
2025-05-12T22:03:36.030Z ::1 GET /api/v2/products/search/suggest?keyword=
2025-05-12T22:03:36.036Z ::1 POST /api/v2/cart
2025-05-12T22:03:36.042Z ::1 GET /api/v2/categories?fields=name%20slug%20image
2025-05-12T22:03:36.046Z ::1 GET /api/v2/brands?fields=name%20slug%20image
2025-05-12T22:03:36.051Z ::1 GET /api/v2/discounts?fields=name,desc,code,beginDate,endDate,quantity,unlimitedQty,discount,discountType,minimumTotal,maximumApplied,image
2025-05-12T22:03:36.226Z ::1 GET /api/v2/orders?page=1&status=&paymentStatus=&limit=1000000000
2025-05-12T22:03:36.271Z ::1 GET /search/suggest?keyword= (304)
2025-05-12T22:03:36.290Z ::1 GET /?fields=name%20slug%20image (304)
2025-05-12T22:03:36.294Z ::1 GET /?fields=name,desc,code,beginDate,endDate,quantity,unlimitedQty,discount,discountType,minimumTotal,maximumApplied,image (304)
2025-05-12T22:03:36.522Z ::1 POST / (200)
2025-05-12T22:03:36.708Z ::1 GET /?page=1&status=&paymentStatus=&limit=1000000000 (304)
2025-05-12T22:03:36.990Z ::1 GET /?fields=name%20slug%20image (304)
2025-05-12T22:04:06.147Z ::1 GET /api/v2/categories?fields=_id%20name%20slug
2025-05-12T22:04:06.152Z ::1 GET /api/v2/products?search=&c=&b=&page=1&limit=10&getBrandFilter=1&getCategoryFilter=1&isShowHidden=0&fullTextSearch=1
2025-05-12T22:04:07.096Z ::1 GET /?fields=_id%20name%20slug (304)
2025-05-12T22:04:07.109Z ::1 GET /api/v2/brands?fields=_id%20name%20slug
2025-05-12T22:04:07.348Z ::1 GET /?fields=_id%20name%20slug (304)
2025-05-12T22:04:07.441Z ::1 GET /api/v2/products?search=&c=c00000000000000000000001&b=&page=1&limit=10&getBrandFilter=1&getCategoryFilter=1&isShowHidden=0&fullTextSearch=1
2025-05-12T22:04:09.281Z ::1 GET /?search=&c=&b=&page=1&limit=10&getBrandFilter=1&getCategoryFilter=1&isShowHidden=0&fullTextSearch=1 (304)
2025-05-12T22:04:10.272Z ::1 GET /?search=&c=c00000000000000000000001&b=&page=1&limit=10&getBrandFilter=1&getCategoryFilter=1&isShowHidden=0&fullTextSearch=1 (304)
2025-05-12T22:04:44.274Z ::1 GET /api/v2/products?search=&c=c00000000000000000000003&b=&page=1&limit=10&getBrandFilter=1&getCategoryFilter=1&isShowHidden=0&fullTextSearch=1
2025-05-12T22:04:46.292Z ::1 GET /api/v2/products?search=&c=c00000000000000000000002&b=&page=1&limit=10&getBrandFilter=1&getCategoryFilter=1&isShowHidden=0&fullTextSearch=1
2025-05-12T22:04:46.896Z ::1 GET /?search=&c=c00000000000000000000003&b=&page=1&limit=10&getBrandFilter=1&getCategoryFilter=1&isShowHidden=0&fullTextSearch=1 (200)
2025-05-12T22:04:48.621Z ::1 GET /api/v2/products?search=&c=c00000000000000000000002&b=&page=2&limit=10&getBrandFilter=1&getCategoryFilter=1&isShowHidden=0&fullTextSearch=1
2025-05-12T22:04:48.906Z ::1 GET /?search=&c=c00000000000000000000002&b=&page=1&limit=10&getBrandFilter=1&getCategoryFilter=1&isShowHidden=0&fullTextSearch=1 (200)
2025-05-12T22:04:50.994Z ::1 GET /?search=&c=c00000000000000000000002&b=&page=2&limit=10&getBrandFilter=1&getCategoryFilter=1&isShowHidden=0&fullTextSearch=1 (200)
2025-05-12T22:04:57.212Z ::1 GET /api/v2/products/apple-watch-s5-40mm-vien-nhom-day-cao-su?fields=_id%20name%20slug%20desc%20video%20overSpecs%20policies%20detailSpecs%20origin%20category%20brand%20tags%20views%20rate%20variants%20quantity%20warrantyPeriod%20isHide%20createdAt%20updatedAt
2025-05-12T22:04:57.944Z ::1 GET /apple-watch-s5-40mm-vien-nhom-day-cao-su?fields=_id%20name%20slug%20desc%20video%20overSpecs%20policies%20detailSpecs%20origin%20category%20brand%20tags%20views%20rate%20variants%20quantity%20warrantyPeriod%20isHide%20createdAt%20updatedAt (200)
2025-05-12T22:05:00.915Z ::1 POST /api/v2/cart/add
2025-05-12T22:05:01.883Z ::1 POST /add (200)
2025-05-12T22:05:03.355Z ::1 GET /api/v2/account/addresses
2025-05-12T22:05:03.827Z ::1 GET /addresses (304)
2025-05-12T22:05:05.350Z ::1 POST /api/v2/user-behavior
2025-05-12T22:05:05.354Z ::1 POST / (200)
2025-05-12T22:05:25.976Z ::1 POST /api/v2/orders
2025-05-12T22:05:28.205Z ::1 POST / (200)
2025-05-12T22:05:28.298Z ::1 DELETE /api/v2/cart/d00000000000000000000002/0000000000312
2025-05-12T22:05:28.302Z ::1 DELETE /api/v2/cart/d00000000000000000000169/0000000000023
2025-05-12T22:07:08.903Z ::1 POST /api/v2/cart
2025-05-12T22:07:09.152Z ::1 POST / (200)
2025-05-12T22:07:14.501Z ::1 GET /api/v2/account
2025-05-12T22:07:14.987Z ::1 GET / (304)
2025-05-12T22:07:15.176Z ::1 GET /api/v2/products/search/suggest?keyword=
2025-05-12T22:07:15.180Z ::1 POST /api/v2/cart
2025-05-12T22:07:15.187Z ::1 GET /api/v2/categories?fields=name%20slug%20image
2025-05-12T22:07:15.191Z ::1 GET /api/v2/brands?fields=name%20slug%20image
2025-05-12T22:07:15.193Z ::1 GET /api/v2/discounts?fields=name,desc,code,beginDate,endDate,quantity,unlimitedQty,discount,discountType,minimumTotal,maximumApplied,image
2025-05-12T22:07:15.349Z ::1 GET /api/v2/orders?page=1&status=&paymentStatus=&limit=1000000000
2025-05-12T22:07:15.419Z ::1 POST / (200)
2025-05-12T22:07:15.429Z ::1 GET /search/suggest?keyword= (304)
2025-05-12T22:07:15.431Z ::1 GET /?fields=name,desc,code,beginDate,endDate,quantity,unlimitedQty,discount,discountType,minimumTotal,maximumApplied,image (304)
2025-05-12T22:07:15.439Z ::1 GET /?fields=name%20slug%20image (304)
2025-05-12T22:07:15.847Z ::1 GET /?page=1&status=&paymentStatus=&limit=1000000000 (200)
2025-05-12T22:07:16.187Z ::1 GET /?fields=name%20slug%20image (304)
2025-05-12T22:07:29.581Z ::1 GET /api/v2/products?search=&page=1&limit=20&b=&c=
2025-05-12T22:07:29.614Z ::1 GET /api/v2/products/best-seller
2025-05-12T22:07:29.879Z ::1 GET /best-seller (200)