
2025-05-07T14:32:49.744Z ::1 GET /api/v2/products/search/suggest?keyword=
2025-05-07T14:32:49.840Z ::1 GET /api/v2/categories?fields=name%20slug%20image
2025-05-07T14:32:49.849Z ::1 GET /api/v2/brands?fields=name%20slug%20image
2025-05-07T14:32:49.852Z ::1 GET /api/v2/discounts?fields=name,desc,code,beginDate,endDate,quantity,unlimitedQty,discount,discountType,minimumTotal,maximumApplied,image
2025-05-07T14:32:49.955Z ::1 GET /api/v2/products?search=&page=1&limit=20&b=&c=
2025-05-07T14:32:50.083Z ::1 GET /search/suggest?keyword= (200)
2025-05-07T14:32:50.097Z ::1 GET /?fields=name%20slug%20image (200)
2025-05-07T14:32:50.101Z ::1 GET /?fields=name,desc,code,beginDate,endDate,quantity,unlimitedQty,discount,discountType,minimumTotal,maximumApplied,image (200)
2025-05-07T14:32:50.823Z ::1 GET /?fields=name%20slug%20image (200)
2025-05-07T14:32:51.042Z ::1 GET /api/v2/products/best-seller
2025-05-07T14:32:51.304Z ::1 GET /best-seller (200)
2025-05-07T14:32:51.978Z ::1 GET /?search=&page=1&limit=20&b=&c= (200)
2025-05-07T14:32:56.555Z ::1 GET /api/v2/products?search=&page=2&limit=20&b=&c=
2025-05-07T14:32:58.250Z ::1 GET /?search=&page=2&limit=20&b=&c= (200)
2025-05-07T14:33:47.948Z ::1 GET /api/v2/categories?fields=_id%20name%20slug
2025-05-07T14:33:47.954Z ::1 GET /api/v2/products?search=&c=&b=&page=1&limit=10&getBrandFilter=1&getCategoryFilter=1&isShowHidden=0&fullTextSearch=1
2025-05-07T14:33:48.930Z ::1 GET /?fields=_id%20name%20slug (200)
2025-05-07T14:33:48.941Z ::1 GET /api/v2/brands?fields=_id%20name%20slug
2025-05-07T14:33:49.187Z ::1 GET /?fields=_id%20name%20slug (200)
2025-05-07T14:33:50.755Z ::1 GET /api/v2/products?search=&c=&b=b00000000000000000000058&page=1&limit=10&getBrandFilter=1&getCategoryFilter=1&isShowHidden=0&fullTextSearch=1
2025-05-07T14:33:52.659Z ::1 GET /?search=&c=&b=&page=1&limit=10&getBrandFilter=1&getCategoryFilter=1&isShowHidden=0&fullTextSearch=1 (200)
2025-05-07T14:33:53.406Z ::1 GET /?search=&c=&b=b00000000000000000000058&page=1&limit=10&getBrandFilter=1&getCategoryFilter=1&isShowHidden=0&fullTextSearch=1 (200)
2025-05-07T14:34:32.468Z ::1 POST /api/v2/auth/register
2025-05-07T14:34:33.116Z ::1 POST /api/v2/auth/register (200)
2025-05-07T14:34:33.810Z ::1 POST /api/v2/cart
2025-05-07T14:34:33.817Z ::1 POST /api/v2/cart (400)
2025-05-07T14:34:33.822Z ::1 GET /api/v2/products/search/suggest?keyword=
2025-05-07T14:34:33.827Z ::1 GET /api/v2/categories?fields=name%20slug%20image
2025-05-07T14:34:33.829Z ::1 GET /api/v2/brands?fields=name%20slug%20image
2025-05-07T14:34:33.832Z ::1 GET /api/v2/discounts?fields=name,desc,code,beginDate,endDate,quantity,unlimitedQty,discount,discountType,minimumTotal,maximumApplied,image
2025-05-07T14:34:34.064Z ::1 GET /search/suggest?keyword= (304)
2025-05-07T14:34:34.071Z ::1 GET /?fields=name%20slug%20image (304)
2025-05-07T14:34:34.073Z ::1 GET /api/v2/products?search=&page=1&limit=20&b=&c=
2025-05-07T14:34:34.077Z ::1 GET /?fields=name,desc,code,beginDate,endDate,quantity,unlimitedQty,discount,discountType,minimumTotal,maximumApplied,image (304)
2025-05-07T14:34:34.784Z ::1 GET /?fields=name%20slug%20image (304)
2025-05-07T14:34:34.980Z ::1 GET /api/v2/products/best-seller
2025-05-07T14:34:35.237Z ::1 GET /best-seller (304)
2025-05-07T14:34:35.996Z ::1 GET /?search=&page=1&limit=20&b=&c= (304)
2025-05-07T14:34:44.866Z ::1 POST /api/v2/auth/login
2025-05-07T14:34:45.470Z ::1 POST /login (200)
2025-05-07T14:34:46.191Z ::1 POST /api/v2/cart
2025-05-07T14:34:46.198Z ::1 GET /api/v2/products/search/suggest?keyword=
2025-05-07T14:34:46.202Z ::1 GET /api/v2/categories?fields=name%20slug%20image
2025-05-07T14:34:46.207Z ::1 GET /api/v2/brands?fields=name%20slug%20image
2025-05-07T14:34:46.210Z ::1 GET /api/v2/discounts?fields=name,desc,code,beginDate,endDate,quantity,unlimitedQty,discount,discountType,minimumTotal,maximumApplied,image
2025-05-07T14:34:46.436Z ::1 POST / (200)
2025-05-07T14:34:46.439Z ::1 GET /search/suggest?keyword= (304)
2025-05-07T14:34:46.449Z ::1 GET /?fields=name%20slug%20image (304)
2025-05-07T14:34:46.451Z ::1 GET /?fields=name,desc,code,beginDate,endDate,quantity,unlimitedQty,discount,discountType,minimumTotal,maximumApplied,image (304)
2025-05-07T14:34:46.518Z ::1 GET /api/v2/products?search=&page=1&limit=20&b=&c=
2025-05-07T14:34:47.152Z ::1 GET /?fields=name%20slug%20image (304)
2025-05-07T14:34:47.470Z ::1 GET /api/v2/products/best-seller
2025-05-07T14:34:47.725Z ::1 GET /best-seller (304)
2025-05-07T14:34:48.425Z ::1 GET /?search=&page=1&limit=20&b=&c= (304)
2025-05-07T14:34:49.509Z ::1 GET /api/v2/account
2025-05-07T14:34:49.989Z ::1 GET / (200)
2025-05-07T14:34:50.336Z ::1 POST /api/v2/cart
2025-05-07T14:34:50.343Z ::1 GET /api/v2/products/search/suggest?keyword=
2025-05-07T14:34:50.347Z ::1 GET /api/v2/categories?fields=name%20slug%20image
2025-05-07T14:34:50.353Z ::1 GET /api/v2/brands?fields=name%20slug%20image
2025-05-07T14:34:50.356Z ::1 GET /api/v2/discounts?fields=name,desc,code,beginDate,endDate,quantity,unlimitedQty,discount,discountType,minimumTotal,maximumApplied,image
2025-05-07T14:34:50.576Z ::1 POST / (200)
2025-05-07T14:34:50.580Z ::1 GET /search/suggest?keyword= (304)
2025-05-07T14:34:50.596Z ::1 GET /?fields=name%20slug%20image (304)
2025-05-07T14:34:50.598Z ::1 GET /?fields=name,desc,code,beginDate,endDate,quantity,unlimitedQty,discount,discountType,minimumTotal,maximumApplied,image (304)
2025-05-07T14:34:50.603Z ::1 GET /api/v2/orders?page=1&status=&paymentStatus=&limit=1000000000
2025-05-07T14:34:50.846Z ::1 GET /?page=1&status=&paymentStatus=&limit=1000000000 (200)
2025-05-07T14:34:51.303Z ::1 GET /?fields=name%20slug%20image (304)
2025-05-07T14:34:53.196Z ::1 GET /api/v2/orders?page=1&status=confirmed&paymentStatus=&limit=1000000000
2025-05-07T14:34:53.435Z ::1 GET /?page=1&status=confirmed&paymentStatus=&limit=1000000000 (200)
2025-05-07T14:34:55.649Z ::1 GET /api/v2/orders?page=1&status=pending&paymentStatus=&limit=1000000000
2025-05-07T14:34:55.887Z ::1 GET /?page=1&status=pending&paymentStatus=&limit=1000000000 (200)
2025-05-07T14:34:56.488Z ::1 GET /api/v2/orders?page=1&status=pending&paymentStatus=paid&limit=1000000000
2025-05-07T14:34:56.729Z ::1 GET /?page=1&status=pending&paymentStatus=paid&limit=1000000000 (200)
2025-05-07T14:34:57.712Z ::1 GET /api/v2/account
2025-05-07T14:34:58.188Z ::1 GET / (304)
2025-05-07T14:34:58.569Z ::1 GET /api/v2/products/search/suggest?keyword=
2025-05-07T14:34:58.574Z ::1 GET /api/v2/categories?fields=name%20slug%20image
2025-05-07T14:34:58.580Z ::1 POST /api/v2/cart
2025-05-07T14:34:58.584Z ::1 GET /api/v2/discounts?fields=name,desc,code,beginDate,endDate,quantity,unlimitedQty,discount,discountType,minimumTotal,maximumApplied,image
2025-05-07T14:34:58.588Z ::1 GET /api/v2/brands?fields=name%20slug%20image
2025-05-07T14:34:58.808Z ::1 GET /search/suggest?keyword= (304)
2025-05-07T14:34:58.817Z ::1 POST / (200)
2025-05-07T14:34:58.821Z ::1 GET /?fields=name,desc,code,beginDate,endDate,quantity,unlimitedQty,discount,discountType,minimumTotal,maximumApplied,image (304)
2025-05-07T14:34:58.825Z ::1 GET /?fields=name%20slug%20image (304)
2025-05-07T14:34:58.871Z ::1 GET /api/v2/orders?page=1&status=&paymentStatus=&limit=1000000000
2025-05-07T14:34:59.111Z ::1 GET /?page=1&status=&paymentStatus=&limit=1000000000 (304)
2025-05-07T14:34:59.536Z ::1 GET /?fields=name%20slug%20image (304)
2025-05-07T14:35:01.233Z ::1 GET /api/v2/categories?fields=_id%20name%20slug
2025-05-07T14:35:01.237Z ::1 GET /api/v2/products?search=&c=&b=&page=1&limit=10&getBrandFilter=1&getCategoryFilter=1&isShowHidden=0&fullTextSearch=1
2025-05-07T14:35:02.191Z ::1 GET /?fields=_id%20name%20slug (304)
2025-05-07T14:35:02.204Z ::1 GET /api/v2/brands?fields=_id%20name%20slug
2025-05-07T14:35:02.451Z ::1 GET /?fields=_id%20name%20slug (304)
2025-05-07T14:35:02.694Z ::1 GET /api/v2/products?search=&c=c00000000000000000000002&b=&page=1&limit=10&getBrandFilter=1&getCategoryFilter=1&isShowHidden=0&fullTextSearch=1
2025-05-07T14:35:04.125Z ::1 GET /?search=&c=&b=&page=1&limit=10&getBrandFilter=1&getCategoryFilter=1&isShowHidden=0&fullTextSearch=1 (304)
2025-05-07T14:35:05.554Z ::1 GET /?search=&c=c00000000000000000000002&b=&page=1&limit=10&getBrandFilter=1&getCategoryFilter=1&isShowHidden=0&fullTextSearch=1 (200)
2025-05-07T14:35:11.418Z ::1 GET /api/v2/account
2025-05-07T14:35:11.893Z ::1 GET / (304)
2025-05-07T14:35:12.323Z ::1 GET /api/v2/products/search/suggest?keyword=
2025-05-07T14:35:12.328Z ::1 GET /api/v2/categories?fields=name%20slug%20image
2025-05-07T14:35:12.333Z ::1 POST /api/v2/cart
2025-05-07T14:35:12.343Z ::1 GET /api/v2/discounts?fields=name,desc,code,beginDate,endDate,quantity,unlimitedQty,discount,discountType,minimumTotal,maximumApplied,image
2025-05-07T14:35:12.346Z ::1 GET /api/v2/brands?fields=name%20slug%20image
2025-05-07T14:35:12.561Z ::1 GET /search/suggest?keyword= (304)
2025-05-07T14:35:12.575Z ::1 POST / (200)
2025-05-07T14:35:12.582Z ::1 GET /?fields=name,desc,code,beginDate,endDate,quantity,unlimitedQty,discount,discountType,minimumTotal,maximumApplied,image (304)
2025-05-07T14:35:12.586Z ::1 GET /?fields=name%20slug%20image (304)
2025-05-07T14:35:12.650Z ::1 GET /api/v2/orders?page=1&status=&paymentStatus=&limit=1000000000
2025-05-07T14:35:12.889Z ::1 GET /?page=1&status=&paymentStatus=&limit=1000000000 (304)
2025-05-07T14:35:13.286Z ::1 GET /?fields=name%20slug%20image (304)
2025-05-07T14:35:19.228Z ::1 GET /api/v2/orders?page=1&status=&paymentStatus=paid&limit=1000000000
2025-05-07T14:35:19.470Z ::1 GET /?page=1&status=&paymentStatus=paid&limit=1000000000 (200)
2025-05-07T14:35:23.089Z ::1 GET /api/v2/products?search=&page=1&limit=20&b=&c=
2025-05-07T14:35:23.110Z ::1 GET /api/v2/products/best-seller
2025-05-07T14:35:23.364Z ::1 GET /best-seller (304)
2025-05-07T14:35:25.009Z ::1 GET /?search=&page=1&limit=20&b=&c= (304)