
2025-05-26T13:37:09.486Z ::1 GET /api/v2/products/search/suggest?keyword=
2025-05-26T13:37:09.847Z ::1 GET /api/v2/categories?fields=name%20slug%20image
2025-05-26T13:37:09.853Z ::1 GET /api/v2/brands?fields=name%20slug%20image
2025-05-26T13:37:09.856Z ::1 GET /api/v2/discounts?fields=name,desc,code,beginDate,endDate,quantity,unlimitedQty,discount,discountType,minimumTotal,maximumApplied,image
2025-05-26T13:37:10.092Z ::1 GET /search/suggest?keyword= (200)
2025-05-26T13:37:10.104Z ::1 GET /?fields=name,desc,code,beginDate,endDate,quantity,unlimitedQty,discount,discountType,minimumTotal,maximumApplied,image (200)
2025-05-26T13:37:10.110Z ::1 GET /?fields=name%20slug%20image (200)
2025-05-26T13:37:10.117Z ::1 GET /api/v2/products?search=&page=1&limit=20&b=&c=
2025-05-26T13:37:10.661Z ::1 GET /api/v2/products/best-seller
2025-05-26T13:37:10.825Z ::1 GET /?fields=name%20slug%20image (200)
2025-05-26T13:37:10.926Z ::1 GET /best-seller (200)
2025-05-26T13:37:11.906Z ::1 GET /?search=&page=1&limit=20&b=&c= (200)
2025-05-26T13:40:11.922Z ::1 POST /api/v2/auth/register
2025-05-26T13:40:12.553Z ::1 POST /api/v2/auth/register (200)
2025-05-26T13:40:12.750Z ::1 POST /api/v2/cart
2025-05-26T13:40:12.756Z ::1 POST /api/v2/cart (400)
2025-05-26T13:40:12.759Z ::1 GET /api/v2/products/search/suggest?keyword=
2025-05-26T13:40:12.764Z ::1 GET /api/v2/categories?fields=name%20slug%20image
2025-05-26T13:40:12.768Z ::1 GET /api/v2/brands?fields=name%20slug%20image
2025-05-26T13:40:12.771Z ::1 GET /api/v2/discounts?fields=name,desc,code,beginDate,endDate,quantity,unlimitedQty,discount,discountType,minimumTotal,maximumApplied,image
2025-05-26T13:40:12.938Z ::1 GET /api/v2/products?search=&page=1&limit=20&b=&c=
2025-05-26T13:40:13.009Z ::1 GET /search/suggest?keyword= (304)
2025-05-26T13:40:13.015Z ::1 GET /?fields=name%20slug%20image (304)
2025-05-26T13:40:13.018Z ::1 GET /?fields=name,desc,code,beginDate,endDate,quantity,unlimitedQty,discount,discountType,minimumTotal,maximumApplied,image (304)
2025-05-26T13:40:13.025Z ::1 GET /api/v2/products/best-seller
2025-05-26T13:40:13.287Z ::1 GET /best-seller (304)
2025-05-26T13:40:13.727Z ::1 GET /?fields=name%20slug%20image (304)
2025-05-26T13:40:14.918Z ::1 GET /?search=&page=1&limit=20&b=&c= (304)
2025-05-26T13:40:21.998Z ::1 POST /api/v2/auth/login
2025-05-26T13:40:22.625Z ::1 POST /login (200)
2025-05-26T13:40:22.807Z ::1 POST /api/v2/cart
2025-05-26T13:40:22.814Z ::1 GET /api/v2/products/search/suggest?keyword=
2025-05-26T13:40:22.819Z ::1 GET /api/v2/categories?fields=name%20slug%20image
2025-05-26T13:40:22.823Z ::1 GET /api/v2/brands?fields=name%20slug%20image
2025-05-26T13:40:22.826Z ::1 GET /api/v2/discounts?fields=name,desc,code,beginDate,endDate,quantity,unlimitedQty,discount,discountType,minimumTotal,maximumApplied,image
2025-05-26T13:40:22.985Z ::1 GET /api/v2/products?search=&page=1&limit=20&b=&c=
2025-05-26T13:40:23.052Z ::1 GET /search/suggest?keyword= (304)
2025-05-26T13:40:23.059Z ::1 POST / (200)
2025-05-26T13:40:23.068Z ::1 GET /?fields=name%20slug%20image (304)
2025-05-26T13:40:23.071Z ::1 GET /?fields=name,desc,code,beginDate,endDate,quantity,unlimitedQty,discount,discountType,minimumTotal,maximumApplied,image (304)
2025-05-26T13:40:23.073Z ::1 GET /api/v2/products/best-seller
2025-05-26T13:40:23.328Z ::1 GET /best-seller (304)
2025-05-26T13:40:23.782Z ::1 GET /?fields=name%20slug%20image (304)
2025-05-26T13:40:24.893Z ::1 GET /?search=&page=1&limit=20&b=&c= (304)
2025-05-26T13:40:25.925Z ::1 GET /api/v2/products/iphone-12-mini?fields=_id%20name%20slug%20desc%20video%20overSpecs%20policies%20detailSpecs%20origin%20category%20brand%20tags%20views%20rate%20variants%20quantity%20warrantyPeriod%20isHide%20createdAt%20updatedAt
2025-05-26T13:40:26.672Z ::1 GET /iphone-12-mini?fields=_id%20name%20slug%20desc%20video%20overSpecs%20policies%20detailSpecs%20origin%20category%20brand%20tags%20views%20rate%20variants%20quantity%20warrantyPeriod%20isHide%20createdAt%20updatedAt (200)
2025-05-26T13:40:27.711Z ::1 POST /api/v2/user-behavior
2025-05-26T13:40:27.718Z ::1 POST / (200)
2025-05-26T13:40:28.668Z ::1 POST /api/v2/cart/add
2025-05-26T13:40:29.641Z ::1 POST /add (200)
2025-05-26T13:40:31.892Z ::1 GET /api/v2/account/addresses
2025-05-26T13:40:32.367Z ::1 GET /addresses (200)
2025-05-26T13:40:37.756Z ::1 POST /api/v2/user-behavior
2025-05-26T13:40:37.759Z ::1 POST / (200)
2025-05-26T13:41:14.941Z ::1 GET /api/v2/account
2025-05-26T13:41:17.103Z ::1 GET / (200)
2025-05-26T13:41:17.330Z ::1 GET /api/v2/products/search/suggest?keyword=
2025-05-26T13:41:17.336Z ::1 POST /api/v2/cart
2025-05-26T13:41:17.339Z ::1 GET /api/v2/categories?fields=name%20slug%20image
2025-05-26T13:41:17.343Z ::1 GET /api/v2/brands?fields=name%20slug%20image
2025-05-26T13:41:17.347Z ::1 GET /api/v2/discounts?fields=name,desc,code,beginDate,endDate,quantity,unlimitedQty,discount,discountType,minimumTotal,maximumApplied,image
2025-05-26T13:41:18.297Z ::1 GET /?fields=name,desc,code,beginDate,endDate,quantity,unlimitedQty,discount,discountType,minimumTotal,maximumApplied,image (304)
2025-05-26T13:41:18.871Z ::1 GET /?fields=name%20slug%20image (304)
2025-05-26T13:41:23.586Z ::1 GET /?fields=name%20slug%20image (304)
2025-05-26T13:41:32.419Z ::1 POST / (200)
2025-05-26T13:42:20.903Z ::1 GET /search/suggest?keyword= (304)
2025-05-26T13:43:34.941Z ::1 GET /api/v2/account
2025-05-26T13:43:35.420Z ::1 GET / (304)
2025-05-26T13:43:35.704Z ::1 GET /api/v2/products/search/suggest?keyword=
2025-05-26T13:43:35.707Z ::1 GET /api/v2/categories?fields=name%20slug%20image
2025-05-26T13:43:35.710Z ::1 POST /api/v2/cart
2025-05-26T13:43:35.715Z ::1 GET /api/v2/brands?fields=name%20slug%20image
2025-05-26T13:43:35.717Z ::1 GET /api/v2/discounts?fields=name,desc,code,beginDate,endDate,quantity,unlimitedQty,discount,discountType,minimumTotal,maximumApplied,image
2025-05-26T13:43:35.894Z ::1 GET /api/v2/orders?page=1&status=&paymentStatus=&limit=1000000000
2025-05-26T13:43:35.943Z ::1 GET /search/suggest?keyword= (304)
2025-05-26T13:43:36.183Z ::1 GET /?fields=name%20slug%20image (304)
2025-05-26T13:43:36.418Z ::1 GET /?fields=name,desc,code,beginDate,endDate,quantity,unlimitedQty,discount,discountType,minimumTotal,maximumApplied,image (304)
2025-05-26T13:43:36.656Z ::1 GET /?page=1&status=&paymentStatus=&limit=1000000000 (200)
2025-05-26T13:43:37.517Z ::1 POST / (200)
2025-05-26T13:43:37.960Z ::1 GET /?fields=name%20slug%20image (304)
2025-05-26T13:47:37.637Z ::1 GET /api/v2/account
2025-05-26T13:47:38.107Z ::1 GET / (304)
2025-05-26T13:47:38.334Z ::1 GET /api/v2/products/search/suggest?keyword=
2025-05-26T13:47:38.337Z ::1 GET /api/v2/categories?fields=name%20slug%20image
2025-05-26T13:47:38.341Z ::1 POST /api/v2/cart
2025-05-26T13:47:38.346Z ::1 GET /api/v2/brands?fields=name%20slug%20image
2025-05-26T13:47:38.349Z ::1 GET /api/v2/discounts?fields=name,desc,code,beginDate,endDate,quantity,unlimitedQty,discount,discountType,minimumTotal,maximumApplied,image
2025-05-26T13:47:38.498Z ::1 GET /api/v2/orders?page=1&status=&paymentStatus=&limit=1000000000
2025-05-26T13:47:38.571Z ::1 GET /search/suggest?keyword= (304)
2025-05-26T13:47:38.803Z ::1 GET /?page=1&status=&paymentStatus=&limit=1000000000 (304)
2025-05-26T13:47:38.822Z ::1 POST / (200)
2025-05-26T13:47:39.308Z ::1 GET /?fields=name%20slug%20image (304)
2025-05-26T13:47:39.933Z ::1 GET /?fields=name,desc,code,beginDate,endDate,quantity,unlimitedQty,discount,discountType,minimumTotal,maximumApplied,image (304)
2025-05-26T13:47:39.948Z ::1 GET /?fields=name%20slug%20image (304)
2025-05-26T13:48:53.478Z ::1 GET /api/v2/account
2025-05-26T13:48:53.951Z ::1 GET / (304)
2025-05-26T13:48:54.291Z ::1 GET /api/v2/products/search/suggest?keyword=
2025-05-26T13:48:54.295Z ::1 GET /api/v2/categories?fields=name%20slug%20image
2025-05-26T13:48:54.298Z ::1 GET /api/v2/brands?fields=name%20slug%20image
2025-05-26T13:48:54.302Z ::1 POST /api/v2/cart
2025-05-26T13:48:54.307Z ::1 GET /api/v2/discounts?fields=name,desc,code,beginDate,endDate,quantity,unlimitedQty,discount,discountType,minimumTotal,maximumApplied,image
2025-05-26T13:48:54.516Z ::1 GET /api/v2/orders?page=1&status=&paymentStatus=&limit=1000000000
2025-05-26T13:48:54.528Z ::1 GET /search/suggest?keyword= (304)
2025-05-26T13:48:54.543Z ::1 GET /?fields=name%20slug%20image (304)
2025-05-26T13:48:54.550Z ::1 GET /?fields=name,desc,code,beginDate,endDate,quantity,unlimitedQty,discount,discountType,minimumTotal,maximumApplied,image (304)
2025-05-26T13:48:54.785Z ::1 POST / (200)
2025-05-26T13:48:55.239Z ::1 GET /?fields=name%20slug%20image (304)
2025-05-26T13:48:56.100Z ::1 GET /?page=1&status=&paymentStatus=&limit=1000000000 (304)
2025-05-26T13:50:37.426Z ::1 GET /api/v2/account
2025-05-26T13:50:37.892Z ::1 GET / (304)
2025-05-26T13:50:38.250Z ::1 GET /api/v2/products/search/suggest?keyword=
2025-05-26T13:50:38.254Z ::1 GET /api/v2/discounts?fields=name,desc,code,beginDate,endDate,quantity,unlimitedQty,discount,discountType,minimumTotal,maximumApplied,image
2025-05-26T13:50:38.257Z ::1 POST /api/v2/cart
2025-05-26T13:50:38.263Z ::1 GET /api/v2/categories?fields=name%20slug%20image
2025-05-26T13:50:38.265Z ::1 GET /api/v2/brands?fields=name%20slug%20image
2025-05-26T13:50:38.483Z ::1 GET /search/suggest?keyword= (304)
2025-05-26T13:50:38.489Z ::1 GET /?fields=name,desc,code,beginDate,endDate,quantity,unlimitedQty,discount,discountType,minimumTotal,maximumApplied,image (304)
2025-05-26T13:50:38.503Z ::1 GET /api/v2/orders?page=1&status=&paymentStatus=&limit=1000000000
2025-05-26T13:50:38.509Z ::1 GET /?fields=name%20slug%20image (304)
2025-05-26T13:50:38.740Z ::1 POST / (200)
2025-05-26T13:50:38.742Z ::1 GET /?page=1&status=&paymentStatus=&limit=1000000000 (304)
2025-05-26T13:50:39.209Z ::1 GET /?fields=name%20slug%20image (304)
2025-05-26T13:53:58.998Z ::1 GET /api/v2/account
2025-05-26T13:53:59.471Z ::1 GET / (304)
2025-05-26T13:53:59.722Z ::1 GET /api/v2/products/search/suggest?keyword=
2025-05-26T13:53:59.727Z ::1 GET /api/v2/categories?fields=name%20slug%20image
2025-05-26T13:53:59.732Z ::1 POST /api/v2/cart
2025-05-26T13:53:59.735Z ::1 GET /api/v2/brands?fields=name%20slug%20image
2025-05-26T13:53:59.737Z ::1 GET /api/v2/discounts?fields=name,desc,code,beginDate,endDate,quantity,unlimitedQty,discount,discountType,minimumTotal,maximumApplied,image
2025-05-26T13:53:59.962Z ::1 GET /search/suggest?keyword= (304)
2025-05-26T13:53:59.973Z ::1 GET /?fields=name,desc,code,beginDate,endDate,quantity,unlimitedQty,discount,discountType,minimumTotal,maximumApplied,image (304)
2025-05-26T13:53:59.983Z ::1 GET /?fields=name%20slug%20image (304)
2025-05-26T13:54:00.022Z ::1 GET /api/v2/orders?page=1&status=&paymentStatus=&limit=1000000000
2025-05-26T13:54:00.221Z ::1 POST / (200)
2025-05-26T13:54:00.267Z ::1 GET /?page=1&status=&paymentStatus=&limit=1000000000 (304)
2025-05-26T13:54:00.680Z ::1 GET /?fields=name%20slug%20image (304)
2025-05-26T13:54:34.810Z ::1 GET /api/v2/account
2025-05-26T13:54:35.282Z ::1 GET / (304)
2025-05-26T13:54:35.489Z ::1 GET /api/v2/products/search/suggest?keyword=
2025-05-26T13:54:35.493Z ::1 POST /api/v2/cart
2025-05-26T13:54:35.497Z ::1 GET /api/v2/categories?fields=name%20slug%20image
2025-05-26T13:54:35.500Z ::1 GET /api/v2/brands?fields=name%20slug%20image
2025-05-26T13:54:35.502Z ::1 GET /api/v2/discounts?fields=name,desc,code,beginDate,endDate,quantity,unlimitedQty,discount,discountType,minimumTotal,maximumApplied,image
2025-05-26T13:54:35.695Z ::1 GET /api/v2/orders?page=1&status=&paymentStatus=&limit=1000000000
2025-05-26T13:54:35.726Z ::1 GET /search/suggest?keyword= (304)
2025-05-26T13:54:35.735Z ::1 GET /?fields=name%20slug%20image (304)
2025-05-26T13:54:35.742Z ::1 GET /?fields=name,desc,code,beginDate,endDate,quantity,unlimitedQty,discount,discountType,minimumTotal,maximumApplied,image (304)
2025-05-26T13:54:35.937Z ::1 GET /?page=1&status=&paymentStatus=&limit=1000000000 (304)
2025-05-26T13:54:35.982Z ::1 POST / (200)
2025-05-26T13:54:36.462Z ::1 GET /?fields=name%20slug%20image (304)
2025-05-26T13:57:10.448Z ::1 GET /api/v2/account
2025-05-26T13:57:10.926Z ::1 GET / (304)
2025-05-26T13:57:11.101Z ::1 GET /api/v2/products/search/suggest?keyword=
2025-05-26T13:57:11.104Z ::1 GET /api/v2/categories?fields=name%20slug%20image
2025-05-26T13:57:11.107Z ::1 POST /api/v2/cart
2025-05-26T13:57:11.110Z ::1 GET /api/v2/brands?fields=name%20slug%20image
2025-05-26T13:57:11.112Z ::1 GET /api/v2/discounts?fields=name,desc,code,beginDate,endDate,quantity,unlimitedQty,discount,discountType,minimumTotal,maximumApplied,image
2025-05-26T13:57:11.237Z ::1 GET /api/v2/orders?page=1&status=&paymentStatus=&limit=1000000000
2025-05-26T13:57:11.341Z ::1 GET /search/suggest?keyword= (304)
2025-05-26T13:57:11.348Z ::1 GET /?fields=name,desc,code,beginDate,endDate,quantity,unlimitedQty,discount,discountType,minimumTotal,maximumApplied,image (304)
2025-05-26T13:57:11.351Z ::1 GET /?fields=name%20slug%20image (304)
2025-05-26T13:57:11.477Z ::1 GET /?page=1&status=&paymentStatus=&limit=1000000000 (304)
2025-05-26T13:57:11.581Z ::1 POST / (200)
2025-05-26T13:57:12.071Z ::1 GET /?fields=name%20slug%20image (304)