
2025-06-16T13:34:17.468Z ::1 GET /api/v2/account
2025-06-16T13:34:18.072Z ::1 GET / (304)
2025-06-16T13:34:18.076Z ::1 GET /api/v2/account
2025-06-16T13:34:18.264Z ::1 POST /api/v2/cart
2025-06-16T13:34:18.464Z ::1 GET /api/v2/products/search/suggest?keyword=
2025-06-16T13:34:18.472Z ::1 GET /api/v2/categories?fields=name%20slug%20image
2025-06-16T13:34:18.476Z ::1 GET /api/v2/brands?fields=name%20slug%20image
2025-06-16T13:34:18.482Z ::1 GET /api/v2/discounts?fields=name,desc,code,beginDate,endDate,quantity,unlimitedQty,discount,discountType,minimumTotal,maximumApplied,image
2025-06-16T13:34:18.505Z ::1 GET /api/v2/products?search=&page=1&limit=20&b=&c=
2025-06-16T13:34:18.754Z ::1 GET /search/suggest?keyword= (304)
2025-06-16T13:34:18.764Z ::1 GET /api/v2/account
2025-06-16T13:34:18.772Z ::1 GET /?fields=name%20slug%20image (304)
2025-06-16T13:34:18.774Z ::1 GET /api/v2/products/best-seller
2025-06-16T13:34:18.780Z ::1 GET /?fields=name,desc,code,beginDate,endDate,quantity,unlimitedQty,discount,discountType,minimumTotal,maximumApplied,image (304)
2025-06-16T13:34:19.037Z ::1 POST / (200)
2025-06-16T13:34:19.091Z ::1 GET /best-seller (200)
2025-06-16T13:34:19.352Z ::1 GET / (200)
2025-06-16T13:34:19.638Z ::1 GET /?fields=name%20slug%20image (304)
2025-06-16T13:34:19.691Z ::1 GET /api/v2/account
2025-06-16T13:34:20.108Z ::1 POST /api/v2/cart
2025-06-16T13:34:20.115Z ::1 GET /api/v2/products/search/suggest?keyword=
2025-06-16T13:34:20.121Z ::1 GET /api/v2/categories?fields=name%20slug%20image
2025-06-16T13:34:20.129Z ::1 GET /api/v2/brands?fields=name%20slug%20image
2025-06-16T13:34:20.132Z ::1 GET /api/v2/discounts?fields=name,desc,code,beginDate,endDate,quantity,unlimitedQty,discount,discountType,minimumTotal,maximumApplied,image
2025-06-16T13:34:20.406Z ::1 GET /search/suggest?keyword= (304)
2025-06-16T13:34:20.415Z ::1 GET /?fields=name,desc,code,beginDate,endDate,quantity,unlimitedQty,discount,discountType,minimumTotal,maximumApplied,image (304)
2025-06-16T13:34:20.417Z ::1 GET /api/v2/account
2025-06-16T13:34:20.431Z ::1 GET /?fields=name%20slug%20image (304)
2025-06-16T13:34:20.452Z ::1 GET /api/v2/orders?page=1&limit=1000000000
2025-06-16T13:34:20.700Z ::1 POST / (200)
2025-06-16T13:34:20.986Z ::1 GET / (200)
2025-06-16T13:34:21.035Z ::1 GET /?page=1&limit=1000000000 (304)
2025-06-16T13:34:21.116Z ::1 GET /?search=&page=1&limit=20&b=&c= (200)
2025-06-16T13:34:21.135Z ::1 POST /api/v2/cart
2025-06-16T13:34:21.142Z ::1 GET /api/v2/products/search/suggest?keyword=
2025-06-16T13:34:21.148Z ::1 GET /api/v2/brands?fields=name%20slug%20image
2025-06-16T13:34:21.152Z ::1 GET /api/v2/discounts?fields=name,desc,code,beginDate,endDate,quantity,unlimitedQty,discount,discountType,minimumTotal,maximumApplied,image
2025-06-16T13:34:21.236Z ::1 GET /?fields=name%20slug%20image (304)
2025-06-16T13:34:21.238Z ::1 GET /api/v2/categories?fields=name%20slug%20image
2025-06-16T13:34:21.425Z ::1 GET /search/suggest?keyword= (304)
2025-06-16T13:34:21.442Z ::1 GET /?fields=name%20slug%20image (304)
2025-06-16T13:34:21.446Z ::1 GET /?fields=name,desc,code,beginDate,endDate,quantity,unlimitedQty,discount,discountType,minimumTotal,maximumApplied,image (304)
2025-06-16T13:34:21.721Z ::1 POST / (200)
2025-06-16T13:34:21.813Z ::1 GET /api/v2/orders?page=1&limit=1000000000
2025-06-16T13:34:22.355Z ::1 GET /?fields=name%20slug%20image (304)
2025-06-16T13:34:22.402Z ::1 GET /?page=1&limit=1000000000 (304)
2025-06-16T13:42:03.398Z ::1 GET /api/v2/account
2025-06-16T13:42:04.063Z ::1 GET / (304)
2025-06-16T13:42:04.067Z ::1 GET /api/v2/account
2025-06-16T13:42:04.322Z ::1 GET /api/v2/products/search/suggest?keyword=
2025-06-16T13:42:04.328Z ::1 GET /api/v2/categories?fields=name%20slug%20image
2025-06-16T13:42:04.333Z ::1 POST /api/v2/cart
2025-06-16T13:42:04.339Z ::1 GET /api/v2/brands?fields=name%20slug%20image
2025-06-16T13:42:04.345Z ::1 GET /api/v2/discounts?fields=name,desc,code,beginDate,endDate,quantity,unlimitedQty,discount,discountType,minimumTotal,maximumApplied,image
2025-06-16T13:42:04.640Z ::1 GET /search/suggest?keyword= (304)
2025-06-16T13:42:04.665Z ::1 GET /?fields=name%20slug%20image (304)
2025-06-16T13:42:04.671Z ::1 GET /?fields=name,desc,code,beginDate,endDate,quantity,unlimitedQty,discount,discountType,minimumTotal,maximumApplied,image (304)
2025-06-16T13:42:04.707Z ::1 GET /api/v2/account
2025-06-16T13:42:04.720Z ::1 GET /api/v2/orders?page=1&limit=1000000000
2025-06-16T13:42:04.989Z ::1 POST / (200)
2025-06-16T13:42:05.357Z ::1 GET / (200)
2025-06-16T13:42:05.362Z ::1 GET /?page=1&limit=1000000000 (304)
2025-06-16T13:42:05.509Z ::1 POST /api/v2/cart
2025-06-16T13:42:05.516Z ::1 GET /api/v2/products/search/suggest?keyword=
2025-06-16T13:42:05.519Z ::1 GET /api/v2/brands?fields=name%20slug%20image
2025-06-16T13:42:05.521Z ::1 GET /api/v2/discounts?fields=name,desc,code,beginDate,endDate,quantity,unlimitedQty,discount,discountType,minimumTotal,maximumApplied,image
2025-06-16T13:42:05.630Z ::1 GET /?fields=name%20slug%20image (304)
2025-06-16T13:42:05.632Z ::1 GET /api/v2/categories?fields=name%20slug%20image
2025-06-16T13:42:05.636Z ::1 GET /api/v2/orders?page=1&limit=1000000000
2025-06-16T13:42:05.849Z ::1 GET /?fields=name%20slug%20image (304)
2025-06-16T13:42:05.851Z ::1 GET /search/suggest?keyword= (304)
2025-06-16T13:42:05.855Z ::1 GET /?fields=name,desc,code,beginDate,endDate,quantity,unlimitedQty,discount,discountType,minimumTotal,maximumApplied,image (304)
2025-06-16T13:42:06.156Z ::1 POST / (200)
2025-06-16T13:42:06.269Z ::1 GET /?page=1&limit=1000000000 (304)
2025-06-16T13:42:06.952Z ::1 GET /?fields=name%20slug%20image (304)
2025-06-16T13:42:31.935Z ::1 GET /api/v2/account
2025-06-16T13:42:32.597Z ::1 GET / (304)
2025-06-16T13:42:32.607Z ::1 GET /api/v2/account
2025-06-16T13:42:32.753Z ::1 GET /api/v2/products/search/suggest?keyword=
2025-06-16T13:42:32.762Z ::1 GET /api/v2/categories?fields=name%20slug%20image
2025-06-16T13:42:32.765Z ::1 POST /api/v2/cart
2025-06-16T13:42:32.770Z ::1 GET /api/v2/brands?fields=name%20slug%20image
2025-06-16T13:42:32.774Z ::1 GET /api/v2/discounts?fields=name,desc,code,beginDate,endDate,quantity,unlimitedQty,discount,discountType,minimumTotal,maximumApplied,image
2025-06-16T13:42:33.011Z ::1 GET /api/v2/account
2025-06-16T13:42:33.077Z ::1 GET /search/suggest?keyword= (304)
2025-06-16T13:42:33.082Z ::1 GET /api/v2/orders?page=1&limit=1000000000
2025-06-16T13:42:33.107Z ::1 GET /?fields=name%20slug%20image (304)
2025-06-16T13:42:33.110Z ::1 GET /?fields=name,desc,code,beginDate,endDate,quantity,unlimitedQty,discount,discountType,minimumTotal,maximumApplied,image (304)
2025-06-16T13:42:33.424Z ::1 POST / (200)
2025-06-16T13:42:33.673Z ::1 GET / (200)
2025-06-16T13:42:33.715Z ::1 GET /?page=1&limit=1000000000 (304)
2025-06-16T13:42:33.800Z ::1 POST /api/v2/cart
2025-06-16T13:42:33.806Z ::1 GET /api/v2/products/search/suggest?keyword=
2025-06-16T13:42:33.811Z ::1 GET /api/v2/brands?fields=name%20slug%20image
2025-06-16T13:42:33.815Z ::1 GET /api/v2/discounts?fields=name,desc,code,beginDate,endDate,quantity,unlimitedQty,discount,discountType,minimumTotal,maximumApplied,image
2025-06-16T13:42:33.904Z ::1 GET /api/v2/orders?page=1&limit=1000000000
2025-06-16T13:42:34.052Z ::1 GET /?fields=name%20slug%20image (304)
2025-06-16T13:42:34.054Z ::1 GET /api/v2/categories?fields=name%20slug%20image
2025-06-16T13:42:34.133Z ::1 GET /search/suggest?keyword= (304)
2025-06-16T13:42:34.151Z ::1 GET /?fields=name%20slug%20image (304)
2025-06-16T13:42:34.169Z ::1 GET /?fields=name,desc,code,beginDate,endDate,quantity,unlimitedQty,discount,discountType,minimumTotal,maximumApplied,image (304)
2025-06-16T13:42:34.437Z ::1 POST / (200)
2025-06-16T13:42:34.571Z ::1 GET /?page=1&limit=1000000000 (304)
2025-06-16T13:42:35.351Z ::1 GET /?fields=name%20slug%20image (304)
2025-06-16T13:42:50.507Z ::1 GET /api/v2/products/apple-watch-s5-40mm-vien-nhom-day-cao-su?fields=_id%20name%20slug%20desc%20video%20overSpecs%20policies%20detailSpecs%20origin%20category%20brand%20tags%20views%20rate%20variants%20quantity%20warrantyPeriod%20isHide%20createdAt%20updatedAt
2025-06-16T13:42:50.714Z ::1 GET /api/v2/account
2025-06-16T13:42:51.513Z ::1 GET /apple-watch-s5-40mm-vien-nhom-day-cao-su?fields=_id%20name%20slug%20desc%20video%20overSpecs%20policies%20detailSpecs%20origin%20category%20brand%20tags%20views%20rate%20variants%20quantity%20warrantyPeriod%20isHide%20createdAt%20updatedAt (200)
2025-06-16T13:42:51.904Z ::1 GET / (304)
2025-06-16T13:42:51.907Z ::1 GET /api/v2/account
2025-06-16T13:42:52.508Z ::1 GET /api/v2/products/search/suggest?keyword=
2025-06-16T13:42:52.514Z ::1 GET /api/v2/categories?fields=name%20slug%20image
2025-06-16T13:42:52.517Z ::1 POST /api/v2/cart
2025-06-16T13:42:52.523Z ::1 GET /api/v2/brands?fields=name%20slug%20image
2025-06-16T13:42:52.529Z ::1 GET /api/v2/discounts?fields=name,desc,code,beginDate,endDate,quantity,unlimitedQty,discount,discountType,minimumTotal,maximumApplied,image
2025-06-16T13:42:52.834Z ::1 GET /search/suggest?keyword= (304)
2025-06-16T13:42:52.854Z ::1 GET /?fields=name,desc,code,beginDate,endDate,quantity,unlimitedQty,discount,discountType,minimumTotal,maximumApplied,image (304)
2025-06-16T13:42:52.863Z ::1 GET /?fields=name%20slug%20image (304)
2025-06-16T13:42:52.893Z ::1 GET /api/v2/account
2025-06-16T13:42:52.928Z ::1 GET /api/v2/orders?page=1&limit=1000000000
2025-06-16T13:42:53.183Z ::1 POST / (200)
2025-06-16T13:42:53.553Z ::1 GET / (200)
2025-06-16T13:42:53.574Z ::1 GET /?page=1&limit=1000000000 (304)
2025-06-16T13:42:53.725Z ::1 GET /api/v2/products/search/suggest?keyword=
2025-06-16T13:42:53.730Z ::1 POST /api/v2/cart
2025-06-16T13:42:53.734Z ::1 GET /api/v2/brands?fields=name%20slug%20image
2025-06-16T13:42:53.737Z ::1 GET /api/v2/discounts?fields=name,desc,code,beginDate,endDate,quantity,unlimitedQty,discount,discountType,minimumTotal,maximumApplied,image
2025-06-16T13:42:53.774Z ::1 GET /?fields=name%20slug%20image (304)
2025-06-16T13:42:53.777Z ::1 GET /api/v2/categories?fields=name%20slug%20image
2025-06-16T13:42:53.890Z ::1 GET /api/v2/orders?page=1&limit=1000000000
2025-06-16T13:42:54.051Z ::1 GET /search/suggest?keyword= (304)
2025-06-16T13:42:54.057Z ::1 GET /?fields=name,desc,code,beginDate,endDate,quantity,unlimitedQty,discount,discountType,minimumTotal,maximumApplied,image (304)
2025-06-16T13:42:54.071Z ::1 GET /?fields=name%20slug%20image (304)
2025-06-16T13:42:54.394Z ::1 POST / (200)
2025-06-16T13:42:54.544Z ::1 GET /?page=1&limit=1000000000 (304)
2025-06-16T13:42:55.044Z ::1 GET /?fields=name%20slug%20image (304)
2025-06-16T13:42:57.494Z ::1 POST /api/v2/user-behavior
2025-06-16T13:42:57.500Z ::1 POST / (200)
2025-06-16T13:43:07.486Z ::1 POST /api/v2/user-behavior
2025-06-16T13:43:07.491Z ::1 POST / (200)
2025-06-16T13:43:18.040Z ::1 POST /api/v2/user-behavior
2025-06-16T13:43:18.042Z ::1 POST / (200)
2025-06-16T13:43:18.324Z ::1 GET /api/v2/account
2025-06-16T13:43:18.976Z ::1 GET / (304)
2025-06-16T13:43:18.980Z ::1 GET /api/v2/account
2025-06-16T13:43:19.151Z ::1 GET /api/v2/products/search/suggest?keyword=
2025-06-16T13:43:19.155Z ::1 GET /api/v2/categories?fields=name%20slug%20image
2025-06-16T13:43:19.158Z ::1 POST /api/v2/cart
2025-06-16T13:43:19.161Z ::1 GET /api/v2/brands?fields=name%20slug%20image
2025-06-16T13:43:19.166Z ::1 GET /api/v2/discounts?fields=name,desc,code,beginDate,endDate,quantity,unlimitedQty,discount,discountType,minimumTotal,maximumApplied,image
2025-06-16T13:43:19.410Z ::1 POST /api/v2/cart/add
2025-06-16T13:43:20.357Z ::1 GET /api/v2/account
2025-06-16T13:43:20.766Z ::1 POST /add (200)
2025-06-16T13:43:21.021Z ::1 GET / (200)
2025-06-16T13:43:21.026Z ::1 GET /api/v2/account
2025-06-16T13:43:21.169Z ::1 GET /api/v2/products/search/suggest?keyword=
2025-06-16T13:43:21.174Z ::1 GET /api/v2/categories?fields=name%20slug%20image
2025-06-16T13:43:21.177Z ::1 GET /api/v2/brands?fields=name%20slug%20image
2025-06-16T13:43:21.181Z ::1 POST /api/v2/cart
2025-06-16T13:43:21.188Z ::1 GET /api/v2/discounts?fields=name,desc,code,beginDate,endDate,quantity,unlimitedQty,discount,discountType,minimumTotal,maximumApplied,image
2025-06-16T13:43:21.432Z ::1 GET /api/v2/account
2025-06-16T13:43:21.498Z ::1 GET /search/suggest?keyword= (200)
2025-06-16T13:43:21.503Z ::1 GET /api/v2/orders?page=1&limit=1000000000
2025-06-16T13:43:21.517Z ::1 GET /?fields=name,desc,code,beginDate,endDate,quantity,unlimitedQty,discount,discountType,minimumTotal,maximumApplied,image (200)
2025-06-16T13:43:21.827Z ::1 GET /?fields=name%20slug%20image (200)
2025-06-16T13:43:21.832Z ::1 POST / (200)
2025-06-16T13:43:22.061Z ::1 GET / (200)
2025-06-16T13:43:22.165Z ::1 GET /?page=1&limit=1000000000 (304)
2025-06-16T13:43:22.506Z ::1 GET /api/v2/account/addresses
2025-06-16T13:43:22.516Z ::1 GET /?fields=name%20slug%20image (200)
2025-06-16T13:43:22.714Z ::1 GET /api/v2/products/search/suggest?keyword=
2025-06-16T13:43:22.721Z ::1 POST /api/v2/cart
2025-06-16T13:43:22.729Z ::1 GET /api/v2/categories?fields=name%20slug%20image
2025-06-16T13:43:22.733Z ::1 GET /api/v2/brands?fields=name%20slug%20image
2025-06-16T13:43:22.735Z ::1 GET /api/v2/discounts?fields=name,desc,code,beginDate,endDate,quantity,unlimitedQty,discount,discountType,minimumTotal,maximumApplied,image
2025-06-16T13:43:23.050Z ::1 GET /search/suggest?keyword= (304)
2025-06-16T13:43:23.059Z ::1 GET /api/v2/orders?page=1&limit=1000000000
2025-06-16T13:43:23.069Z ::1 GET /?fields=name%20slug%20image (304)
2025-06-16T13:43:23.073Z ::1 GET /?fields=name,desc,code,beginDate,endDate,quantity,unlimitedQty,discount,discountType,minimumTotal,maximumApplied,image (304)
2025-06-16T13:43:23.165Z ::1 GET /addresses (304)
2025-06-16T13:43:23.356Z ::1 POST / (200)
2025-06-16T13:43:23.724Z ::1 GET /?page=1&limit=1000000000 (304)
2025-06-16T13:43:24.031Z ::1 GET /?fields=name%20slug%20image (304)
2025-06-16T13:43:27.446Z ::1 POST /api/v2/user-behavior
2025-06-16T13:43:27.449Z ::1 POST / (200)
2025-06-16T13:43:28.464Z ::1 POST /api/v2/orders
2025-06-16T13:43:32.514Z ::1 POST / (200)
2025-06-16T13:43:32.613Z ::1 DELETE /api/v2/cart/d00000000000000000000102/0000000000735
2025-06-16T13:43:32.617Z ::1 DELETE /api/v2/cart/d00000000000000000000169/0000000000023
2025-06-16T13:43:33.194Z ::1 GET /api/v2/account
2025-06-16T13:43:33.859Z ::1 GET / (304)
2025-06-16T13:43:33.862Z ::1 GET /api/v2/account
2025-06-16T13:43:34.045Z ::1 GET /api/v2/products/search/suggest?keyword=
2025-06-16T13:43:34.049Z ::1 POST /api/v2/cart
2025-06-16T13:43:34.053Z ::1 GET /api/v2/categories?fields=name%20slug%20image
2025-06-16T13:43:34.055Z ::1 GET /api/v2/discounts?fields=name,desc,code,beginDate,endDate,quantity,unlimitedQty,discount,discountType,minimumTotal,maximumApplied,image
2025-06-16T13:43:34.058Z ::1 GET /api/v2/brands?fields=name%20slug%20image
2025-06-16T13:43:34.348Z ::1 GET /api/v2/account
2025-06-16T13:43:34.359Z ::1 POST / (200)
2025-06-16T13:43:34.376Z ::1 GET /search/suggest?keyword= (304)
2025-06-16T13:43:34.390Z ::1 GET /?fields=name%20slug%20image (304)
2025-06-16T13:43:34.397Z ::1 GET /?fields=name,desc,code,beginDate,endDate,quantity,unlimitedQty,discount,discountType,minimumTotal,maximumApplied,image (304)
2025-06-16T13:43:34.881Z ::1 GET /api/v2/orders/68501f801b029599a0fed3e2
2025-06-16T13:43:34.992Z ::1 GET / (200)
2025-06-16T13:43:35.142Z ::1 GET /api/v2/products/search/suggest?keyword=
2025-06-16T13:43:35.148Z ::1 POST /api/v2/cart
2025-06-16T13:43:35.153Z ::1 GET /api/v2/brands?fields=name%20slug%20image
2025-06-16T13:43:35.155Z ::1 GET /api/v2/discounts?fields=name,desc,code,beginDate,endDate,quantity,unlimitedQty,discount,discountType,minimumTotal,maximumApplied,image
2025-06-16T13:43:35.467Z ::1 GET /search/suggest?keyword= (304)
2025-06-16T13:43:35.469Z ::1 GET /api/v2/account
2025-06-16T13:43:35.476Z ::1 GET /?fields=name,desc,code,beginDate,endDate,quantity,unlimitedQty,discount,discountType,minimumTotal,maximumApplied,image (304)
2025-06-16T13:43:35.484Z ::1 GET /?fields=name%20slug%20image (304)
2025-06-16T13:43:35.487Z ::1 POST / (200)
2025-06-16T13:43:35.490Z ::1 GET /api/v2/orders?page=1&limit=1000000000
2025-06-16T13:43:35.543Z ::1 GET /68501f801b029599a0fed3e2 (200)
2025-06-16T13:43:35.819Z ::1 GET /?fields=name%20slug%20image (304)
2025-06-16T13:43:35.826Z ::1 GET /api/v2/categories?fields=name%20slug%20image
2025-06-16T13:43:36.115Z ::1 GET / (304)
2025-06-16T13:43:36.157Z ::1 GET /?page=1&limit=1000000000 (200)
2025-06-16T13:43:36.269Z ::1 GET /api/v2/products/search/suggest?keyword=
2025-06-16T13:43:36.274Z ::1 POST /api/v2/cart
2025-06-16T13:43:36.285Z ::1 GET /api/v2/brands?fields=name%20slug%20image
2025-06-16T13:43:36.290Z ::1 GET /api/v2/discounts?fields=name,desc,code,beginDate,endDate,quantity,unlimitedQty,discount,discountType,minimumTotal,maximumApplied,image
2025-06-16T13:43:36.368Z ::1 GET /api/v2/orders?page=1&limit=1000000000
2025-06-16T13:43:36.603Z ::1 POST / (200)
2025-06-16T13:43:36.607Z ::1 GET /search/suggest?keyword= (304)
2025-06-16T13:43:36.617Z ::1 GET /?fields=name,desc,code,beginDate,endDate,quantity,unlimitedQty,discount,discountType,minimumTotal,maximumApplied,image (304)
2025-06-16T13:43:36.623Z ::1 GET /?fields=name%20slug%20image (304)
2025-06-16T13:43:37.012Z ::1 GET /?page=1&limit=1000000000 (304)
2025-06-16T13:43:37.146Z ::1 GET /?fields=name%20slug%20image (304)
2025-06-16T13:43:37.149Z ::1 GET /api/v2/categories?fields=name%20slug%20image
2025-06-16T13:43:38.466Z ::1 GET /?fields=name%20slug%20image (304)
2025-06-16T13:43:40.338Z ::1 GET /api/v2/categories?fields=_id%20name%20slug
2025-06-16T13:43:40.343Z ::1 GET /api/v2/products?search=&c=&b=&page=1&limit=10&getBrandFilter=1&getCategoryFilter=1&isShowHidden=0&fullTextSearch=1
2025-06-16T13:43:40.583Z ::1 GET /api/v2/account
2025-06-16T13:43:41.240Z ::1 GET / (304)
2025-06-16T13:43:41.244Z ::1 GET /api/v2/account
2025-06-16T13:43:41.402Z ::1 GET /api/v2/products/search/suggest?keyword=
2025-06-16T13:43:41.407Z ::1 POST /api/v2/cart
2025-06-16T13:43:41.414Z ::1 GET /api/v2/categories?fields=name%20slug%20image
2025-06-16T13:43:41.418Z ::1 GET /api/v2/brands?fields=name%20slug%20image
2025-06-16T13:43:41.661Z ::1 GET /?fields=_id%20name%20slug (304)
2025-06-16T13:43:41.664Z ::1 GET /api/v2/discounts?fields=name,desc,code,beginDate,endDate,quantity,unlimitedQty,discount,discountType,minimumTotal,maximumApplied,image
2025-06-16T13:43:41.731Z ::1 GET /search/suggest?keyword= (304)
2025-06-16T13:43:41.733Z ::1 GET /api/v2/account
2025-06-16T13:43:41.739Z ::1 GET /?fields=name%20slug%20image (304)
2025-06-16T13:43:41.749Z ::1 POST / (200)
2025-06-16T13:43:41.753Z ::1 GET /api/v2/brands?fields=_id%20name%20slug
2025-06-16T13:43:41.757Z ::1 GET /api/v2/orders?page=1&limit=1000000000
2025-06-16T13:43:41.994Z ::1 GET /?fields=name,desc,code,beginDate,endDate,quantity,unlimitedQty,discount,discountType,minimumTotal,maximumApplied,image (304)
2025-06-16T13:43:42.096Z ::1 GET /?fields=_id%20name%20slug (304)
2025-06-16T13:43:42.266Z ::1 GET /api/v2/products?search=&c=c00000000000000000000001&b=&page=1&limit=10&getBrandFilter=1&getCategoryFilter=1&isShowHidden=0&fullTextSearch=1
2025-06-16T13:43:42.392Z ::1 GET /?page=1&limit=1000000000 (304)
2025-06-16T13:43:42.974Z ::1 GET /api/v2/account
2025-06-16T13:43:43.621Z ::1 GET / (200)
2025-06-16T13:43:43.625Z ::1 GET /api/v2/account
2025-06-16T13:43:43.799Z ::1 GET /api/v2/products/search/suggest?keyword=
2025-06-16T13:43:43.804Z ::1 POST /api/v2/cart
2025-06-16T13:43:43.815Z ::1 GET /api/v2/categories?fields=name%20slug%20image
2025-06-16T13:43:43.819Z ::1 GET /api/v2/brands?fields=name%20slug%20image
2025-06-16T13:43:43.822Z ::1 GET /api/v2/discounts?fields=name,desc,code,beginDate,endDate,quantity,unlimitedQty,discount,discountType,minimumTotal,maximumApplied,image
2025-06-16T13:43:43.985Z ::1 GET /api/v2/orders?page=1&status=&paymentStatus=&limit=1000000000
2025-06-16T13:43:44.119Z ::1 GET /search/suggest?keyword= (304)
2025-06-16T13:43:44.122Z ::1 POST / (200)
2025-06-16T13:43:44.148Z ::1 GET /?fields=name%20slug%20image (304)
2025-06-16T13:43:44.154Z ::1 GET /api/v2/account
2025-06-16T13:43:44.816Z ::1 GET / (200)
2025-06-16T13:43:44.820Z ::1 GET /api/v2/account
2025-06-16T13:43:44.980Z ::1 POST /api/v2/cart
2025-06-16T13:43:44.987Z ::1 GET /api/v2/products/search/suggest?keyword=
2025-06-16T13:43:44.990Z ::1 GET /api/v2/brands?fields=name%20slug%20image
2025-06-16T13:43:45.141Z ::1 GET /?fields=name%20slug%20image (200)
2025-06-16T13:43:45.145Z ::1 GET /api/v2/categories?fields=name%20slug%20image
2025-06-16T13:43:45.303Z ::1 GET /search/suggest?keyword= (304)
2025-06-16T13:43:45.312Z ::1 POST / (200)
2025-06-16T13:43:45.317Z ::1 GET /?fields=name%20slug%20image (304)
2025-06-16T13:43:45.320Z ::1 GET /api/v2/account
2025-06-16T13:43:45.326Z ::1 GET /api/v2/orders?page=1&limit=1000000000
2025-06-16T13:43:45.962Z ::1 GET / (200)
2025-06-16T13:43:45.986Z ::1 GET /?page=1&limit=1000000000 (304)
2025-06-16T13:43:46.117Z ::1 POST /api/v2/cart
2025-06-16T13:43:46.120Z ::1 GET /api/v2/products/search/suggest?keyword=
2025-06-16T13:43:46.124Z ::1 GET /api/v2/brands?fields=name%20slug%20image
2025-06-16T13:43:46.189Z ::1 GET /?fields=name,desc,code,beginDate,endDate,quantity,unlimitedQty,discount,discountType,minimumTotal,maximumApplied,image (304)
2025-06-16T13:43:46.192Z ::1 GET /api/v2/discounts?fields=name,desc,code,beginDate,endDate,quantity,unlimitedQty,discount,discountType,minimumTotal,maximumApplied,image
2025-06-16T13:43:46.343Z ::1 GET /?page=1&status=&paymentStatus=&limit=1000000000 (200)
2025-06-16T13:43:46.349Z ::1 GET /api/v2/orders?page=1&limit=1000000000
2025-06-16T13:43:46.446Z ::1 POST / (200)
2025-06-16T13:43:46.561Z ::1 GET /?fields=name%20slug%20image (304)
2025-06-16T13:43:46.563Z ::1 GET /search/suggest?keyword= (304)
2025-06-16T13:43:46.567Z ::1 GET /?fields=name%20slug%20image (304)
2025-06-16T13:43:46.570Z ::1 GET /?fields=name,desc,code,beginDate,endDate,quantity,unlimitedQty,discount,discountType,minimumTotal,maximumApplied,image (304)
2025-06-16T13:43:46.572Z ::1 GET /api/v2/categories?fields=name%20slug%20image
2025-06-16T13:43:46.575Z ::1 GET /api/v2/discounts?fields=name,desc,code,beginDate,endDate,quantity,unlimitedQty,discount,discountType,minimumTotal,maximumApplied,image
2025-06-16T13:43:46.908Z ::1 GET /?fields=name,desc,code,beginDate,endDate,quantity,unlimitedQty,discount,discountType,minimumTotal,maximumApplied,image (304)
2025-06-16T13:43:47.014Z ::1 GET /?page=1&limit=1000000000 (304)
2025-06-16T13:43:48.794Z ::1 GET /api/v2/account
2025-06-16T13:43:49.433Z ::1 GET / (304)
2025-06-16T13:43:49.436Z ::1 GET /api/v2/account
2025-06-16T13:43:49.581Z ::1 GET /api/v2/products/search/suggest?keyword=
2025-06-16T13:43:49.584Z ::1 POST /api/v2/cart
2025-06-16T13:43:49.587Z ::1 GET /api/v2/categories?fields=name%20slug%20image
2025-06-16T13:43:49.590Z ::1 GET /api/v2/brands?fields=name%20slug%20image
2025-06-16T13:43:49.592Z ::1 GET /api/v2/discounts?fields=name,desc,code,beginDate,endDate,quantity,unlimitedQty,discount,discountType,minimumTotal,maximumApplied,image
2025-06-16T13:43:49.671Z ::1 GET /api/v2/orders?page=1&limit=1000000000
2025-06-16T13:43:49.916Z ::1 GET /search/suggest?keyword= (304)
2025-06-16T13:43:49.920Z ::1 POST / (200)
2025-06-16T13:43:49.923Z ::1 GET /?fields=name,desc,code,beginDate,endDate,quantity,unlimitedQty,discount,discountType,minimumTotal,maximumApplied,image (304)
2025-06-16T13:43:49.933Z ::1 GET /api/v2/account
2025-06-16T13:43:50.247Z ::1 GET /?fields=name%20slug%20image (304)
2025-06-16T13:43:50.582Z ::1 GET / (200)
2025-06-16T13:43:50.724Z ::1 GET /api/v2/products/search/suggest?keyword=
2025-06-16T13:43:50.729Z ::1 POST /api/v2/cart
2025-06-16T13:43:50.735Z ::1 GET /api/v2/brands?fields=name%20slug%20image
2025-06-16T13:43:50.739Z ::1 GET /api/v2/discounts?fields=name,desc,code,beginDate,endDate,quantity,unlimitedQty,discount,discountType,minimumTotal,maximumApplied,image
2025-06-16T13:43:50.928Z ::1 GET /?fields=name%20slug%20image (200)
2025-06-16T13:43:50.932Z ::1 GET /api/v2/categories?fields=name%20slug%20image
2025-06-16T13:43:51.063Z ::1 GET /search/suggest?keyword= (304)
2025-06-16T13:43:51.067Z ::1 POST / (200)
2025-06-16T13:43:51.072Z ::1 GET /?fields=name,desc,code,beginDate,endDate,quantity,unlimitedQty,discount,discountType,minimumTotal,maximumApplied,image (304)
2025-06-16T13:43:51.204Z ::1 GET /?page=1&limit=1000000000 (304)
2025-06-16T13:43:51.208Z ::1 GET /api/v2/orders?page=1&limit=1000000000
2025-06-16T13:43:51.378Z ::1 GET /?fields=name%20slug%20image (304)
2025-06-16T13:43:51.877Z ::1 GET /?page=1&limit=1000000000 (304)
2025-06-16T13:43:52.272Z ::1 GET /?fields=name%20slug%20image (304)
2025-06-16T13:44:28.623Z ::1 GET /api/v2/categories?fields=_id%20name%20slug
2025-06-16T13:44:28.627Z ::1 GET /api/v2/products?search=&c=&b=&page=1&limit=10&getBrandFilter=1&getCategoryFilter=1&isShowHidden=0&fullTextSearch=1
2025-06-16T13:44:28.870Z ::1 GET /api/v2/account
2025-06-16T13:44:29.529Z ::1 GET / (304)
2025-06-16T13:44:29.533Z ::1 GET /api/v2/account
2025-06-16T13:44:29.690Z ::1 GET /api/v2/products/search/suggest?keyword=
2025-06-16T13:44:29.694Z ::1 POST /api/v2/cart
2025-06-16T13:44:29.697Z ::1 GET /api/v2/categories?fields=name%20slug%20image
2025-06-16T13:44:29.700Z ::1 GET /api/v2/brands?fields=name%20slug%20image
2025-06-16T13:44:29.955Z ::1 GET /?fields=_id%20name%20slug (304)
2025-06-16T13:44:29.957Z ::1 GET /api/v2/discounts?fields=name,desc,code,beginDate,endDate,quantity,unlimitedQty,discount,discountType,minimumTotal,maximumApplied,image
2025-06-16T13:44:30.008Z ::1 GET /search/suggest?keyword= (304)
2025-06-16T13:44:30.010Z ::1 GET /api/v2/account
2025-06-16T13:44:30.015Z ::1 POST / (200)
2025-06-16T13:44:30.021Z ::1 GET /api/v2/orders?page=1&limit=1000000000
2025-06-16T13:44:30.278Z ::1 GET /?fields=name,desc,code,beginDate,endDate,quantity,unlimitedQty,discount,discountType,minimumTotal,maximumApplied,image (304)
2025-06-16T13:44:30.281Z ::1 GET /api/v2/brands?fields=_id%20name%20slug
2025-06-16T13:44:30.350Z ::1 GET /?fields=name%20slug%20image (304)
2025-06-16T13:44:30.617Z ::1 GET /?fields=_id%20name%20slug (304)
2025-06-16T13:44:30.650Z ::1 GET /?page=1&limit=1000000000 (304)
2025-06-16T13:44:30.861Z ::1 GET /api/v2/products?search=&c=c00000000000000000000001&b=&page=1&limit=10&getBrandFilter=1&getCategoryFilter=1&isShowHidden=0&fullTextSearch=1
2025-06-16T13:44:31.024Z ::1 GET /?fields=name%20slug%20image (304)
2025-06-16T13:44:31.199Z ::1 GET / (200)
2025-06-16T13:44:32.039Z ::1 GET /api/v2/account
2025-06-16T13:44:32.678Z ::1 GET / (304)
2025-06-16T13:44:32.682Z ::1 GET /api/v2/account
2025-06-16T13:44:32.831Z ::1 POST /api/v2/cart
2025-06-16T13:44:32.836Z ::1 GET /api/v2/products/search/suggest?keyword=
2025-06-16T13:44:32.839Z ::1 GET /api/v2/categories?fields=name%20slug%20image
2025-06-16T13:44:32.843Z ::1 GET /api/v2/brands?fields=name%20slug%20image
2025-06-16T13:44:33.162Z ::1 POST / (200)
2025-06-16T13:44:33.166Z ::1 GET /search/suggest?keyword= (304)
2025-06-16T13:44:33.168Z ::1 GET /api/v2/discounts?fields=name,desc,code,beginDate,endDate,quantity,unlimitedQty,discount,discountType,minimumTotal,maximumApplied,image
2025-06-16T13:44:33.177Z ::1 GET /api/v2/account
2025-06-16T13:44:33.507Z ::1 GET /?fields=name%20slug%20image (304)
2025-06-16T13:44:33.515Z ::1 GET /?fields=name,desc,code,beginDate,endDate,quantity,unlimitedQty,discount,discountType,minimumTotal,maximumApplied,image (304)
2025-06-16T13:44:33.521Z ::1 GET /api/v2/orders?page=1&limit=1000000000
2025-06-16T13:44:33.853Z ::1 GET / (200)
2025-06-16T13:44:34.011Z ::1 GET /api/v2/products/search/suggest?keyword=
2025-06-16T13:44:34.016Z ::1 POST /api/v2/cart
2025-06-16T13:44:34.179Z ::1 GET /?fields=name%20slug%20image (304)
2025-06-16T13:44:34.181Z ::1 GET /api/v2/brands?fields=name%20slug%20image
2025-06-16T13:44:34.184Z ::1 GET /?page=1&limit=1000000000 (304)
2025-06-16T13:44:34.186Z ::1 GET /api/v2/discounts?fields=name,desc,code,beginDate,endDate,quantity,unlimitedQty,discount,discountType,minimumTotal,maximumApplied,image
2025-06-16T13:44:34.341Z ::1 POST / (200)
2025-06-16T13:44:34.348Z ::1 GET /search/suggest?keyword= (304)
2025-06-16T13:44:34.351Z ::1 GET /api/v2/categories?fields=name%20slug%20image
2025-06-16T13:44:34.356Z ::1 GET /api/v2/orders?page=1&limit=1000000000
2025-06-16T13:44:34.516Z ::1 GET /?fields=name,desc,code,beginDate,endDate,quantity,unlimitedQty,discount,discountType,minimumTotal,maximumApplied,image (304)
2025-06-16T13:44:34.837Z ::1 GET /?fields=name%20slug%20image (304)
2025-06-16T13:44:35.017Z ::1 GET /?page=1&limit=1000000000 (304)
2025-06-16T13:44:35.675Z ::1 GET /?fields=name%20slug%20image (304)
2025-06-16T13:44:41.420Z ::1 GET /api/v2/products?search=i+phone&c=c00000000000000000000001&b=&page=1&limit=10&getBrandFilter=1&getCategoryFilter=1&isShowHidden=0&fullTextSearch=1
2025-06-16T13:44:41.542Z ::1 GET /?search=&c=&b=&page=1&limit=10&getBrandFilter=1&getCategoryFilter=1&isShowHidden=0&fullTextSearch=1 (200)
2025-06-16T13:44:41.744Z ::1 GET /api/v2/account
2025-06-16T13:44:42.404Z ::1 GET / (304)
2025-06-16T13:44:43.263Z ::1 GET /api/v2/account
2025-06-16T13:44:43.928Z ::1 GET / (304)
2025-06-16T13:44:43.932Z ::1 GET /api/v2/account
2025-06-16T13:44:44.090Z ::1 GET /api/v2/categories?fields=name%20slug%20image
2025-06-16T13:44:44.099Z ::1 GET /api/v2/products/search/suggest?keyword=
2025-06-16T13:44:44.105Z ::1 GET /api/v2/brands?fields=name%20slug%20image
2025-06-16T13:44:44.108Z ::1 GET /api/v2/discounts?fields=name,desc,code,beginDate,endDate,quantity,unlimitedQty,discount,discountType,minimumTotal,maximumApplied,image
2025-06-16T13:44:44.411Z ::1 GET /?search=i+phone&c=c00000000000000000000001&b=&page=1&limit=10&getBrandFilter=1&getCategoryFilter=1&isShowHidden=0&fullTextSearch=1 (200)
2025-06-16T13:44:44.413Z ::1 POST /api/v2/cart
2025-06-16T13:44:44.431Z ::1 GET /?fields=name,desc,code,beginDate,endDate,quantity,unlimitedQty,discount,discountType,minimumTotal,maximumApplied,image (304)
2025-06-16T13:44:44.438Z ::1 GET /?fields=name%20slug%20image (304)
2025-06-16T13:44:44.441Z ::1 GET /search/suggest?keyword= (304)
2025-06-16T13:44:44.444Z ::1 GET /api/v2/account
2025-06-16T13:44:44.448Z ::1 GET /api/v2/products?search=i+phone&c=c00000000000000000000001&b=&page=1&limit=10&getBrandFilter=1&getCategoryFilter=1&isShowHidden=0&fullTextSearch=1
2025-06-16T13:44:44.453Z ::1 GET /api/v2/orders?page=1&limit=1000000000
2025-06-16T13:44:44.741Z ::1 POST / (200)
2025-06-16T13:44:45.096Z ::1 GET / (200)
2025-06-16T13:44:45.100Z ::1 GET /?page=1&limit=1000000000 (304)
2025-06-16T13:44:45.227Z ::1 GET /api/v2/products/search/suggest?keyword=
2025-06-16T13:44:45.230Z ::1 POST /api/v2/cart
2025-06-16T13:44:45.236Z ::1 GET /api/v2/brands?fields=name%20slug%20image
2025-06-16T13:44:45.384Z ::1 GET /?fields=name%20slug%20image (304)
2025-06-16T13:44:45.390Z ::1 GET /api/v2/discounts?fields=name,desc,code,beginDate,endDate,quantity,unlimitedQty,discount,discountType,minimumTotal,maximumApplied,image
2025-06-16T13:44:45.551Z ::1 GET /search/suggest?keyword= (304)
2025-06-16T13:44:45.555Z ::1 GET /api/v2/orders?page=1&limit=1000000000
2025-06-16T13:44:45.562Z ::1 POST / (200)
2025-06-16T13:44:45.565Z ::1 GET /api/v2/categories?fields=name%20slug%20image
2025-06-16T13:44:45.571Z ::1 GET /?fields=name%20slug%20image (304)
2025-06-16T13:44:45.706Z ::1 GET /?search=&c=c00000000000000000000001&b=&page=1&limit=10&getBrandFilter=1&getCategoryFilter=1&isShowHidden=0&fullTextSearch=1 (200)
2025-06-16T13:44:45.711Z ::1 GET /?fields=name,desc,code,beginDate,endDate,quantity,unlimitedQty,discount,discountType,minimumTotal,maximumApplied,image (304)
2025-06-16T13:44:46.204Z ::1 GET /?page=1&limit=1000000000 (304)
2025-06-16T13:44:46.884Z ::1 GET /?fields=name%20slug%20image (304)
2025-06-16T13:44:47.539Z ::1 GET /?search=i+phone&c=c00000000000000000000001&b=&page=1&limit=10&getBrandFilter=1&getCategoryFilter=1&isShowHidden=0&fullTextSearch=1 (304)
2025-06-16T13:44:47.543Z ::1 GET /api/v2/products?search=i+phone&c=c00000000000000000000001&b=&page=1&limit=10&getBrandFilter=1&getCategoryFilter=1&isShowHidden=0&fullTextSearch=1
2025-06-16T13:44:50.219Z ::1 GET /?search=i+phone&c=c00000000000000000000001&b=&page=1&limit=10&getBrandFilter=1&getCategoryFilter=1&isShowHidden=0&fullTextSearch=1 (304)
2025-06-16T13:44:56.184Z ::1 GET /api/v2/products?search=i+phone&c=&b=&page=1&limit=10&getBrandFilter=1&getCategoryFilter=1&isShowHidden=0&fullTextSearch=1
2025-06-16T13:44:56.749Z ::1 GET /api/v2/account
2025-06-16T13:44:57.408Z ::1 GET / (304)
2025-06-16T13:44:57.412Z ::1 GET /api/v2/account
2025-06-16T13:44:57.570Z ::1 POST /api/v2/cart
2025-06-16T13:44:57.575Z ::1 GET /api/v2/products/search/suggest?keyword=
2025-06-16T13:44:57.579Z ::1 GET /api/v2/categories?fields=name%20slug%20image
2025-06-16T13:44:57.585Z ::1 GET /api/v2/brands?fields=name%20slug%20image
2025-06-16T13:44:57.588Z ::1 GET /api/v2/discounts?fields=name,desc,code,beginDate,endDate,quantity,unlimitedQty,discount,discountType,minimumTotal,maximumApplied,image
2025-06-16T13:44:57.890Z ::1 GET /search/suggest?keyword= (304)
2025-06-16T13:44:57.894Z ::1 POST / (200)
2025-06-16T13:44:57.898Z ::1 GET /api/v2/account
2025-06-16T13:44:57.903Z ::1 GET /api/v2/orders?page=1&limit=1000000000
2025-06-16T13:44:57.912Z ::1 GET /?fields=name%20slug%20image (304)
2025-06-16T13:44:57.919Z ::1 GET /?fields=name,desc,code,beginDate,endDate,quantity,unlimitedQty,discount,discountType,minimumTotal,maximumApplied,image (304)
2025-06-16T13:44:58.539Z ::1 GET / (200)
2025-06-16T13:44:58.547Z ::1 GET /?page=1&limit=1000000000 (304)
2025-06-16T13:44:58.694Z ::1 POST /api/v2/cart
2025-06-16T13:44:58.700Z ::1 GET /api/v2/products/search/suggest?keyword=
2025-06-16T13:44:58.704Z ::1 GET /api/v2/brands?fields=name%20slug%20image
2025-06-16T13:44:58.708Z ::1 GET /api/v2/discounts?fields=name,desc,code,beginDate,endDate,quantity,unlimitedQty,discount,discountType,minimumTotal,maximumApplied,image
2025-06-16T13:44:58.928Z ::1 GET /?fields=name%20slug%20image (304)
2025-06-16T13:44:58.931Z ::1 GET /api/v2/orders?page=1&limit=1000000000
2025-06-16T13:44:59.017Z ::1 POST / (200)
2025-06-16T13:44:59.020Z ::1 GET /search/suggest?keyword= (304)
2025-06-16T13:44:59.023Z ::1 GET /api/v2/categories?fields=name%20slug%20image
2025-06-16T13:44:59.030Z ::1 GET /?fields=name%20slug%20image (304)
2025-06-16T13:44:59.035Z ::1 GET /?fields=name,desc,code,beginDate,endDate,quantity,unlimitedQty,discount,discountType,minimumTotal,maximumApplied,image (304)
2025-06-16T13:44:59.506Z ::1 GET /?search=i+phone&c=&b=&page=1&limit=10&getBrandFilter=1&getCategoryFilter=1&isShowHidden=0&fullTextSearch=1 (200)
2025-06-16T13:44:59.510Z ::1 GET /api/v2/products?search=i+phone&c=&b=&page=1&limit=10&getBrandFilter=1&getCategoryFilter=1&isShowHidden=0&fullTextSearch=1
2025-06-16T13:44:59.593Z ::1 GET /?page=1&limit=1000000000 (304)
2025-06-16T13:45:00.305Z ::1 GET /?fields=name%20slug%20image (304)
2025-06-16T13:45:02.511Z ::1 GET /?search=i+phone&c=&b=&page=1&limit=10&getBrandFilter=1&getCategoryFilter=1&isShowHidden=0&fullTextSearch=1 (200)
2025-06-16T13:45:11.607Z ::1 GET /api/v2/products?search=iphone+12+&c=&b=&page=1&limit=10&getBrandFilter=1&getCategoryFilter=1&isShowHidden=0&fullTextSearch=1
2025-06-16T13:45:11.852Z ::1 GET /api/v2/account
2025-06-16T13:45:12.491Z ::1 GET / (304)
2025-06-16T13:45:12.495Z ::1 GET /api/v2/account
2025-06-16T13:45:12.661Z ::1 GET /api/v2/products/search/suggest?keyword=
2025-06-16T13:45:12.666Z ::1 GET /api/v2/categories?fields=name%20slug%20image
2025-06-16T13:45:12.671Z ::1 POST /api/v2/cart
2025-06-16T13:45:12.675Z ::1 GET /api/v2/brands?fields=name%20slug%20image
2025-06-16T13:45:12.677Z ::1 GET /api/v2/discounts?fields=name,desc,code,beginDate,endDate,quantity,unlimitedQty,discount,discountType,minimumTotal,maximumApplied,image
2025-06-16T13:45:12.984Z ::1 POST / (200)
2025-06-16T13:45:12.986Z ::1 GET /search/suggest?keyword= (304)
2025-06-16T13:45:12.989Z ::1 GET /api/v2/account
2025-06-16T13:45:12.998Z ::1 GET /api/v2/orders?page=1&limit=1000000000
2025-06-16T13:45:13.007Z ::1 GET /?fields=name,desc,code,beginDate,endDate,quantity,unlimitedQty,discount,discountType,minimumTotal,maximumApplied,image (304)
2025-06-16T13:45:13.317Z ::1 GET /?fields=name%20slug%20image (304)
2025-06-16T13:45:13.651Z ::1 GET /?page=1&limit=1000000000 (304)
2025-06-16T13:45:13.655Z ::1 GET / (200)
2025-06-16T13:45:13.805Z ::1 POST /api/v2/cart
2025-06-16T13:45:13.808Z ::1 GET /api/v2/products/search/suggest?keyword=
2025-06-16T13:45:13.814Z ::1 GET /api/v2/brands?fields=name%20slug%20image
2025-06-16T13:45:13.818Z ::1 GET /api/v2/discounts?fields=name,desc,code,beginDate,endDate,quantity,unlimitedQty,discount,discountType,minimumTotal,maximumApplied,image
2025-06-16T13:45:14.133Z ::1 GET /search/suggest?keyword= (304)
2025-06-16T13:45:14.137Z ::1 GET /api/v2/orders?page=1&limit=1000000000
2025-06-16T13:45:14.685Z ::1 POST / (200)
2025-06-16T13:45:14.689Z ::1 GET /?fields=name,desc,code,beginDate,endDate,quantity,unlimitedQty,discount,discountType,minimumTotal,maximumApplied,image (304)
2025-06-16T13:45:14.785Z ::1 GET /?page=1&limit=1000000000 (304)
2025-06-16T13:45:14.916Z ::1 GET /?fields=name%20slug%20image (304)
2025-06-16T13:45:14.920Z ::1 GET /api/v2/categories?fields=name%20slug%20image
2025-06-16T13:45:15.629Z ::1 GET /?fields=name%20slug%20image (304)
2025-06-16T13:45:16.239Z ::1 GET /?fields=name%20slug%20image (304)
2025-06-16T13:45:16.597Z ::1 GET /?search=iphone+12+&c=&b=&page=1&limit=10&getBrandFilter=1&getCategoryFilter=1&isShowHidden=0&fullTextSearch=1 (200)
2025-06-16T13:45:16.602Z ::1 GET /api/v2/products?search=iphone+12+&c=&b=&page=1&limit=10&getBrandFilter=1&getCategoryFilter=1&isShowHidden=0&fullTextSearch=1
2025-06-16T13:45:20.908Z ::1 GET /?search=iphone+12+&c=&b=&page=1&limit=10&getBrandFilter=1&getCategoryFilter=1&isShowHidden=0&fullTextSearch=1 (200)
2025-06-16T13:45:28.001Z ::1 GET /api/v2/products?search=iphone+12+&c=&b=&page=2&limit=10&getBrandFilter=1&getCategoryFilter=1&isShowHidden=0&fullTextSearch=1
2025-06-16T13:45:31.168Z ::1 GET /?search=iphone+12+&c=&b=&page=2&limit=10&getBrandFilter=1&getCategoryFilter=1&isShowHidden=0&fullTextSearch=1 (200)
2025-06-16T13:45:56.512Z ::1 GET /api/v2/products?search=iphone+12+&c=&b=&page=2&limit=10&getBrandFilter=1&getCategoryFilter=1&isShowHidden=0&fullTextSearch=1
2025-06-16T13:45:56.516Z ::1 GET /api/v2/products?search=iphone+12+&c=&b=&page=1&limit=10&getBrandFilter=1&getCategoryFilter=1&isShowHidden=0&fullTextSearch=1
2025-06-16T13:45:57.825Z ::1 GET /api/v2/account
2025-06-16T13:45:58.460Z ::1 GET / (304)
2025-06-16T13:45:59.095Z ::1 GET /api/v2/products/search/suggest?keyword=
2025-06-16T13:45:59.100Z ::1 POST /api/v2/cart
2025-06-16T13:45:59.104Z ::1 GET /api/v2/categories?fields=name%20slug%20image
2025-06-16T13:45:59.106Z ::1 GET /api/v2/brands?fields=name%20slug%20image
2025-06-16T13:45:59.359Z ::1 GET /?search=iphone+12+&c=&b=&page=2&limit=10&getBrandFilter=1&getCategoryFilter=1&isShowHidden=0&fullTextSearch=1 (200)
2025-06-16T13:45:59.368Z ::1 GET /api/v2/discounts?fields=name,desc,code,beginDate,endDate,quantity,unlimitedQty,discount,discountType,minimumTotal,maximumApplied,image
2025-06-16T13:45:59.391Z ::1 GET /search/suggest?keyword= (304)
2025-06-16T13:45:59.400Z ::1 POST / (200)
2025-06-16T13:45:59.650Z ::1 GET /?fields=name,desc,code,beginDate,endDate,quantity,unlimitedQty,discount,discountType,minimumTotal,maximumApplied,image (304)
2025-06-16T13:45:59.680Z ::1 GET /?fields=name%20slug%20image (304)
2025-06-16T13:46:00.294Z ::1 GET /?fields=name%20slug%20image (304)
2025-06-16T13:46:01.000Z ::1 GET /api/v2/orders?page=1&limit=1000000000
2025-06-16T13:46:01.031Z ::1 GET /api/v2/account
2025-06-16T13:46:01.624Z ::1 GET /?page=1&limit=1000000000 (304)
2025-06-16T13:46:01.650Z ::1 GET / (304)
2025-06-16T13:46:01.863Z ::1 POST /api/v2/cart
2025-06-16T13:46:01.868Z ::1 GET /api/v2/products/search/suggest?keyword=
2025-06-16T13:46:01.871Z ::1 GET /api/v2/categories?fields=name%20slug%20image
2025-06-16T13:46:01.875Z ::1 GET /api/v2/brands?fields=name%20slug%20image
2025-06-16T13:46:01.878Z ::1 GET /api/v2/discounts?fields=name,desc,code,beginDate,endDate,quantity,unlimitedQty,discount,discountType,minimumTotal,maximumApplied,image
2025-06-16T13:46:02.179Z ::1 POST / (200)
2025-06-16T13:46:02.184Z ::1 GET /search/suggest?keyword= (304)
2025-06-16T13:46:02.189Z ::1 GET /api/v2/orders?page=1&limit=1000000000
2025-06-16T13:46:02.196Z ::1 GET /?fields=name,desc,code,beginDate,endDate,quantity,unlimitedQty,discount,discountType,minimumTotal,maximumApplied,image (304)
2025-06-16T13:46:02.524Z ::1 GET /?fields=name%20slug%20image (304)
2025-06-16T13:46:02.810Z ::1 GET /?page=1&limit=1000000000 (304)
2025-06-16T13:46:03.919Z ::1 GET /?fields=name%20slug%20image (304)
2025-06-16T13:46:04.449Z ::1 GET /?search=iphone+12+&c=&b=&page=1&limit=10&getBrandFilter=1&getCategoryFilter=1&isShowHidden=0&fullTextSearch=1 (200)
2025-06-16T13:47:38.373Z ::1 GET /api/v2/account
2025-06-16T13:47:39.005Z ::1 GET / (304)
2025-06-16T13:47:39.955Z ::1 GET /api/v2/products/search/suggest?keyword=
2025-06-16T13:47:39.960Z ::1 POST /api/v2/cart
2025-06-16T13:47:39.968Z ::1 GET /api/v2/categories?fields=name%20slug%20image
2025-06-16T13:47:39.972Z ::1 GET /api/v2/brands?fields=name%20slug%20image
2025-06-16T13:47:39.975Z ::1 GET /api/v2/discounts?fields=name,desc,code,beginDate,endDate,quantity,unlimitedQty,discount,discountType,minimumTotal,maximumApplied,image
2025-06-16T13:47:40.267Z ::1 POST / (200)
2025-06-16T13:47:40.274Z ::1 GET /search/suggest?keyword= (304)
2025-06-16T13:47:40.278Z ::1 GET /?fields=name,desc,code,beginDate,endDate,quantity,unlimitedQty,discount,discountType,minimumTotal,maximumApplied,image (304)
2025-06-16T13:47:40.575Z ::1 GET /?fields=name%20slug%20image (304)
2025-06-16T13:47:41.142Z ::1 GET /?fields=name%20slug%20image (304)
2025-06-16T13:47:41.842Z ::1 GET /api/v2/account
2025-06-16T13:47:41.862Z ::1 GET /api/v2/orders?page=1&limit=1000000000
2025-06-16T13:47:42.423Z ::1 GET / (304)
2025-06-16T13:47:42.487Z ::1 GET /?page=1&limit=1000000000 (304)
2025-06-16T13:47:42.691Z ::1 GET /api/v2/products/search/suggest?keyword=
2025-06-16T13:47:42.697Z ::1 POST /api/v2/cart
2025-06-16T13:47:42.700Z ::1 GET /api/v2/categories?fields=name%20slug%20image
2025-06-16T13:47:42.702Z ::1 GET /api/v2/brands?fields=name%20slug%20image
2025-06-16T13:47:42.706Z ::1 GET /api/v2/discounts?fields=name,desc,code,beginDate,endDate,quantity,unlimitedQty,discount,discountType,minimumTotal,maximumApplied,image
2025-06-16T13:47:42.902Z ::1 GET /api/v2/orders?page=1&limit=1000000000
2025-06-16T13:47:42.982Z ::1 GET /search/suggest?keyword= (304)
2025-06-16T13:47:42.996Z ::1 GET /?fields=name,desc,code,beginDate,endDate,quantity,unlimitedQty,discount,discountType,minimumTotal,maximumApplied,image (304)
2025-06-16T13:47:43.010Z ::1 POST / (200)
2025-06-16T13:47:43.037Z ::1 GET /?fields=name%20slug%20image (304)
2025-06-16T13:47:43.493Z ::1 GET /?page=1&limit=1000000000 (304)
2025-06-16T13:47:43.901Z ::1 GET /?fields=name%20slug%20image (304)
2025-06-16T13:51:36.079Z ::1 GET /api/v2/account
2025-06-16T13:51:36.687Z ::1 GET / (304)
2025-06-16T13:51:37.310Z ::1 GET /api/v2/products/search/suggest?keyword=
2025-06-16T13:51:37.314Z ::1 POST /api/v2/cart
2025-06-16T13:51:37.317Z ::1 GET /api/v2/categories?fields=name%20slug%20image
2025-06-16T13:51:37.319Z ::1 GET /api/v2/brands?fields=name%20slug%20image
2025-06-16T13:51:37.323Z ::1 GET /api/v2/discounts?fields=name,desc,code,beginDate,endDate,quantity,unlimitedQty,discount,discountType,minimumTotal,maximumApplied,image
2025-06-16T13:51:37.596Z ::1 GET /search/suggest?keyword= (304)
2025-06-16T13:51:37.600Z ::1 POST / (200)
2025-06-16T13:51:37.608Z ::1 GET /?fields=name,desc,code,beginDate,endDate,quantity,unlimitedQty,discount,discountType,minimumTotal,maximumApplied,image (304)
2025-06-16T13:51:37.661Z ::1 GET /api/v2/orders?page=1&status=&paymentStatus=&limit=1000000000
2025-06-16T13:51:37.901Z ::1 GET /?fields=name%20slug%20image (304)
2025-06-16T13:51:38.264Z ::1 GET /?page=1&status=&paymentStatus=&limit=1000000000 (304)
2025-06-16T13:51:38.564Z ::1 GET /?fields=name%20slug%20image (304)
2025-06-16T13:51:39.111Z ::1 GET /api/v2/account
2025-06-16T13:51:39.735Z ::1 GET / (304)
2025-06-16T13:51:40.263Z ::1 GET /api/v2/products/search/suggest?keyword=
2025-06-16T13:51:40.267Z ::1 GET /api/v2/categories?fields=name%20slug%20image
2025-06-16T13:51:40.271Z ::1 GET /api/v2/brands?fields=name%20slug%20image
2025-06-16T13:51:40.273Z ::1 GET /api/v2/discounts?fields=name,desc,code,beginDate,endDate,quantity,unlimitedQty,discount,discountType,minimumTotal,maximumApplied,image
2025-06-16T13:51:40.291Z ::1 POST /api/v2/cart
2025-06-16T13:51:40.538Z ::1 GET /api/v2/orders?page=1&limit=1000000000
2025-06-16T13:51:40.566Z ::1 GET /?fields=name,desc,code,beginDate,endDate,quantity,unlimitedQty,discount,discountType,minimumTotal,maximumApplied,image (304)
2025-06-16T13:51:40.572Z ::1 GET /search/suggest?keyword= (304)
2025-06-16T13:51:40.586Z ::1 POST / (200)
2025-06-16T13:51:40.850Z ::1 GET /?fields=name%20slug%20image (304)
2025-06-16T13:51:41.144Z ::1 GET /?page=1&limit=1000000000 (304)
2025-06-16T13:51:41.481Z ::1 GET /?fields=name%20slug%20image (304)
2025-06-16T13:51:41.974Z ::1 GET /api/v2/account
2025-06-16T13:51:42.553Z ::1 GET / (304)
2025-06-16T13:51:42.762Z ::1 GET /api/v2/products/search/suggest?keyword=
2025-06-16T13:51:42.766Z ::1 POST /api/v2/cart
2025-06-16T13:51:42.769Z ::1 GET /api/v2/categories?fields=name%20slug%20image
2025-06-16T13:51:42.771Z ::1 GET /api/v2/brands?fields=name%20slug%20image
2025-06-16T13:51:42.774Z ::1 GET /api/v2/discounts?fields=name,desc,code,beginDate,endDate,quantity,unlimitedQty,discount,discountType,minimumTotal,maximumApplied,image
2025-06-16T13:51:42.913Z ::1 GET /api/v2/orders?page=1&limit=1000000000
2025-06-16T13:51:43.050Z ::1 GET /search/suggest?keyword= (304)
2025-06-16T13:51:43.053Z ::1 POST / (200)
2025-06-16T13:51:43.063Z ::1 GET /?fields=name%20slug%20image (304)
2025-06-16T13:51:43.071Z ::1 GET /?fields=name,desc,code,beginDate,endDate,quantity,unlimitedQty,discount,discountType,minimumTotal,maximumApplied,image (304)
2025-06-16T13:51:43.496Z ::1 GET /?page=1&limit=1000000000 (304)
2025-06-16T13:51:43.933Z ::1 GET /?fields=name%20slug%20image (304)
2025-06-16T13:54:37.639Z ::1 GET /api/v2/categories?fields=_id%20name%20slug
2025-06-16T13:54:37.643Z ::1 GET /api/v2/products?search=&c=&b=&page=1&limit=10&getBrandFilter=1&getCategoryFilter=1&isShowHidden=0&fullTextSearch=1
2025-06-16T13:54:38.853Z ::1 GET /?fields=_id%20name%20slug (304)
2025-06-16T13:54:38.933Z ::1 GET /api/v2/brands?fields=_id%20name%20slug
2025-06-16T13:54:38.963Z ::1 GET /api/v2/account
2025-06-16T13:54:39.251Z ::1 GET /?fields=_id%20name%20slug (304)
2025-06-16T13:54:39.591Z ::1 GET / (304)
2025-06-16T13:54:40.203Z ::1 GET /api/v2/products/search/suggest?keyword=
2025-06-16T13:54:40.222Z ::1 GET /api/v2/categories?fields=name%20slug%20image
2025-06-16T13:54:40.229Z ::1 GET /api/v2/discounts?fields=name,desc,code,beginDate,endDate,quantity,unlimitedQty,discount,discountType,minimumTotal,maximumApplied,image
2025-06-16T13:54:40.232Z ::1 GET /api/v2/brands?fields=name%20slug%20image
2025-06-16T13:54:40.254Z ::1 POST /api/v2/cart
2025-06-16T13:54:40.509Z ::1 GET /search/suggest?keyword= (304)
2025-06-16T13:54:40.520Z ::1 GET /api/v2/products?search=&c=c00000000000000000000002&b=&page=1&limit=10&getBrandFilter=1&getCategoryFilter=1&isShowHidden=0&fullTextSearch=1
2025-06-16T13:54:40.538Z ::1 GET /?fields=name,desc,code,beginDate,endDate,quantity,unlimitedQty,discount,discountType,minimumTotal,maximumApplied,image (304)
2025-06-16T13:54:40.563Z ::1 POST / (200)
2025-06-16T13:54:40.846Z ::1 GET /?fields=name%20slug%20image (304)
2025-06-16T13:54:41.435Z ::1 GET /?fields=name%20slug%20image (304)
2025-06-16T13:54:41.654Z ::1 GET /api/v2/orders?page=1&limit=1000000000
2025-06-16T13:54:41.959Z ::1 GET /api/v2/account
2025-06-16T13:54:42.269Z ::1 GET /?page=1&limit=1000000000 (304)
2025-06-16T13:54:42.582Z ::1 GET / (304)
2025-06-16T13:54:42.781Z ::1 GET /api/v2/products/search/suggest?keyword=
2025-06-16T13:54:42.785Z ::1 GET /api/v2/categories?fields=name%20slug%20image
2025-06-16T13:54:42.790Z ::1 POST /api/v2/cart
2025-06-16T13:54:42.795Z ::1 GET /api/v2/brands?fields=name%20slug%20image
2025-06-16T13:54:43.097Z ::1 GET /search/suggest?keyword= (304)
2025-06-16T13:54:43.100Z ::1 GET /api/v2/discounts?fields=name,desc,code,beginDate,endDate,quantity,unlimitedQty,discount,discountType,minimumTotal,maximumApplied,image
2025-06-16T13:54:43.107Z ::1 POST / (200)
2025-06-16T13:54:43.109Z ::1 GET /api/v2/orders?page=1&limit=1000000000
2025-06-16T13:54:43.116Z ::1 GET /?fields=name%20slug%20image (304)
2025-06-16T13:54:43.419Z ::1 GET /?fields=name,desc,code,beginDate,endDate,quantity,unlimitedQty,discount,discountType,minimumTotal,maximumApplied,image (304)
2025-06-16T13:54:44.008Z ::1 GET /?fields=name%20slug%20image (304)
2025-06-16T13:54:44.248Z ::1 GET /?page=1&limit=1000000000 (304)
2025-06-16T13:54:45.371Z ::1 GET /?search=&c=&b=&page=1&limit=10&getBrandFilter=1&getCategoryFilter=1&isShowHidden=0&fullTextSearch=1 (304)
2025-06-16T13:54:47.308Z ::1 GET /?search=&c=c00000000000000000000002&b=&page=1&limit=10&getBrandFilter=1&getCategoryFilter=1&isShowHidden=0&fullTextSearch=1 (200)
2025-06-16T13:54:52.912Z ::1 GET /api/v2/account
2025-06-16T13:54:53.536Z ::1 GET / (304)
2025-06-16T13:54:54.102Z ::1 POST /api/v2/cart
2025-06-16T13:54:54.109Z ::1 GET /api/v2/products/search/suggest?keyword=
2025-06-16T13:54:54.113Z ::1 GET /api/v2/categories?fields=name%20slug%20image
2025-06-16T13:54:54.119Z ::1 GET /api/v2/brands?fields=name%20slug%20image
2025-06-16T13:54:54.123Z ::1 GET /api/v2/discounts?fields=name,desc,code,beginDate,endDate,quantity,unlimitedQty,discount,discountType,minimumTotal,maximumApplied,image
2025-06-16T13:54:54.402Z ::1 GET /search/suggest?keyword= (304)
2025-06-16T13:54:54.406Z ::1 POST / (200)
2025-06-16T13:54:54.412Z ::1 GET /?fields=name,desc,code,beginDate,endDate,quantity,unlimitedQty,discount,discountType,minimumTotal,maximumApplied,image (304)
2025-06-16T13:54:54.712Z ::1 GET /?fields=name%20slug%20image (304)
2025-06-16T13:54:55.188Z ::1 GET /api/v2/orders?page=1&limit=1000000000
2025-06-16T13:54:55.352Z ::1 GET /?fields=name%20slug%20image (304)
2025-06-16T13:54:55.518Z ::1 GET /api/v2/account
2025-06-16T13:54:55.797Z ::1 GET /?page=1&limit=1000000000 (304)
2025-06-16T13:54:56.145Z ::1 GET / (304)
2025-06-16T13:54:56.346Z ::1 GET /api/v2/products/search/suggest?keyword=
2025-06-16T13:54:56.352Z ::1 GET /api/v2/categories?fields=name%20slug%20image
2025-06-16T13:54:56.357Z ::1 GET /api/v2/brands?fields=name%20slug%20image
2025-06-16T13:54:56.364Z ::1 POST /api/v2/cart
2025-06-16T13:54:56.369Z ::1 GET /api/v2/discounts?fields=name,desc,code,beginDate,endDate,quantity,unlimitedQty,discount,discountType,minimumTotal,maximumApplied,image
2025-06-16T13:54:56.517Z ::1 GET /api/v2/orders?page=1&limit=1000000000
2025-06-16T13:54:56.645Z ::1 GET /search/suggest?keyword= (304)
2025-06-16T13:54:56.666Z ::1 POST / (200)
2025-06-16T13:54:56.671Z ::1 GET /?fields=name,desc,code,beginDate,endDate,quantity,unlimitedQty,discount,discountType,minimumTotal,maximumApplied,image (304)
2025-06-16T13:54:56.951Z ::1 GET /?fields=name%20slug%20image (304)
2025-06-16T13:54:57.147Z ::1 GET /?page=1&limit=1000000000 (304)
2025-06-16T13:54:57.597Z ::1 GET /?fields=name%20slug%20image (304)