
2025-06-15T02:25:59.938Z ::1 GET /api/v2/products/search/suggest?keyword=
2025-06-15T02:25:59.952Z ::1 GET /api/v2/categories?fields=name%20slug%20image
2025-06-15T02:25:59.959Z ::1 GET /api/v2/brands?fields=name%20slug%20image
2025-06-15T02:25:59.963Z ::1 GET /api/v2/discounts?fields=name,desc,code,beginDate,endDate,quantity,unlimitedQty,discount,discountType,minimumTotal,maximumApplied,image
2025-06-15T02:26:00.252Z ::1 GET /search/suggest?keyword= (304)
2025-06-15T02:26:00.258Z ::1 GET /?fields=name%20slug%20image (304)
2025-06-15T02:26:00.263Z ::1 GET /?fields=name,desc,code,beginDate,endDate,quantity,unlimitedQty,discount,discountType,minimumTotal,maximumApplied,image (304)
2025-06-15T02:26:00.817Z ::1 GET /api/v2/products/search/suggest?keyword=
2025-06-15T02:26:00.822Z ::1 GET /api/v2/brands?fields=name%20slug%20image
2025-06-15T02:26:00.830Z ::1 GET /api/v2/discounts?fields=name,desc,code,beginDate,endDate,quantity,unlimitedQty,discount,discountType,minimumTotal,maximumApplied,image
2025-06-15T02:26:01.089Z ::1 GET /?fields=name%20slug%20image (304)
2025-06-15T02:26:01.091Z ::1 GET /api/v2/categories?fields=name%20slug%20image
2025-06-15T02:26:01.105Z ::1 GET /search/suggest?keyword= (304)
2025-06-15T02:26:01.117Z ::1 GET /?fields=name%20slug%20image (304)
2025-06-15T02:26:01.120Z ::1 GET /?fields=name,desc,code,beginDate,endDate,quantity,unlimitedQty,discount,discountType,minimumTotal,maximumApplied,image (304)
2025-06-15T02:26:01.792Z ::1 GET /api/v2/products?search=&page=1&limit=20&b=&c=
2025-06-15T02:26:02.200Z ::1 GET /?fields=name%20slug%20image (304)
2025-06-15T02:26:02.286Z ::1 GET /api/v2/products/best-seller
2025-06-15T02:26:02.531Z ::1 GET /api/v2/products/search/suggest?keyword=
2025-06-15T02:26:02.540Z ::1 GET /api/v2/categories?fields=name%20slug%20image
2025-06-15T02:26:02.547Z ::1 GET /api/v2/brands?fields=name%20slug%20image
2025-06-15T02:26:02.549Z ::1 GET /api/v2/discounts?fields=name,desc,code,beginDate,endDate,quantity,unlimitedQty,discount,discountType,minimumTotal,maximumApplied,image
2025-06-15T02:26:02.585Z ::1 GET /best-seller (304)
2025-06-15T02:26:02.810Z ::1 GET /search/suggest?keyword= (304)
2025-06-15T02:26:02.836Z ::1 GET /?fields=name%20slug%20image (304)
2025-06-15T02:26:02.840Z ::1 GET /?fields=name,desc,code,beginDate,endDate,quantity,unlimitedQty,discount,discountType,minimumTotal,maximumApplied,image (304)
2025-06-15T02:26:03.673Z ::1 GET /?fields=name%20slug%20image (304)
2025-06-15T02:26:04.430Z ::1 GET /?search=&page=1&limit=20&b=&c= (200)
2025-06-15T02:28:09.243Z ::1 GET /api/v2/products/search/suggest?keyword=
2025-06-15T02:28:09.251Z ::1 GET /api/v2/categories?fields=name%20slug%20image
2025-06-15T02:28:09.254Z ::1 GET /api/v2/brands?fields=name%20slug%20image
2025-06-15T02:28:09.256Z ::1 GET /api/v2/discounts?fields=name,desc,code,beginDate,endDate,quantity,unlimitedQty,discount,discountType,minimumTotal,maximumApplied,image
2025-06-15T02:28:09.528Z ::1 GET /search/suggest?keyword= (304)
2025-06-15T02:28:09.538Z ::1 GET /?fields=name%20slug%20image (304)
2025-06-15T02:28:09.542Z ::1 GET /?fields=name,desc,code,beginDate,endDate,quantity,unlimitedQty,discount,discountType,minimumTotal,maximumApplied,image (304)
2025-06-15T02:28:09.820Z ::1 GET /api/v2/products/search/suggest?keyword=
2025-06-15T02:28:09.824Z ::1 GET /api/v2/brands?fields=name%20slug%20image
2025-06-15T02:28:09.827Z ::1 GET /api/v2/discounts?fields=name,desc,code,beginDate,endDate,quantity,unlimitedQty,discount,discountType,minimumTotal,maximumApplied,image
2025-06-15T02:28:10.102Z ::1 GET /search/suggest?keyword= (304)
2025-06-15T02:28:10.107Z ::1 GET /?fields=name,desc,code,beginDate,endDate,quantity,unlimitedQty,discount,discountType,minimumTotal,maximumApplied,image (304)
2025-06-15T02:28:10.112Z ::1 GET /?fields=name%20slug%20image (304)
2025-06-15T02:28:10.379Z ::1 GET /?fields=name%20slug%20image (304)
2025-06-15T02:28:10.382Z ::1 GET /api/v2/categories?fields=name%20slug%20image
2025-06-15T02:28:11.513Z ::1 GET /?fields=name%20slug%20image (304)
2025-06-15T02:29:20.999Z ::1 GET /api/v2/products/search/suggest?keyword=
2025-06-15T02:29:21.005Z ::1 GET /api/v2/categories?fields=name%20slug%20image
2025-06-15T02:29:21.009Z ::1 GET /api/v2/brands?fields=name%20slug%20image
2025-06-15T02:29:21.014Z ::1 GET /api/v2/discounts?fields=name,desc,code,beginDate,endDate,quantity,unlimitedQty,discount,discountType,minimumTotal,maximumApplied,image
2025-06-15T02:29:21.283Z ::1 GET /search/suggest?keyword= (304)
2025-06-15T02:29:21.297Z ::1 GET /?fields=name%20slug%20image (304)
2025-06-15T02:29:21.300Z ::1 GET /?fields=name,desc,code,beginDate,endDate,quantity,unlimitedQty,discount,discountType,minimumTotal,maximumApplied,image (304)
2025-06-15T02:29:21.339Z ::1 GET /api/v2/products/search/suggest?keyword=
2025-06-15T02:29:21.344Z ::1 GET /api/v2/brands?fields=name%20slug%20image
2025-06-15T02:29:21.348Z ::1 GET /api/v2/discounts?fields=name,desc,code,beginDate,endDate,quantity,unlimitedQty,discount,discountType,minimumTotal,maximumApplied,image
2025-06-15T02:29:21.623Z ::1 GET /search/suggest?keyword= (304)
2025-06-15T02:29:21.633Z ::1 GET /?fields=name%20slug%20image (304)
2025-06-15T02:29:21.637Z ::1 GET /?fields=name,desc,code,beginDate,endDate,quantity,unlimitedQty,discount,discountType,minimumTotal,maximumApplied,image (304)
2025-06-15T02:29:22.139Z ::1 GET /?fields=name%20slug%20image (304)
2025-06-15T02:29:22.142Z ::1 GET /api/v2/categories?fields=name%20slug%20image
2025-06-15T02:29:23.280Z ::1 GET /?fields=name%20slug%20image (304)
2025-06-15T02:29:23.729Z ::1 POST /api/v2/auth/login
2025-06-15T02:29:24.039Z ::1 GET /api/v2/products/search/suggest?keyword=
2025-06-15T02:29:24.044Z ::1 GET /api/v2/categories?fields=name%20slug%20image
2025-06-15T02:29:24.048Z ::1 GET /api/v2/brands?fields=name%20slug%20image
2025-06-15T02:29:24.051Z ::1 GET /api/v2/discounts?fields=name,desc,code,beginDate,endDate,quantity,unlimitedQty,discount,discountType,minimumTotal,maximumApplied,image
2025-06-15T02:29:24.362Z ::1 GET /search/suggest?keyword= (304)
2025-06-15T02:29:24.368Z ::1 GET /?fields=name,desc,code,beginDate,endDate,quantity,unlimitedQty,discount,discountType,minimumTotal,maximumApplied,image (304)
2025-06-15T02:29:24.374Z ::1 GET /?fields=name%20slug%20image (304)
2025-06-15T02:29:24.382Z ::1 GET /api/v2/products/search/suggest?keyword=
2025-06-15T02:29:24.386Z ::1 GET /api/v2/brands?fields=name%20slug%20image
2025-06-15T02:29:24.390Z ::1 GET /api/v2/discounts?fields=name,desc,code,beginDate,endDate,quantity,unlimitedQty,discount,discountType,minimumTotal,maximumApplied,image
2025-06-15T02:29:24.664Z ::1 POST /login (200)
2025-06-15T02:29:24.673Z ::1 GET /?fields=name%20slug%20image (304)
2025-06-15T02:29:24.678Z ::1 GET /search/suggest?keyword= (304)
2025-06-15T02:29:24.683Z ::1 GET /?fields=name,desc,code,beginDate,endDate,quantity,unlimitedQty,discount,discountType,minimumTotal,maximumApplied,image (304)
2025-06-15T02:29:24.960Z ::1 POST /api/v2/cart
2025-06-15T02:29:25.251Z ::1 POST / (200)
2025-06-15T02:29:25.423Z ::1 GET /api/v2/products?search=&b=&c=
2025-06-15T02:29:25.427Z ::1 GET /api/v2/products/all
2025-06-15T02:29:25.432Z ::1 GET /api/v2/brands
2025-06-15T02:29:25.434Z ::1 GET /api/v2/categories
2025-06-15T02:29:25.436Z ::1 GET /api/v2/users/customer
2025-06-15T02:29:25.439Z ::1 GET /api/v2/orders/manager/?search=&status=&paymentStatus=&page=1&limit=100000
2025-06-15T02:29:25.726Z ::1 GET /customer (304)
2025-06-15T02:29:25.733Z ::1 GET /api/v2/account
2025-06-15T02:29:26.001Z ::1 GET / (304)
2025-06-15T02:29:26.282Z ::1 GET /manager/?search=&status=&paymentStatus=&page=1&limit=100000 (304)
2025-06-15T02:29:26.286Z ::1 GET /api/v2/orders/manager/?search=&status=&paymentStatus=&page=1&limit=100000
2025-06-15T02:29:26.296Z ::1 GET / (200)
2025-06-15T02:29:26.299Z ::1 GET /api/v2/account
2025-06-15T02:29:26.510Z ::1 POST /api/v2/cart
2025-06-15T02:29:26.515Z ::1 GET /api/v2/categories?fields=name%20slug%20image
2025-06-15T02:29:26.547Z ::1 GET / (304)
2025-06-15T02:29:26.549Z ::1 GET /api/v2/products/search/suggest?keyword=
2025-06-15T02:29:26.793Z ::1 POST / (200)
2025-06-15T02:29:26.797Z ::1 GET /api/v2/brands?fields=name%20slug%20image
2025-06-15T02:29:26.825Z ::1 GET /search/suggest?keyword= (304)
2025-06-15T02:29:26.828Z ::1 GET /api/v2/discounts?fields=name,desc,code,beginDate,endDate,quantity,unlimitedQty,discount,discountType,minimumTotal,maximumApplied,image
2025-06-15T02:29:27.087Z ::1 GET /?fields=name%20slug%20image (304)
2025-06-15T02:29:27.089Z ::1 GET /api/v2/account
2025-06-15T02:29:27.105Z ::1 GET /?fields=name,desc,code,beginDate,endDate,quantity,unlimitedQty,discount,discountType,minimumTotal,maximumApplied,image (304)
2025-06-15T02:29:27.601Z ::1 GET /manager/?search=&status=&paymentStatus=&page=1&limit=100000 (304)
2025-06-15T02:29:27.632Z ::1 GET /?fields=name%20slug%20image (200)
2025-06-15T02:29:27.652Z ::1 GET / (200)
2025-06-15T02:29:27.986Z ::1 GET /api/v2/products/search/suggest?keyword=
2025-06-15T02:29:27.990Z ::1 POST /api/v2/cart
2025-06-15T02:29:27.996Z ::1 GET /api/v2/categories?fields=name%20slug%20image
2025-06-15T02:29:28.001Z ::1 GET /api/v2/brands?fields=name%20slug%20image
2025-06-15T02:29:28.271Z ::1 GET /search/suggest?keyword= (304)
2025-06-15T02:29:28.275Z ::1 POST / (200)
2025-06-15T02:29:28.284Z ::1 GET /?fields=name%20slug%20image (304)
2025-06-15T02:29:28.286Z ::1 GET /api/v2/discounts?fields=name,desc,code,beginDate,endDate,quantity,unlimitedQty,discount,discountType,minimumTotal,maximumApplied,image
2025-06-15T02:29:28.564Z ::1 GET /?fields=name,desc,code,beginDate,endDate,quantity,unlimitedQty,discount,discountType,minimumTotal,maximumApplied,image (304)
2025-06-15T02:29:29.046Z ::1 GET /?search=&b=&c= (304)
2025-06-15T02:29:29.088Z ::1 GET /api/v2/products?search=&b=&c=
2025-06-15T02:29:29.252Z ::1 GET /api/v2/categories?fields=name%20slug%20image
2025-06-15T02:29:29.257Z ::1 GET /api/v2/products/search/suggest?keyword=
2025-06-15T02:29:29.260Z ::1 GET /api/v2/brands?fields=name%20slug%20image
2025-06-15T02:29:29.262Z ::1 GET /api/v2/discounts?fields=name,desc,code,beginDate,endDate,quantity,unlimitedQty,discount,discountType,minimumTotal,maximumApplied,image
2025-06-15T02:29:29.532Z ::1 GET /search/suggest?keyword= (304)
2025-06-15T02:29:29.544Z ::1 GET /?fields=name,desc,code,beginDate,endDate,quantity,unlimitedQty,discount,discountType,minimumTotal,maximumApplied,image (304)
2025-06-15T02:29:29.587Z ::1 GET /api/v2/products/search/suggest?keyword=
2025-06-15T02:29:29.592Z ::1 GET /api/v2/discounts?fields=name,desc,code,beginDate,endDate,quantity,unlimitedQty,discount,discountType,minimumTotal,maximumApplied,image
2025-06-15T02:29:29.814Z ::1 GET /?fields=name%20slug%20image (304)
2025-06-15T02:29:29.818Z ::1 GET /api/v2/brands?fields=name%20slug%20image
2025-06-15T02:29:29.868Z ::1 GET /?fields=name,desc,code,beginDate,endDate,quantity,unlimitedQty,discount,discountType,minimumTotal,maximumApplied,image (304)
2025-06-15T02:29:29.872Z ::1 GET /search/suggest?keyword= (304)
2025-06-15T02:29:30.355Z ::1 GET /?fields=name%20slug%20image (200)
2025-06-15T02:29:30.359Z ::1 GET /api/v2/categories?fields=name%20slug%20image
2025-06-15T02:29:30.374Z ::1 GET /?fields=name%20slug%20image (304)
2025-06-15T02:29:31.460Z ::1 GET /?fields=name%20slug%20image (304)
2025-06-15T02:29:31.575Z ::1 POST /api/v2/auth/login
2025-06-15T02:29:31.612Z ::1 GET /?search=&b=&c= (304)
2025-06-15T02:29:31.981Z ::1 GET /api/v2/products/search/suggest?keyword=
2025-06-15T02:29:31.984Z ::1 GET /api/v2/categories?fields=name%20slug%20image
2025-06-15T02:29:31.988Z ::1 GET /api/v2/brands?fields=name%20slug%20image
2025-06-15T02:29:31.990Z ::1 GET /api/v2/discounts?fields=name,desc,code,beginDate,endDate,quantity,unlimitedQty,discount,discountType,minimumTotal,maximumApplied,image
2025-06-15T02:29:32.248Z ::1 POST /login (200)
2025-06-15T02:29:32.262Z ::1 GET /search/suggest?keyword= (304)
2025-06-15T02:29:32.271Z ::1 GET /?fields=name,desc,code,beginDate,endDate,quantity,unlimitedQty,discount,discountType,minimumTotal,maximumApplied,image (304)
2025-06-15T02:29:32.274Z ::1 GET /?fields=name%20slug%20image (304)
2025-06-15T02:29:32.334Z ::1 GET /api/v2/products/search/suggest?keyword=
2025-06-15T02:29:32.338Z ::1 GET /api/v2/brands?fields=name%20slug%20image
2025-06-15T02:29:32.341Z ::1 GET /api/v2/discounts?fields=name,desc,code,beginDate,endDate,quantity,unlimitedQty,discount,discountType,minimumTotal,maximumApplied,image
2025-06-15T02:29:32.631Z ::1 GET /api/v2/products/search/suggest?keyword=
2025-06-15T02:29:32.639Z ::1 GET /api/v2/brands?fields=name%20slug%20image
2025-06-15T02:29:32.642Z ::1 GET /api/v2/categories?fields=name%20slug%20image
2025-06-15T02:29:32.645Z ::1 POST /api/v2/cart
2025-06-15T02:29:32.651Z ::1 GET /api/v2/discounts?fields=name,desc,code,beginDate,endDate,quantity,unlimitedQty,discount,discountType,minimumTotal,maximumApplied,image
2025-06-15T02:29:32.915Z ::1 GET /search/suggest?keyword= (200)
2025-06-15T02:29:32.928Z ::1 POST / (200)
2025-06-15T02:29:32.931Z ::1 GET /?fields=name%20slug%20image (200)
2025-06-15T02:29:32.933Z ::1 GET /?fields=name,desc,code,beginDate,endDate,quantity,unlimitedQty,discount,discountType,minimumTotal,maximumApplied,image (200)
2025-06-15T02:29:33.072Z ::1 GET /api/v2/products?search=&page=1&limit=20&b=&c=
2025-06-15T02:29:33.756Z ::1 GET /?fields=name%20slug%20image (200)
2025-06-15T02:29:34.246Z ::1 GET /api/v2/products/best-seller
2025-06-15T02:29:34.345Z ::1 GET /api/v2/account
2025-06-15T02:29:34.537Z ::1 GET /best-seller (304)
2025-06-15T02:29:34.899Z ::1 GET / (200)
2025-06-15T02:29:34.981Z ::1 GET /api/v2/account
2025-06-15T02:29:35.104Z ::1 POST /api/v2/cart
2025-06-15T02:29:35.108Z ::1 GET /api/v2/products/search/suggest?keyword=
2025-06-15T02:29:35.112Z ::1 GET /api/v2/categories?fields=name%20slug%20image
2025-06-15T02:29:35.114Z ::1 GET /api/v2/brands?fields=name%20slug%20image
2025-06-15T02:29:35.379Z ::1 POST / (200)
2025-06-15T02:29:35.382Z ::1 GET /api/v2/discounts?fields=name,desc,code,beginDate,endDate,quantity,unlimitedQty,discount,discountType,minimumTotal,maximumApplied,image
2025-06-15T02:29:35.390Z ::1 GET /search/suggest?keyword= (304)
2025-06-15T02:29:35.396Z ::1 GET /?fields=name%20slug%20image (304)
2025-06-15T02:29:36.039Z ::1 GET /api/v2/account
2025-06-15T02:29:36.589Z ::1 GET / (200)
2025-06-15T02:29:36.592Z ::1 GET /api/v2/account
2025-06-15T02:29:36.856Z ::1 GET /api/v2/products/search/suggest?keyword=
2025-06-15T02:29:36.862Z ::1 POST /api/v2/cart
2025-06-15T02:29:36.866Z ::1 GET /api/v2/categories?fields=name%20slug%20image
2025-06-15T02:29:36.869Z ::1 GET /api/v2/discounts?fields=name,desc,code,beginDate,endDate,quantity,unlimitedQty,discount,discountType,minimumTotal,maximumApplied,image
2025-06-15T02:29:36.876Z ::1 GET /api/v2/brands?fields=name%20slug%20image
2025-06-15T02:29:37.131Z ::1 GET /search/suggest?keyword= (304)
2025-06-15T02:29:37.142Z ::1 POST / (200)
2025-06-15T02:29:37.149Z ::1 GET /?fields=name,desc,code,beginDate,endDate,quantity,unlimitedQty,discount,discountType,minimumTotal,maximumApplied,image (200)
2025-06-15T02:29:37.165Z ::1 GET /?fields=name%20slug%20image (304)
2025-06-15T02:29:37.173Z ::1 GET /api/v2/account
2025-06-15T02:29:37.307Z ::1 GET /api/v2/orders?page=1&status=&paymentStatus=&limit=1000000000
2025-06-15T02:29:37.588Z ::1 GET /?page=1&status=&paymentStatus=&limit=1000000000 (200)
2025-06-15T02:29:37.739Z ::1 GET / (200)
2025-06-15T02:29:37.743Z ::1 GET /api/v2/account
2025-06-15T02:29:37.896Z ::1 GET /api/v2/products/search/suggest?keyword=
2025-06-15T02:29:37.902Z ::1 POST /api/v2/cart
2025-06-15T02:29:37.908Z ::1 GET /api/v2/brands?fields=name%20slug%20image
2025-06-15T02:29:37.911Z ::1 GET /api/v2/discounts?fields=name,desc,code,beginDate,endDate,quantity,unlimitedQty,discount,discountType,minimumTotal,maximumApplied,image
2025-06-15T02:29:37.984Z ::1 GET /?fields=name%20slug%20image (200)
2025-06-15T02:29:37.988Z ::1 GET /api/v2/categories?fields=name%20slug%20image
2025-06-15T02:29:38.177Z ::1 GET /search/suggest?keyword= (304)
2025-06-15T02:29:38.183Z ::1 POST / (200)
2025-06-15T02:29:38.189Z ::1 GET /?fields=name,desc,code,beginDate,endDate,quantity,unlimitedQty,discount,discountType,minimumTotal,maximumApplied,image (304)
2025-06-15T02:29:38.195Z ::1 GET /api/v2/account
2025-06-15T02:29:38.202Z ::1 GET /?fields=name%20slug%20image (304)
2025-06-15T02:29:38.746Z ::1 GET / (200)
2025-06-15T02:29:38.892Z ::1 POST /api/v2/cart
2025-06-15T02:29:38.897Z ::1 GET /api/v2/products/search/suggest?keyword=
2025-06-15T02:29:38.901Z ::1 GET /api/v2/brands?fields=name%20slug%20image
2025-06-15T02:29:38.904Z ::1 GET /api/v2/discounts?fields=name,desc,code,beginDate,endDate,quantity,unlimitedQty,discount,discountType,minimumTotal,maximumApplied,image
2025-06-15T02:29:39.103Z ::1 GET /?fields=name%20slug%20image (304)
2025-06-15T02:29:39.107Z ::1 GET /api/v2/categories?fields=name%20slug%20image
2025-06-15T02:29:39.169Z ::1 POST / (200)
2025-06-15T02:29:39.178Z ::1 GET /?fields=name,desc,code,beginDate,endDate,quantity,unlimitedQty,discount,discountType,minimumTotal,maximumApplied,image (304)
2025-06-15T02:29:39.183Z ::1 GET /search/suggest?keyword= (304)
2025-06-15T02:29:39.188Z ::1 GET /?fields=name%20slug%20image (304)
2025-06-15T02:29:40.226Z ::1 GET /?fields=name%20slug%20image (304)
2025-06-15T02:29:45.956Z ::1 GET /api/v2/categories?fields=_id%20name%20slug
2025-06-15T02:29:45.962Z ::1 GET /api/v2/products?search=&c=&b=&page=1&limit=10&getBrandFilter=1&getCategoryFilter=1&isShowHidden=0&fullTextSearch=1
2025-06-15T02:29:46.441Z ::1 GET /api/v2/account
2025-06-15T02:29:47.275Z ::1 GET /?fields=_id%20name%20slug (200)
2025-06-15T02:29:47.286Z ::1 GET /api/v2/brands?fields=_id%20name%20slug
2025-06-15T02:29:47.510Z ::1 GET / (304)
2025-06-15T02:29:47.513Z ::1 GET /api/v2/account
2025-06-15T02:29:47.569Z ::1 GET /?fields=_id%20name%20slug (200)
2025-06-15T02:29:47.663Z ::1 GET /api/v2/products/search/suggest?keyword=
2025-06-15T02:29:47.671Z ::1 POST /api/v2/cart
2025-06-15T02:29:47.674Z ::1 GET /api/v2/categories?fields=name%20slug%20image
2025-06-15T02:29:47.678Z ::1 GET /api/v2/brands?fields=name%20slug%20image
2025-06-15T02:29:47.682Z ::1 GET /api/v2/discounts?fields=name,desc,code,beginDate,endDate,quantity,unlimitedQty,discount,discountType,minimumTotal,maximumApplied,image
2025-06-15T02:29:47.944Z ::1 GET /search/suggest?keyword= (304)
2025-06-15T02:29:47.947Z ::1 POST / (200)
2025-06-15T02:29:47.953Z ::1 GET /api/v2/products?search=&c=c00000000000000000000001&b=&page=1&limit=10&getBrandFilter=1&getCategoryFilter=1&isShowHidden=0&fullTextSearch=1
2025-06-15T02:29:47.960Z ::1 GET /?fields=name%20slug%20image (304)
2025-06-15T02:29:47.962Z ::1 GET /?fields=name,desc,code,beginDate,endDate,quantity,unlimitedQty,discount,discountType,minimumTotal,maximumApplied,image (304)
2025-06-15T02:29:48.084Z ::1 GET /api/v2/account
2025-06-15T02:29:48.651Z ::1 GET / (200)
2025-06-15T02:29:48.778Z ::1 GET /?fields=name%20slug%20image (304)
2025-06-15T02:29:48.826Z ::1 GET /api/v2/products/search/suggest?keyword=
2025-06-15T02:29:48.832Z ::1 POST /api/v2/cart
2025-06-15T02:29:48.835Z ::1 GET /api/v2/categories?fields=name%20slug%20image
2025-06-15T02:29:48.837Z ::1 GET /api/v2/brands?fields=name%20slug%20image
2025-06-15T02:29:49.103Z ::1 GET /search/suggest?keyword= (304)
2025-06-15T02:29:49.107Z ::1 GET /api/v2/discounts?fields=name,desc,code,beginDate,endDate,quantity,unlimitedQty,discount,discountType,minimumTotal,maximumApplied,image
2025-06-15T02:29:49.116Z ::1 POST / (200)
2025-06-15T02:29:49.125Z ::1 GET /?fields=name%20slug%20image (304)
2025-06-15T02:29:49.385Z ::1 GET /?fields=name,desc,code,beginDate,endDate,quantity,unlimitedQty,discount,discountType,minimumTotal,maximumApplied,image (304)
2025-06-15T02:29:49.552Z ::1 GET /?search=&c=&b=&page=1&limit=10&getBrandFilter=1&getCategoryFilter=1&isShowHidden=0&fullTextSearch=1 (200)
2025-06-15T02:29:49.948Z ::1 GET /?fields=name%20slug%20image (304)
2025-06-15T02:29:51.297Z ::1 GET /?search=&c=c00000000000000000000001&b=&page=1&limit=10&getBrandFilter=1&getCategoryFilter=1&isShowHidden=0&fullTextSearch=1 (200)
2025-06-15T02:29:51.679Z ::1 GET /api/v2/products/iphone-12?fields=_id%20name%20slug%20desc%20video%20overSpecs%20policies%20detailSpecs%20origin%20category%20brand%20tags%20views%20rate%20variants%20quantity%20warrantyPeriod%20isHide%20createdAt%20updatedAt
2025-06-15T02:29:51.859Z ::1 GET /api/v2/account
2025-06-15T02:29:52.275Z ::1 GET /iphone-12?fields=_id%20name%20slug%20desc%20video%20overSpecs%20policies%20detailSpecs%20origin%20category%20brand%20tags%20views%20rate%20variants%20quantity%20warrantyPeriod%20isHide%20createdAt%20updatedAt (200)
2025-06-15T02:29:52.405Z ::1 GET / (304)
2025-06-15T02:29:52.408Z ::1 GET /api/v2/account
2025-06-15T02:29:52.956Z ::1 GET / (304)
2025-06-15T02:29:53.541Z ::1 GET /api/v2/products/search/suggest?keyword=
2025-06-15T02:29:53.544Z ::1 GET /api/v2/categories?fields=name%20slug%20image
2025-06-15T02:29:53.547Z ::1 POST /api/v2/cart
2025-06-15T02:29:53.549Z ::1 GET /api/v2/brands?fields=name%20slug%20image
2025-06-15T02:29:53.552Z ::1 GET /api/v2/discounts?fields=name,desc,code,beginDate,endDate,quantity,unlimitedQty,discount,discountType,minimumTotal,maximumApplied,image
2025-06-15T02:29:53.815Z ::1 GET /search/suggest?keyword= (304)
2025-06-15T02:29:53.826Z ::1 POST / (200)
2025-06-15T02:29:53.833Z ::1 GET /?fields=name,desc,code,beginDate,endDate,quantity,unlimitedQty,discount,discountType,minimumTotal,maximumApplied,image (304)
2025-06-15T02:29:53.938Z ::1 GET /api/v2/account
2025-06-15T02:29:54.098Z ::1 GET /?fields=name%20slug%20image (304)
2025-06-15T02:29:54.496Z ::1 GET / (304)
2025-06-15T02:29:54.676Z ::1 POST /api/v2/cart/add
2025-06-15T02:29:55.060Z ::1 GET /api/v2/account
2025-06-15T02:29:55.616Z ::1 GET / (304)
2025-06-15T02:29:55.619Z ::1 GET /api/v2/account
2025-06-15T02:29:55.759Z ::1 GET /api/v2/categories?fields=name%20slug%20image
2025-06-15T02:29:55.764Z ::1 GET /api/v2/products/search/suggest?keyword=
2025-06-15T02:29:55.771Z ::1 POST /api/v2/cart
2025-06-15T02:29:55.776Z ::1 GET /api/v2/brands?fields=name%20slug%20image
2025-06-15T02:29:55.778Z ::1 GET /api/v2/discounts?fields=name,desc,code,beginDate,endDate,quantity,unlimitedQty,discount,discountType,minimumTotal,maximumApplied,image
2025-06-15T02:29:55.823Z ::1 POST /add (200)
2025-06-15T02:29:56.043Z ::1 GET /search/suggest?keyword= (304)
2025-06-15T02:29:56.057Z ::1 GET /?fields=name,desc,code,beginDate,endDate,quantity,unlimitedQty,discount,discountType,minimumTotal,maximumApplied,image (304)
2025-06-15T02:29:56.345Z ::1 GET /?fields=name%20slug%20image (304)
2025-06-15T02:29:56.368Z ::1 POST /api/v2/user-behavior
2025-06-15T02:29:56.373Z ::1 POST / (200)
2025-06-15T02:29:56.511Z ::1 GET /api/v2/account
2025-06-15T02:29:56.873Z ::1 GET /?fields=name%20slug%20image (200)
2025-06-15T02:29:57.069Z ::1 GET / (200)
2025-06-15T02:29:57.223Z ::1 GET /api/v2/products/search/suggest?keyword=
2025-06-15T02:29:57.228Z ::1 GET /api/v2/categories?fields=name%20slug%20image
2025-06-15T02:29:57.232Z ::1 POST /api/v2/cart
2025-06-15T02:29:57.238Z ::1 GET /api/v2/brands?fields=name%20slug%20image
2025-06-15T02:29:57.242Z ::1 GET /api/v2/discounts?fields=name,desc,code,beginDate,endDate,quantity,unlimitedQty,discount,discountType,minimumTotal,maximumApplied,image
2025-06-15T02:29:57.356Z ::1 POST / (200)
2025-06-15T02:29:57.504Z ::1 GET /search/suggest?keyword= (304)
2025-06-15T02:29:57.522Z ::1 GET /?fields=name,desc,code,beginDate,endDate,quantity,unlimitedQty,discount,discountType,minimumTotal,maximumApplied,image (304)
2025-06-15T02:29:57.788Z ::1 POST / (200)
2025-06-15T02:29:57.796Z ::1 GET /?fields=name%20slug%20image (304)
2025-06-15T02:29:58.308Z ::1 GET /api/v2/account/addresses
2025-06-15T02:29:58.384Z ::1 GET /?fields=name%20slug%20image (304)
2025-06-15T02:29:58.866Z ::1 GET /addresses (200)
2025-06-15T02:30:11.231Z ::1 GET /api/v2/discounts/estAmount?code=GIAMGIA123&orderSubtotal=24490000
2025-06-15T02:30:11.518Z ::1 GET /estAmount?code=GIAMGIA123&orderSubtotal=24490000 (200)
2025-06-15T02:30:17.795Z ::1 POST /api/v2/orders
2025-06-15T02:30:20.412Z ::1 POST / (200)
2025-06-15T02:30:20.527Z ::1 DELETE /api/v2/cart/d00000000000000000000002/0000000000312
2025-06-15T02:30:20.912Z ::1 GET /api/v2/account
2025-06-15T02:30:21.479Z ::1 GET / (304)
2025-06-15T02:30:21.482Z ::1 GET /api/v2/account
2025-06-15T02:30:21.671Z ::1 GET /api/v2/products/search/suggest?keyword=
2025-06-15T02:30:21.677Z ::1 GET /api/v2/categories?fields=name%20slug%20image
2025-06-15T02:30:21.680Z ::1 POST /api/v2/cart
2025-06-15T02:30:21.685Z ::1 GET /api/v2/brands?fields=name%20slug%20image
2025-06-15T02:30:21.687Z ::1 GET /api/v2/discounts?fields=name,desc,code,beginDate,endDate,quantity,unlimitedQty,discount,discountType,minimumTotal,maximumApplied,image
2025-06-15T02:30:21.952Z ::1 GET /search/suggest?keyword= (304)
2025-06-15T02:30:21.956Z ::1 POST / (200)
2025-06-15T02:30:21.962Z ::1 GET /api/v2/account
2025-06-15T02:30:21.969Z ::1 GET /?fields=name%20slug%20image (304)
2025-06-15T02:30:21.971Z ::1 GET /?fields=name,desc,code,beginDate,endDate,quantity,unlimitedQty,discount,discountType,minimumTotal,maximumApplied,image (200)
2025-06-15T02:30:22.369Z ::1 GET /api/v2/orders/684e303aaf4f0397918a2acf
2025-06-15T02:30:22.516Z ::1 GET / (200)
2025-06-15T02:30:22.523Z ::1 GET /api/v2/account
2025-06-15T02:30:22.652Z ::1 GET /api/v2/products/search/suggest?keyword=
2025-06-15T02:30:22.659Z ::1 POST /api/v2/cart
2025-06-15T02:30:22.666Z ::1 GET /api/v2/brands?fields=name%20slug%20image
2025-06-15T02:30:22.670Z ::1 GET /api/v2/discounts?fields=name,desc,code,beginDate,endDate,quantity,unlimitedQty,discount,discountType,minimumTotal,maximumApplied,image
2025-06-15T02:30:22.804Z ::1 GET /?fields=name%20slug%20image (304)
2025-06-15T02:30:22.810Z ::1 GET /api/v2/categories?fields=name%20slug%20image
2025-06-15T02:30:22.935Z ::1 GET /search/suggest?keyword= (304)
2025-06-15T02:30:22.939Z ::1 GET /684e303aaf4f0397918a2acf (200)
2025-06-15T02:30:22.943Z ::1 POST / (200)
2025-06-15T02:30:22.951Z ::1 GET /?fields=name%20slug%20image (304)
2025-06-15T02:30:22.957Z ::1 GET /?fields=name,desc,code,beginDate,endDate,quantity,unlimitedQty,discount,discountType,minimumTotal,maximumApplied,image (304)
2025-06-15T02:30:22.962Z ::1 GET /api/v2/account
2025-06-15T02:30:23.509Z ::1 GET / (200)
2025-06-15T02:30:23.646Z ::1 POST /api/v2/cart
2025-06-15T02:30:23.651Z ::1 GET /api/v2/products/search/suggest?keyword=
2025-06-15T02:30:23.661Z ::1 GET /api/v2/brands?fields=name%20slug%20image
2025-06-15T02:30:23.663Z ::1 GET /api/v2/discounts?fields=name,desc,code,beginDate,endDate,quantity,unlimitedQty,discount,discountType,minimumTotal,maximumApplied,image
2025-06-15T02:30:23.924Z ::1 POST / (200)
2025-06-15T02:30:23.928Z ::1 GET /search/suggest?keyword= (304)
2025-06-15T02:30:23.943Z ::1 GET /?fields=name%20slug%20image (304)
2025-06-15T02:30:23.951Z ::1 GET /?fields=name%20slug%20image (304)
2025-06-15T02:30:23.955Z ::1 GET /?fields=name,desc,code,beginDate,endDate,quantity,unlimitedQty,discount,discountType,minimumTotal,maximumApplied,image (304)
2025-06-15T02:30:23.959Z ::1 GET /api/v2/categories?fields=name%20slug%20image
2025-06-15T02:30:25.074Z ::1 GET /?fields=name%20slug%20image (304)
2025-06-15T02:30:29.950Z ::1 GET /api/v2/account
2025-06-15T02:30:30.502Z ::1 GET / (304)
2025-06-15T02:30:30.504Z ::1 GET /api/v2/account
2025-06-15T02:30:30.668Z ::1 GET /api/v2/products/search/suggest?keyword=
2025-06-15T02:30:30.673Z ::1 GET /api/v2/categories?fields=name%20slug%20image
2025-06-15T02:30:30.678Z ::1 POST /api/v2/cart
2025-06-15T02:30:30.680Z ::1 GET /api/v2/brands?fields=name%20slug%20image
2025-06-15T02:30:30.682Z ::1 GET /api/v2/discounts?fields=name,desc,code,beginDate,endDate,quantity,unlimitedQty,discount,discountType,minimumTotal,maximumApplied,image
2025-06-15T02:30:30.900Z ::1 GET /api/v2/orders?page=1&status=&paymentStatus=&limit=1000000000
2025-06-15T02:30:30.948Z ::1 GET /search/suggest?keyword= (304)
2025-06-15T02:30:30.951Z ::1 POST / (200)
2025-06-15T02:30:30.965Z ::1 GET /?fields=name,desc,code,beginDate,endDate,quantity,unlimitedQty,discount,discountType,minimumTotal,maximumApplied,image (304)
2025-06-15T02:30:31.071Z ::1 GET /api/v2/account
2025-06-15T02:30:31.228Z ::1 GET /?fields=name%20slug%20image (304)
2025-06-15T02:30:31.459Z ::1 GET /?page=1&status=&paymentStatus=&limit=1000000000 (200)
2025-06-15T02:30:31.623Z ::1 GET / (200)
2025-06-15T02:30:31.626Z ::1 GET /api/v2/account
2025-06-15T02:30:31.741Z ::1 POST /api/v2/cart
2025-06-15T02:30:31.746Z ::1 GET /api/v2/products/search/suggest?keyword=
2025-06-15T02:30:31.752Z ::1 GET /api/v2/brands?fields=name%20slug%20image
2025-06-15T02:30:31.756Z ::1 GET /api/v2/discounts?fields=name,desc,code,beginDate,endDate,quantity,unlimitedQty,discount,discountType,minimumTotal,maximumApplied,image
2025-06-15T02:30:31.795Z ::1 GET /?fields=name%20slug%20image (304)
2025-06-15T02:30:31.797Z ::1 GET /api/v2/categories?fields=name%20slug%20image
2025-06-15T02:30:32.015Z ::1 GET /api/v2/account
2025-06-15T02:30:32.021Z ::1 GET /search/suggest?keyword= (304)
2025-06-15T02:30:32.024Z ::1 POST / (200)
2025-06-15T02:30:32.031Z ::1 GET /?fields=name,desc,code,beginDate,endDate,quantity,unlimitedQty,discount,discountType,minimumTotal,maximumApplied,image (304)
2025-06-15T02:30:32.041Z ::1 GET /?fields=name%20slug%20image (304)
2025-06-15T02:30:32.577Z ::1 GET / (200)
2025-06-15T02:30:32.721Z ::1 POST /api/v2/cart
2025-06-15T02:30:32.727Z ::1 GET /api/v2/products/search/suggest?keyword=
2025-06-15T02:30:32.732Z ::1 GET /api/v2/brands?fields=name%20slug%20image
2025-06-15T02:30:32.738Z ::1 GET /api/v2/discounts?fields=name,desc,code,beginDate,endDate,quantity,unlimitedQty,discount,discountType,minimumTotal,maximumApplied,image
2025-06-15T02:30:32.926Z ::1 GET /?fields=name%20slug%20image (304)
2025-06-15T02:30:32.928Z ::1 GET /api/v2/categories?fields=name%20slug%20image
2025-06-15T02:30:33.002Z ::1 POST / (200)
2025-06-15T02:30:33.006Z ::1 GET /search/suggest?keyword= (304)
2025-06-15T02:30:33.015Z ::1 GET /?fields=name,desc,code,beginDate,endDate,quantity,unlimitedQty,discount,discountType,minimumTotal,maximumApplied,image (304)
2025-06-15T02:30:33.026Z ::1 GET /?fields=name%20slug%20image (304)
2025-06-15T02:30:34.056Z ::1 GET /?fields=name%20slug%20image (304)
2025-06-15T02:48:45.830Z ::1 GET /api/v2/account
2025-06-15T02:48:46.389Z ::1 GET / (304)
2025-06-15T02:48:46.393Z ::1 GET /api/v2/account
2025-06-15T02:48:46.625Z ::1 GET /api/v2/products/search/suggest?keyword=
2025-06-15T02:48:46.629Z ::1 POST /api/v2/cart
2025-06-15T02:48:46.635Z ::1 GET /api/v2/categories?fields=name%20slug%20image
2025-06-15T02:48:46.637Z ::1 GET /api/v2/brands?fields=name%20slug%20image
2025-06-15T02:48:46.640Z ::1 GET /api/v2/discounts?fields=name,desc,code,beginDate,endDate,quantity,unlimitedQty,discount,discountType,minimumTotal,maximumApplied,image
2025-06-15T02:48:46.903Z ::1 GET /search/suggest?keyword= (304)
2025-06-15T02:48:46.911Z ::1 POST / (200)
2025-06-15T02:48:46.919Z ::1 GET /?fields=name,desc,code,beginDate,endDate,quantity,unlimitedQty,discount,discountType,minimumTotal,maximumApplied,image (304)
2025-06-15T02:48:46.926Z ::1 GET /?fields=name%20slug%20image (304)
2025-06-15T02:48:46.991Z ::1 GET /api/v2/orders?page=1&status=&paymentStatus=&limit=1000000000
2025-06-15T02:48:46.998Z ::1 GET /api/v2/account
2025-06-15T02:48:47.553Z ::1 GET /?page=1&status=&paymentStatus=&limit=1000000000 (304)
2025-06-15T02:48:47.557Z ::1 GET / (200)
2025-06-15T02:48:47.560Z ::1 GET /api/v2/account
2025-06-15T02:48:47.746Z ::1 GET /?fields=name%20slug%20image (304)
2025-06-15T02:48:47.847Z ::1 POST /api/v2/cart
2025-06-15T02:48:47.852Z ::1 GET /api/v2/products/search/suggest?keyword=
2025-06-15T02:48:47.856Z ::1 GET /api/v2/categories?fields=name%20slug%20image
2025-06-15T02:48:47.860Z ::1 GET /api/v2/brands?fields=name%20slug%20image
2025-06-15T02:48:47.863Z ::1 GET /api/v2/discounts?fields=name,desc,code,beginDate,endDate,quantity,unlimitedQty,discount,discountType,minimumTotal,maximumApplied,image
2025-06-15T02:48:48.124Z ::1 POST / (200)
2025-06-15T02:48:48.133Z ::1 GET /search/suggest?keyword= (304)
2025-06-15T02:48:48.143Z ::1 GET /?fields=name%20slug%20image (304)
2025-06-15T02:48:48.147Z ::1 GET /?fields=name,desc,code,beginDate,endDate,quantity,unlimitedQty,discount,discountType,minimumTotal,maximumApplied,image (304)
2025-06-15T02:48:48.170Z ::1 GET /api/v2/account
2025-06-15T02:48:48.984Z ::1 GET /?fields=name%20slug%20image (304)
2025-06-15T02:48:49.234Z ::1 GET / (200)
2025-06-15T02:48:49.357Z ::1 GET /api/v2/products/search/suggest?keyword=
2025-06-15T02:48:49.362Z ::1 POST /api/v2/cart
2025-06-15T02:48:49.367Z ::1 GET /api/v2/categories?fields=name%20slug%20image
2025-06-15T02:48:49.372Z ::1 GET /api/v2/brands?fields=name%20slug%20image
2025-06-15T02:48:49.376Z ::1 GET /api/v2/discounts?fields=name,desc,code,beginDate,endDate,quantity,unlimitedQty,discount,discountType,minimumTotal,maximumApplied,image
2025-06-15T02:48:49.635Z ::1 GET /search/suggest?keyword= (304)
2025-06-15T02:48:49.643Z ::1 POST / (200)
2025-06-15T02:48:49.652Z ::1 GET /?fields=name,desc,code,beginDate,endDate,quantity,unlimitedQty,discount,discountType,minimumTotal,maximumApplied,image (304)
2025-06-15T02:48:49.659Z ::1 GET /?fields=name%20slug%20image (304)
2025-06-15T02:48:50.483Z ::1 GET /?fields=name%20slug%20image (304)
2025-06-15T02:51:41.044Z ::1 GET /api/v2/account
2025-06-15T02:51:41.592Z ::1 GET / (304)
2025-06-15T02:51:42.317Z ::1 GET /api/v2/products/search/suggest?keyword=
2025-06-15T02:51:42.325Z ::1 POST /api/v2/cart
2025-06-15T02:51:42.329Z ::1 GET /api/v2/categories?fields=name%20slug%20image
2025-06-15T02:51:42.332Z ::1 GET /api/v2/brands?fields=name%20slug%20image
2025-06-15T02:51:42.337Z ::1 GET /api/v2/discounts?fields=name,desc,code,beginDate,endDate,quantity,unlimitedQty,discount,discountType,minimumTotal,maximumApplied,image
2025-06-15T02:51:42.596Z ::1 GET /search/suggest?keyword= (304)
2025-06-15T02:51:42.600Z ::1 GET /api/v2/orders?page=1&status=&paymentStatus=&limit=1000000000
2025-06-15T02:51:42.606Z ::1 POST / (200)
2025-06-15T02:51:42.613Z ::1 GET /?fields=name,desc,code,beginDate,endDate,quantity,unlimitedQty,discount,discountType,minimumTotal,maximumApplied,image (304)
2025-06-15T02:51:42.618Z ::1 GET /?fields=name%20slug%20image (304)
2025-06-15T02:51:43.147Z ::1 GET /?page=1&status=&paymentStatus=&limit=1000000000 (304)
2025-06-15T02:51:43.431Z ::1 GET /?fields=name%20slug%20image (304)
2025-06-15T02:51:44.033Z ::1 GET /api/v2/account
2025-06-15T02:51:44.588Z ::1 GET / (304)
2025-06-15T02:51:45.217Z ::1 GET /api/v2/products/search/suggest?keyword=
2025-06-15T02:51:45.221Z ::1 GET /api/v2/categories?fields=name%20slug%20image
2025-06-15T02:51:45.224Z ::1 POST /api/v2/cart
2025-06-15T02:51:45.228Z ::1 GET /api/v2/brands?fields=name%20slug%20image
2025-06-15T02:51:45.232Z ::1 GET /api/v2/discounts?fields=name,desc,code,beginDate,endDate,quantity,unlimitedQty,discount,discountType,minimumTotal,maximumApplied,image
2025-06-15T02:51:45.494Z ::1 GET /search/suggest?keyword= (304)
2025-06-15T02:51:45.504Z ::1 POST / (200)
2025-06-15T02:51:45.512Z ::1 GET /?fields=name,desc,code,beginDate,endDate,quantity,unlimitedQty,discount,discountType,minimumTotal,maximumApplied,image (304)
2025-06-15T02:51:45.778Z ::1 GET /?fields=name%20slug%20image (304)
2025-06-15T02:51:46.321Z ::1 GET /?fields=name%20slug%20image (304)
2025-06-15T02:51:46.686Z ::1 GET /api/v2/account
2025-06-15T02:51:47.231Z ::1 GET / (304)
2025-06-15T02:51:47.418Z ::1 GET /api/v2/products/search/suggest?keyword=
2025-06-15T02:51:47.421Z ::1 POST /api/v2/cart
2025-06-15T02:51:47.424Z ::1 GET /api/v2/categories?fields=name%20slug%20image
2025-06-15T02:51:47.427Z ::1 GET /api/v2/brands?fields=name%20slug%20image
2025-06-15T02:51:47.429Z ::1 GET /api/v2/discounts?fields=name,desc,code,beginDate,endDate,quantity,unlimitedQty,discount,discountType,minimumTotal,maximumApplied,image
2025-06-15T02:51:47.693Z ::1 GET /search/suggest?keyword= (304)
2025-06-15T02:51:47.697Z ::1 POST / (200)
2025-06-15T02:51:47.705Z ::1 GET /?fields=name,desc,code,beginDate,endDate,quantity,unlimitedQty,discount,discountType,minimumTotal,maximumApplied,image (304)
2025-06-15T02:51:47.712Z ::1 GET /?fields=name%20slug%20image (304)
2025-06-15T02:51:48.544Z ::1 GET /?fields=name%20slug%20image (304)
2025-06-15T02:54:56.143Z ::1 GET /api/v2/account
2025-06-15T02:54:56.702Z ::1 GET / (304)
2025-06-15T02:54:57.699Z ::1 GET /api/v2/account
2025-06-15T02:54:58.261Z ::1 GET / (304)
2025-06-15T02:54:58.264Z ::1 GET /api/v2/account
2025-06-15T02:54:58.578Z ::1 POST /api/v2/cart
2025-06-15T02:54:58.582Z ::1 GET /api/v2/products/search/suggest?keyword=
2025-06-15T02:54:58.588Z ::1 GET /api/v2/categories?fields=name%20slug%20image
2025-06-15T02:54:58.591Z ::1 GET /api/v2/brands?fields=name%20slug%20image
2025-06-15T02:54:58.595Z ::1 GET /api/v2/discounts?fields=name,desc,code,beginDate,endDate,quantity,unlimitedQty,discount,discountType,minimumTotal,maximumApplied,image
2025-06-15T02:54:58.860Z ::1 POST / (200)
2025-06-15T02:54:58.863Z ::1 GET /search/suggest?keyword= (304)
2025-06-15T02:54:58.872Z ::1 GET /?fields=name%20slug%20image (304)
2025-06-15T02:54:58.877Z ::1 GET /?fields=name,desc,code,beginDate,endDate,quantity,unlimitedQty,discount,discountType,minimumTotal,maximumApplied,image (304)
2025-06-15T02:54:58.959Z ::1 GET /api/v2/orders?page=1&status=&paymentStatus=&limit=1000000000
2025-06-15T02:54:59.284Z ::1 GET /api/v2/account
2025-06-15T02:54:59.524Z ::1 GET /?page=1&status=&paymentStatus=&limit=1000000000 (304)
2025-06-15T02:54:59.710Z ::1 GET /?fields=name%20slug%20image (304)
2025-06-15T02:54:59.829Z ::1 GET / (200)
2025-06-15T02:54:59.832Z ::1 GET /api/v2/account
2025-06-15T02:55:00.035Z ::1 GET /api/v2/products/search/suggest?keyword=
2025-06-15T02:55:00.041Z ::1 GET /api/v2/categories?fields=name%20slug%20image
2025-06-15T02:55:00.045Z ::1 GET /api/v2/brands?fields=name%20slug%20image
2025-06-15T02:55:00.047Z ::1 GET /api/v2/discounts?fields=name,desc,code,beginDate,endDate,quantity,unlimitedQty,discount,discountType,minimumTotal,maximumApplied,image
2025-06-15T02:55:00.050Z ::1 POST /api/v2/cart
2025-06-15T02:55:00.315Z ::1 GET /search/suggest?keyword= (304)
2025-06-15T02:55:00.326Z ::1 GET /?fields=name%20slug%20image (304)
2025-06-15T02:55:00.331Z ::1 GET /?fields=name,desc,code,beginDate,endDate,quantity,unlimitedQty,discount,discountType,minimumTotal,maximumApplied,image (304)
2025-06-15T02:55:00.334Z ::1 POST / (200)
2025-06-15T02:55:00.974Z ::1 GET /api/v2/account
2025-06-15T02:55:01.523Z ::1 GET / (200)
2025-06-15T02:55:01.527Z ::1 GET /api/v2/account
2025-06-15T02:55:01.679Z ::1 GET /api/v2/categories?fields=name%20slug%20image
2025-06-15T02:55:01.683Z ::1 GET /api/v2/products/search/suggest?keyword=
2025-06-15T02:55:01.688Z ::1 POST /api/v2/cart
2025-06-15T02:55:01.694Z ::1 GET /api/v2/brands?fields=name%20slug%20image
2025-06-15T02:55:01.698Z ::1 GET /api/v2/discounts?fields=name,desc,code,beginDate,endDate,quantity,unlimitedQty,discount,discountType,minimumTotal,maximumApplied,image
2025-06-15T02:55:01.917Z ::1 GET /api/v2/account
2025-06-15T02:55:01.964Z ::1 GET /search/suggest?keyword= (304)
2025-06-15T02:55:01.971Z ::1 POST / (200)
2025-06-15T02:55:01.976Z ::1 GET /?fields=name%20slug%20image (304)
2025-06-15T02:55:01.977Z ::1 GET /?fields=name,desc,code,beginDate,endDate,quantity,unlimitedQty,discount,discountType,minimumTotal,maximumApplied,image (304)
2025-06-15T02:55:02.459Z ::1 GET / (200)
2025-06-15T02:55:02.623Z ::1 GET /api/v2/products/search/suggest?keyword=
2025-06-15T02:55:02.632Z ::1 POST /api/v2/cart
2025-06-15T02:55:02.639Z ::1 GET /api/v2/brands?fields=name%20slug%20image
2025-06-15T02:55:02.641Z ::1 GET /api/v2/discounts?fields=name,desc,code,beginDate,endDate,quantity,unlimitedQty,discount,discountType,minimumTotal,maximumApplied,image
2025-06-15T02:55:02.803Z ::1 GET /?fields=name%20slug%20image (200)
2025-06-15T02:55:02.805Z ::1 GET /api/v2/categories?fields=name%20slug%20image
2025-06-15T02:55:02.899Z ::1 GET /search/suggest?keyword= (304)
2025-06-15T02:55:02.908Z ::1 POST / (200)
2025-06-15T02:55:02.922Z ::1 GET /?fields=name,desc,code,beginDate,endDate,quantity,unlimitedQty,discount,discountType,minimumTotal,maximumApplied,image (304)
2025-06-15T02:55:03.189Z ::1 GET /?fields=name%20slug%20image (304)
2025-06-15T02:55:03.934Z ::1 GET /?fields=name%20slug%20image (304)
2025-06-15T02:55:33.208Z ::1 GET /api/v2/orders?page=1&limit=1000000000
2025-06-15T02:55:33.776Z ::1 GET /?page=1&limit=1000000000 (200)
2025-06-15T02:56:26.148Z ::1 GET /api/v2/account
2025-06-15T02:56:26.711Z ::1 GET / (304)
2025-06-15T02:56:26.714Z ::1 GET /api/v2/account
2025-06-15T02:56:26.872Z ::1 GET /api/v2/products/search/suggest?keyword=
2025-06-15T02:56:26.876Z ::1 POST /api/v2/cart
2025-06-15T02:56:26.879Z ::1 GET /api/v2/categories?fields=name%20slug%20image
2025-06-15T02:56:26.882Z ::1 GET /api/v2/brands?fields=name%20slug%20image
2025-06-15T02:56:26.885Z ::1 GET /api/v2/discounts?fields=name,desc,code,beginDate,endDate,quantity,unlimitedQty,discount,discountType,minimumTotal,maximumApplied,image
2025-06-15T02:56:27.137Z ::1 GET /api/v2/account
2025-06-15T02:56:27.149Z ::1 GET /search/suggest?keyword= (304)
2025-06-15T02:56:27.159Z ::1 GET /?fields=name%20slug%20image (304)
2025-06-15T02:56:27.162Z ::1 POST / (200)
2025-06-15T02:56:27.166Z ::1 GET /?fields=name,desc,code,beginDate,endDate,quantity,unlimitedQty,discount,discountType,minimumTotal,maximumApplied,image (304)
2025-06-15T02:56:27.269Z ::1 GET /api/v2/orders?page=1&status=&paymentStatus=&limit=1000000000
2025-06-15T02:56:27.697Z ::1 GET / (200)
2025-06-15T02:56:27.700Z ::1 GET /api/v2/account
2025-06-15T02:56:27.827Z ::1 GET /?page=1&status=&paymentStatus=&limit=1000000000 (304)
2025-06-15T02:56:27.857Z ::1 GET /api/v2/products/search/suggest?keyword=
2025-06-15T02:56:27.861Z ::1 GET /api/v2/brands?fields=name%20slug%20image
2025-06-15T02:56:27.863Z ::1 POST /api/v2/cart
2025-06-15T02:56:27.867Z ::1 GET /api/v2/discounts?fields=name,desc,code,beginDate,endDate,quantity,unlimitedQty,discount,discountType,minimumTotal,maximumApplied,image
2025-06-15T02:56:27.987Z ::1 GET /?fields=name%20slug%20image (304)
2025-06-15T02:56:27.989Z ::1 GET /api/v2/categories?fields=name%20slug%20image
2025-06-15T02:56:28.136Z ::1 GET /?fields=name,desc,code,beginDate,endDate,quantity,unlimitedQty,discount,discountType,minimumTotal,maximumApplied,image (304)
2025-06-15T02:56:28.138Z ::1 GET /search/suggest?keyword= (304)
2025-06-15T02:56:28.140Z ::1 POST / (200)
2025-06-15T02:56:28.150Z ::1 GET /?fields=name%20slug%20image (304)
2025-06-15T02:56:28.309Z ::1 GET /api/v2/account
2025-06-15T02:56:28.871Z ::1 GET / (200)
2025-06-15T02:56:29.097Z ::1 GET /?fields=name%20slug%20image (304)
2025-06-15T02:56:29.402Z ::1 POST /api/v2/cart
2025-06-15T02:56:29.406Z ::1 GET /api/v2/products/search/suggest?keyword=
2025-06-15T02:56:29.410Z ::1 GET /api/v2/categories?fields=name%20slug%20image
2025-06-15T02:56:29.413Z ::1 GET /api/v2/brands?fields=name%20slug%20image
2025-06-15T02:56:29.416Z ::1 GET /api/v2/discounts?fields=name,desc,code,beginDate,endDate,quantity,unlimitedQty,discount,discountType,minimumTotal,maximumApplied,image
2025-06-15T02:56:29.677Z ::1 POST / (200)
2025-06-15T02:56:29.687Z ::1 GET /search/suggest?keyword= (304)
2025-06-15T02:56:29.693Z ::1 GET /?fields=name%20slug%20image (304)
2025-06-15T02:56:29.697Z ::1 GET /?fields=name,desc,code,beginDate,endDate,quantity,unlimitedQty,discount,discountType,minimumTotal,maximumApplied,image (304)
2025-06-15T02:56:30.540Z ::1 GET /?fields=name%20slug%20image (304)
2025-06-15T02:56:33.657Z ::1 GET /api/v2/account
2025-06-15T02:56:34.220Z ::1 GET / (304)
2025-06-15T02:56:34.223Z ::1 GET /api/v2/account
2025-06-15T02:56:34.464Z ::1 GET /api/v2/products/search/suggest?keyword=
2025-06-15T02:56:34.469Z ::1 GET /api/v2/categories?fields=name%20slug%20image
2025-06-15T02:56:34.472Z ::1 GET /api/v2/brands?fields=name%20slug%20image
2025-06-15T02:56:34.476Z ::1 POST /api/v2/cart
2025-06-15T02:56:34.479Z ::1 GET /api/v2/discounts?fields=name,desc,code,beginDate,endDate,quantity,unlimitedQty,discount,discountType,minimumTotal,maximumApplied,image
2025-06-15T02:56:34.744Z ::1 GET /search/suggest?keyword= (304)
2025-06-15T02:56:34.749Z ::1 GET /?fields=name,desc,code,beginDate,endDate,quantity,unlimitedQty,discount,discountType,minimumTotal,maximumApplied,image (304)
2025-06-15T02:56:34.752Z ::1 POST / (200)
2025-06-15T02:56:34.761Z ::1 GET /?fields=name%20slug%20image (304)
2025-06-15T02:56:35.136Z ::1 GET /api/v2/account
2025-06-15T02:56:35.580Z ::1 GET /?fields=name%20slug%20image (304)
2025-06-15T02:56:35.697Z ::1 GET / (200)
2025-06-15T02:56:35.894Z ::1 GET /api/v2/products/search/suggest?keyword=
2025-06-15T02:56:35.899Z ::1 GET /api/v2/categories?fields=name%20slug%20image
2025-06-15T02:56:35.904Z ::1 POST /api/v2/cart
2025-06-15T02:56:35.909Z ::1 GET /api/v2/brands?fields=name%20slug%20image
2025-06-15T02:56:35.914Z ::1 GET /api/v2/discounts?fields=name,desc,code,beginDate,endDate,quantity,unlimitedQty,discount,discountType,minimumTotal,maximumApplied,image
2025-06-15T02:56:36.182Z ::1 GET /search/suggest?keyword= (304)
2025-06-15T02:56:36.184Z ::1 GET /?fields=name,desc,code,beginDate,endDate,quantity,unlimitedQty,discount,discountType,minimumTotal,maximumApplied,image (304)
2025-06-15T02:56:36.186Z ::1 POST / (200)
2025-06-15T02:56:36.189Z ::1 GET /?fields=name%20slug%20image (304)
2025-06-15T02:56:37.008Z ::1 GET /?fields=name%20slug%20image (304)
2025-06-15T02:57:30.549Z ::1 GET /api/v2/account
2025-06-15T02:57:31.102Z ::1 GET / (304)
2025-06-15T02:57:31.106Z ::1 GET /api/v2/account
2025-06-15T02:57:31.391Z ::1 GET /api/v2/products/search/suggest?keyword=
2025-06-15T02:57:31.394Z ::1 POST /api/v2/cart
2025-06-15T02:57:31.398Z ::1 GET /api/v2/categories?fields=name%20slug%20image
2025-06-15T02:57:31.401Z ::1 GET /api/v2/brands?fields=name%20slug%20image
2025-06-15T02:57:31.403Z ::1 GET /api/v2/discounts?fields=name,desc,code,beginDate,endDate,quantity,unlimitedQty,discount,discountType,minimumTotal,maximumApplied,image
2025-06-15T02:57:31.666Z ::1 GET /search/suggest?keyword= (304)
2025-06-15T02:57:31.676Z ::1 POST / (200)
2025-06-15T02:57:31.682Z ::1 GET /?fields=name%20slug%20image (304)
2025-06-15T02:57:31.685Z ::1 GET /?fields=name,desc,code,beginDate,endDate,quantity,unlimitedQty,discount,discountType,minimumTotal,maximumApplied,image (304)
2025-06-15T02:57:31.706Z ::1 GET /api/v2/orders?page=1&status=&paymentStatus=&limit=1000000000
2025-06-15T02:57:32.267Z ::1 GET /?page=1&status=&paymentStatus=&limit=1000000000 (304)
2025-06-15T02:57:32.481Z ::1 GET /?fields=name%20slug%20image (304)
2025-06-15T02:57:32.775Z ::1 GET /api/v2/account
2025-06-15T02:57:33.316Z ::1 GET / (200)
2025-06-15T02:57:33.663Z ::1 GET /api/v2/products/search/suggest?keyword=
2025-06-15T02:57:33.668Z ::1 GET /api/v2/categories?fields=name%20slug%20image
2025-06-15T02:57:33.671Z ::1 POST /api/v2/cart
2025-06-15T02:57:33.675Z ::1 GET /api/v2/brands?fields=name%20slug%20image
2025-06-15T02:57:33.677Z ::1 GET /api/v2/discounts?fields=name,desc,code,beginDate,endDate,quantity,unlimitedQty,discount,discountType,minimumTotal,maximumApplied,image
2025-06-15T02:57:33.935Z ::1 GET /search/suggest?keyword= (304)
2025-06-15T02:57:33.951Z ::1 POST / (200)
2025-06-15T02:57:33.954Z ::1 GET /?fields=name,desc,code,beginDate,endDate,quantity,unlimitedQty,discount,discountType,minimumTotal,maximumApplied,image (304)
2025-06-15T02:57:33.960Z ::1 GET /?fields=name%20slug%20image (304)
2025-06-15T02:57:34.311Z ::1 GET /api/v2/account
2025-06-15T02:57:34.792Z ::1 GET /?fields=name%20slug%20image (304)
2025-06-15T02:57:34.870Z ::1 GET / (304)
2025-06-15T02:57:35.058Z ::1 GET /api/v2/products/search/suggest?keyword=
2025-06-15T02:57:35.063Z ::1 GET /api/v2/categories?fields=name%20slug%20image
2025-06-15T02:57:35.068Z ::1 POST /api/v2/cart
2025-06-15T02:57:35.073Z ::1 GET /api/v2/brands?fields=name%20slug%20image
2025-06-15T02:57:35.077Z ::1 GET /api/v2/discounts?fields=name,desc,code,beginDate,endDate,quantity,unlimitedQty,discount,discountType,minimumTotal,maximumApplied,image
2025-06-15T02:57:35.341Z ::1 GET /search/suggest?keyword= (304)
2025-06-15T02:57:35.345Z ::1 POST / (200)
2025-06-15T02:57:35.352Z ::1 GET /?fields=name,desc,code,beginDate,endDate,quantity,unlimitedQty,discount,discountType,minimumTotal,maximumApplied,image (304)
2025-06-15T02:57:35.359Z ::1 GET /?fields=name%20slug%20image (304)
2025-06-15T02:57:36.192Z ::1 GET /?fields=name%20slug%20image (304)
2025-06-15T02:59:18.108Z ::1 GET /api/v2/account
2025-06-15T02:59:18.668Z ::1 GET / (304)
2025-06-15T02:59:18.670Z ::1 GET /api/v2/account
2025-06-15T02:59:18.913Z ::1 GET /api/v2/products/search/suggest?keyword=
2025-06-15T02:59:18.919Z ::1 POST /api/v2/cart
2025-06-15T02:59:18.924Z ::1 GET /api/v2/categories?fields=name%20slug%20image
2025-06-15T02:59:18.928Z ::1 GET /api/v2/brands?fields=name%20slug%20image
2025-06-15T02:59:18.931Z ::1 GET /api/v2/discounts?fields=name,desc,code,beginDate,endDate,quantity,unlimitedQty,discount,discountType,minimumTotal,maximumApplied,image
2025-06-15T02:59:19.192Z ::1 POST / (200)
2025-06-15T02:59:19.198Z ::1 GET /search/suggest?keyword= (304)
2025-06-15T02:59:19.207Z ::1 GET /?fields=name,desc,code,beginDate,endDate,quantity,unlimitedQty,discount,discountType,minimumTotal,maximumApplied,image (304)
2025-06-15T02:59:19.214Z ::1 GET /?fields=name%20slug%20image (304)
2025-06-15T02:59:19.532Z ::1 GET /api/v2/account
2025-06-15T02:59:20.026Z ::1 GET /?fields=name%20slug%20image (304)
2025-06-15T02:59:20.093Z ::1 GET / (200)
2025-06-15T02:59:20.320Z ::1 GET /api/v2/products/search/suggest?keyword=
2025-06-15T02:59:20.325Z ::1 GET /api/v2/categories?fields=name%20slug%20image
2025-06-15T02:59:20.330Z ::1 POST /api/v2/cart
2025-06-15T02:59:20.333Z ::1 GET /api/v2/brands?fields=name%20slug%20image
2025-06-15T02:59:20.335Z ::1 GET /api/v2/discounts?fields=name,desc,code,beginDate,endDate,quantity,unlimitedQty,discount,discountType,minimumTotal,maximumApplied,image
2025-06-15T02:59:20.602Z ::1 GET /search/suggest?keyword= (304)
2025-06-15T02:59:20.610Z ::1 POST / (200)
2025-06-15T02:59:20.613Z ::1 GET /?fields=name%20slug%20image (304)
2025-06-15T02:59:20.615Z ::1 GET /?fields=name,desc,code,beginDate,endDate,quantity,unlimitedQty,discount,discountType,minimumTotal,maximumApplied,image (304)
2025-06-15T02:59:21.423Z ::1 GET /?fields=name%20slug%20image (304)
2025-06-15T02:59:55.907Z ::1 GET /api/v2/account
2025-06-15T02:59:56.464Z ::1 GET / (304)
2025-06-15T02:59:56.466Z ::1 GET /api/v2/account
2025-06-15T02:59:56.753Z ::1 GET /api/v2/products/search/suggest?keyword=
2025-06-15T02:59:56.757Z ::1 POST /api/v2/cart
2025-06-15T02:59:56.760Z ::1 GET /api/v2/categories?fields=name%20slug%20image
2025-06-15T02:59:56.762Z ::1 GET /api/v2/brands?fields=name%20slug%20image
2025-06-15T02:59:56.764Z ::1 GET /api/v2/discounts?fields=name,desc,code,beginDate,endDate,quantity,unlimitedQty,discount,discountType,minimumTotal,maximumApplied,image
2025-06-15T02:59:57.032Z ::1 POST / (200)
2025-06-15T02:59:57.051Z ::1 GET /search/suggest?keyword= (304)
2025-06-15T02:59:57.056Z ::1 GET /?fields=name,desc,code,beginDate,endDate,quantity,unlimitedQty,discount,discountType,minimumTotal,maximumApplied,image (304)
2025-06-15T02:59:57.066Z ::1 GET /?fields=name%20slug%20image (304)
2025-06-15T02:59:57.642Z ::1 GET /api/v2/orders?page=1&status=&paymentStatus=&limit=1000000000
2025-06-15T02:59:57.660Z ::1 GET /api/v2/account
2025-06-15T02:59:57.917Z ::1 GET /?fields=name%20slug%20image (304)
2025-06-15T02:59:58.197Z ::1 GET / (200)
2025-06-15T02:59:58.205Z ::1 GET /?page=1&status=&paymentStatus=&limit=1000000000 (304)
2025-06-15T02:59:58.277Z ::1 GET /api/v2/account
2025-06-15T02:59:58.477Z ::1 GET /api/v2/products/search/suggest?keyword=
2025-06-15T02:59:58.484Z ::1 GET /api/v2/categories?fields=name%20slug%20image
2025-06-15T02:59:58.487Z ::1 GET /api/v2/brands?fields=name%20slug%20image
2025-06-15T02:59:58.489Z ::1 POST /api/v2/cart
2025-06-15T02:59:58.494Z ::1 GET /api/v2/discounts?fields=name,desc,code,beginDate,endDate,quantity,unlimitedQty,discount,discountType,minimumTotal,maximumApplied,image
2025-06-15T02:59:58.749Z ::1 GET /search/suggest?keyword= (304)
2025-06-15T02:59:58.769Z ::1 GET /?fields=name%20slug%20image (304)
2025-06-15T02:59:58.771Z ::1 POST / (200)
2025-06-15T02:59:58.774Z ::1 GET /?fields=name,desc,code,beginDate,endDate,quantity,unlimitedQty,discount,discountType,minimumTotal,maximumApplied,image (304)
2025-06-15T02:59:58.876Z ::1 GET /api/v2/orders?page=1&limit=1000000000
2025-06-15T02:59:59.255Z ::1 GET /api/v2/account
2025-06-15T02:59:59.435Z ::1 GET /?page=1&limit=1000000000 (304)
2025-06-15T02:59:59.608Z ::1 GET /?fields=name%20slug%20image (304)
2025-06-15T02:59:59.811Z ::1 GET / (200)
2025-06-15T03:00:00.001Z ::1 GET /api/v2/products/search/suggest?keyword=
2025-06-15T03:00:00.011Z ::1 POST /api/v2/cart
2025-06-15T03:00:00.018Z ::1 GET /api/v2/categories?fields=name%20slug%20image
2025-06-15T03:00:00.020Z ::1 GET /api/v2/brands?fields=name%20slug%20image
2025-06-15T03:00:00.022Z ::1 GET /api/v2/discounts?fields=name,desc,code,beginDate,endDate,quantity,unlimitedQty,discount,discountType,minimumTotal,maximumApplied,image
2025-06-15T03:00:00.139Z ::1 GET /api/v2/orders?page=1&limit=1000000000
2025-06-15T03:00:00.281Z ::1 GET /search/suggest?keyword= (304)
2025-06-15T03:00:00.297Z ::1 POST / (200)
2025-06-15T03:00:00.302Z ::1 GET /?fields=name%20slug%20image (304)
2025-06-15T03:00:00.305Z ::1 GET /?fields=name,desc,code,beginDate,endDate,quantity,unlimitedQty,discount,discountType,minimumTotal,maximumApplied,image (304)
2025-06-15T03:00:00.680Z ::1 GET /?page=1&limit=1000000000 (304)
2025-06-15T03:00:01.140Z ::1 GET /?fields=name%20slug%20image (304)
2025-06-15T03:00:53.412Z ::1 GET /api/v2/account
2025-06-15T03:00:53.974Z ::1 GET / (304)
2025-06-15T03:00:53.978Z ::1 GET /api/v2/account
2025-06-15T03:00:54.264Z ::1 POST /api/v2/cart
2025-06-15T03:00:54.273Z ::1 GET /api/v2/products/search/suggest?keyword=
2025-06-15T03:00:54.277Z ::1 GET /api/v2/categories?fields=name%20slug%20image
2025-06-15T03:00:54.281Z ::1 GET /api/v2/brands?fields=name%20slug%20image
2025-06-15T03:00:54.285Z ::1 GET /api/v2/discounts?fields=name,desc,code,beginDate,endDate,quantity,unlimitedQty,discount,discountType,minimumTotal,maximumApplied,image
2025-06-15T03:00:54.388Z ::1 GET /api/v2/orders?page=1&limit=1000000000
2025-06-15T03:00:54.537Z ::1 POST / (200)
2025-06-15T03:00:54.553Z ::1 GET /search/suggest?keyword= (304)
2025-06-15T03:00:54.559Z ::1 GET /?fields=name,desc,code,beginDate,endDate,quantity,unlimitedQty,discount,discountType,minimumTotal,maximumApplied,image (304)
2025-06-15T03:00:54.567Z ::1 GET /?fields=name%20slug%20image (304)
2025-06-15T03:00:54.805Z ::1 GET /api/v2/account
2025-06-15T03:00:54.945Z ::1 GET /?page=1&limit=1000000000 (304)
2025-06-15T03:00:55.370Z ::1 GET / (200)
2025-06-15T03:00:55.582Z ::1 POST /api/v2/cart
2025-06-15T03:00:55.590Z ::1 GET /api/v2/products/search/suggest?keyword=
2025-06-15T03:00:55.598Z ::1 GET /api/v2/brands?fields=name%20slug%20image
2025-06-15T03:00:55.602Z ::1 GET /api/v2/discounts?fields=name,desc,code,beginDate,endDate,quantity,unlimitedQty,discount,discountType,minimumTotal,maximumApplied,image
2025-06-15T03:00:55.708Z ::1 GET /api/v2/orders?page=1&limit=1000000000
2025-06-15T03:00:55.867Z ::1 POST / (200)
2025-06-15T03:00:55.870Z ::1 GET /search/suggest?keyword= (304)
2025-06-15T03:00:55.877Z ::1 GET /?fields=name%20slug%20image (304)
2025-06-15T03:00:55.882Z ::1 GET /?fields=name,desc,code,beginDate,endDate,quantity,unlimitedQty,discount,discountType,minimumTotal,maximumApplied,image (304)
2025-06-15T03:00:56.267Z ::1 GET /?page=1&limit=1000000000 (304)
2025-06-15T03:00:56.376Z ::1 GET /?fields=name%20slug%20image (304)
2025-06-15T03:00:56.380Z ::1 GET /api/v2/categories?fields=name%20slug%20image
2025-06-15T03:00:57.513Z ::1 GET /?fields=name%20slug%20image (304)
2025-06-15T03:01:56.900Z ::1 GET /api/v2/account
2025-06-15T03:01:57.459Z ::1 GET / (304)
2025-06-15T03:01:57.461Z ::1 GET /api/v2/account
2025-06-15T03:01:57.668Z ::1 GET /api/v2/products/search/suggest?keyword=
2025-06-15T03:01:57.673Z ::1 POST /api/v2/cart
2025-06-15T03:01:57.677Z ::1 GET /api/v2/categories?fields=name%20slug%20image
2025-06-15T03:01:57.679Z ::1 GET /api/v2/brands?fields=name%20slug%20image
2025-06-15T03:01:57.681Z ::1 GET /api/v2/discounts?fields=name,desc,code,beginDate,endDate,quantity,unlimitedQty,discount,discountType,minimumTotal,maximumApplied,image
2025-06-15T03:01:57.811Z ::1 GET /api/v2/orders?page=1&limit=1000000000
2025-06-15T03:01:57.950Z ::1 GET /search/suggest?keyword= (304)
2025-06-15T03:01:57.956Z ::1 POST / (200)
2025-06-15T03:01:57.963Z ::1 GET /?fields=name,desc,code,beginDate,endDate,quantity,unlimitedQty,discount,discountType,minimumTotal,maximumApplied,image (304)
2025-06-15T03:01:58.233Z ::1 GET /?fields=name%20slug%20image (304)
2025-06-15T03:01:58.258Z ::1 GET /api/v2/account
2025-06-15T03:01:58.357Z ::1 GET /?page=1&limit=1000000000 (304)
2025-06-15T03:01:58.779Z ::1 GET /?fields=name%20slug%20image (304)
2025-06-15T03:01:58.813Z ::1 GET / (200)
2025-06-15T03:01:59.010Z ::1 POST /api/v2/cart
2025-06-15T03:01:59.017Z ::1 GET /api/v2/products/search/suggest?keyword=
2025-06-15T03:01:59.022Z ::1 GET /api/v2/categories?fields=name%20slug%20image
2025-06-15T03:01:59.025Z ::1 GET /api/v2/brands?fields=name%20slug%20image
2025-06-15T03:01:59.029Z ::1 GET /api/v2/discounts?fields=name,desc,code,beginDate,endDate,quantity,unlimitedQty,discount,discountType,minimumTotal,maximumApplied,image
2025-06-15T03:01:59.148Z ::1 GET /api/v2/orders?page=1&limit=1000000000
2025-06-15T03:01:59.288Z ::1 POST / (200)
2025-06-15T03:01:59.296Z ::1 GET /search/suggest?keyword= (304)
2025-06-15T03:01:59.309Z ::1 GET /?fields=name,desc,code,beginDate,endDate,quantity,unlimitedQty,discount,discountType,minimumTotal,maximumApplied,image (304)
2025-06-15T03:01:59.576Z ::1 GET /?fields=name%20slug%20image (304)
2025-06-15T03:01:59.707Z ::1 GET /?page=1&limit=1000000000 (304)
2025-06-15T03:02:00.106Z ::1 GET /?fields=name%20slug%20image (304)
2025-06-15T03:02:22.905Z ::1 GET /api/v2/account
2025-06-15T03:02:23.446Z ::1 GET / (304)
2025-06-15T03:02:23.459Z ::1 GET /api/v2/account
2025-06-15T03:02:23.803Z ::1 GET /api/v2/products/search/suggest?keyword=
2025-06-15T03:02:23.812Z ::1 POST /api/v2/cart
2025-06-15T03:02:23.818Z ::1 GET /api/v2/categories?fields=name%20slug%20image
2025-06-15T03:02:23.823Z ::1 GET /api/v2/brands?fields=name%20slug%20image
2025-06-15T03:02:23.827Z ::1 GET /api/v2/discounts?fields=name,desc,code,beginDate,endDate,quantity,unlimitedQty,discount,discountType,minimumTotal,maximumApplied,image
2025-06-15T03:02:24.099Z ::1 GET /search/suggest?keyword= (304)
2025-06-15T03:02:24.104Z ::1 POST / (200)
2025-06-15T03:02:24.113Z ::1 GET /?fields=name%20slug%20image (304)
2025-06-15T03:02:24.117Z ::1 GET /?fields=name,desc,code,beginDate,endDate,quantity,unlimitedQty,discount,discountType,minimumTotal,maximumApplied,image (304)
2025-06-15T03:02:24.546Z ::1 GET /api/v2/account
2025-06-15T03:02:24.616Z ::1 GET /api/v2/orders?page=1&limit=1000000000
2025-06-15T03:02:24.955Z ::1 GET /?fields=name%20slug%20image (304)
2025-06-15T03:02:25.097Z ::1 GET / (200)
2025-06-15T03:02:25.167Z ::1 GET /?page=1&limit=1000000000 (304)
2025-06-15T03:02:25.419Z ::1 POST /api/v2/cart
2025-06-15T03:02:25.425Z ::1 GET /api/v2/products/search/suggest?keyword=
2025-06-15T03:02:25.428Z ::1 GET /api/v2/categories?fields=name%20slug%20image
2025-06-15T03:02:25.430Z ::1 GET /api/v2/brands?fields=name%20slug%20image
2025-06-15T03:02:25.433Z ::1 GET /api/v2/discounts?fields=name,desc,code,beginDate,endDate,quantity,unlimitedQty,discount,discountType,minimumTotal,maximumApplied,image
2025-06-15T03:02:25.698Z ::1 POST / (200)
2025-06-15T03:02:25.705Z ::1 GET /search/suggest?keyword= (304)
2025-06-15T03:02:25.719Z ::1 GET /?fields=name,desc,code,beginDate,endDate,quantity,unlimitedQty,discount,discountType,minimumTotal,maximumApplied,image (304)
2025-06-15T03:02:25.782Z ::1 GET /api/v2/orders?page=1&limit=1000000000
2025-06-15T03:02:25.980Z ::1 GET /?fields=name%20slug%20image (304)
2025-06-15T03:02:26.340Z ::1 GET /?page=1&limit=1000000000 (304)
2025-06-15T03:02:26.549Z ::1 GET /?fields=name%20slug%20image (304)
2025-06-15T03:02:47.466Z ::1 GET /api/v2/account
2025-06-15T03:02:48.029Z ::1 GET / (304)
2025-06-15T03:02:48.035Z ::1 GET /api/v2/account
2025-06-15T03:02:48.357Z ::1 GET /api/v2/products/search/suggest?keyword=
2025-06-15T03:02:48.361Z ::1 POST /api/v2/cart
2025-06-15T03:02:48.364Z ::1 GET /api/v2/categories?fields=name%20slug%20image
2025-06-15T03:02:48.367Z ::1 GET /api/v2/brands?fields=name%20slug%20image
2025-06-15T03:02:48.370Z ::1 GET /api/v2/discounts?fields=name,desc,code,beginDate,endDate,quantity,unlimitedQty,discount,discountType,minimumTotal,maximumApplied,image
2025-06-15T03:02:48.581Z ::1 GET /api/v2/orders?page=1&limit=1000000000
2025-06-15T03:02:48.636Z ::1 GET /search/suggest?keyword= (304)
2025-06-15T03:02:48.639Z ::1 POST / (200)
2025-06-15T03:02:48.645Z ::1 GET /?fields=name,desc,code,beginDate,endDate,quantity,unlimitedQty,discount,discountType,minimumTotal,maximumApplied,image (304)
2025-06-15T03:02:48.650Z ::1 GET /?fields=name%20slug%20image (304)
2025-06-15T03:02:48.931Z ::1 GET /api/v2/account
2025-06-15T03:02:49.143Z ::1 GET /?page=1&limit=1000000000 (304)
2025-06-15T03:02:49.470Z ::1 GET /?fields=name%20slug%20image (304)
2025-06-15T03:02:49.477Z ::1 GET / (200)
2025-06-15T03:02:49.724Z ::1 POST /api/v2/cart
2025-06-15T03:02:49.729Z ::1 GET /api/v2/products/search/suggest?keyword=
2025-06-15T03:02:49.732Z ::1 GET /api/v2/categories?fields=name%20slug%20image
2025-06-15T03:02:49.734Z ::1 GET /api/v2/brands?fields=name%20slug%20image
2025-06-15T03:02:49.736Z ::1 GET /api/v2/discounts?fields=name,desc,code,beginDate,endDate,quantity,unlimitedQty,discount,discountType,minimumTotal,maximumApplied,image
2025-06-15T03:02:49.852Z ::1 GET /api/v2/orders?page=1&limit=1000000000
2025-06-15T03:02:50.001Z ::1 POST / (200)
2025-06-15T03:02:50.007Z ::1 GET /?fields=name%20slug%20image (304)
2025-06-15T03:02:50.008Z ::1 GET /search/suggest?keyword= (304)
2025-06-15T03:02:50.016Z ::1 GET /?fields=name,desc,code,beginDate,endDate,quantity,unlimitedQty,discount,discountType,minimumTotal,maximumApplied,image (304)
2025-06-15T03:02:50.429Z ::1 GET /?page=1&limit=1000000000 (304)
2025-06-15T03:02:50.858Z ::1 GET /?fields=name%20slug%20image (304)
2025-06-15T03:04:41.056Z ::1 GET /api/v2/account
2025-06-15T03:04:41.615Z ::1 GET / (304)
2025-06-15T03:04:41.617Z ::1 GET /api/v2/account
2025-06-15T03:04:41.899Z ::1 POST /api/v2/cart
2025-06-15T03:04:41.906Z ::1 GET /api/v2/products/search/suggest?keyword=
2025-06-15T03:04:41.911Z ::1 GET /api/v2/categories?fields=name%20slug%20image
2025-06-15T03:04:41.913Z ::1 GET /api/v2/brands?fields=name%20slug%20image
2025-06-15T03:04:41.916Z ::1 GET /api/v2/discounts?fields=name,desc,code,beginDate,endDate,quantity,unlimitedQty,discount,discountType,minimumTotal,maximumApplied,image
2025-06-15T03:04:42.181Z ::1 POST / (200)
2025-06-15T03:04:42.185Z ::1 GET /?fields=name%20slug%20image (304)
2025-06-15T03:04:42.187Z ::1 GET /search/suggest?keyword= (304)
2025-06-15T03:04:42.191Z ::1 GET /?fields=name,desc,code,beginDate,endDate,quantity,unlimitedQty,discount,discountType,minimumTotal,maximumApplied,image (304)
2025-06-15T03:04:42.310Z ::1 GET /api/v2/orders?page=1&status=&paymentStatus=&limit=1000000000
2025-06-15T03:04:42.859Z ::1 GET /?page=1&status=&paymentStatus=&limit=1000000000 (304)
2025-06-15T03:04:43.015Z ::1 GET /?fields=name%20slug%20image (304)
2025-06-15T03:04:43.227Z ::1 GET /api/v2/account
2025-06-15T03:04:43.784Z ::1 GET / (200)
2025-06-15T03:04:45.059Z ::1 GET /api/v2/account
2025-06-15T03:04:45.610Z ::1 GET / (304)
2025-06-15T03:04:45.612Z ::1 GET /api/v2/account
2025-06-15T03:04:45.891Z ::1 POST /api/v2/cart
2025-06-15T03:04:45.897Z ::1 GET /api/v2/products/search/suggest?keyword=
2025-06-15T03:04:45.902Z ::1 GET /api/v2/categories?fields=name%20slug%20image
2025-06-15T03:04:45.908Z ::1 GET /api/v2/brands?fields=name%20slug%20image
2025-06-15T03:04:45.910Z ::1 GET /api/v2/discounts?fields=name,desc,code,beginDate,endDate,quantity,unlimitedQty,discount,discountType,minimumTotal,maximumApplied,image
2025-06-15T03:04:46.169Z ::1 POST / (200)
2025-06-15T03:04:46.189Z ::1 GET /?fields=name,desc,code,beginDate,endDate,quantity,unlimitedQty,discount,discountType,minimumTotal,maximumApplied,image (304)
2025-06-15T03:04:46.207Z ::1 GET /search/suggest?keyword= (304)
2025-06-15T03:04:46.223Z ::1 GET /?fields=name%20slug%20image (304)
2025-06-15T03:04:46.314Z ::1 GET /api/v2/orders?page=1&limit=1000000000
2025-06-15T03:04:46.652Z ::1 GET /api/v2/account
2025-06-15T03:04:46.875Z ::1 GET /?page=1&limit=1000000000 (304)
2025-06-15T03:04:46.984Z ::1 GET /?fields=name%20slug%20image (304)
2025-06-15T03:04:47.717Z ::1 GET / (200)
2025-06-15T03:04:47.909Z ::1 GET /api/v2/products/search/suggest?keyword=
2025-06-15T03:04:47.912Z ::1 GET /api/v2/categories?fields=name%20slug%20image
2025-06-15T03:04:47.917Z ::1 POST /api/v2/cart
2025-06-15T03:04:47.922Z ::1 GET /api/v2/brands?fields=name%20slug%20image
2025-06-15T03:04:47.925Z ::1 GET /api/v2/discounts?fields=name,desc,code,beginDate,endDate,quantity,unlimitedQty,discount,discountType,minimumTotal,maximumApplied,image
2025-06-15T03:04:48.056Z ::1 GET /api/v2/orders?page=1&limit=1000000000
2025-06-15T03:04:48.188Z ::1 GET /search/suggest?keyword= (304)
2025-06-15T03:04:48.196Z ::1 POST / (200)
2025-06-15T03:04:48.199Z ::1 GET /?fields=name,desc,code,beginDate,endDate,quantity,unlimitedQty,discount,discountType,minimumTotal,maximumApplied,image (304)
2025-06-15T03:04:48.205Z ::1 GET /?fields=name%20slug%20image (304)
2025-06-15T03:04:48.606Z ::1 GET /?page=1&limit=1000000000 (304)
2025-06-15T03:04:48.995Z ::1 GET /?fields=name%20slug%20image (304)
2025-06-15T03:05:09.580Z ::1 GET /api/v2/categories?fields=_id%20name%20slug
2025-06-15T03:05:09.584Z ::1 GET /api/v2/products?search=&c=&b=&page=1&limit=10&getBrandFilter=1&getCategoryFilter=1&isShowHidden=0&fullTextSearch=1
2025-06-15T03:05:10.173Z ::1 GET /api/v2/account
2025-06-15T03:05:10.663Z ::1 GET /?fields=_id%20name%20slug (304)
2025-06-15T03:05:10.692Z ::1 GET /api/v2/brands?fields=_id%20name%20slug
2025-06-15T03:05:10.735Z ::1 GET / (304)
2025-06-15T03:05:10.737Z ::1 GET /api/v2/account
2025-06-15T03:05:10.964Z ::1 GET /?fields=_id%20name%20slug (304)
2025-06-15T03:05:10.995Z ::1 GET /api/v2/products/search/suggest?keyword=
2025-06-15T03:05:11.001Z ::1 GET /api/v2/categories?fields=name%20slug%20image
2025-06-15T03:05:11.007Z ::1 POST /api/v2/cart
2025-06-15T03:05:11.013Z ::1 GET /api/v2/brands?fields=name%20slug%20image
2025-06-15T03:05:11.018Z ::1 GET /api/v2/discounts?fields=name,desc,code,beginDate,endDate,quantity,unlimitedQty,discount,discountType,minimumTotal,maximumApplied,image
2025-06-15T03:05:11.269Z ::1 GET /search/suggest?keyword= (304)
2025-06-15T03:05:11.289Z ::1 POST / (200)
2025-06-15T03:05:11.302Z ::1 GET /?fields=name,desc,code,beginDate,endDate,quantity,unlimitedQty,discount,discountType,minimumTotal,maximumApplied,image (304)
2025-06-15T03:05:11.326Z ::1 GET /api/v2/products?search=&c=c00000000000000000000001&b=&page=1&limit=10&getBrandFilter=1&getCategoryFilter=1&isShowHidden=0&fullTextSearch=1
2025-06-15T03:05:11.565Z ::1 GET /?fields=name%20slug%20image (304)
2025-06-15T03:05:11.937Z ::1 GET /api/v2/account
2025-06-15T03:05:11.949Z ::1 GET /api/v2/orders?page=1&limit=1000000000
2025-06-15T03:05:12.103Z ::1 GET /?fields=name%20slug%20image (304)
2025-06-15T03:05:12.489Z ::1 GET / (200)
2025-06-15T03:05:12.673Z ::1 POST /api/v2/cart
2025-06-15T03:05:12.681Z ::1 GET /api/v2/products/search/suggest?keyword=
2025-06-15T03:05:12.685Z ::1 GET /api/v2/categories?fields=name%20slug%20image
2025-06-15T03:05:13.016Z ::1 GET /?page=1&limit=1000000000 (304)
2025-06-15T03:05:13.018Z ::1 GET /api/v2/brands?fields=name%20slug%20image
2025-06-15T03:05:13.301Z ::1 GET /?fields=name%20slug%20image (304)
2025-06-15T03:05:13.305Z ::1 GET /api/v2/discounts?fields=name,desc,code,beginDate,endDate,quantity,unlimitedQty,discount,discountType,minimumTotal,maximumApplied,image
2025-06-15T03:05:13.464Z ::1 POST / (200)
2025-06-15T03:05:13.466Z ::1 GET /api/v2/orders?page=1&limit=1000000000
2025-06-15T03:05:13.470Z ::1 GET /search/suggest?keyword= (304)
2025-06-15T03:05:13.588Z ::1 GET /?fields=name,desc,code,beginDate,endDate,quantity,unlimitedQty,discount,discountType,minimumTotal,maximumApplied,image (304)
2025-06-15T03:05:14.021Z ::1 GET /?page=1&limit=1000000000 (304)
2025-06-15T03:05:14.376Z ::1 GET /?fields=name%20slug%20image (304)
2025-06-15T03:05:15.859Z ::1 GET /api/v2/account
2025-06-15T03:05:16.930Z ::1 GET / (304)
2025-06-15T03:05:16.934Z ::1 GET /api/v2/account
2025-06-15T03:05:17.161Z ::1 GET /api/v2/products/search/suggest?keyword=
2025-06-15T03:05:17.165Z ::1 POST /api/v2/cart
2025-06-15T03:05:17.168Z ::1 GET /api/v2/categories?fields=name%20slug%20image
2025-06-15T03:05:17.171Z ::1 GET /api/v2/brands?fields=name%20slug%20image
2025-06-15T03:05:17.441Z ::1 POST / (200)
2025-06-15T03:05:17.444Z ::1 GET /search/suggest?keyword= (304)
2025-06-15T03:05:17.448Z ::1 GET /api/v2/discounts?fields=name,desc,code,beginDate,endDate,quantity,unlimitedQty,discount,discountType,minimumTotal,maximumApplied,image
2025-06-15T03:05:17.455Z ::1 GET /?fields=name%20slug%20image (304)
2025-06-15T03:05:17.457Z ::1 GET /api/v2/orders?page=1&limit=1000000000
2025-06-15T03:05:17.571Z ::1 GET /api/v2/account
2025-06-15T03:05:17.730Z ::1 GET /?fields=name,desc,code,beginDate,endDate,quantity,unlimitedQty,discount,discountType,minimumTotal,maximumApplied,image (304)
2025-06-15T03:05:18.013Z ::1 GET /?page=1&limit=1000000000 (304)
2025-06-15T03:05:18.128Z ::1 GET / (200)
2025-06-15T03:05:18.245Z ::1 GET /?fields=name%20slug%20image (304)
2025-06-15T03:05:18.273Z ::1 POST /api/v2/cart
2025-06-15T03:05:18.276Z ::1 GET /api/v2/products/search/suggest?keyword=
2025-06-15T03:05:18.279Z ::1 GET /api/v2/categories?fields=name%20slug%20image
2025-06-15T03:05:18.281Z ::1 GET /api/v2/brands?fields=name%20slug%20image
2025-06-15T03:05:18.544Z ::1 POST / (200)
2025-06-15T03:05:18.547Z ::1 GET /api/v2/discounts?fields=name,desc,code,beginDate,endDate,quantity,unlimitedQty,discount,discountType,minimumTotal,maximumApplied,image
2025-06-15T03:05:18.554Z ::1 GET /search/suggest?keyword= (304)
2025-06-15T03:05:18.561Z ::1 GET /api/v2/orders?page=1&limit=1000000000
2025-06-15T03:05:18.822Z ::1 GET /?fields=name,desc,code,beginDate,endDate,quantity,unlimitedQty,discount,discountType,minimumTotal,maximumApplied,image (304)
2025-06-15T03:05:18.847Z ::1 GET /?fields=name%20slug%20image (304)
2025-06-15T03:05:19.129Z ::1 GET /?page=1&limit=1000000000 (304)
2025-06-15T03:05:19.410Z ::1 GET /?fields=name%20slug%20image (304)
2025-06-15T03:05:19.852Z ::1 GET /?search=&c=&b=&page=1&limit=10&getBrandFilter=1&getCategoryFilter=1&isShowHidden=0&fullTextSearch=1 (200)
2025-06-15T03:05:20.906Z ::1 GET /?search=&c=c00000000000000000000001&b=&page=1&limit=10&getBrandFilter=1&getCategoryFilter=1&isShowHidden=0&fullTextSearch=1 (200)
2025-06-15T03:05:22.309Z ::1 GET /api/v2/products?search=i+phone&c=c00000000000000000000001&b=&page=1&limit=10&getBrandFilter=1&getCategoryFilter=1&isShowHidden=0&fullTextSearch=1
2025-06-15T03:05:22.538Z ::1 GET /api/v2/account
2025-06-15T03:05:23.090Z ::1 GET / (304)
2025-06-15T03:05:23.093Z ::1 GET /api/v2/account
2025-06-15T03:05:23.216Z ::1 GET /api/v2/products/search/suggest?keyword=
2025-06-15T03:05:23.220Z ::1 POST /api/v2/cart
2025-06-15T03:05:23.223Z ::1 GET /api/v2/categories?fields=name%20slug%20image
2025-06-15T03:05:23.226Z ::1 GET /api/v2/brands?fields=name%20slug%20image
2025-06-15T03:05:23.228Z ::1 GET /api/v2/discounts?fields=name,desc,code,beginDate,endDate,quantity,unlimitedQty,discount,discountType,minimumTotal,maximumApplied,image
2025-06-15T03:05:23.498Z ::1 GET /?fields=name%20slug%20image (304)
2025-06-15T03:05:23.500Z ::1 GET /search/suggest?keyword= (304)
2025-06-15T03:05:23.502Z ::1 POST / (200)
2025-06-15T03:05:23.504Z ::1 GET /?fields=name,desc,code,beginDate,endDate,quantity,unlimitedQty,discount,discountType,minimumTotal,maximumApplied,image (304)
2025-06-15T03:05:23.509Z ::1 GET /api/v2/account
2025-06-15T03:05:23.512Z ::1 GET /api/v2/orders?page=1&limit=1000000000
2025-06-15T03:05:24.062Z ::1 GET / (200)
2025-06-15T03:05:24.083Z ::1 GET /?page=1&limit=1000000000 (304)
2025-06-15T03:05:24.205Z ::1 POST /api/v2/cart
2025-06-15T03:05:24.209Z ::1 GET /api/v2/products/search/suggest?keyword=
2025-06-15T03:05:24.213Z ::1 GET /api/v2/brands?fields=name%20slug%20image
2025-06-15T03:05:24.218Z ::1 GET /api/v2/discounts?fields=name,desc,code,beginDate,endDate,quantity,unlimitedQty,discount,discountType,minimumTotal,maximumApplied,image
2025-06-15T03:05:24.362Z ::1 GET /?fields=name%20slug%20image (304)
2025-06-15T03:05:24.366Z ::1 GET /api/v2/orders?page=1&limit=1000000000
2025-06-15T03:05:24.484Z ::1 GET /search/suggest?keyword= (304)
2025-06-15T03:05:24.492Z ::1 POST / (200)
2025-06-15T03:05:24.498Z ::1 GET /?fields=name%20slug%20image (304)
2025-06-15T03:05:24.502Z ::1 GET /?fields=name,desc,code,beginDate,endDate,quantity,unlimitedQty,discount,discountType,minimumTotal,maximumApplied,image (304)
2025-06-15T03:05:24.505Z ::1 GET /api/v2/categories?fields=name%20slug%20image
2025-06-15T03:05:24.815Z ::1 GET /?search=i+phone&c=c00000000000000000000001&b=&page=1&limit=10&getBrandFilter=1&getCategoryFilter=1&isShowHidden=0&fullTextSearch=1 (200)
2025-06-15T03:05:24.819Z ::1 GET /api/v2/products?search=i+phone&c=c00000000000000000000001&b=&page=1&limit=10&getBrandFilter=1&getCategoryFilter=1&isShowHidden=0&fullTextSearch=1
2025-06-15T03:05:24.931Z ::1 GET /?page=1&limit=1000000000 (304)
2025-06-15T03:05:25.617Z ::1 GET /?fields=name%20slug%20image (304)
2025-06-15T03:05:27.059Z ::1 GET /?search=i+phone&c=c00000000000000000000001&b=&page=1&limit=10&getBrandFilter=1&getCategoryFilter=1&isShowHidden=0&fullTextSearch=1 (304)
2025-06-15T03:05:32.277Z ::1 GET /api/v2/products?search=i+phone&c=c00000000000000000000001&b=b00000000000000000000005&page=1&limit=10&getBrandFilter=1&getCategoryFilter=1&isShowHidden=0&fullTextSearch=1
2025-06-15T03:05:32.545Z ::1 GET /api/v2/account
2025-06-15T03:05:33.596Z ::1 GET / (304)
2025-06-15T03:05:33.600Z ::1 GET /api/v2/account
2025-06-15T03:05:33.761Z ::1 GET /api/v2/products/search/suggest?keyword=
2025-06-15T03:05:33.767Z ::1 POST /api/v2/cart
2025-06-15T03:05:33.774Z ::1 GET /api/v2/categories?fields=name%20slug%20image
2025-06-15T03:05:33.779Z ::1 GET /api/v2/brands?fields=name%20slug%20image
2025-06-15T03:05:33.783Z ::1 GET /api/v2/discounts?fields=name,desc,code,beginDate,endDate,quantity,unlimitedQty,discount,discountType,minimumTotal,maximumApplied,image
2025-06-15T03:05:34.044Z ::1 GET /search/suggest?keyword= (304)
2025-06-15T03:05:34.048Z ::1 POST / (200)
2025-06-15T03:05:34.053Z ::1 GET /api/v2/account
2025-06-15T03:05:34.055Z ::1 GET /api/v2/orders?page=1&limit=1000000000
2025-06-15T03:05:34.067Z ::1 GET /?fields=name,desc,code,beginDate,endDate,quantity,unlimitedQty,discount,discountType,minimumTotal,maximumApplied,image (304)
2025-06-15T03:05:34.226Z ::1 GET /?search=i+phone&c=c00000000000000000000001&b=b00000000000000000000005&page=1&limit=10&getBrandFilter=1&getCategoryFilter=1&isShowHidden=0&fullTextSearch=1 (200)
2025-06-15T03:05:34.232Z ::1 GET /api/v2/products?search=i+phone&c=c00000000000000000000001&b=b00000000000000000000005&page=1&limit=10&getBrandFilter=1&getCategoryFilter=1&isShowHidden=0&fullTextSearch=1
2025-06-15T03:05:34.329Z ::1 GET /?fields=name%20slug%20image (304)
2025-06-15T03:05:34.618Z ::1 GET /?page=1&limit=1000000000 (304)
2025-06-15T03:05:34.905Z ::1 GET /?fields=name%20slug%20image (304)
2025-06-15T03:05:35.103Z ::1 GET / (200)
2025-06-15T03:05:35.245Z ::1 POST /api/v2/cart
2025-06-15T03:05:35.251Z ::1 GET /api/v2/products/search/suggest?keyword=
2025-06-15T03:05:35.255Z ::1 GET /api/v2/categories?fields=name%20slug%20image
2025-06-15T03:05:35.259Z ::1 GET /api/v2/brands?fields=name%20slug%20image
2025-06-15T03:05:35.262Z ::1 GET /api/v2/discounts?fields=name,desc,code,beginDate,endDate,quantity,unlimitedQty,discount,discountType,minimumTotal,maximumApplied,image
2025-06-15T03:05:35.525Z ::1 POST / (200)
2025-06-15T03:05:35.527Z ::1 GET /api/v2/orders?page=1&limit=1000000000
2025-06-15T03:05:35.531Z ::1 GET /search/suggest?keyword= (304)
2025-06-15T03:05:35.544Z ::1 GET /?fields=name,desc,code,beginDate,endDate,quantity,unlimitedQty,discount,discountType,minimumTotal,maximumApplied,image (304)
2025-06-15T03:05:35.818Z ::1 GET /?fields=name%20slug%20image (304)
2025-06-15T03:05:36.080Z ::1 GET /?page=1&limit=1000000000 (304)
2025-06-15T03:05:36.385Z ::1 GET /?fields=name%20slug%20image (304)
2025-06-15T03:05:36.677Z ::1 GET /?search=i+phone&c=c00000000000000000000001&b=b00000000000000000000005&page=1&limit=10&getBrandFilter=1&getCategoryFilter=1&isShowHidden=0&fullTextSearch=1 (304)
2025-06-15T03:05:38.847Z ::1 GET /api/v2/products?search=i+phone&c=c00000000000000000000001&b=&page=1&limit=10&getBrandFilter=1&getCategoryFilter=1&isShowHidden=0&fullTextSearch=1
2025-06-15T03:05:39.135Z ::1 GET /api/v2/account
2025-06-15T03:05:39.693Z ::1 GET / (304)
2025-06-15T03:05:39.695Z ::1 GET /api/v2/account
2025-06-15T03:05:39.850Z ::1 GET /api/v2/products/search/suggest?keyword=
2025-06-15T03:05:39.858Z ::1 POST /api/v2/cart
2025-06-15T03:05:39.865Z ::1 GET /api/v2/categories?fields=name%20slug%20image
2025-06-15T03:05:39.868Z ::1 GET /api/v2/brands?fields=name%20slug%20image
2025-06-15T03:05:39.872Z ::1 GET /api/v2/discounts?fields=name,desc,code,beginDate,endDate,quantity,unlimitedQty,discount,discountType,minimumTotal,maximumApplied,image
2025-06-15T03:05:40.129Z ::1 GET /search/suggest?keyword= (304)
2025-06-15T03:05:40.133Z ::1 GET /api/v2/account
2025-06-15T03:05:40.137Z ::1 POST / (200)
2025-06-15T03:05:40.140Z ::1 GET /api/v2/orders?page=1&limit=1000000000
2025-06-15T03:05:40.152Z ::1 GET /?fields=name,desc,code,beginDate,endDate,quantity,unlimitedQty,discount,discountType,minimumTotal,maximumApplied,image (304)
2025-06-15T03:05:40.426Z ::1 GET /?fields=name%20slug%20image (304)
2025-06-15T03:05:40.687Z ::1 GET / (200)
2025-06-15T03:05:40.691Z ::1 GET /?page=1&limit=1000000000 (304)
2025-06-15T03:05:40.835Z ::1 GET /api/v2/products/search/suggest?keyword=
2025-06-15T03:05:40.840Z ::1 POST /api/v2/cart
2025-06-15T03:05:40.846Z ::1 GET /api/v2/brands?fields=name%20slug%20image
2025-06-15T03:05:40.848Z ::1 GET /api/v2/discounts?fields=name,desc,code,beginDate,endDate,quantity,unlimitedQty,discount,discountType,minimumTotal,maximumApplied,image
2025-06-15T03:05:40.977Z ::1 GET /?fields=name%20slug%20image (304)
2025-06-15T03:05:40.981Z ::1 GET /api/v2/orders?page=1&limit=1000000000
2025-06-15T03:05:41.111Z ::1 GET /search/suggest?keyword= (304)
2025-06-15T03:05:41.114Z ::1 GET /api/v2/categories?fields=name%20slug%20image
2025-06-15T03:05:41.121Z ::1 POST / (200)
2025-06-15T03:05:41.127Z ::1 GET /?fields=name,desc,code,beginDate,endDate,quantity,unlimitedQty,discount,discountType,minimumTotal,maximumApplied,image (304)
2025-06-15T03:05:41.363Z ::1 GET /?search=i+phone&c=c00000000000000000000001&b=&page=1&limit=10&getBrandFilter=1&getCategoryFilter=1&isShowHidden=0&fullTextSearch=1 (304)
2025-06-15T03:05:41.408Z ::1 GET /?fields=name%20slug%20image (304)
2025-06-15T03:05:41.533Z ::1 GET /?page=1&limit=1000000000 (304)
2025-06-15T03:05:42.987Z ::1 GET /?fields=name%20slug%20image (304)
2025-06-15T03:05:45.038Z ::1 GET /api/v2/products/vivo-v23-5g?fields=_id%20name%20slug%20desc%20video%20overSpecs%20policies%20detailSpecs%20origin%20category%20brand%20tags%20views%20rate%20variants%20quantity%20warrantyPeriod%20isHide%20createdAt%20updatedAt
2025-06-15T03:05:45.262Z ::1 GET /api/v2/account
2025-06-15T03:05:45.811Z ::1 GET / (304)
2025-06-15T03:05:45.814Z ::1 GET /api/v2/account
2025-06-15T03:05:45.975Z ::1 GET /api/v2/products/search/suggest?keyword=
2025-06-15T03:05:45.979Z ::1 GET /api/v2/categories?fields=name%20slug%20image
2025-06-15T03:05:45.983Z ::1 POST /api/v2/cart
2025-06-15T03:05:45.989Z ::1 GET /api/v2/brands?fields=name%20slug%20image
2025-06-15T03:05:45.991Z ::1 GET /api/v2/discounts?fields=name,desc,code,beginDate,endDate,quantity,unlimitedQty,discount,discountType,minimumTotal,maximumApplied,image
2025-06-15T03:05:46.158Z ::1 GET /vivo-v23-5g?fields=_id%20name%20slug%20desc%20video%20overSpecs%20policies%20detailSpecs%20origin%20category%20brand%20tags%20views%20rate%20variants%20quantity%20warrantyPeriod%20isHide%20createdAt%20updatedAt (200)
2025-06-15T03:05:46.213Z ::1 GET /api/v2/orders?page=1&limit=1000000000
2025-06-15T03:05:46.255Z ::1 GET /search/suggest?keyword= (304)
2025-06-15T03:05:46.262Z ::1 GET /?fields=name%20slug%20image (304)
2025-06-15T03:05:46.268Z ::1 POST / (200)
2025-06-15T03:05:46.272Z ::1 GET /?fields=name,desc,code,beginDate,endDate,quantity,unlimitedQty,discount,discountType,minimumTotal,maximumApplied,image (304)
2025-06-15T03:05:46.773Z ::1 GET /?page=1&limit=1000000000 (304)
2025-06-15T03:05:47.107Z ::1 GET /?fields=name%20slug%20image (304)
2025-06-15T03:05:48.359Z ::1 GET /api/v2/account
2025-06-15T03:05:48.921Z ::1 GET / (200)
2025-06-15T03:05:49.068Z ::1 POST /api/v2/cart
2025-06-15T03:05:49.071Z ::1 GET /api/v2/products/search/suggest?keyword=
2025-06-15T03:05:49.074Z ::1 GET /api/v2/categories?fields=name%20slug%20image
2025-06-15T03:05:49.077Z ::1 GET /api/v2/brands?fields=name%20slug%20image
2025-06-15T03:05:49.081Z ::1 GET /api/v2/discounts?fields=name,desc,code,beginDate,endDate,quantity,unlimitedQty,discount,discountType,minimumTotal,maximumApplied,image
2025-06-15T03:05:49.171Z ::1 GET /api/v2/orders?page=1&limit=1000000000
2025-06-15T03:05:49.349Z ::1 POST / (200)
2025-06-15T03:05:49.351Z ::1 GET /search/suggest?keyword= (304)
2025-06-15T03:05:49.359Z ::1 GET /?fields=name,desc,code,beginDate,endDate,quantity,unlimitedQty,discount,discountType,minimumTotal,maximumApplied,image (304)
2025-06-15T03:05:49.364Z ::1 GET /?fields=name%20slug%20image (304)
2025-06-15T03:05:49.714Z ::1 GET /?page=1&limit=1000000000 (304)
2025-06-15T03:05:50.186Z ::1 GET /?fields=name%20slug%20image (304)
2025-06-15T03:05:51.045Z ::1 POST /api/v2/user-behavior
2025-06-15T03:05:51.049Z ::1 POST / (200)
2025-06-15T03:06:01.051Z ::1 POST /api/v2/user-behavior
2025-06-15T03:06:01.055Z ::1 POST / (200)
2025-06-15T03:06:11.049Z ::1 POST /api/v2/user-behavior
2025-06-15T03:06:11.053Z ::1 POST / (200)
2025-06-15T03:06:21.050Z ::1 POST /api/v2/user-behavior
2025-06-15T03:06:21.054Z ::1 POST / (200)
2025-06-15T03:06:31.269Z ::1 POST /api/v2/user-behavior
2025-06-15T03:06:31.272Z ::1 POST / (200)
2025-06-15T03:06:41.254Z ::1 POST /api/v2/user-behavior
2025-06-15T03:06:41.257Z ::1 POST / (200)
2025-06-15T03:06:51.268Z ::1 POST /api/v2/user-behavior
2025-06-15T03:06:51.272Z ::1 POST / (200)
2025-06-15T03:07:01.268Z ::1 POST /api/v2/user-behavior
2025-06-15T03:07:01.273Z ::1 POST / (200)
2025-06-15T03:07:11.256Z ::1 POST /api/v2/user-behavior
2025-06-15T03:07:11.261Z ::1 POST / (200)
2025-06-15T03:07:21.053Z ::1 POST /api/v2/user-behavior
2025-06-15T03:07:21.056Z ::1 POST / (200)
2025-06-15T03:07:25.077Z ::1 GET /api/v2/account
2025-06-15T03:07:25.634Z ::1 GET / (304)
2025-06-15T03:07:25.637Z ::1 GET /api/v2/account
2025-06-15T03:07:25.819Z ::1 GET /api/v2/products/search/suggest?keyword=
2025-06-15T03:07:25.827Z ::1 POST /api/v2/cart
2025-06-15T03:07:25.833Z ::1 GET /api/v2/categories?fields=name%20slug%20image
2025-06-15T03:07:25.840Z ::1 GET /api/v2/brands?fields=name%20slug%20image
2025-06-15T03:07:25.842Z ::1 GET /api/v2/discounts?fields=name,desc,code,beginDate,endDate,quantity,unlimitedQty,discount,discountType,minimumTotal,maximumApplied,image
2025-06-15T03:07:26.091Z ::1 GET /api/v2/account
2025-06-15T03:07:26.098Z ::1 GET /search/suggest?keyword= (304)
2025-06-15T03:07:26.104Z ::1 GET /api/v2/orders?page=1&limit=1000000000
2025-06-15T03:07:26.108Z ::1 POST / (200)
2025-06-15T03:07:26.123Z ::1 GET /?fields=name,desc,code,beginDate,endDate,quantity,unlimitedQty,discount,discountType,minimumTotal,maximumApplied,image (304)
2025-06-15T03:07:26.394Z ::1 GET /?fields=name%20slug%20image (304)
2025-06-15T03:07:26.642Z ::1 GET /?page=1&limit=1000000000 (304)
2025-06-15T03:07:26.646Z ::1 GET / (200)
2025-06-15T03:07:26.781Z ::1 POST /api/v2/cart
2025-06-15T03:07:26.787Z ::1 GET /api/v2/products/search/suggest?keyword=
2025-06-15T03:07:26.792Z ::1 GET /api/v2/brands?fields=name%20slug%20image
2025-06-15T03:07:26.794Z ::1 GET /api/v2/discounts?fields=name,desc,code,beginDate,endDate,quantity,unlimitedQty,discount,discountType,minimumTotal,maximumApplied,image
2025-06-15T03:07:26.863Z ::1 GET /api/v2/orders?page=1&limit=1000000000
2025-06-15T03:07:26.944Z ::1 GET /?fields=name%20slug%20image (304)
2025-06-15T03:07:26.946Z ::1 GET /api/v2/categories?fields=name%20slug%20image
2025-06-15T03:07:27.058Z ::1 GET /search/suggest?keyword= (304)
2025-06-15T03:07:27.062Z ::1 POST / (200)
2025-06-15T03:07:27.072Z ::1 GET /?fields=name,desc,code,beginDate,endDate,quantity,unlimitedQty,discount,discountType,minimumTotal,maximumApplied,image (304)
2025-06-15T03:07:27.348Z ::1 GET /?fields=name%20slug%20image (304)
2025-06-15T03:07:27.428Z ::1 GET /?page=1&limit=1000000000 (304)
2025-06-15T03:07:28.049Z ::1 GET /?fields=name%20slug%20image (304)
2025-06-15T03:07:31.052Z ::1 POST /api/v2/user-behavior
2025-06-15T03:07:31.057Z ::1 POST / (200)
2025-06-15T03:07:39.224Z ::1 POST /api/v2/cart/add
2025-06-15T03:07:40.086Z ::1 GET /api/v2/account
2025-06-15T03:07:40.336Z ::1 POST /add (200)
2025-06-15T03:07:40.646Z ::1 GET / (304)
2025-06-15T03:07:40.649Z ::1 GET /api/v2/account
2025-06-15T03:07:41.208Z ::1 GET / (304)
2025-06-15T03:07:41.839Z ::1 GET /api/v2/products/search/suggest?keyword=
2025-06-15T03:07:41.846Z ::1 POST /api/v2/cart
2025-06-15T03:07:41.850Z ::1 GET /api/v2/categories?fields=name%20slug%20image
2025-06-15T03:07:41.853Z ::1 GET /api/v2/discounts?fields=name,desc,code,beginDate,endDate,quantity,unlimitedQty,discount,discountType,minimumTotal,maximumApplied,image
2025-06-15T03:07:41.858Z ::1 GET /api/v2/brands?fields=name%20slug%20image
2025-06-15T03:07:41.862Z ::1 POST /api/v2/user-behavior
2025-06-15T03:07:41.865Z ::1 POST / (200)
2025-06-15T03:07:42.126Z ::1 GET /search/suggest?keyword= (304)
2025-06-15T03:07:42.132Z ::1 GET /?fields=name,desc,code,beginDate,endDate,quantity,unlimitedQty,discount,discountType,minimumTotal,maximumApplied,image (304)
2025-06-15T03:07:42.143Z ::1 GET /?fields=name%20slug%20image (304)
2025-06-15T03:07:42.399Z ::1 POST / (200)
2025-06-15T03:07:42.969Z ::1 GET /?fields=name%20slug%20image (304)
2025-06-15T03:07:43.780Z ::1 GET /api/v2/account
2025-06-15T03:07:44.336Z ::1 GET / (304)
2025-06-15T03:07:44.339Z ::1 GET /api/v2/account
2025-06-15T03:07:44.477Z ::1 POST /api/v2/cart
2025-06-15T03:07:44.480Z ::1 GET /api/v2/products/search/suggest?keyword=
2025-06-15T03:07:44.485Z ::1 GET /api/v2/categories?fields=name%20slug%20image
2025-06-15T03:07:44.490Z ::1 GET /api/v2/brands?fields=name%20slug%20image
2025-06-15T03:07:44.494Z ::1 GET /api/v2/discounts?fields=name,desc,code,beginDate,endDate,quantity,unlimitedQty,discount,discountType,minimumTotal,maximumApplied,image
2025-06-15T03:07:44.756Z ::1 GET /search/suggest?keyword= (304)
2025-06-15T03:07:44.775Z ::1 GET /?fields=name,desc,code,beginDate,endDate,quantity,unlimitedQty,discount,discountType,minimumTotal,maximumApplied,image (304)
2025-06-15T03:07:45.016Z ::1 POST / (200)
2025-06-15T03:07:45.043Z ::1 GET /?fields=name%20slug%20image (304)
2025-06-15T03:07:45.609Z ::1 GET /?fields=name%20slug%20image (304)
2025-06-15T03:07:47.115Z ::1 GET /api/v2/account/addresses
2025-06-15T03:07:47.209Z ::1 GET /api/v2/account
2025-06-15T03:07:47.247Z ::1 GET /api/v2/orders?page=1&limit=1000000000
2025-06-15T03:07:47.678Z ::1 GET /addresses (304)
2025-06-15T03:07:47.761Z ::1 GET / (200)
2025-06-15T03:07:47.786Z ::1 GET /?page=1&limit=1000000000 (304)
2025-06-15T03:07:47.909Z ::1 GET /api/v2/products/search/suggest?keyword=
2025-06-15T03:07:47.912Z ::1 POST /api/v2/cart
2025-06-15T03:07:47.916Z ::1 GET /api/v2/categories?fields=name%20slug%20image
2025-06-15T03:07:47.918Z ::1 GET /api/v2/brands?fields=name%20slug%20image
2025-06-15T03:07:47.920Z ::1 GET /api/v2/discounts?fields=name,desc,code,beginDate,endDate,quantity,unlimitedQty,discount,discountType,minimumTotal,maximumApplied,image
2025-06-15T03:07:47.983Z ::1 GET /api/v2/orders?page=1&limit=1000000000
2025-06-15T03:07:48.178Z ::1 GET /search/suggest?keyword= (304)
2025-06-15T03:07:48.201Z ::1 GET /?fields=name,desc,code,beginDate,endDate,quantity,unlimitedQty,discount,discountType,minimumTotal,maximumApplied,image (304)
2025-06-15T03:07:48.463Z ::1 POST / (200)
2025-06-15T03:07:48.479Z ::1 GET /?fields=name%20slug%20image (304)
2025-06-15T03:07:48.540Z ::1 GET /?page=1&limit=1000000000 (304)
2025-06-15T03:07:49.043Z ::1 GET /?fields=name%20slug%20image (304)
2025-06-15T03:08:05.061Z ::1 POST /api/v2/payment/momo/callback
2025-06-15T03:08:05.268Z ::1 POST /momo/callback (200)
2025-06-15T03:08:24.420Z ::1 POST /api/v2/cart
2025-06-15T03:08:24.980Z ::1 POST / (200)
2025-06-15T03:08:25.325Z ::1 POST /api/v2/cart
2025-06-15T03:08:25.850Z ::1 POST /api/v2/cart
2025-06-15T03:08:25.884Z ::1 POST / (200)
2025-06-15T03:08:26.400Z ::1 POST / (200)